2024-02-04 20:35:32.946 [info] Log level: Info
2024-02-04 20:35:32.946 [info] Validating found git in: "git"
2024-02-04 20:35:32.946 [info] Using git "2.43.0" from "git"
2024-02-04 20:35:32.946 [info] > git rev-parse --show-toplevel [2ms]
2024-02-04 20:35:32.946 [info] > git rev-parse --git-dir --git-common-dir [38ms]
2024-02-04 20:35:32.946 [info] Open repository: /home/anthonyoon/Documents/FIT3171/workspace
2024-02-04 20:35:32.947 [info] > git config --get commit.template [9ms]
2024-02-04 20:35:32.949 [info] > git rev-parse --show-toplevel [4ms]
2024-02-04 20:35:32.972 [info] > git for-each-ref --format=%(refname)%00%(upstream:short)%00%(objectname)%00%(upstream:track)%00%(upstream:remotename)%00%(upstream:remoteref) refs/heads/master refs/remotes/master [16ms]
2024-02-04 20:35:32.974 [info] > git rev-parse --show-toplevel [10ms]
2024-02-04 20:35:32.996 [info] > git rev-parse --show-toplevel [15ms]
2024-02-04 20:35:33.042 [info] > git status -z -uall [14ms]
2024-02-04 20:35:33.043 [info] > git rev-parse --show-toplevel [5ms]
2024-02-04 20:35:33.084 [info] > git config --get commit.template [15ms]
2024-02-04 20:35:33.097 [info] > git for-each-ref --format=%(refname)%00%(upstream:short)%00%(objectname)%00%(upstream:track)%00%(upstream:remotename)%00%(upstream:remoteref) refs/heads/master refs/remotes/master [3ms]
2024-02-04 20:35:33.108 [info] > git status -z -uall [2ms]
2024-02-04 20:35:33.464 [info] > git show --textconv :Applieds/Wk5/App10/applied10_sql_advanced.sql [11ms]
2024-02-04 20:35:33.465 [info] > git ls-files --stage -- /home/anthonyoon/Documents/FIT3171/workspace/Applieds/Wk5/App10/applied10_sql_advanced.sql [1ms]
2024-02-04 20:35:33.486 [info] > git cat-file -s 16056a6fc3ddf28705697e69566d92deaa300166 [12ms]
2024-02-04 20:35:33.487 [info] > git check-ignore -v -z --stdin [2ms]
2024-02-04 20:40:29.307 [info] > git config --get commit.template [7ms]
2024-02-04 20:40:29.308 [info] > git for-each-ref --format=%(refname)%00%(upstream:short)%00%(objectname)%00%(upstream:track)%00%(upstream:remotename)%00%(upstream:remoteref) refs/heads/master refs/remotes/master [1ms]
2024-02-04 20:40:29.314 [info] > git status -z -uall [1ms]
2024-02-04 20:40:34.328 [info] > git config --get commit.template [5ms]
2024-02-04 20:40:34.328 [info] > git for-each-ref --format=%(refname)%00%(upstream:short)%00%(objectname)%00%(upstream:track)%00%(upstream:remotename)%00%(upstream:remoteref) refs/heads/master refs/remotes/master [1ms]
2024-02-04 20:40:34.336 [info] > git status -z -uall [2ms]
2024-02-04 20:40:39.350 [info] > git config --get commit.template [6ms]
2024-02-04 20:40:39.350 [info] > git for-each-ref --format=%(refname)%00%(upstream:short)%00%(objectname)%00%(upstream:track)%00%(upstream:remotename)%00%(upstream:remoteref) refs/heads/master refs/remotes/master [0ms]
2024-02-04 20:40:39.357 [info] > git status -z -uall [2ms]
2024-02-04 20:41:04.400 [info] > git config --get commit.template [6ms]
2024-02-04 20:41:04.401 [info] > git for-each-ref --format=%(refname)%00%(upstream:short)%00%(objectname)%00%(upstream:track)%00%(upstream:remotename)%00%(upstream:remoteref) refs/heads/master refs/remotes/master [1ms]
2024-02-04 20:41:04.407 [info] > git status -z -uall [2ms]
2024-02-04 20:41:09.420 [info] > git config --get commit.template [5ms]
2024-02-04 20:41:09.420 [info] > git for-each-ref --format=%(refname)%00%(upstream:short)%00%(objectname)%00%(upstream:track)%00%(upstream:remotename)%00%(upstream:remoteref) refs/heads/master refs/remotes/master [1ms]
2024-02-04 20:41:09.427 [info] > git status -z -uall [1ms]
2024-02-04 20:41:14.438 [info] > git config --get commit.template [5ms]
2024-02-04 20:41:14.439 [info] > git for-each-ref --format=%(refname)%00%(upstream:short)%00%(objectname)%00%(upstream:track)%00%(upstream:remotename)%00%(upstream:remoteref) refs/heads/master refs/remotes/master [2ms]
2024-02-04 20:41:14.445 [info] > git status -z -uall [1ms]
2024-02-04 20:41:19.454 [info] > git config --get commit.template [1ms]
2024-02-04 20:41:19.460 [info] > git for-each-ref --format=%(refname)%00%(upstream:short)%00%(objectname)%00%(upstream:track)%00%(upstream:remotename)%00%(upstream:remoteref) refs/heads/master refs/remotes/master [1ms]
2024-02-04 20:41:19.466 [info] > git status -z -uall [1ms]
2024-02-04 20:41:36.113 [info] > git config --get commit.template [6ms]
2024-02-04 20:41:36.113 [info] > git for-each-ref --format=%(refname)%00%(upstream:short)%00%(objectname)%00%(upstream:track)%00%(upstream:remotename)%00%(upstream:remoteref) refs/heads/master refs/remotes/master [1ms]
2024-02-04 20:41:36.123 [info] > git status -z -uall [4ms]
2024-02-04 20:41:41.137 [info] > git config --get commit.template [6ms]
2024-02-04 20:41:41.138 [info] > git for-each-ref --format=%(refname)%00%(upstream:short)%00%(objectname)%00%(upstream:track)%00%(upstream:remotename)%00%(upstream:remoteref) refs/heads/master refs/remotes/master [1ms]
2024-02-04 20:41:41.144 [info] > git status -z -uall [1ms]
2024-02-04 20:41:46.152 [info] > git config --get commit.template [0ms]
2024-02-04 20:41:46.162 [info] > git for-each-ref --format=%(refname)%00%(upstream:short)%00%(objectname)%00%(upstream:track)%00%(upstream:remotename)%00%(upstream:remoteref) refs/heads/master refs/remotes/master [4ms]
2024-02-04 20:41:46.169 [info] > git status -z -uall [2ms]
2024-02-04 20:41:51.184 [info] > git config --get commit.template [6ms]
2024-02-04 20:41:51.184 [info] > git for-each-ref --format=%(refname)%00%(upstream:short)%00%(objectname)%00%(upstream:track)%00%(upstream:remotename)%00%(upstream:remoteref) refs/heads/master refs/remotes/master [1ms]
2024-02-04 20:41:51.191 [info] > git status -z -uall [1ms]
