2024-02-03 23:41:44.004 [info] 2024-02-03T12:41:43.978Z extension INFO  Activating extension... [
  {
    id: 'mongodb.mongodb-vscode',
    version: '1.5.0',
    mode: 'Production',
    kind: 'UI',
    extensionPath: '/home/anthonyoon/.vscode/extensions/mongodb.mongodb-vscode-1.5.0',
    logPath: '/home/anthonyoon/.config/Code/logs/20240203T191945/window2/exthost/mongodb.mongodb-vscode',
    workspaceStoragePath: '/home/anthonyoon/.config/Code/User/workspaceStorage/373e0a79384b5053b694dc61ee9b65f5/mongodb.mongodb-vscode',
    globalStoragePath: '/home/anthonyoon/.config/Code/User/globalStorage/mongodb.mongodb-vscode',
    defaultConnectionSavingLocation: 'Global',
    buildInfo: {
      nodeVersion: 'v18.15.0',
      runtimePlatform: 'linux',
      runtimeArch: 'x64'
    }
  }
]

2024-02-03 23:41:44.004 [info] 2024-02-03T12:41:43.979Z telemetry INFO  SegmentKey was found [ { type: 'string' } ]

2024-02-03 23:41:44.004 [info] 2024-02-03T12:41:43.979Z language server controller INFO  Creating MongoDB Language Server... [
  {
    extensionPath: '/home/anthonyoon/.vscode/extensions/mongodb.mongodb-vscode-1.5.0',
    languageServer: {
      id: 'mongodbLanguageServer',
      name: 'MongoDB Language Server',
      path: '/home/anthonyoon/.vscode/extensions/mongodb.mongodb-vscode-1.5.0/dist/languageServer.js',
      documentSelector: '[{"pattern":"**/*.mongodb.js"},{"pattern":"**/*.mongodb"}]'
    }
  }
]

2024-02-03 23:41:44.004 [info] 2024-02-03T12:41:43.982Z telemetry INFO  Segment analytics activated [ { anonymousId: '3d197c32-519a-4e85-b44c-62338b7a0604' } ]

2024-02-03 23:41:44.004 [info] 2024-02-03T12:41:43.992Z language server controller INFO  Starting the language server... []

2024-02-03 23:41:44.257 [info] 2024-02-03T12:41:44.257Z language server controller INFO  MongoDBService initialized. Sending default settings... {"extensionPath":"/home/anthonyoon/.vscode/extensions/mongodb.mongodb-vscode-1.5.0","connectionId":null,"hasConnectionString":false,"hasConnectionOptions":false} []

2024-02-04 00:36:51.089 [info] 2024-02-03T13:36:51.082Z extension INFO  Deactivating extension... []

2024-02-04 00:36:51.089 [info] 2024-02-03T13:36:51.082Z connection controller INFO  Disconnect called, currently connected to [ null ]

2024-02-04 00:36:51.089 [info] 2024-02-03T13:36:51.083Z language server controller INFO  Changing MongoDBService active connection... [ { connectionId: null } ]

2024-02-04 00:36:51.089 [info] 2024-02-03T13:36:51.085Z connection controller INFO  Disconnect called, currently connected to [ null ]

2024-02-04 00:36:51.089 [info] 2024-02-03T13:36:51.085Z language server controller INFO  Changing MongoDBService active connection... [ { connectionId: null } ]

2024-02-04 00:36:51.089 [info] 2024-02-03T13:36:51.089Z language server controller INFO  Deactivating the language server... []

2024-02-04 00:36:51.089 [info] 2024-02-03T13:36:51.089Z language server controller INFO  Deactivating the language server... []

