2024-02-03 23:39:58.520 [info] Log level: Info
2024-02-03 23:39:58.520 [info] Validating found git in: "git"
2024-02-03 23:39:58.520 [info] Using git "2.43.0" from "git"
2024-02-03 23:39:58.520 [info] > git rev-parse --show-toplevel [6ms]
2024-02-03 23:39:58.520 [info] > git rev-parse --git-dir --git-common-dir [16ms]
2024-02-03 23:39:58.520 [info] Open repository: /home/anthonyoon/Documents/Code Projects/rust
2024-02-03 23:39:58.521 [info] > git rev-parse --show-toplevel [29ms]
2024-02-03 23:39:58.521 [info] > git config --get commit.template [33ms]
2024-02-03 23:39:58.597 [info] > git rev-parse --show-toplevel [25ms]
2024-02-03 23:39:58.606 [info] > git for-each-ref --format=%(refname)%00%(upstream:short)%00%(objectname)%00%(upstream:track)%00%(upstream:remotename)%00%(upstream:remoteref) refs/heads/master refs/remotes/master [16ms]
2024-02-03 23:39:58.612 [warning] ENOENT: no such file or directory, open '/home/anthonyoon/Documents/Code Projects/rust/.git/refs/remotes/origin/master'
2024-02-03 23:39:58.612 [info] > git rev-parse --show-toplevel [7ms]
2024-02-03 23:39:58.618 [info] > git rev-parse refs/remotes/origin/master [6ms]
2024-02-03 23:39:58.629 [info] > git rev-parse --show-toplevel [11ms]
2024-02-03 23:39:58.649 [info] > git rev-parse --show-toplevel [10ms]
2024-02-03 23:39:58.663 [info] > git rev-parse --show-toplevel [10ms]
2024-02-03 23:39:58.672 [info] > git rev-parse --show-toplevel [1ms]
2024-02-03 23:39:58.767 [info] > git status -z -uall [144ms]
2024-02-03 23:39:58.778 [info] > git config --get commit.template [1ms]
2024-02-03 23:39:58.782 [info] > git for-each-ref --format=%(refname)%00%(upstream:short)%00%(objectname)%00%(upstream:track)%00%(upstream:remotename)%00%(upstream:remoteref) refs/heads/master refs/remotes/master [0ms]
2024-02-03 23:39:58.786 [warning] ENOENT: no such file or directory, open '/home/anthonyoon/Documents/Code Projects/rust/.git/refs/remotes/origin/master'
2024-02-03 23:39:58.787 [info] > git rev-parse refs/remotes/origin/master [1ms]
2024-02-03 23:39:58.920 [info] > git status -z -uall [130ms]
2024-02-03 23:39:59.276 [info] > git rev-parse --show-toplevel [1ms]
2024-02-03 23:39:59.281 [info] > git rev-parse --show-toplevel [1ms]
2024-02-03 23:39:59.287 [info] > git rev-parse --show-toplevel [1ms]
2024-02-03 23:39:59.293 [info] > git rev-parse --show-toplevel [1ms]
2024-02-03 23:39:59.299 [info] > git rev-parse --show-toplevel [1ms]
2024-02-03 23:39:59.304 [info] > git rev-parse --show-toplevel [1ms]
2024-02-03 23:39:59.310 [info] > git rev-parse --show-toplevel [1ms]
2024-02-03 23:39:59.315 [info] > git rev-parse --show-toplevel [1ms]
2024-02-03 23:39:59.320 [info] > git rev-parse --show-toplevel [1ms]
2024-02-03 23:39:59.325 [info] > git rev-parse --show-toplevel [1ms]
2024-02-03 23:39:59.366 [info] > git check-ignore -v -z --stdin [19ms]
2024-02-03 23:40:03.442 [info] > git check-ignore -v -z --stdin [16ms]
2024-02-03 23:41:26.461 [info] > git check-ignore -v -z --stdin [9ms]
2024-02-03 23:41:32.656 [info] > git check-ignore -v -z --stdin [6ms]
2024-02-03 23:41:35.566 [info] > git check-ignore -v -z --stdin [15ms]
2024-02-03 23:41:36.851 [info] > git check-ignore -v -z --stdin [9ms]
2024-02-03 23:41:38.238 [info] > git check-ignore -v -z --stdin [7ms]
2024-02-03 23:41:43.547 [info] > git show --textconv :library/alloc/src/collections/vec_deque/mod.rs [6ms]
2024-02-03 23:41:43.551 [info] > git ls-files --stage -- /home/anthonyoon/Documents/Code Projects/rust/library/alloc/src/collections/vec_deque/mod.rs [4ms]
2024-02-03 23:41:43.565 [info] > git cat-file -s d062587b8f5338de76836702aa7492bb73705d33 [9ms]
2024-02-03 23:43:15.465 [info] > git check-ignore -v -z --stdin [14ms]
2024-02-03 23:43:26.710 [info] > git check-ignore -v -z --stdin [16ms]
2024-02-03 23:43:38.052 [info] > git check-ignore -v -z --stdin [15ms]
2024-02-03 23:43:38.907 [info] > git check-ignore -v -z --stdin [14ms]
2024-02-03 23:43:44.096 [info] > git check-ignore -v -z --stdin [23ms]
2024-02-03 23:43:50.342 [info] > git show --textconv :library/alloc/src/collections/mod.rs [6ms]
2024-02-03 23:43:50.347 [info] > git ls-files --stage -- /home/anthonyoon/Documents/Code Projects/rust/library/alloc/src/collections/mod.rs [6ms]
2024-02-03 23:43:50.358 [info] > git cat-file -s 705b81535c279a4d179eff459fd9e441d13426db [2ms]
2024-02-03 23:43:56.698 [info] > git show --textconv :library/alloc/src/collections/vec_deque/mod.rs [9ms]
2024-02-03 23:43:56.710 [info] > git ls-files --stage -- /home/anthonyoon/Documents/Code Projects/rust/library/alloc/src/collections/vec_deque/mod.rs [12ms]
2024-02-03 23:43:56.716 [info] > git cat-file -s d062587b8f5338de76836702aa7492bb73705d33 [1ms]
2024-02-03 23:44:07.040 [info] > git check-ignore -v -z --stdin [12ms]
2024-02-03 23:44:08.579 [info] > git show --textconv :library/alloc/src/collections/btree/mod.rs [9ms]
2024-02-03 23:44:08.583 [info] > git ls-files --stage -- /home/anthonyoon/Documents/Code Projects/rust/library/alloc/src/collections/btree/mod.rs [4ms]
2024-02-03 23:44:08.589 [info] > git cat-file -s c7d0144de30cb5bb61153e0e51b065e35841ac79 [1ms]
2024-02-03 23:44:11.496 [info] > git show --textconv :library/alloc/src/collections/btree/append.rs [20ms]
2024-02-03 23:44:11.511 [info] > git ls-files --stage -- /home/anthonyoon/Documents/Code Projects/rust/library/alloc/src/collections/btree/append.rs [16ms]
2024-02-03 23:44:11.520 [info] > git cat-file -s b6989afb6255d81747e36b30302155a581051154 [2ms]
2024-02-03 23:44:13.165 [info] > git show --textconv :library/alloc/src/collections/btree/dedup_sorted_iter.rs [6ms]
2024-02-03 23:44:13.172 [info] > git ls-files --stage -- /home/anthonyoon/Documents/Code Projects/rust/library/alloc/src/collections/btree/dedup_sorted_iter.rs [6ms]
2024-02-03 23:44:13.183 [info] > git cat-file -s cd6a88f329125ceca801124ae5c250a1a23414a1 [3ms]
2024-02-03 23:44:14.736 [info] > git show --textconv :library/alloc/src/collections/btree/mem.rs [6ms]
2024-02-03 23:44:14.744 [info] > git ls-files --stage -- /home/anthonyoon/Documents/Code Projects/rust/library/alloc/src/collections/btree/mem.rs [8ms]
2024-02-03 23:44:14.758 [info] > git cat-file -s e1363d1ae1f6b4d799f41f52327f4e1a9ea20d77 [2ms]
2024-02-03 23:44:16.104 [info] > git show --textconv :library/alloc/src/collections/btree/mod.rs [6ms]
2024-02-03 23:44:16.108 [info] > git ls-files --stage -- /home/anthonyoon/Documents/Code Projects/rust/library/alloc/src/collections/btree/mod.rs [4ms]
2024-02-03 23:44:16.114 [info] > git cat-file -s c7d0144de30cb5bb61153e0e51b065e35841ac79 [1ms]
2024-02-03 23:44:19.240 [info] > git check-ignore -v -z --stdin [15ms]
2024-02-03 23:44:19.912 [info] > git show --textconv :library/alloc/src/collections/binary_heap/mod.rs [19ms]
2024-02-03 23:44:19.921 [info] > git ls-files --stage -- /home/anthonyoon/Documents/Code Projects/rust/library/alloc/src/collections/binary_heap/mod.rs [10ms]
2024-02-03 23:44:19.940 [info] > git cat-file -s 00a101541c5899ca2a8c59e96fde5d20a7d9df90 [7ms]
2024-02-03 23:45:58.487 [info] > git show --textconv :library/alloc/src/collections/vec_deque/mod.rs [7ms]
2024-02-03 23:45:58.492 [info] > git ls-files --stage -- /home/anthonyoon/Documents/Code Projects/rust/library/alloc/src/collections/vec_deque/mod.rs [6ms]
2024-02-03 23:45:58.499 [info] > git cat-file -s d062587b8f5338de76836702aa7492bb73705d33 [1ms]
2024-02-03 23:46:01.611 [info] > git check-ignore -v -z --stdin [14ms]
2024-02-03 23:46:03.658 [info] > git show --textconv :library/alloc/src/collections/linked_list/tests.rs [14ms]
2024-02-03 23:46:03.662 [info] > git ls-files --stage -- /home/anthonyoon/Documents/Code Projects/rust/library/alloc/src/collections/linked_list/tests.rs [4ms]
2024-02-03 23:46:03.671 [info] > git cat-file -s 8dcd59d12d927f7c41d7bd43064fc5e340169f31 [1ms]
2024-02-03 23:46:15.273 [info] > git check-ignore -v -z --stdin [5ms]
2024-02-03 23:47:00.474 [info] > git check-ignore -v -z --stdin [16ms]
2024-02-03 23:47:02.059 [info] > git check-ignore -v -z --stdin [8ms]
2024-02-03 23:47:11.240 [info] > git check-ignore -v -z --stdin [13ms]
2024-02-03 23:47:12.280 [info] > git check-ignore -v -z --stdin [14ms]
2024-02-03 23:47:13.108 [info] > git check-ignore -v -z --stdin [6ms]
2024-02-03 23:47:13.723 [info] > git check-ignore -v -z --stdin [6ms]
2024-02-03 23:47:16.133 [info] > git check-ignore -v -z --stdin [17ms]
2024-02-03 23:47:18.379 [info] > git check-ignore -v -z --stdin [7ms]
2024-02-03 23:47:20.393 [info] > git show --textconv :library/std/src/collections/mod.rs [5ms]
2024-02-03 23:47:20.399 [info] > git ls-files --stage -- /home/anthonyoon/Documents/Code Projects/rust/library/std/src/collections/mod.rs [7ms]
2024-02-03 23:47:20.413 [info] > git cat-file -s 1389d24a8c519a0f5d4e86290ed5b126786c73d4 [1ms]
2024-02-03 23:47:23.591 [info] > git check-ignore -v -z --stdin [5ms]
2024-02-03 23:47:24.363 [info] > git check-ignore -v -z --stdin [5ms]
2024-02-03 23:47:50.969 [info] > git show --textconv :library/std/src/collections/hash/map/tests.rs [5ms]
2024-02-03 23:47:50.975 [info] > git ls-files --stage -- /home/anthonyoon/Documents/Code Projects/rust/library/std/src/collections/hash/map/tests.rs [6ms]
2024-02-03 23:47:50.991 [info] > git cat-file -s 8585376abc18b3f7c2421ea8c52fef890d008d80 [3ms]
2024-02-03 23:47:53.875 [info] > git check-ignore -v -z --stdin [6ms]
2024-02-03 23:50:13.697 [info] > git show --textconv :library/alloc/src/collections/linked_list/tests.rs [5ms]
2024-02-03 23:50:13.703 [info] > git ls-files --stage -- /home/anthonyoon/Documents/Code Projects/rust/library/alloc/src/collections/linked_list/tests.rs [6ms]
2024-02-03 23:50:13.726 [info] > git cat-file -s 8dcd59d12d927f7c41d7bd43064fc5e340169f31 [14ms]
2024-02-03 23:50:15.184 [info] > git show --textconv :library/alloc/src/collections/linked_list.rs [10ms]
2024-02-03 23:50:15.188 [info] > git ls-files --stage -- /home/anthonyoon/Documents/Code Projects/rust/library/alloc/src/collections/linked_list.rs [4ms]
2024-02-03 23:50:15.199 [info] > git cat-file -s 9e109feb3d3e0a7e153b3bbc678dc53dd0a0eae3 [2ms]
2024-02-03 23:54:35.523 [info] > git show --textconv :library/alloc/src/collections/mod.rs [7ms]
2024-02-03 23:54:35.532 [info] > git ls-files --stage -- /home/anthonyoon/Documents/Code Projects/rust/library/alloc/src/collections/mod.rs [9ms]
2024-02-03 23:54:35.551 [info] > git cat-file -s 705b81535c279a4d179eff459fd9e441d13426db [10ms]
2024-02-03 23:55:43.932 [info] > git show --textconv :library/std/src/collections/hash/set.rs [14ms]
2024-02-03 23:55:43.939 [info] > git ls-files --stage -- /home/anthonyoon/Documents/Code Projects/rust/library/std/src/collections/hash/set.rs [7ms]
2024-02-03 23:55:43.960 [info] > git cat-file -s dcb2fa0f771b0c4287afe5fc28247716736bc175 [10ms]
2024-02-04 00:00:36.570 [info] > git show --textconv :library/std/src/collections/mod.rs [15ms]
2024-02-04 00:00:36.575 [info] > git ls-files --stage -- /home/anthonyoon/Documents/Code Projects/rust/library/std/src/collections/mod.rs [4ms]
2024-02-04 00:00:36.589 [info] > git cat-file -s 1389d24a8c519a0f5d4e86290ed5b126786c73d4 [7ms]
2024-02-04 00:02:20.528 [info] > git show --textconv :Cargo.lock [6ms]
2024-02-04 00:02:20.533 [info] > git ls-files --stage -- /home/anthonyoon/Documents/Code Projects/rust/Cargo.lock [6ms]
2024-02-04 00:02:20.539 [info] > git cat-file -s 25f4959bf141f88bb8177531ff1d4ca7c2939e75 [1ms]
2024-02-04 00:04:58.259 [info] > git show --textconv :library/std/Cargo.toml [18ms]
2024-02-04 00:04:58.266 [info] > git ls-files --stage -- /home/anthonyoon/Documents/Code Projects/rust/library/std/Cargo.toml [7ms]
2024-02-04 00:04:58.286 [info] > git cat-file -s 5b32bc5117c0c46ab51240c3b77c18a675a96cfb [12ms]
2024-02-04 00:06:09.740 [info] > git config --get commit.template [2ms]
2024-02-04 00:06:09.746 [info] > git for-each-ref --format=%(refname)%00%(upstream:short)%00%(objectname)%00%(upstream:track)%00%(upstream:remotename)%00%(upstream:remoteref) refs/heads/master refs/remotes/master [1ms]
2024-02-04 00:06:09.751 [warning] ENOENT: no such file or directory, open '/home/anthonyoon/Documents/Code Projects/rust/.git/refs/remotes/origin/master'
2024-02-04 00:06:09.752 [info] > git rev-parse refs/remotes/origin/master [1ms]
2024-02-04 00:06:09.779 [info] > git check-ignore -v -z --stdin [11ms]
2024-02-04 00:06:09.882 [info] > git status -z -uall [125ms]
2024-02-04 00:06:12.361 [info] > git check-ignore -v -z --stdin [5ms]
2024-02-04 00:07:00.410 [info] > git rev-parse --show-toplevel [1ms]
2024-02-04 00:07:00.415 [info] > git rev-parse --git-dir --git-common-dir [1ms]
2024-02-04 00:07:00.420 [info] Open repository: /home/anthonyoon/Documents/Code Projects/rust/src/tools/cargo
2024-02-04 00:07:00.428 [info] > git config --get commit.template [1ms]
2024-02-04 00:07:00.433 [info] > git for-each-ref --format=%(refname)%00%(upstream:short)%00%(objectname)%00%(upstream:track)%00%(upstream:remotename)%00%(upstream:remoteref) refs/heads/master refs/remotes/master [0ms]
2024-02-04 00:07:00.439 [info] > git status -z -uall [1ms]
2024-02-04 00:07:00.452 [info] > git config --get commit.template [5ms]
2024-02-04 00:07:00.453 [info] > git for-each-ref --format=%(refname)%00%(upstream:short)%00%(objectname)%00%(upstream:track)%00%(upstream:remotename)%00%(upstream:remoteref) refs/heads/master refs/remotes/master [1ms]
2024-02-04 00:07:00.459 [info] > git status -z -uall [1ms]
2024-02-04 00:07:00.987 [info] > git check-ignore -v -z --stdin [40ms]
2024-02-04 00:07:05.056 [info] > git rev-parse --show-toplevel [0ms]
2024-02-04 00:07:05.073 [info] > git rev-parse --git-dir --git-common-dir [2ms]
2024-02-04 00:07:05.076 [info] Open repository: /home/anthonyoon/Documents/Code Projects/rust/library/backtrace
2024-02-04 00:07:05.095 [info] > git config --get commit.template [5ms]
2024-02-04 00:07:05.109 [info] > git for-each-ref --format=%(refname)%00%(upstream:short)%00%(objectname)%00%(upstream:track)%00%(upstream:remotename)%00%(upstream:remoteref) refs/heads/master refs/remotes/master [1ms]
2024-02-04 00:07:05.115 [info] > git status -z -uall [1ms]
2024-02-04 00:07:05.127 [info] > git config --get commit.template [4ms]
2024-02-04 00:07:05.127 [info] > git for-each-ref --format=%(refname)%00%(upstream:short)%00%(objectname)%00%(upstream:track)%00%(upstream:remotename)%00%(upstream:remoteref) refs/heads/master refs/remotes/master [1ms]
2024-02-04 00:07:05.132 [info] > git status -z -uall [1ms]
2024-02-04 00:07:05.647 [info] > git check-ignore -v -z --stdin [32ms]
2024-02-04 00:07:08.207 [info] > git rev-parse --show-toplevel [1ms]
2024-02-04 00:07:08.218 [info] > git rev-parse --git-dir --git-common-dir [1ms]
2024-02-04 00:07:08.224 [info] Open repository: /home/anthonyoon/Documents/Code Projects/rust/library/stdarch
2024-02-04 00:07:08.233 [info] > git config --get commit.template [3ms]
2024-02-04 00:07:08.240 [info] > git for-each-ref --format=%(refname)%00%(upstream:short)%00%(objectname)%00%(upstream:track)%00%(upstream:remotename)%00%(upstream:remoteref) refs/heads/master refs/remotes/master [1ms]
2024-02-04 00:07:08.245 [info] > git status -z -uall [1ms]
2024-02-04 00:07:08.252 [info] > git config --get commit.template [1ms]
2024-02-04 00:07:08.257 [info] > git for-each-ref --format=%(refname)%00%(upstream:short)%00%(objectname)%00%(upstream:track)%00%(upstream:remotename)%00%(upstream:remoteref) refs/heads/master refs/remotes/master [1ms]
2024-02-04 00:07:08.262 [info] > git status -z -uall [1ms]
2024-02-04 00:07:08.765 [info] > git check-ignore -v -z --stdin [1ms]
2024-02-04 00:07:08.785 [info] > git check-ignore -v -z --stdin [31ms]
2024-02-04 00:07:31.797 [info] > git rev-parse --show-toplevel [0ms]
2024-02-04 00:07:31.808 [info] > git rev-parse --git-dir --git-common-dir [2ms]
2024-02-04 00:07:31.815 [info] Open repository: /home/anthonyoon/Documents/Code Projects/rust/src/doc/book
2024-02-04 00:07:31.830 [info] > git config --get commit.template [4ms]
2024-02-04 00:07:31.836 [info] > git for-each-ref --format=%(refname)%00%(upstream:short)%00%(objectname)%00%(upstream:track)%00%(upstream:remotename)%00%(upstream:remoteref) refs/heads/master refs/remotes/master [1ms]
2024-02-04 00:07:31.841 [info] > git status -z -uall [1ms]
2024-02-04 00:07:31.847 [info] > git config --get commit.template [0ms]
2024-02-04 00:07:31.852 [info] > git for-each-ref --format=%(refname)%00%(upstream:short)%00%(objectname)%00%(upstream:track)%00%(upstream:remotename)%00%(upstream:remoteref) refs/heads/master refs/remotes/master [0ms]
2024-02-04 00:07:31.857 [info] > git status -z -uall [1ms]
2024-02-04 00:07:32.344 [info] > git check-ignore -v -z --stdin [0ms]
2024-02-04 00:07:32.363 [info] > git check-ignore -v -z --stdin [25ms]
2024-02-04 00:09:15.199 [info] > git config --get commit.template [0ms]
2024-02-04 00:09:15.199 [info] > git config --get commit.template [6ms]
2024-02-04 00:09:15.199 [info] > git config --get commit.template [10ms]
2024-02-04 00:09:15.199 [info] > git config --get commit.template [15ms]
2024-02-04 00:09:15.199 [info] > git config --get commit.template [22ms]
2024-02-04 00:09:15.226 [info] > git for-each-ref --format %(refname) %(objectname) %(*objectname) refs/tags [4ms]
2024-02-04 00:09:15.232 [info] > git for-each-ref --format %(refname) %(objectname) %(*objectname) refs/tags [13ms]
2024-02-04 00:09:15.237 [info] > git for-each-ref --format %(refname) %(objectname) %(*objectname) refs/tags [23ms]
2024-02-04 00:09:15.242 [info] > git for-each-ref --format=%(refname)%00%(upstream:short)%00%(objectname)%00%(upstream:track)%00%(upstream:remotename)%00%(upstream:remoteref) refs/heads/master refs/remotes/master [33ms]
2024-02-04 00:09:15.242 [info] > git ls-files --stage -- /home/anthonyoon/Documents/Code Projects/rust/library/std/Cargo.toml [38ms]
2024-02-04 00:09:15.252 [warning] ENOENT: no such file or directory, open '/home/anthonyoon/Documents/Code Projects/rust/.git/refs/remotes/origin/master'
2024-02-04 00:09:15.252 [info] > git status -z -uall [15ms]
2024-02-04 00:09:15.253 [info] > git for-each-ref --format %(refname) %(objectname) %(*objectname) refs/tags [27ms]
2024-02-04 00:09:15.259 [info] > git rev-parse refs/remotes/origin/master [7ms]
2024-02-04 00:09:15.264 [info] > git cat-file -s 5b32bc5117c0c46ab51240c3b77c18a675a96cfb [17ms]
2024-02-04 00:09:15.276 [info] > git status -z -uall [45ms]
2024-02-04 00:09:15.278 [info] > git show --textconv :library/std/Cargo.toml [7ms]
2024-02-04 00:09:15.296 [info] > git status -z -uall [55ms]
2024-02-04 00:09:15.314 [info] > git status -z -uall [56ms]
2024-02-04 00:09:15.532 [info] > git status -z -uall [268ms]
2024-02-04 00:09:20.268 [info] > git config --get commit.template [5ms]
2024-02-04 00:09:20.268 [info] > git for-each-ref --format %(refname) %(objectname) %(*objectname) refs/tags [1ms]
2024-02-04 00:09:20.275 [info] > git status -z -uall [3ms]
2024-02-04 00:09:20.290 [info] > git config --get commit.template [5ms]
2024-02-04 00:09:20.290 [info] > git for-each-ref --format %(refname) %(objectname) %(*objectname) refs/tags [1ms]
2024-02-04 00:09:20.326 [info] > git config --get commit.template [5ms]
2024-02-04 00:09:20.326 [info] > git for-each-ref --format %(refname) %(objectname) %(*objectname) refs/tags [1ms]
2024-02-04 00:09:20.337 [info] > git status -z -uall [42ms]
2024-02-04 00:09:20.382 [info] > git status -z -uall [52ms]
2024-02-04 00:09:20.574 [info] > git config --get commit.template [18ms]
2024-02-04 00:09:20.574 [info] > git for-each-ref --format=%(refname)%00%(upstream:short)%00%(objectname)%00%(upstream:track)%00%(upstream:remotename)%00%(upstream:remoteref) refs/heads/master refs/remotes/master [3ms]
2024-02-04 00:09:20.590 [warning] ENOENT: no such file or directory, open '/home/anthonyoon/Documents/Code Projects/rust/.git/refs/remotes/origin/master'
2024-02-04 00:09:20.592 [info] > git rev-parse refs/remotes/origin/master [2ms]
2024-02-04 00:09:20.899 [info] > git status -z -uall [296ms]
2024-02-04 00:09:31.233 [info] > git check-ignore -v -z --stdin [8ms]
2024-02-04 00:09:36.086 [info] > git check-ignore -v -z --stdin [4ms]
2024-02-04 00:09:43.369 [info] > git check-ignore -v -z --stdin [4ms]
2024-02-04 00:09:45.129 [info] > git check-ignore -v -z --stdin [5ms]
2024-02-04 00:10:01.627 [info] > git check-ignore -v -z --stdin [8ms]
2024-02-04 00:10:03.626 [info] > git check-ignore -v -z --stdin [7ms]
2024-02-04 00:10:05.111 [info] > git check-ignore -v -z --stdin [8ms]
2024-02-04 00:10:07.008 [info] > git show --textconv :build/lock [14ms]
2024-02-04 00:10:07.015 [info] > git ls-files --stage -- /home/anthonyoon/Documents/Code Projects/rust/build/lock [8ms]
2024-02-04 00:11:01.856 [info] > git config --get commit.template [15ms]
2024-02-04 00:11:01.863 [info] > git for-each-ref --format=%(refname)%00%(upstream:short)%00%(objectname)%00%(upstream:track)%00%(upstream:remotename)%00%(upstream:remoteref) refs/heads/master refs/remotes/master [1ms]
2024-02-04 00:11:01.869 [warning] ENOENT: no such file or directory, open '/home/anthonyoon/Documents/Code Projects/rust/.git/refs/remotes/origin/master'
2024-02-04 00:11:01.869 [info] > git check-ignore -v -z --stdin [13ms]
2024-02-04 00:11:01.870 [info] > git rev-parse refs/remotes/origin/master [1ms]
2024-02-04 00:11:02.138 [info] > git status -z -uall [264ms]
2024-02-04 00:11:13.651 [info] > git rev-parse --show-toplevel [1ms]
2024-02-04 00:11:13.667 [info] > git rev-parse --git-dir --git-common-dir [1ms]
2024-02-04 00:11:13.676 [info] Open repository: /home/anthonyoon/Documents/Code Projects/rust/src/llvm-project
2024-02-04 00:11:13.691 [info] > git config --get commit.template [3ms]
2024-02-04 00:11:13.702 [info] > git for-each-ref --format=%(refname)%00%(upstream:short)%00%(objectname)%00%(upstream:track)%00%(upstream:remotename)%00%(upstream:remoteref) refs/heads/master refs/remotes/master [0ms]
2024-02-04 00:11:13.708 [info] > git status -z -uall [1ms]
2024-02-04 00:11:13.717 [info] > git config --get commit.template [1ms]
2024-02-04 00:11:13.723 [info] > git for-each-ref --format=%(refname)%00%(upstream:short)%00%(objectname)%00%(upstream:track)%00%(upstream:remotename)%00%(upstream:remoteref) refs/heads/master refs/remotes/master [1ms]
2024-02-04 00:11:13.729 [info] > git status -z -uall [1ms]
2024-02-04 00:11:14.167 [info] > git config --get commit.template [11ms]
2024-02-04 00:11:14.167 [info] > git for-each-ref --format=%(refname)%00%(upstream:short)%00%(objectname)%00%(upstream:track)%00%(upstream:remotename)%00%(upstream:remoteref) refs/heads/master refs/remotes/master [1ms]
2024-02-04 00:11:14.174 [warning] ENOENT: no such file or directory, open '/home/anthonyoon/Documents/Code Projects/rust/.git/refs/remotes/origin/master'
2024-02-04 00:11:14.174 [info] > git rev-parse refs/remotes/origin/master [0ms]
2024-02-04 00:11:14.228 [info] > git check-ignore -v -z --stdin [27ms]
2024-02-04 00:11:14.449 [info] > git status -z -uall [270ms]
2024-02-04 00:11:15.086 [info] > git config --get commit.template [11ms]
2024-02-04 00:11:15.086 [info] > git for-each-ref --format=%(refname)%00%(upstream:short)%00%(objectname)%00%(upstream:track)%00%(upstream:remotename)%00%(upstream:remoteref) refs/heads/master refs/remotes/master [1ms]
2024-02-04 00:11:15.095 [warning] ENOENT: no such file or directory, open '/home/anthonyoon/Documents/Code Projects/rust/.git/modules/src/llvm-project/refs/remotes/origin/master'
2024-02-04 00:11:15.097 [info] > git rev-parse refs/remotes/origin/master [1ms]
2024-02-04 00:11:15.106 [info] > git status -z -uall [1ms]
2024-02-04 00:11:15.189 [info] > git ls-files --stage -- /home/anthonyoon/Documents/Code Projects/rust/build/lock [11ms]
2024-02-04 00:11:15.205 [info] > git show --textconv :build/lock [5ms]
2024-02-04 00:11:20.124 [info] > git config --get commit.template [6ms]
2024-02-04 00:11:20.124 [info] > git for-each-ref --format=%(refname)%00%(upstream:short)%00%(objectname)%00%(upstream:track)%00%(upstream:remotename)%00%(upstream:remoteref) refs/heads/master refs/remotes/master [1ms]
2024-02-04 00:11:20.129 [warning] ENOENT: no such file or directory, open '/home/anthonyoon/Documents/Code Projects/rust/.git/modules/src/llvm-project/refs/remotes/origin/master'
2024-02-04 00:11:20.130 [info] > git rev-parse refs/remotes/origin/master [1ms]
2024-02-04 00:11:20.139 [info] > git status -z -uall [2ms]
2024-02-04 00:12:29.478 [info] > git check-ignore -v -z --stdin [17ms]
2024-02-04 00:14:00.689 [info] > git config --get commit.template [7ms]
2024-02-04 00:14:00.690 [info] > git config --get commit.template [1ms]
2024-02-04 00:14:00.700 [info] > git for-each-ref --format=%(refname)%00%(upstream:short)%00%(objectname)%00%(upstream:track)%00%(upstream:remotename)%00%(upstream:remoteref) refs/heads/master refs/remotes/master [5ms]
2024-02-04 00:14:00.705 [warning] ENOENT: no such file or directory, open '/home/anthonyoon/Documents/Code Projects/rust/.git/refs/remotes/origin/master'
2024-02-04 00:14:00.706 [info] > git for-each-ref --format %(refname) %(objectname) %(*objectname) refs/tags [6ms]
2024-02-04 00:14:00.711 [info] > git rev-parse refs/remotes/origin/master [6ms]
2024-02-04 00:14:00.885 [info] > git status -z -uall [174ms]
2024-02-04 00:14:01.158 [info] > git status -z -uall [442ms]
2024-02-04 00:14:02.795 [info] > git check-ignore -v -z --stdin [8ms]
2024-02-04 00:14:04.243 [info] > git check-ignore -v -z --stdin [9ms]
2024-02-04 00:14:06.445 [info] > git check-ignore -v -z --stdin [5ms]
2024-02-04 00:14:30.867 [info] > git config --get commit.template [13ms]
2024-02-04 00:14:30.867 [info] > git for-each-ref --format=%(refname)%00%(upstream:short)%00%(objectname)%00%(upstream:track)%00%(upstream:remotename)%00%(upstream:remoteref) refs/heads/master refs/remotes/master [1ms]
2024-02-04 00:14:30.876 [warning] ENOENT: no such file or directory, open '/home/anthonyoon/Documents/Code Projects/rust/.git/refs/remotes/origin/master'
2024-02-04 00:14:30.877 [info] > git rev-parse refs/remotes/origin/master [1ms]
2024-02-04 00:14:31.304 [info] > git status -z -uall [419ms]
2024-02-04 00:14:52.796 [info] > git check-ignore -v -z --stdin [6ms]
2024-02-04 00:14:53.192 [info] > git config --get commit.template [12ms]
2024-02-04 00:14:53.193 [info] > git for-each-ref --format %(refname) %(objectname) %(*objectname) refs/tags [2ms]
2024-02-04 00:14:53.301 [info] > git config --get commit.template [6ms]
2024-02-04 00:14:53.301 [info] > git for-each-ref --format=%(refname)%00%(upstream:short)%00%(objectname)%00%(upstream:track)%00%(upstream:remotename)%00%(upstream:remoteref) refs/heads/master refs/remotes/master [1ms]
2024-02-04 00:14:53.306 [warning] ENOENT: no such file or directory, open '/home/anthonyoon/Documents/Code Projects/rust/.git/refs/remotes/origin/master'
2024-02-04 00:14:53.307 [info] > git rev-parse refs/remotes/origin/master [1ms]
2024-02-04 00:14:53.369 [info] > git status -z -uall [166ms]
2024-02-04 00:14:53.736 [info] > git status -z -uall [425ms]
2024-02-04 00:15:00.467 [info] > git config --get commit.template [7ms]
2024-02-04 00:15:00.467 [info] > git for-each-ref --format=%(refname)%00%(upstream:short)%00%(objectname)%00%(upstream:track)%00%(upstream:remotename)%00%(upstream:remoteref) refs/heads/master refs/remotes/master [1ms]
2024-02-04 00:15:00.472 [warning] ENOENT: no such file or directory, open '/home/anthonyoon/Documents/Code Projects/rust/.git/refs/remotes/origin/master'
2024-02-04 00:15:00.473 [info] > git rev-parse refs/remotes/origin/master [1ms]
2024-02-04 00:15:00.893 [info] > git status -z -uall [415ms]
2024-02-04 00:15:13.886 [info] > git check-ignore -v -z --stdin [10ms]
2024-02-04 00:15:14.985 [info] > git show --textconv :config.toml [9ms]
2024-02-04 00:15:14.991 [info] > git ls-files --stage -- /home/anthonyoon/Documents/Code Projects/rust/config.toml [7ms]
2024-02-04 00:15:18.075 [info] > git check-ignore -v -z --stdin [6ms]
2024-02-04 00:15:18.889 [info] > git check-ignore -v -z --stdin [14ms]
2024-02-04 00:15:19.760 [info] > git check-ignore -v -z --stdin [23ms]
2024-02-04 00:15:49.318 [info] > git config --get commit.template [8ms]
2024-02-04 00:15:49.318 [info] > git for-each-ref --format=%(refname)%00%(upstream:short)%00%(objectname)%00%(upstream:track)%00%(upstream:remotename)%00%(upstream:remoteref) refs/heads/master refs/remotes/master [1ms]
2024-02-04 00:15:49.325 [warning] ENOENT: no such file or directory, open '/home/anthonyoon/Documents/Code Projects/rust/.git/refs/remotes/origin/master'
2024-02-04 00:15:49.326 [info] > git rev-parse refs/remotes/origin/master [1ms]
2024-02-04 00:15:49.747 [info] > git status -z -uall [416ms]
2024-02-04 00:21:23.450 [info] > git check-ignore -v -z --stdin [9ms]
2024-02-04 00:21:54.874 [info] > git config --get commit.template [14ms]
2024-02-04 00:21:54.874 [info] > git for-each-ref --format=%(refname)%00%(upstream:short)%00%(objectname)%00%(upstream:track)%00%(upstream:remotename)%00%(upstream:remoteref) refs/heads/master refs/remotes/master [1ms]
2024-02-04 00:21:54.882 [warning] ENOENT: no such file or directory, open '/home/anthonyoon/Documents/Code Projects/rust/.git/refs/remotes/origin/master'
2024-02-04 00:21:54.884 [info] > git rev-parse refs/remotes/origin/master [2ms]
2024-02-04 00:21:55.336 [info] > git status -z -uall [444ms]
2024-02-04 00:22:00.366 [info] > git config --get commit.template [13ms]
2024-02-04 00:22:00.366 [info] > git for-each-ref --format=%(refname)%00%(upstream:short)%00%(objectname)%00%(upstream:track)%00%(upstream:remotename)%00%(upstream:remoteref) refs/heads/master refs/remotes/master [2ms]
2024-02-04 00:22:00.377 [warning] ENOENT: no such file or directory, open '/home/anthonyoon/Documents/Code Projects/rust/.git/refs/remotes/origin/master'
2024-02-04 00:22:00.377 [info] > git rev-parse refs/remotes/origin/master [1ms]
2024-02-04 00:22:00.791 [info] > git status -z -uall [406ms]
2024-02-04 00:22:06.593 [info] > git config --get commit.template [13ms]
2024-02-04 00:22:06.594 [info] > git for-each-ref --format=%(refname)%00%(upstream:short)%00%(objectname)%00%(upstream:track)%00%(upstream:remotename)%00%(upstream:remoteref) refs/heads/master refs/remotes/master [1ms]
2024-02-04 00:22:06.602 [warning] ENOENT: no such file or directory, open '/home/anthonyoon/Documents/Code Projects/rust/.git/refs/remotes/origin/master'
2024-02-04 00:22:06.603 [info] > git rev-parse refs/remotes/origin/master [1ms]
2024-02-04 00:22:07.031 [info] > git status -z -uall [420ms]
2024-02-04 00:22:12.063 [info] > git config --get commit.template [11ms]
2024-02-04 00:22:12.063 [info] > git for-each-ref --format=%(refname)%00%(upstream:short)%00%(objectname)%00%(upstream:track)%00%(upstream:remotename)%00%(upstream:remoteref) refs/heads/master refs/remotes/master [1ms]
2024-02-04 00:22:12.071 [warning] ENOENT: no such file or directory, open '/home/anthonyoon/Documents/Code Projects/rust/.git/refs/remotes/origin/master'
2024-02-04 00:22:12.072 [info] > git rev-parse refs/remotes/origin/master [1ms]
2024-02-04 00:22:12.495 [info] > git status -z -uall [415ms]
2024-02-04 00:22:17.523 [info] > git config --get commit.template [13ms]
2024-02-04 00:22:17.524 [info] > git for-each-ref --format=%(refname)%00%(upstream:short)%00%(objectname)%00%(upstream:track)%00%(upstream:remotename)%00%(upstream:remoteref) refs/heads/master refs/remotes/master [2ms]
2024-02-04 00:22:17.533 [warning] ENOENT: no such file or directory, open '/home/anthonyoon/Documents/Code Projects/rust/.git/refs/remotes/origin/master'
2024-02-04 00:22:17.534 [info] > git rev-parse refs/remotes/origin/master [1ms]
2024-02-04 00:22:17.961 [info] > git status -z -uall [420ms]
2024-02-04 00:22:42.120 [info] > git config --get commit.template [1ms]
2024-02-04 00:22:42.126 [info] > git for-each-ref --format %(refname) %(objectname) %(*objectname) refs/tags [1ms]
2024-02-04 00:22:42.295 [info] > git status -z -uall [164ms]
2024-02-04 00:22:45.022 [info] > git config --get commit.template [1ms]
2024-02-04 00:22:45.028 [info] > git for-each-ref --format=%(refname)%00%(upstream:short)%00%(objectname)%00%(upstream:track)%00%(upstream:remotename)%00%(upstream:remoteref) refs/heads/master refs/remotes/master [0ms]
2024-02-04 00:22:45.034 [warning] ENOENT: no such file or directory, open '/home/anthonyoon/Documents/Code Projects/rust/.git/refs/remotes/origin/master'
2024-02-04 00:22:45.034 [info] > git rev-parse refs/remotes/origin/master [0ms]
2024-02-04 00:22:45.459 [info] > git status -z -uall [420ms]
2024-02-04 00:22:50.495 [info] > git config --get commit.template [20ms]
2024-02-04 00:22:50.496 [info] > git for-each-ref --format=%(refname)%00%(upstream:short)%00%(objectname)%00%(upstream:track)%00%(upstream:remotename)%00%(upstream:remoteref) refs/heads/master refs/remotes/master [3ms]
2024-02-04 00:22:50.506 [warning] ENOENT: no such file or directory, open '/home/anthonyoon/Documents/Code Projects/rust/.git/refs/remotes/origin/master'
2024-02-04 00:22:50.507 [info] > git rev-parse refs/remotes/origin/master [1ms]
2024-02-04 00:22:50.930 [info] > git status -z -uall [418ms]
2024-02-04 00:23:28.026 [info] > git config --get commit.template [3ms]
2024-02-04 00:23:28.039 [info] > git for-each-ref --format=%(refname)%00%(upstream:short)%00%(objectname)%00%(upstream:track)%00%(upstream:remotename)%00%(upstream:remoteref) refs/heads/master refs/remotes/master [2ms]
2024-02-04 00:23:28.048 [warning] ENOENT: no such file or directory, open '/home/anthonyoon/Documents/Code Projects/rust/.git/refs/remotes/origin/master'
2024-02-04 00:23:28.049 [info] > git rev-parse refs/remotes/origin/master [1ms]
2024-02-04 00:23:28.496 [info] > git status -z -uall [434ms]
2024-02-04 00:23:35.301 [info] > git config --get commit.template [9ms]
2024-02-04 00:23:35.301 [info] > git for-each-ref --format=%(refname)%00%(upstream:short)%00%(objectname)%00%(upstream:track)%00%(upstream:remotename)%00%(upstream:remoteref) refs/heads/master refs/remotes/master [1ms]
2024-02-04 00:23:35.309 [warning] ENOENT: no such file or directory, open '/home/anthonyoon/Documents/Code Projects/rust/.git/refs/remotes/origin/master'
2024-02-04 00:23:35.310 [info] > git rev-parse refs/remotes/origin/master [1ms]
2024-02-04 00:23:35.731 [info] > git status -z -uall [412ms]
2024-02-04 00:23:55.936 [info] > git config --get commit.template [6ms]
2024-02-04 00:23:55.937 [info] > git for-each-ref --format=%(refname)%00%(upstream:short)%00%(objectname)%00%(upstream:track)%00%(upstream:remotename)%00%(upstream:remoteref) refs/heads/master refs/remotes/master [1ms]
2024-02-04 00:23:55.942 [warning] ENOENT: no such file or directory, open '/home/anthonyoon/Documents/Code Projects/rust/.git/refs/remotes/origin/master'
2024-02-04 00:23:55.942 [info] > git rev-parse refs/remotes/origin/master [1ms]
2024-02-04 00:23:56.375 [info] > git status -z -uall [428ms]
2024-02-04 00:24:01.414 [info] > git config --get commit.template [16ms]
2024-02-04 00:24:01.414 [info] > git for-each-ref --format=%(refname)%00%(upstream:short)%00%(objectname)%00%(upstream:track)%00%(upstream:remotename)%00%(upstream:remoteref) refs/heads/master refs/remotes/master [1ms]
2024-02-04 00:24:01.422 [warning] ENOENT: no such file or directory, open '/home/anthonyoon/Documents/Code Projects/rust/.git/refs/remotes/origin/master'
2024-02-04 00:24:01.423 [info] > git rev-parse refs/remotes/origin/master [1ms]
2024-02-04 00:24:01.854 [info] > git status -z -uall [425ms]
2024-02-04 00:24:55.792 [warning] ENOENT: no such file or directory, open '/home/anthonyoon/Documents/Code Projects/rust/.git/HEAD'
2024-02-04 00:24:55.802 [warning] getRemotes() - ENOENT: no such file or directory, open '/home/anthonyoon/Documents/Code Projects/rust/.git/config'
2024-02-04 00:24:55.816 [warning] ENOENT: no such file or directory, open '/home/anthonyoon/Documents/Code Projects/rust/.git/HEAD'
2024-02-04 00:24:55.826 [warning] getRemotes() - ENOENT: no such file or directory, open '/home/anthonyoon/Documents/Code Projects/rust/.git/config'
