[ERROR rust_analyzer::main_loop] FetchWorkspaceError:
rust-analyzer failed to load workspace: Failed to load the project at /home/anthonyoon/Documents/Code Projects/rust/Cargo.toml: Failed to read Cargo metadata from Cargo.toml file /home/anthonyoon/Documents/Code Projects/rust/Cargo.toml, Some(Version { major: 1, minor: 77, patch: 0, pre: Prerelease("nightly") }): Failed to run `cd "/home/anthonyoon/Documents/Code Projects/rust" && "cargo" "metadata" "--format-version" "1" "--manifest-path" "/home/anthonyoon/Documents/Code Projects/rust/Cargo.toml" "--filter-platform" "x86_64-unknown-linux-gnu"`: `cargo metadata` exited with an error:     Updating crates.io index
error: failed to get `std_detect` as a dependency of package `std v0.0.0 (/home/anthonyoon/Documents/Code Projects/rust/library/std)`

Caused by:
  failed to load source for dependency `std_detect`

Caused by:
  Unable to update /home/anthonyoon/Documents/Code Projects/rust/library/stdarch/crates/std_detect

Caused by:
  failed to read `/home/anthonyoon/Documents/Code Projects/rust/library/stdarch/crates/std_detect/Cargo.toml`

Caused by:
  No such file or directory (os error 2)


[ERROR rust_analyzer::main_loop] FetchWorkspaceError:
rust-analyzer failed to load workspace: Failed to load the project at /home/anthonyoon/Documents/Code Projects/rust/Cargo.toml: Failed to read Cargo metadata from Cargo.toml file /home/anthonyoon/Documents/Code Projects/rust/Cargo.toml, Some(Version { major: 1, minor: 77, patch: 0, pre: Prerelease("nightly") }): Failed to run `cd "/home/anthonyoon/Documents/Code Projects/rust" && "cargo" "metadata" "--format-version" "1" "--manifest-path" "/home/anthonyoon/Documents/Code Projects/rust/Cargo.toml" "--filter-platform" "x86_64-unknown-linux-gnu"`: `cargo metadata` exited with an error:     Updating crates.io index
error: failed to get `std_detect` as a dependency of package `std v0.0.0 (/home/anthonyoon/Documents/Code Projects/rust/library/std)`

Caused by:
  failed to load source for dependency `std_detect`

Caused by:
  Unable to update /home/anthonyoon/Documents/Code Projects/rust/library/stdarch/crates/std_detect

Caused by:
  failed to read `/home/anthonyoon/Documents/Code Projects/rust/library/stdarch/crates/std_detect/Cargo.toml`

Caused by:
  No such file or directory (os error 2)


[ERROR rust_analyzer::main_loop] FetchWorkspaceError:
rust-analyzer failed to load workspace: Failed to load the project at /home/anthonyoon/Documents/Code Projects/rust/Cargo.toml: Failed to read Cargo metadata from Cargo.toml file /home/anthonyoon/Documents/Code Projects/rust/Cargo.toml, Some(Version { major: 1, minor: 77, patch: 0, pre: Prerelease("nightly") }): Failed to run `cd "/home/anthonyoon/Documents/Code Projects/rust" && "cargo" "metadata" "--format-version" "1" "--manifest-path" "/home/anthonyoon/Documents/Code Projects/rust/Cargo.toml" "--filter-platform" "x86_64-unknown-linux-gnu"`: `cargo metadata` exited with an error:     Updating crates.io index
error: failed to get `std_detect` as a dependency of package `std v0.0.0 (/home/anthonyoon/Documents/Code Projects/rust/library/std)`

Caused by:
  failed to load source for dependency `std_detect`

Caused by:
  Unable to update /home/anthonyoon/Documents/Code Projects/rust/library/stdarch/crates/std_detect

Caused by:
  failed to read `/home/anthonyoon/Documents/Code Projects/rust/library/stdarch/crates/std_detect/Cargo.toml`

Caused by:
  No such file or directory (os error 2)


[ERROR rust_analyzer::main_loop] FetchWorkspaceError:
rust-analyzer failed to load workspace: Failed to load the project at /home/anthonyoon/Documents/Code Projects/rust/Cargo.toml: Failed to read Cargo metadata from Cargo.toml file /home/anthonyoon/Documents/Code Projects/rust/Cargo.toml, Some(Version { major: 1, minor: 77, patch: 0, pre: Prerelease("nightly") }): Failed to run `cd "/home/anthonyoon/Documents/Code Projects/rust" && "cargo" "metadata" "--format-version" "1" "--manifest-path" "/home/anthonyoon/Documents/Code Projects/rust/Cargo.toml" "--filter-platform" "x86_64-unknown-linux-gnu"`: `cargo metadata` exited with an error:     Updating crates.io index
error: failed to get `std_detect` as a dependency of package `std v0.0.0 (/home/anthonyoon/Documents/Code Projects/rust/library/std)`

Caused by:
  failed to load source for dependency `std_detect`

Caused by:
  Unable to update /home/anthonyoon/Documents/Code Projects/rust/library/stdarch/crates/std_detect

Caused by:
  failed to read `/home/anthonyoon/Documents/Code Projects/rust/library/stdarch/crates/std_detect/Cargo.toml`

Caused by:
  No such file or directory (os error 2)


[ERROR rust_analyzer::main_loop] FetchWorkspaceError:
rust-analyzer failed to load workspace: Failed to load the project at /home/anthonyoon/Documents/Code Projects/rust/Cargo.toml: Failed to read Cargo metadata from Cargo.toml file /home/anthonyoon/Documents/Code Projects/rust/Cargo.toml, Some(Version { major: 1, minor: 77, patch: 0, pre: Prerelease("nightly") }): Failed to run `cd "/home/anthonyoon/Documents/Code Projects/rust" && "cargo" "metadata" "--format-version" "1" "--manifest-path" "/home/anthonyoon/Documents/Code Projects/rust/Cargo.toml" "--filter-platform" "x86_64-unknown-linux-gnu"`: `cargo metadata` exited with an error:     Updating crates.io index
error: failed to get `std_detect` as a dependency of package `std v0.0.0 (/home/anthonyoon/Documents/Code Projects/rust/library/std)`

Caused by:
  failed to load source for dependency `std_detect`

Caused by:
  Unable to update /home/anthonyoon/Documents/Code Projects/rust/library/stdarch/crates/std_detect

Caused by:
  failed to read `/home/anthonyoon/Documents/Code Projects/rust/library/stdarch/crates/std_detect/Cargo.toml`

Caused by:
  No such file or directory (os error 2)


[ERROR rust_analyzer::main_loop] FetchWorkspaceError:
rust-analyzer failed to load workspace: Failed to load the project at /home/anthonyoon/Documents/Code Projects/rust/Cargo.toml: Failed to read Cargo metadata from Cargo.toml file /home/anthonyoon/Documents/Code Projects/rust/Cargo.toml, Some(Version { major: 1, minor: 77, patch: 0, pre: Prerelease("nightly") }): Failed to run `cd "/home/anthonyoon/Documents/Code Projects/rust" && "cargo" "metadata" "--format-version" "1" "--manifest-path" "/home/anthonyoon/Documents/Code Projects/rust/Cargo.toml" "--filter-platform" "x86_64-unknown-linux-gnu"`: `cargo metadata` exited with an error:     Updating crates.io index
error: failed to get `std_detect` as a dependency of package `std v0.0.0 (/home/anthonyoon/Documents/Code Projects/rust/library/std)`

Caused by:
  failed to load source for dependency `std_detect`

Caused by:
  Unable to update /home/anthonyoon/Documents/Code Projects/rust/library/stdarch/crates/std_detect

Caused by:
  failed to read `/home/anthonyoon/Documents/Code Projects/rust/library/stdarch/crates/std_detect/Cargo.toml`

Caused by:
  No such file or directory (os error 2)


[ERROR rust_analyzer::main_loop] FetchWorkspaceError:
rust-analyzer failed to load workspace: Failed to load the project at /home/anthonyoon/Documents/Code Projects/rust/Cargo.toml: Failed to read Cargo metadata from Cargo.toml file /home/anthonyoon/Documents/Code Projects/rust/Cargo.toml, Some(Version { major: 1, minor: 77, patch: 0, pre: Prerelease("nightly") }): Failed to run `cd "/home/anthonyoon/Documents/Code Projects/rust" && "cargo" "metadata" "--format-version" "1" "--manifest-path" "/home/anthonyoon/Documents/Code Projects/rust/Cargo.toml" "--filter-platform" "x86_64-unknown-linux-gnu"`: `cargo metadata` exited with an error:     Updating crates.io index
error: failed to get `std_detect` as a dependency of package `std v0.0.0 (/home/anthonyoon/Documents/Code Projects/rust/library/std)`

Caused by:
  failed to load source for dependency `std_detect`

Caused by:
  Unable to update /home/anthonyoon/Documents/Code Projects/rust/library/stdarch/crates/std_detect

Caused by:
  failed to read `/home/anthonyoon/Documents/Code Projects/rust/library/stdarch/crates/std_detect/Cargo.toml`

Caused by:
  No such file or directory (os error 2)


[ERROR rust_analyzer::main_loop] FetchWorkspaceError:
rust-analyzer failed to load workspace: Failed to load the project at /home/anthonyoon/Documents/Code Projects/rust/Cargo.toml: Failed to read Cargo metadata from Cargo.toml file /home/anthonyoon/Documents/Code Projects/rust/Cargo.toml, Some(Version { major: 1, minor: 77, patch: 0, pre: Prerelease("nightly") }): Failed to run `cd "/home/anthonyoon/Documents/Code Projects/rust" && "cargo" "metadata" "--format-version" "1" "--manifest-path" "/home/anthonyoon/Documents/Code Projects/rust/Cargo.toml" "--filter-platform" "x86_64-unknown-linux-gnu"`: `cargo metadata` exited with an error:     Updating crates.io index
error: failed to get `std_detect` as a dependency of package `std v0.0.0 (/home/anthonyoon/Documents/Code Projects/rust/library/std)`

Caused by:
  failed to load source for dependency `std_detect`

Caused by:
  Unable to update /home/anthonyoon/Documents/Code Projects/rust/library/stdarch/crates/std_detect

Caused by:
  failed to read `/home/anthonyoon/Documents/Code Projects/rust/library/stdarch/crates/std_detect/Cargo.toml`

Caused by:
  No such file or directory (os error 2)


[ERROR rust_analyzer::main_loop] FetchWorkspaceError:
rust-analyzer failed to load workspace: Failed to load the project at /home/anthonyoon/Documents/Code Projects/rust/Cargo.toml: Failed to read Cargo metadata from Cargo.toml file /home/anthonyoon/Documents/Code Projects/rust/Cargo.toml, Some(Version { major: 1, minor: 77, patch: 0, pre: Prerelease("nightly") }): Failed to run `cd "/home/anthonyoon/Documents/Code Projects/rust" && "cargo" "metadata" "--format-version" "1" "--manifest-path" "/home/anthonyoon/Documents/Code Projects/rust/Cargo.toml" "--filter-platform" "x86_64-unknown-linux-gnu"`: `cargo metadata` exited with an error:     Updating crates.io index
error: failed to get `std_detect` as a dependency of package `std v0.0.0 (/home/anthonyoon/Documents/Code Projects/rust/library/std)`

Caused by:
  failed to load source for dependency `std_detect`

Caused by:
  Unable to update /home/anthonyoon/Documents/Code Projects/rust/library/stdarch/crates/std_detect

Caused by:
  failed to read `/home/anthonyoon/Documents/Code Projects/rust/library/stdarch/crates/std_detect/Cargo.toml`

Caused by:
  No such file or directory (os error 2)


[ERROR rust_analyzer::main_loop] FetchWorkspaceError:
rust-analyzer failed to load workspace: Failed to load the project at /home/anthonyoon/Documents/Code Projects/rust/Cargo.toml: Failed to read Cargo metadata from Cargo.toml file /home/anthonyoon/Documents/Code Projects/rust/Cargo.toml, Some(Version { major: 1, minor: 77, patch: 0, pre: Prerelease("nightly") }): Failed to run `cd "/home/anthonyoon/Documents/Code Projects/rust" && "cargo" "metadata" "--format-version" "1" "--manifest-path" "/home/anthonyoon/Documents/Code Projects/rust/Cargo.toml" "--filter-platform" "x86_64-unknown-linux-gnu"`: `cargo metadata` exited with an error:     Updating crates.io index
error: failed to get `std_detect` as a dependency of package `std v0.0.0 (/home/anthonyoon/Documents/Code Projects/rust/library/std)`

Caused by:
  failed to load source for dependency `std_detect`

Caused by:
  Unable to update /home/anthonyoon/Documents/Code Projects/rust/library/stdarch/crates/std_detect

Caused by:
  failed to read `/home/anthonyoon/Documents/Code Projects/rust/library/stdarch/crates/std_detect/Cargo.toml`

Caused by:
  No such file or directory (os error 2)


[ERROR rust_analyzer::main_loop] FetchWorkspaceError:
rust-analyzer failed to load workspace: Failed to load the project at /home/anthonyoon/Documents/Code Projects/rust/Cargo.toml: Failed to read Cargo metadata from Cargo.toml file /home/anthonyoon/Documents/Code Projects/rust/Cargo.toml, Some(Version { major: 1, minor: 77, patch: 0, pre: Prerelease("nightly") }): Failed to run `cd "/home/anthonyoon/Documents/Code Projects/rust" && "cargo" "metadata" "--format-version" "1" "--manifest-path" "/home/anthonyoon/Documents/Code Projects/rust/Cargo.toml" "--filter-platform" "x86_64-unknown-linux-gnu"`: `cargo metadata` exited with an error:     Updating crates.io index
error: failed to get `std_detect` as a dependency of package `std v0.0.0 (/home/anthonyoon/Documents/Code Projects/rust/library/std)`

Caused by:
  failed to load source for dependency `std_detect`

Caused by:
  Unable to update /home/anthonyoon/Documents/Code Projects/rust/library/stdarch/crates/std_detect

Caused by:
  failed to read `/home/anthonyoon/Documents/Code Projects/rust/library/stdarch/crates/std_detect/Cargo.toml`

Caused by:
  No such file or directory (os error 2)


[ERROR rust_analyzer::main_loop] FetchWorkspaceError:
rust-analyzer failed to load workspace: Failed to load the project at /home/anthonyoon/Documents/Code Projects/rust/Cargo.toml: Failed to read Cargo metadata from Cargo.toml file /home/anthonyoon/Documents/Code Projects/rust/Cargo.toml, Some(Version { major: 1, minor: 77, patch: 0, pre: Prerelease("nightly") }): Failed to run `cd "/home/anthonyoon/Documents/Code Projects/rust" && "cargo" "metadata" "--format-version" "1" "--manifest-path" "/home/anthonyoon/Documents/Code Projects/rust/Cargo.toml" "--filter-platform" "x86_64-unknown-linux-gnu"`: `cargo metadata` exited with an error:     Updating crates.io index
error: failed to get `std_detect` as a dependency of package `std v0.0.0 (/home/anthonyoon/Documents/Code Projects/rust/library/std)`

Caused by:
  failed to load source for dependency `std_detect`

Caused by:
  Unable to update /home/anthonyoon/Documents/Code Projects/rust/library/stdarch/crates/std_detect

Caused by:
  failed to read `/home/anthonyoon/Documents/Code Projects/rust/library/stdarch/crates/std_detect/Cargo.toml`

Caused by:
  No such file or directory (os error 2)


[ERROR rust_analyzer::main_loop] FetchWorkspaceError:
rust-analyzer failed to load workspace: Failed to load the project at /home/anthonyoon/Documents/Code Projects/rust/Cargo.toml: Failed to read Cargo metadata from Cargo.toml file /home/anthonyoon/Documents/Code Projects/rust/Cargo.toml, Some(Version { major: 1, minor: 77, patch: 0, pre: Prerelease("nightly") }): Failed to run `cd "/home/anthonyoon/Documents/Code Projects/rust" && "cargo" "metadata" "--format-version" "1" "--manifest-path" "/home/anthonyoon/Documents/Code Projects/rust/Cargo.toml" "--filter-platform" "x86_64-unknown-linux-gnu"`: `cargo metadata` exited with an error:     Updating crates.io index
error: failed to get `std_detect` as a dependency of package `std v0.0.0 (/home/anthonyoon/Documents/Code Projects/rust/library/std)`

Caused by:
  failed to load source for dependency `std_detect`

Caused by:
  Unable to update /home/anthonyoon/Documents/Code Projects/rust/library/stdarch/crates/std_detect

Caused by:
  failed to read `/home/anthonyoon/Documents/Code Projects/rust/library/stdarch/crates/std_detect/Cargo.toml`

Caused by:
  No such file or directory (os error 2)


