2024-02-03 19:19:46.290 [info] Extension host with pid 51346 started
2024-02-03 19:19:46.290 [info] Skipping acquiring lock for /home/anthonyoon/.config/Code/User/workspaceStorage/6a2485fb1a86aac970f81af085f263fe.
2024-02-03 19:19:46.467 [info] ExtensionService#_doActivateExtension mongodb.mongodb-vscode, startup: false, activationEvent: 'onLanguage:plaintext'
2024-02-03 19:19:46.649 [info] Extension host with pid 51395 started
2024-02-03 19:19:46.649 [info] Skipping acquiring lock for /home/anthonyoon/.config/Code/User/workspaceStorage/6a2485fb1a86aac970f81af085f263fe.
2024-02-03 19:19:46.651 [info] Eager extensions activated
2024-02-03 19:19:46.662 [info] ExtensionService#_doActivateExtension vscodevim.vim, startup: false, activationEvent: 'onStartupFinished'
2024-02-03 19:19:46.906 [info] ExtensionService#_doActivateExtension vscode.emmet, startup: false, activationEvent: 'onLanguage'
2024-02-03 19:19:47.225 [info] ExtensionService#_doActivateExtension vscode.git-base, startup: true, activationEvent: '*', root cause: vscode.git
2024-02-03 19:19:47.227 [info] ExtensionService#_doActivateExtension mhutchie.git-graph, startup: true, activationEvent: '*'
2024-02-03 19:19:47.245 [info] ExtensionService#_doActivateExtension ms-dotnettools.vscode-dotnet-runtime, startup: true, activationEvent: '*', root cause: Oracle.oracledevtools
2024-02-03 19:19:47.288 [info] ExtensionService#_doActivateExtension vscode.git, startup: true, activationEvent: '*'
2024-02-03 19:19:47.304 [info] ExtensionService#_doActivateExtension vscode.github, startup: true, activationEvent: '*'
2024-02-03 19:19:47.314 [info] ExtensionService#_doActivateExtension rust-lang.rust-analyzer, startup: true, activationEvent: 'workspaceContains:*/Cargo.toml,*/rust-project.json'
2024-02-03 19:19:47.330 [info] ExtensionService#_doActivateExtension Oracle.oracledevtools, startup: true, activationEvent: '*'
2024-02-03 19:19:48.024 [info] Eager extensions activated
2024-02-03 19:19:48.032 [info] ExtensionService#_doActivateExtension vscode.debug-auto-launch, startup: false, activationEvent: 'onStartupFinished'
2024-02-03 19:19:48.034 [info] ExtensionService#_doActivateExtension vscode.merge-conflict, startup: false, activationEvent: 'onStartupFinished'
2024-02-03 19:19:48.038 [info] ExtensionService#_doActivateExtension eamodio.gitlens, startup: false, activationEvent: 'onStartupFinished'
2024-02-03 19:19:48.066 [info] ExtensionService#_doActivateExtension vadimcn.vscode-lldb, startup: false, activationEvent: 'onStartupFinished'
2024-02-03 19:19:48.195 [info] ExtensionService#_doActivateExtension vscode.github-authentication, startup: false, activationEvent: 'onAuthenticationRequest:github'
2024-02-03 19:23:43.025 [error] TypeError: Cannot read properties of undefined (reading 'connectionProperties')
	at oracleFileDecorationProvider.provideFileDecoration (/home/anthonyoon/.vscode/extensions/oracle.oracledevtools-21.8.0/out/infrastructure/oracleFileDecorationProvider.js:24:40)
	at /usr/share/code/resources/app/out/vs/workbench/api/node/extensionHostProcess.js:143:1584
	at Array.map (<anonymous>)
	at v.$provideDecorations (/usr/share/code/resources/app/out/vs/workbench/api/node/extensionHostProcess.js:143:1520)
	at l.S (/usr/share/code/resources/app/out/vs/workbench/api/node/extensionHostProcess.js:150:10829)
	at l.Q (/usr/share/code/resources/app/out/vs/workbench/api/node/extensionHostProcess.js:150:10595)
	at l.M (/usr/share/code/resources/app/out/vs/workbench/api/node/extensionHostProcess.js:150:9647)
	at l.L (/usr/share/code/resources/app/out/vs/workbench/api/node/extensionHostProcess.js:150:8764)
	at f.value (/usr/share/code/resources/app/out/vs/workbench/api/node/extensionHostProcess.js:150:7567)
	at n.y (/usr/share/code/resources/app/out/vs/workbench/api/node/extensionHostProcess.js:80:1902)
	at n.fire (/usr/share/code/resources/app/out/vs/workbench/api/node/extensionHostProcess.js:80:2119)
	at o.fire (/usr/share/code/resources/app/out/vs/workbench/api/node/extensionHostProcess.js:103:14039)
	at f.value (/usr/share/code/resources/app/out/vs/workbench/api/node/extensionHostProcess.js:171:7903)
	at n.y (/usr/share/code/resources/app/out/vs/workbench/api/node/extensionHostProcess.js:80:1902)
	at n.fire (/usr/share/code/resources/app/out/vs/workbench/api/node/extensionHostProcess.js:80:2119)
	at o.fire (/usr/share/code/resources/app/out/vs/workbench/api/node/extensionHostProcess.js:103:14039)
	at MessagePortMain.<anonymous> (/usr/share/code/resources/app/out/vs/workbench/api/node/extensionHostProcess.js:171:6183)
	at MessagePortMain.emit (node:events:513:28)
	at MessagePortMain._internalPort.emit (node:electron/js2c/utility_init:2:367)
2024-02-03 19:23:43.066 [info] ExtensionService#_doActivateExtension vscode.json-language-features, startup: false, activationEvent: 'onLanguage:jsonc'
2024-02-03 19:23:43.087 [info] ExtensionService#_doActivateExtension vscode.typescript-language-features, startup: false, activationEvent: 'onLanguage:jsonc'
2024-02-03 19:23:43.141 [error] TypeError: Cannot read properties of undefined (reading 'connectionProperties')
	at oracleFileDecorationProvider.provideFileDecoration (/home/anthonyoon/.vscode/extensions/oracle.oracledevtools-21.8.0/out/infrastructure/oracleFileDecorationProvider.js:24:40)
	at /usr/share/code/resources/app/out/vs/workbench/api/node/extensionHostProcess.js:143:1584
	at Array.map (<anonymous>)
	at v.$provideDecorations (/usr/share/code/resources/app/out/vs/workbench/api/node/extensionHostProcess.js:143:1520)
	at l.S (/usr/share/code/resources/app/out/vs/workbench/api/node/extensionHostProcess.js:150:10829)
	at l.Q (/usr/share/code/resources/app/out/vs/workbench/api/node/extensionHostProcess.js:150:10595)
	at l.M (/usr/share/code/resources/app/out/vs/workbench/api/node/extensionHostProcess.js:150:9647)
	at l.L (/usr/share/code/resources/app/out/vs/workbench/api/node/extensionHostProcess.js:150:8764)
	at f.value (/usr/share/code/resources/app/out/vs/workbench/api/node/extensionHostProcess.js:150:7567)
	at n.y (/usr/share/code/resources/app/out/vs/workbench/api/node/extensionHostProcess.js:80:1902)
	at n.fire (/usr/share/code/resources/app/out/vs/workbench/api/node/extensionHostProcess.js:80:2119)
	at o.fire (/usr/share/code/resources/app/out/vs/workbench/api/node/extensionHostProcess.js:103:14039)
	at f.value (/usr/share/code/resources/app/out/vs/workbench/api/node/extensionHostProcess.js:171:7903)
	at n.y (/usr/share/code/resources/app/out/vs/workbench/api/node/extensionHostProcess.js:80:1902)
	at n.fire (/usr/share/code/resources/app/out/vs/workbench/api/node/extensionHostProcess.js:80:2119)
	at o.fire (/usr/share/code/resources/app/out/vs/workbench/api/node/extensionHostProcess.js:103:14039)
	at MessagePortMain.<anonymous> (/usr/share/code/resources/app/out/vs/workbench/api/node/extensionHostProcess.js:171:6183)
	at MessagePortMain.emit (node:events:513:28)
	at MessagePortMain._internalPort.emit (node:electron/js2c/utility_init:2:367)
2024-02-03 19:23:43.173 [error] TypeError: Cannot read properties of undefined (reading 'connectionProperties')
	at oracleFileDecorationProvider.provideFileDecoration (/home/anthonyoon/.vscode/extensions/oracle.oracledevtools-21.8.0/out/infrastructure/oracleFileDecorationProvider.js:24:40)
	at /usr/share/code/resources/app/out/vs/workbench/api/node/extensionHostProcess.js:143:1584
	at Array.map (<anonymous>)
	at v.$provideDecorations (/usr/share/code/resources/app/out/vs/workbench/api/node/extensionHostProcess.js:143:1520)
	at l.S (/usr/share/code/resources/app/out/vs/workbench/api/node/extensionHostProcess.js:150:10829)
	at l.Q (/usr/share/code/resources/app/out/vs/workbench/api/node/extensionHostProcess.js:150:10595)
	at l.M (/usr/share/code/resources/app/out/vs/workbench/api/node/extensionHostProcess.js:150:9647)
	at l.L (/usr/share/code/resources/app/out/vs/workbench/api/node/extensionHostProcess.js:150:8764)
	at f.value (/usr/share/code/resources/app/out/vs/workbench/api/node/extensionHostProcess.js:150:7567)
	at n.y (/usr/share/code/resources/app/out/vs/workbench/api/node/extensionHostProcess.js:80:1902)
	at n.fire (/usr/share/code/resources/app/out/vs/workbench/api/node/extensionHostProcess.js:80:2119)
	at o.fire (/usr/share/code/resources/app/out/vs/workbench/api/node/extensionHostProcess.js:103:14039)
	at f.value (/usr/share/code/resources/app/out/vs/workbench/api/node/extensionHostProcess.js:171:7903)
	at n.y (/usr/share/code/resources/app/out/vs/workbench/api/node/extensionHostProcess.js:80:1902)
	at n.fire (/usr/share/code/resources/app/out/vs/workbench/api/node/extensionHostProcess.js:80:2119)
	at o.fire (/usr/share/code/resources/app/out/vs/workbench/api/node/extensionHostProcess.js:103:14039)
	at MessagePortMain.<anonymous> (/usr/share/code/resources/app/out/vs/workbench/api/node/extensionHostProcess.js:171:6183)
	at MessagePortMain.emit (node:events:513:28)
	at MessagePortMain._internalPort.emit (node:electron/js2c/utility_init:2:367)
2024-02-03 19:24:11.657 [info] Extension host terminating: renderer closed the MessagePort
2024-02-03 19:24:11.659 [info] Extension host terminating: renderer closed the MessagePort
2024-02-03 19:24:11.659 [info] Extension host with pid 51395 exiting with code 0
2024-02-03 19:24:11.682 [error] Canceled: Canceled
	at new g (/usr/share/code/resources/app/out/vs/workbench/api/node/extensionHostProcess.js:141:110274)
	at l.U (/usr/share/code/resources/app/out/vs/workbench/api/node/extensionHostProcess.js:150:10866)
	at P.<computed>.j.charCodeAt.P.<computed> (/usr/share/code/resources/app/out/vs/workbench/api/node/extensionHostProcess.js:150:8317)
	at d.g (/usr/share/code/resources/app/out/vs/workbench/api/node/extensionHostProcess.js:141:139555)
	at d.executeCommand (/usr/share/code/resources/app/out/vs/workbench/api/node/extensionHostProcess.js:141:138993)
	at p.registerCommand.description (/usr/share/code/resources/app/out/vs/workbench/api/node/extensionHostProcess.js:141:138317)
	at d.h (/usr/share/code/resources/app/out/vs/workbench/api/node/extensionHostProcess.js:141:140094)
	at d.g (/usr/share/code/resources/app/out/vs/workbench/api/node/extensionHostProcess.js:141:139086)
	at d.executeCommand (/usr/share/code/resources/app/out/vs/workbench/api/node/extensionHostProcess.js:141:138993)
	at Object.executeCommand (/usr/share/code/resources/app/out/vs/workbench/api/node/extensionHostProcess.js:158:21333)
	at f.I [as value] (/usr/share/code/resources/app/extensions/git/dist/main.js:2:924696)
	at n.y (/usr/share/code/resources/app/out/vs/workbench/api/node/extensionHostProcess.js:80:1902)
	at n.z (/usr/share/code/resources/app/out/vs/workbench/api/node/extensionHostProcess.js:80:1972)
	at n.fire (/usr/share/code/resources/app/out/vs/workbench/api/node/extensionHostProcess.js:80:2188)
	at Object.m [as dispose] (/usr/share/code/resources/app/extensions/git/dist/main.js:2:940613)
	at /usr/share/code/resources/app/extensions/git/dist/main.js:2:945566
	at Array.forEach (<anonymous>)
	at p.dispose (/usr/share/code/resources/app/extensions/git/dist/main.js:2:945552)
	at u.<anonymous> (/usr/share/code/resources/app/out/vs/workbench/api/node/extensionHostProcess.js:137:3620)
	at u.dispose (/usr/share/code/resources/app/out/vs/workbench/api/node/extensionHostProcess.js:137:3717)
	at u.<anonymous> (/usr/share/code/resources/app/extensions/git/dist/main.js:2:926708)
	at u.dispose (/usr/share/code/resources/app/out/vs/workbench/api/node/extensionHostProcess.js:137:3717)
	at s (/usr/share/code/resources/app/out/vs/workbench/api/node/extensionHostProcess.js:30:754)
	at f.cb (/usr/share/code/resources/app/out/vs/workbench/api/node/extensionHostProcess.js:154:9873)
	at /usr/share/code/resources/app/out/vs/workbench/api/node/extensionHostProcess.js:154:7808
	at Array.map (<anonymous>)
	at f.Y (/usr/share/code/resources/app/out/vs/workbench/api/node/extensionHostProcess.js:154:7795)
	at f.terminate (/usr/share/code/resources/app/out/vs/workbench/api/node/extensionHostProcess.js:154:8068)
	at s.terminate (/usr/share/code/resources/app/out/vs/workbench/api/node/extensionHostProcess.js:158:1513)
	at a (/usr/share/code/resources/app/out/vs/workbench/api/node/extensionHostProcess.js:171:9802)
	at MessagePortMain.<anonymous> (/usr/share/code/resources/app/out/vs/workbench/api/node/extensionHostProcess.js:171:6227)
	at MessagePortMain.emit (node:events:513:28)
	at MessagePortMain._internalPort.emit (node:electron/js2c/utility_init:2:367) setContext undefined
2024-02-03 19:24:11.683 [error] Canceled: Canceled
	at new g (/usr/share/code/resources/app/out/vs/workbench/api/node/extensionHostProcess.js:141:110274)
	at l.U (/usr/share/code/resources/app/out/vs/workbench/api/node/extensionHostProcess.js:150:10866)
	at P.<computed>.j.charCodeAt.P.<computed> (/usr/share/code/resources/app/out/vs/workbench/api/node/extensionHostProcess.js:150:8317)
	at d.g (/usr/share/code/resources/app/out/vs/workbench/api/node/extensionHostProcess.js:141:139555)
	at d.executeCommand (/usr/share/code/resources/app/out/vs/workbench/api/node/extensionHostProcess.js:141:138993)
	at p.registerCommand.description (/usr/share/code/resources/app/out/vs/workbench/api/node/extensionHostProcess.js:141:138317)
	at d.h (/usr/share/code/resources/app/out/vs/workbench/api/node/extensionHostProcess.js:141:140094)
	at d.g (/usr/share/code/resources/app/out/vs/workbench/api/node/extensionHostProcess.js:141:139086)
	at d.executeCommand (/usr/share/code/resources/app/out/vs/workbench/api/node/extensionHostProcess.js:141:138993)
	at Object.executeCommand (/usr/share/code/resources/app/out/vs/workbench/api/node/extensionHostProcess.js:158:21333)
	at set b [as b] (/usr/share/code/resources/app/extensions/github/dist/extension.js:2:322364)
	at /usr/share/code/resources/app/extensions/github/dist/extension.js:2:323005
	at f.value (/usr/share/code/resources/app/extensions/git/dist/main.js:2:1016450)
	at n.y (/usr/share/code/resources/app/out/vs/workbench/api/node/extensionHostProcess.js:80:1902)
	at n.z (/usr/share/code/resources/app/out/vs/workbench/api/node/extensionHostProcess.js:80:1972)
	at n.fire (/usr/share/code/resources/app/out/vs/workbench/api/node/extensionHostProcess.js:80:2188)
	at Object.m [as dispose] (/usr/share/code/resources/app/extensions/git/dist/main.js:2:940613)
	at /usr/share/code/resources/app/extensions/git/dist/main.js:2:945566
	at Array.forEach (<anonymous>)
	at p.dispose (/usr/share/code/resources/app/extensions/git/dist/main.js:2:945552)
	at u.<anonymous> (/usr/share/code/resources/app/out/vs/workbench/api/node/extensionHostProcess.js:137:3620)
	at u.dispose (/usr/share/code/resources/app/out/vs/workbench/api/node/extensionHostProcess.js:137:3717)
	at u.<anonymous> (/usr/share/code/resources/app/extensions/git/dist/main.js:2:926708)
	at u.dispose (/usr/share/code/resources/app/out/vs/workbench/api/node/extensionHostProcess.js:137:3717)
	at s (/usr/share/code/resources/app/out/vs/workbench/api/node/extensionHostProcess.js:30:754)
	at f.cb (/usr/share/code/resources/app/out/vs/workbench/api/node/extensionHostProcess.js:154:9873)
	at /usr/share/code/resources/app/out/vs/workbench/api/node/extensionHostProcess.js:154:7808
	at Array.map (<anonymous>)
	at f.Y (/usr/share/code/resources/app/out/vs/workbench/api/node/extensionHostProcess.js:154:7795)
	at f.terminate (/usr/share/code/resources/app/out/vs/workbench/api/node/extensionHostProcess.js:154:8068)
	at s.terminate (/usr/share/code/resources/app/out/vs/workbench/api/node/extensionHostProcess.js:158:1513)
	at a (/usr/share/code/resources/app/out/vs/workbench/api/node/extensionHostProcess.js:171:9802)
	at MessagePortMain.<anonymous> (/usr/share/code/resources/app/out/vs/workbench/api/node/extensionHostProcess.js:171:6227)
	at MessagePortMain.emit (node:events:513:28)
	at MessagePortMain._internalPort.emit (node:electron/js2c/utility_init:2:367) setContext undefined
2024-02-03 19:24:11.685 [error] Canceled: Canceled
	at new g (/usr/share/code/resources/app/out/vs/workbench/api/node/extensionHostProcess.js:141:110274)
	at l.U (/usr/share/code/resources/app/out/vs/workbench/api/node/extensionHostProcess.js:150:10866)
	at P.<computed>.j.charCodeAt.P.<computed> (/usr/share/code/resources/app/out/vs/workbench/api/node/extensionHostProcess.js:150:8317)
	at d.g (/usr/share/code/resources/app/out/vs/workbench/api/node/extensionHostProcess.js:141:139555)
	at d.executeCommand (/usr/share/code/resources/app/out/vs/workbench/api/node/extensionHostProcess.js:141:138993)
	at p.registerCommand.description (/usr/share/code/resources/app/out/vs/workbench/api/node/extensionHostProcess.js:141:138317)
	at d.h (/usr/share/code/resources/app/out/vs/workbench/api/node/extensionHostProcess.js:141:140094)
	at d.g (/usr/share/code/resources/app/out/vs/workbench/api/node/extensionHostProcess.js:141:139086)
	at d.executeCommand (/usr/share/code/resources/app/out/vs/workbench/api/node/extensionHostProcess.js:141:138993)
	at Object.executeCommand (/usr/share/code/resources/app/out/vs/workbench/api/node/extensionHostProcess.js:158:21333)
	at w (/home/anthonyoon/.vscode/extensions/eamodio.gitlens-14.7.0/dist/gitlens.js:1077:40655)
	at h (/home/anthonyoon/.vscode/extensions/eamodio.gitlens-14.7.0/dist/gitlens.js:1077:45702)
	at ActionRunners._updateContextKeys (/home/anthonyoon/.vscode/extensions/eamodio.gitlens-14.7.0/dist/gitlens.js:663:17573)
	at s (/home/anthonyoon/.vscode/extensions/eamodio.gitlens-14.7.0/dist/gitlens.js:663:16017)
	at RegisteredActionRunner.unregister (/home/anthonyoon/.vscode/extensions/eamodio.gitlens-14.7.0/dist/gitlens.js:663:16160)
	at RegisteredActionRunner.dispose (/home/anthonyoon/.vscode/extensions/eamodio.gitlens-14.7.0/dist/gitlens.js:663:14813)
	at ActionRunners.dispose (/home/anthonyoon/.vscode/extensions/eamodio.gitlens-14.7.0/dist/gitlens.js:663:15600)
	at /home/anthonyoon/.vscode/extensions/eamodio.gitlens-14.7.0/dist/gitlens.js:1037:19287
	at Array.forEach (<anonymous>)
	at Object.dispose (/home/anthonyoon/.vscode/extensions/eamodio.gitlens-14.7.0/dist/gitlens.js:1037:19269)
	at s (/usr/share/code/resources/app/out/vs/workbench/api/node/extensionHostProcess.js:30:754)
	at f.cb (/usr/share/code/resources/app/out/vs/workbench/api/node/extensionHostProcess.js:154:9873)
	at /usr/share/code/resources/app/out/vs/workbench/api/node/extensionHostProcess.js:154:7808
	at Array.map (<anonymous>)
	at f.Y (/usr/share/code/resources/app/out/vs/workbench/api/node/extensionHostProcess.js:154:7795)
	at f.terminate (/usr/share/code/resources/app/out/vs/workbench/api/node/extensionHostProcess.js:154:8068)
	at s.terminate (/usr/share/code/resources/app/out/vs/workbench/api/node/extensionHostProcess.js:158:1513)
	at a (/usr/share/code/resources/app/out/vs/workbench/api/node/extensionHostProcess.js:171:9802)
	at MessagePortMain.<anonymous> (/usr/share/code/resources/app/out/vs/workbench/api/node/extensionHostProcess.js:171:6227)
	at MessagePortMain.emit (node:events:513:28)
	at MessagePortMain._internalPort.emit (node:electron/js2c/utility_init:2:367) setContext undefined
2024-02-03 19:24:11.685 [error] Canceled: Canceled
	at new g (/usr/share/code/resources/app/out/vs/workbench/api/node/extensionHostProcess.js:141:110274)
	at l.U (/usr/share/code/resources/app/out/vs/workbench/api/node/extensionHostProcess.js:150:10866)
	at P.<computed>.j.charCodeAt.P.<computed> (/usr/share/code/resources/app/out/vs/workbench/api/node/extensionHostProcess.js:150:8317)
	at d.g (/usr/share/code/resources/app/out/vs/workbench/api/node/extensionHostProcess.js:141:139555)
	at d.executeCommand (/usr/share/code/resources/app/out/vs/workbench/api/node/extensionHostProcess.js:141:138993)
	at p.registerCommand.description (/usr/share/code/resources/app/out/vs/workbench/api/node/extensionHostProcess.js:141:138317)
	at d.h (/usr/share/code/resources/app/out/vs/workbench/api/node/extensionHostProcess.js:141:140094)
	at d.g (/usr/share/code/resources/app/out/vs/workbench/api/node/extensionHostProcess.js:141:139086)
	at d.executeCommand (/usr/share/code/resources/app/out/vs/workbench/api/node/extensionHostProcess.js:141:138993)
	at Object.executeCommand (/usr/share/code/resources/app/out/vs/workbench/api/node/extensionHostProcess.js:158:21333)
	at w (/home/anthonyoon/.vscode/extensions/eamodio.gitlens-14.7.0/dist/gitlens.js:1077:40655)
	at h (/home/anthonyoon/.vscode/extensions/eamodio.gitlens-14.7.0/dist/gitlens.js:1077:45702)
	at ActionRunners._updateContextKeys (/home/anthonyoon/.vscode/extensions/eamodio.gitlens-14.7.0/dist/gitlens.js:663:17573)
	at s (/home/anthonyoon/.vscode/extensions/eamodio.gitlens-14.7.0/dist/gitlens.js:663:16017)
	at RegisteredActionRunner.unregister (/home/anthonyoon/.vscode/extensions/eamodio.gitlens-14.7.0/dist/gitlens.js:663:16160)
	at RegisteredActionRunner.dispose (/home/anthonyoon/.vscode/extensions/eamodio.gitlens-14.7.0/dist/gitlens.js:663:14813)
	at ActionRunners.dispose (/home/anthonyoon/.vscode/extensions/eamodio.gitlens-14.7.0/dist/gitlens.js:663:15600)
	at /home/anthonyoon/.vscode/extensions/eamodio.gitlens-14.7.0/dist/gitlens.js:1037:19287
	at Array.forEach (<anonymous>)
	at Object.dispose (/home/anthonyoon/.vscode/extensions/eamodio.gitlens-14.7.0/dist/gitlens.js:1037:19269)
	at s (/usr/share/code/resources/app/out/vs/workbench/api/node/extensionHostProcess.js:30:754)
	at f.cb (/usr/share/code/resources/app/out/vs/workbench/api/node/extensionHostProcess.js:154:9873)
	at /usr/share/code/resources/app/out/vs/workbench/api/node/extensionHostProcess.js:154:7808
	at Array.map (<anonymous>)
	at f.Y (/usr/share/code/resources/app/out/vs/workbench/api/node/extensionHostProcess.js:154:7795)
	at f.terminate (/usr/share/code/resources/app/out/vs/workbench/api/node/extensionHostProcess.js:154:8068)
	at s.terminate (/usr/share/code/resources/app/out/vs/workbench/api/node/extensionHostProcess.js:158:1513)
	at a (/usr/share/code/resources/app/out/vs/workbench/api/node/extensionHostProcess.js:171:9802)
	at MessagePortMain.<anonymous> (/usr/share/code/resources/app/out/vs/workbench/api/node/extensionHostProcess.js:171:6227)
	at MessagePortMain.emit (node:events:513:28)
	at MessagePortMain._internalPort.emit (node:electron/js2c/utility_init:2:367) setContext undefined
2024-02-03 19:24:11.685 [error] Canceled: Canceled
	at new g (/usr/share/code/resources/app/out/vs/workbench/api/node/extensionHostProcess.js:141:110274)
	at l.U (/usr/share/code/resources/app/out/vs/workbench/api/node/extensionHostProcess.js:150:10866)
	at P.<computed>.j.charCodeAt.P.<computed> (/usr/share/code/resources/app/out/vs/workbench/api/node/extensionHostProcess.js:150:8317)
	at d.g (/usr/share/code/resources/app/out/vs/workbench/api/node/extensionHostProcess.js:141:139555)
	at d.executeCommand (/usr/share/code/resources/app/out/vs/workbench/api/node/extensionHostProcess.js:141:138993)
	at p.registerCommand.description (/usr/share/code/resources/app/out/vs/workbench/api/node/extensionHostProcess.js:141:138317)
	at d.h (/usr/share/code/resources/app/out/vs/workbench/api/node/extensionHostProcess.js:141:140094)
	at d.g (/usr/share/code/resources/app/out/vs/workbench/api/node/extensionHostProcess.js:141:139086)
	at d.executeCommand (/usr/share/code/resources/app/out/vs/workbench/api/node/extensionHostProcess.js:141:138993)
	at Object.executeCommand (/usr/share/code/resources/app/out/vs/workbench/api/node/extensionHostProcess.js:158:21333)
	at w (/home/anthonyoon/.vscode/extensions/eamodio.gitlens-14.7.0/dist/gitlens.js:1077:40655)
	at h (/home/anthonyoon/.vscode/extensions/eamodio.gitlens-14.7.0/dist/gitlens.js:1077:45702)
	at ActionRunners._updateContextKeys (/home/anthonyoon/.vscode/extensions/eamodio.gitlens-14.7.0/dist/gitlens.js:663:17573)
	at s (/home/anthonyoon/.vscode/extensions/eamodio.gitlens-14.7.0/dist/gitlens.js:663:16017)
	at RegisteredActionRunner.unregister (/home/anthonyoon/.vscode/extensions/eamodio.gitlens-14.7.0/dist/gitlens.js:663:16160)
	at RegisteredActionRunner.dispose (/home/anthonyoon/.vscode/extensions/eamodio.gitlens-14.7.0/dist/gitlens.js:663:14813)
	at ActionRunners.dispose (/home/anthonyoon/.vscode/extensions/eamodio.gitlens-14.7.0/dist/gitlens.js:663:15600)
	at /home/anthonyoon/.vscode/extensions/eamodio.gitlens-14.7.0/dist/gitlens.js:1037:19287
	at Array.forEach (<anonymous>)
	at Object.dispose (/home/anthonyoon/.vscode/extensions/eamodio.gitlens-14.7.0/dist/gitlens.js:1037:19269)
	at s (/usr/share/code/resources/app/out/vs/workbench/api/node/extensionHostProcess.js:30:754)
	at f.cb (/usr/share/code/resources/app/out/vs/workbench/api/node/extensionHostProcess.js:154:9873)
	at /usr/share/code/resources/app/out/vs/workbench/api/node/extensionHostProcess.js:154:7808
	at Array.map (<anonymous>)
	at f.Y (/usr/share/code/resources/app/out/vs/workbench/api/node/extensionHostProcess.js:154:7795)
	at f.terminate (/usr/share/code/resources/app/out/vs/workbench/api/node/extensionHostProcess.js:154:8068)
	at s.terminate (/usr/share/code/resources/app/out/vs/workbench/api/node/extensionHostProcess.js:158:1513)
	at a (/usr/share/code/resources/app/out/vs/workbench/api/node/extensionHostProcess.js:171:9802)
	at MessagePortMain.<anonymous> (/usr/share/code/resources/app/out/vs/workbench/api/node/extensionHostProcess.js:171:6227)
	at MessagePortMain.emit (node:events:513:28)
	at MessagePortMain._internalPort.emit (node:electron/js2c/utility_init:2:367) setContext undefined
2024-02-03 19:24:11.686 [error] Canceled: Canceled
	at new g (/usr/share/code/resources/app/out/vs/workbench/api/node/extensionHostProcess.js:141:110274)
	at l.U (/usr/share/code/resources/app/out/vs/workbench/api/node/extensionHostProcess.js:150:10866)
	at P.<computed>.j.charCodeAt.P.<computed> (/usr/share/code/resources/app/out/vs/workbench/api/node/extensionHostProcess.js:150:8317)
	at d.g (/usr/share/code/resources/app/out/vs/workbench/api/node/extensionHostProcess.js:141:139555)
	at d.executeCommand (/usr/share/code/resources/app/out/vs/workbench/api/node/extensionHostProcess.js:141:138993)
	at p.registerCommand.description (/usr/share/code/resources/app/out/vs/workbench/api/node/extensionHostProcess.js:141:138317)
	at d.h (/usr/share/code/resources/app/out/vs/workbench/api/node/extensionHostProcess.js:141:140094)
	at d.g (/usr/share/code/resources/app/out/vs/workbench/api/node/extensionHostProcess.js:141:139086)
	at d.executeCommand (/usr/share/code/resources/app/out/vs/workbench/api/node/extensionHostProcess.js:141:138993)
	at Object.executeCommand (/usr/share/code/resources/app/out/vs/workbench/api/node/extensionHostProcess.js:158:21333)
	at of (/home/anthonyoon/.vscode/extensions/rust-lang.rust-analyzer-0.3.1823-linux-x64/out/main.js:39:70677)
	at Object.X_ (/home/anthonyoon/.vscode/extensions/rust-lang.rust-analyzer-0.3.1823-linux-x64/out/main.js:372:268)
	at f.cb (/usr/share/code/resources/app/out/vs/workbench/api/node/extensionHostProcess.js:154:9678)
	at /usr/share/code/resources/app/out/vs/workbench/api/node/extensionHostProcess.js:154:7808
	at Array.map (<anonymous>)
	at f.Y (/usr/share/code/resources/app/out/vs/workbench/api/node/extensionHostProcess.js:154:7795)
	at f.terminate (/usr/share/code/resources/app/out/vs/workbench/api/node/extensionHostProcess.js:154:8068)
	at s.terminate (/usr/share/code/resources/app/out/vs/workbench/api/node/extensionHostProcess.js:158:1513)
	at a (/usr/share/code/resources/app/out/vs/workbench/api/node/extensionHostProcess.js:171:9802)
	at MessagePortMain.<anonymous> (/usr/share/code/resources/app/out/vs/workbench/api/node/extensionHostProcess.js:171:6227)
	at MessagePortMain.emit (node:events:513:28)
	at MessagePortMain._internalPort.emit (node:electron/js2c/utility_init:2:367) setContext undefined
2024-02-03 19:24:11.686 [error] Canceled: Canceled
	at new g (/usr/share/code/resources/app/out/vs/workbench/api/node/extensionHostProcess.js:141:110274)
	at l.U (/usr/share/code/resources/app/out/vs/workbench/api/node/extensionHostProcess.js:150:10866)
	at P.<computed>.j.charCodeAt.P.<computed> (/usr/share/code/resources/app/out/vs/workbench/api/node/extensionHostProcess.js:150:8317)
	at d.g (/usr/share/code/resources/app/out/vs/workbench/api/node/extensionHostProcess.js:141:139555)
	at d.executeCommand (/usr/share/code/resources/app/out/vs/workbench/api/node/extensionHostProcess.js:141:138993)
	at p.registerCommand.description (/usr/share/code/resources/app/out/vs/workbench/api/node/extensionHostProcess.js:141:138317)
	at d.h (/usr/share/code/resources/app/out/vs/workbench/api/node/extensionHostProcess.js:141:140094)
	at d.g (/usr/share/code/resources/app/out/vs/workbench/api/node/extensionHostProcess.js:141:139086)
	at d.executeCommand (/usr/share/code/resources/app/out/vs/workbench/api/node/extensionHostProcess.js:141:138993)
	at Object.executeCommand (/usr/share/code/resources/app/out/vs/workbench/api/node/extensionHostProcess.js:158:21333)
	at of (/home/anthonyoon/.vscode/extensions/rust-lang.rust-analyzer-0.3.1823-linux-x64/out/main.js:39:70677)
	at Object.X_ (/home/anthonyoon/.vscode/extensions/rust-lang.rust-analyzer-0.3.1823-linux-x64/out/main.js:372:268)
	at f.cb (/usr/share/code/resources/app/out/vs/workbench/api/node/extensionHostProcess.js:154:9678)
	at /usr/share/code/resources/app/out/vs/workbench/api/node/extensionHostProcess.js:154:7808
	at Array.map (<anonymous>)
	at f.Y (/usr/share/code/resources/app/out/vs/workbench/api/node/extensionHostProcess.js:154:7795)
	at f.terminate (/usr/share/code/resources/app/out/vs/workbench/api/node/extensionHostProcess.js:154:8068)
	at s.terminate (/usr/share/code/resources/app/out/vs/workbench/api/node/extensionHostProcess.js:158:1513)
	at a (/usr/share/code/resources/app/out/vs/workbench/api/node/extensionHostProcess.js:171:9802)
	at MessagePortMain.<anonymous> (/usr/share/code/resources/app/out/vs/workbench/api/node/extensionHostProcess.js:171:6227)
	at MessagePortMain.emit (node:events:513:28)
	at MessagePortMain._internalPort.emit (node:electron/js2c/utility_init:2:367)
2024-02-03 19:24:12.562 [info] Extension host with pid 53269 started
2024-02-03 19:24:12.562 [info] Skipping acquiring lock for /home/anthonyoon/.config/Code/User/workspaceStorage/20b9e9d4d44c914828cde82f37950a5e.
2024-02-03 19:24:12.687 [error] Error: Client is not running
	at E.sendRequest (/home/anthonyoon/.vscode/extensions/mongodb.mongodb-vscode-1.5.0/dist/extension.js:510:1447843)
	at t.default.activeConnectionChanged (/home/anthonyoon/.vscode/extensions/mongodb.mongodb-vscode-1.5.0/dist/extension.js:510:1286817)
	at t.default._activeConnectionChanged (/home/anthonyoon/.vscode/extensions/mongodb.mongodb-vscode-1.5.0/dist/extension.js:510:1204382)
	at EventEmitter.<anonymous> (/home/anthonyoon/.vscode/extensions/mongodb.mongodb-vscode-1.5.0/dist/extension.js:510:1202509)
	at EventEmitter.emit (node:events:513:28)
	at t.default.disconnect (/home/anthonyoon/.vscode/extensions/mongodb.mongodb-vscode-1.5.0/dist/extension.js:510:1163577)
	at t.default.deactivate (/home/anthonyoon/.vscode/extensions/mongodb.mongodb-vscode-1.5.0/dist/extension.js:510:1306550)
	at t.default.dispose (/home/anthonyoon/.vscode/extensions/mongodb.mongodb-vscode-1.5.0/dist/extension.js:510:1306485)
	at s (/usr/share/code/resources/app/out/vs/workbench/api/node/extensionHostProcess.js:30:754)
	at f.cb (/usr/share/code/resources/app/out/vs/workbench/api/node/extensionHostProcess.js:154:9873)
	at /usr/share/code/resources/app/out/vs/workbench/api/node/extensionHostProcess.js:154:7808
	at Array.map (<anonymous>)
	at f.Y (/usr/share/code/resources/app/out/vs/workbench/api/node/extensionHostProcess.js:154:7795)
	at f.terminate (/usr/share/code/resources/app/out/vs/workbench/api/node/extensionHostProcess.js:154:8068)
	at s.terminate (/usr/share/code/resources/app/out/vs/workbench/api/node/extensionHostProcess.js:158:1513)
	at a (/usr/share/code/resources/app/out/vs/workbench/api/node/extensionHostProcess.js:171:9802)
	at MessagePortMain.<anonymous> (/usr/share/code/resources/app/out/vs/workbench/api/node/extensionHostProcess.js:171:6227)
	at MessagePortMain.emit (node:events:513:28)
	at MessagePortMain._internalPort.emit (node:electron/js2c/utility_init:2:367)
2024-02-03 19:24:12.687 [error] Error: Starting server failed
	at LanguageClient.$start (/home/anthonyoon/.vscode/extensions/oracle.oracledevtools-21.8.0/node_modules/vscode-languageclient/lib/common/client.js:1083:19)
	at async LanguageClient.sendNotification (/home/anthonyoon/.vscode/extensions/oracle.oracledevtools-21.8.0/node_modules/vscode-languageclient/lib/common/client.js:381:28)
2024-02-03 19:24:12.687 [error] Error: Starting server failed
	at E.$start (/home/anthonyoon/.vscode/extensions/mongodb.mongodb-vscode-1.5.0/dist/extension.js:510:1463681)
	at async E.sendRequest (/home/anthonyoon/.vscode/extensions/mongodb.mongodb-vscode-1.5.0/dist/extension.js:510:1447929)
	at async t.default.activeConnectionChanged (/home/anthonyoon/.vscode/extensions/mongodb.mongodb-vscode-1.5.0/dist/extension.js:510:1286798)
	at async t.default._activeConnectionChanged (/home/anthonyoon/.vscode/extensions/mongodb.mongodb-vscode-1.5.0/dist/extension.js:510:1204345)
2024-02-03 19:24:12.731 [info] ExtensionService#_doActivateExtension mongodb.mongodb-vscode, startup: false, activationEvent: 'onLanguage:plaintext'
2024-02-03 19:24:12.881 [info] Extension host with pid 53296 started
2024-02-03 19:24:12.881 [info] Skipping acquiring lock for /home/anthonyoon/.config/Code/User/workspaceStorage/20b9e9d4d44c914828cde82f37950a5e.
2024-02-03 19:24:12.954 [info] Eager extensions activated
2024-02-03 19:24:13.124 [info] ExtensionService#_doActivateExtension vscodevim.vim, startup: false, activationEvent: 'onStartupFinished'
2024-02-03 19:24:13.186 [info] ExtensionService#_doActivateExtension vscode.emmet, startup: false, activationEvent: 'onLanguage'
2024-02-03 19:24:13.189 [info] ExtensionService#_doActivateExtension vscode.json-language-features, startup: false, activationEvent: 'onLanguage:jsonc'
2024-02-03 19:24:13.201 [info] ExtensionService#_doActivateExtension vscode.typescript-language-features, startup: false, activationEvent: 'onLanguage:jsonc'
2024-02-03 19:24:13.605 [info] ExtensionService#_doActivateExtension vscode.git-base, startup: true, activationEvent: '*', root cause: vscode.git
2024-02-03 19:24:13.606 [info] ExtensionService#_doActivateExtension mhutchie.git-graph, startup: true, activationEvent: '*'
2024-02-03 19:24:13.613 [info] ExtensionService#_doActivateExtension ms-dotnettools.vscode-dotnet-runtime, startup: true, activationEvent: '*', root cause: Oracle.oracledevtools
2024-02-03 19:24:13.679 [error] Error: Stopping the server timed out
	at /home/anthonyoon/.vscode/extensions/oracle.oracledevtools-21.8.0/node_modules/vscode-languageclient/lib/common/client.js:933:23
	at async Promise.all (index 13)
	at async f.Y (/usr/share/code/resources/app/out/vs/workbench/api/node/extensionHostProcess.js:154:7823)
2024-02-03 19:24:13.679 [info] Extension host with pid 51346 exiting with code 0
2024-02-03 19:24:13.709 [info] ExtensionService#_doActivateExtension vscode.git, startup: true, activationEvent: '*'
2024-02-03 19:24:13.722 [info] ExtensionService#_doActivateExtension vscode.github, startup: true, activationEvent: '*'
2024-02-03 19:24:13.732 [info] ExtensionService#_doActivateExtension Oracle.oracledevtools, startup: true, activationEvent: '*'
2024-02-03 19:24:14.044 [info] Eager extensions activated
2024-02-03 19:24:14.074 [info] ExtensionService#_doActivateExtension vscode.debug-auto-launch, startup: false, activationEvent: 'onStartupFinished'
2024-02-03 19:24:14.075 [info] ExtensionService#_doActivateExtension vscode.merge-conflict, startup: false, activationEvent: 'onStartupFinished'
2024-02-03 19:24:14.081 [info] ExtensionService#_doActivateExtension eamodio.gitlens, startup: false, activationEvent: 'onStartupFinished'
2024-02-03 19:24:14.102 [info] ExtensionService#_doActivateExtension vadimcn.vscode-lldb, startup: false, activationEvent: 'onStartupFinished'
2024-02-03 19:25:05.541 [warning] TextEditor is closed/disposed
2024-02-03 19:27:24.474 [warning] TextEditor is closed/disposed
2024-02-03 19:27:36.283 [warning] TextEditor is closed/disposed
2024-02-03 19:28:00.891 [warning] TextEditor is closed/disposed
2024-02-03 19:28:01.496 [warning] TextEditor is closed/disposed
2024-02-03 19:29:05.216 [error] [Oracle.oracledevtools] provider FAILED
2024-02-03 19:29:05.216 [error] undefined
2024-02-03 19:29:09.226 [error] [Oracle.oracledevtools] provider FAILED
2024-02-03 19:29:09.226 [error] undefined
2024-02-03 19:29:20.711 [warning] TextEditor is closed/disposed
2024-02-03 19:29:33.211 [warning] TextEditor is closed/disposed
2024-02-03 19:29:54.915 [error] [Oracle.oracledevtools] provider FAILED
2024-02-03 19:29:54.915 [error] undefined
2024-02-03 19:29:56.965 [error] [Oracle.oracledevtools] provider FAILED
2024-02-03 19:29:56.965 [error] undefined
2024-02-03 19:29:57.624 [error] [Oracle.oracledevtools] provider FAILED
2024-02-03 19:29:57.624 [error] undefined
2024-02-03 19:30:26.124 [error] [Oracle.oracledevtools] provider FAILED
2024-02-03 19:30:26.124 [error] undefined
2024-02-03 19:31:36.790 [error] [Oracle.oracledevtools] provider FAILED
2024-02-03 19:31:36.790 [error] undefined
2024-02-03 19:32:15.874 [warning] TextEditor is closed/disposed
2024-02-03 19:32:42.904 [error] [Oracle.oracledevtools] provider FAILED
2024-02-03 19:32:42.904 [error] undefined
2024-02-03 19:32:43.820 [error] [Oracle.oracledevtools] provider FAILED
2024-02-03 19:32:43.820 [error] undefined
2024-02-03 19:32:43.893 [error] [Oracle.oracledevtools] provider FAILED
2024-02-03 19:32:43.893 [error] undefined
2024-02-03 19:32:44.284 [warning] TextEditor is closed/disposed
2024-02-03 19:34:35.616 [error] [Oracle.oracledevtools] provider FAILED
2024-02-03 19:34:35.616 [error] undefined
2024-02-03 19:34:51.946 [error] [Oracle.oracledevtools] provider FAILED
2024-02-03 19:34:51.946 [error] undefined
2024-02-03 19:35:24.512 [error] [Oracle.oracledevtools] provider FAILED
2024-02-03 19:35:24.512 [error] undefined
2024-02-03 19:35:24.750 [error] [Oracle.oracledevtools] provider FAILED
2024-02-03 19:35:24.750 [error] undefined
2024-02-03 19:37:06.544 [error] [Oracle.oracledevtools] provider FAILED
2024-02-03 19:37:06.544 [error] undefined
2024-02-03 19:37:26.895 [error] [Oracle.oracledevtools] provider FAILED
2024-02-03 19:37:26.896 [error] undefined
2024-02-03 19:37:37.705 [error] [Oracle.oracledevtools] provider FAILED
2024-02-03 19:37:37.705 [error] undefined
2024-02-03 19:37:42.346 [error] [Oracle.oracledevtools] provider FAILED
2024-02-03 19:37:42.346 [error] undefined
2024-02-03 19:37:42.762 [error] [Oracle.oracledevtools] provider FAILED
2024-02-03 19:37:42.762 [error] undefined
2024-02-03 19:37:43.003 [error] [Oracle.oracledevtools] provider FAILED
2024-02-03 19:37:43.003 [error] undefined
2024-02-03 19:37:44.183 [error] [Oracle.oracledevtools] provider FAILED
2024-02-03 19:37:44.183 [error] undefined
2024-02-03 19:37:55.673 [error] [Oracle.oracledevtools] provider FAILED
2024-02-03 19:37:55.673 [error] undefined
2024-02-03 19:38:07.307 [warning] TextEditor is closed/disposed
2024-02-03 19:38:40.384 [warning] TextEditor is closed/disposed
2024-02-03 19:39:08.569 [error] [Oracle.oracledevtools] provider FAILED
2024-02-03 19:39:08.569 [error] undefined
2024-02-03 19:39:08.805 [error] [Oracle.oracledevtools] provider FAILED
2024-02-03 19:39:08.805 [error] undefined
2024-02-03 19:39:09.336 [error] [Oracle.oracledevtools] provider FAILED
2024-02-03 19:39:09.336 [error] undefined
2024-02-03 19:39:24.527 [warning] TextEditor is closed/disposed
2024-02-03 19:39:51.913 [error] [Oracle.oracledevtools] provider FAILED
2024-02-03 19:39:51.913 [error] undefined
2024-02-03 19:40:09.782 [warning] TextEditor is closed/disposed
2024-02-03 19:40:22.729 [error] [Oracle.oracledevtools] provider FAILED
2024-02-03 19:40:22.729 [error] undefined
2024-02-03 19:40:26.102 [error] [Oracle.oracledevtools] provider FAILED
2024-02-03 19:40:26.102 [error] undefined
2024-02-03 19:40:27.368 [error] [Oracle.oracledevtools] provider FAILED
2024-02-03 19:40:27.368 [error] undefined
2024-02-03 19:41:36.808 [error] [Oracle.oracledevtools] provider FAILED
2024-02-03 19:41:36.808 [error] undefined
2024-02-03 19:42:07.201 [warning] TextEditor is closed/disposed
2024-02-03 19:42:39.960 [error] [Oracle.oracledevtools] provider FAILED
2024-02-03 19:42:39.960 [error] undefined
2024-02-03 19:42:56.046 [error] [Oracle.oracledevtools] provider FAILED
2024-02-03 19:42:56.046 [error] undefined
2024-02-03 19:43:25.447 [error] [Oracle.oracledevtools] provider FAILED
2024-02-03 19:43:25.447 [error] undefined
2024-02-03 19:43:26.055 [error] [Oracle.oracledevtools] provider FAILED
2024-02-03 19:43:26.055 [error] undefined
2024-02-03 19:44:02.245 [error] [Oracle.oracledevtools] provider FAILED
2024-02-03 19:44:02.245 [error] undefined
2024-02-03 19:56:54.542 [error] [Oracle.oracledevtools] provider FAILED
2024-02-03 19:56:54.542 [error] undefined
2024-02-03 20:09:38.351 [error] [Oracle.oracledevtools] provider FAILED
2024-02-03 20:09:38.351 [error] undefined
2024-02-03 20:20:37.720 [error] [Oracle.oracledevtools] provider FAILED
2024-02-03 20:20:37.721 [error] undefined
2024-02-03 20:21:24.286 [error] [Oracle.oracledevtools] provider FAILED
2024-02-03 20:21:24.286 [error] undefined
2024-02-03 20:21:25.569 [error] [Oracle.oracledevtools] provider FAILED
2024-02-03 20:21:25.569 [error] undefined
2024-02-03 20:21:41.863 [error] [Oracle.oracledevtools] provider FAILED
2024-02-03 20:21:41.863 [error] undefined
2024-02-03 20:33:13.340 [error] [Oracle.oracledevtools] provider FAILED
2024-02-03 20:33:13.340 [error] undefined
2024-02-03 20:33:23.269 [error] [Oracle.oracledevtools] provider FAILED
2024-02-03 20:33:23.269 [error] undefined
2024-02-03 20:46:37.857 [error] [Oracle.oracledevtools] provider FAILED
2024-02-03 20:46:37.857 [error] undefined
2024-02-03 20:46:38.162 [error] [Oracle.oracledevtools] provider FAILED
2024-02-03 20:46:38.162 [error] undefined
2024-02-03 20:46:55.739 [error] [Oracle.oracledevtools] provider FAILED
2024-02-03 20:46:55.739 [error] undefined
2024-02-03 20:46:58.650 [error] [Oracle.oracledevtools] provider FAILED
2024-02-03 20:46:58.650 [error] undefined
2024-02-03 20:48:05.705 [error] [Oracle.oracledevtools] provider FAILED
2024-02-03 20:48:05.705 [error] undefined
2024-02-03 20:48:11.655 [error] [Oracle.oracledevtools] provider FAILED
2024-02-03 20:48:11.655 [error] undefined
2024-02-03 20:48:11.940 [error] [Oracle.oracledevtools] provider FAILED
2024-02-03 20:48:11.940 [error] undefined
2024-02-03 20:48:13.237 [error] [Oracle.oracledevtools] provider FAILED
2024-02-03 20:48:13.237 [error] undefined
2024-02-03 20:48:15.031 [error] [Oracle.oracledevtools] provider FAILED
2024-02-03 20:48:15.031 [error] undefined
2024-02-03 20:48:18.769 [error] [Oracle.oracledevtools] provider FAILED
2024-02-03 20:48:18.769 [error] undefined
2024-02-03 20:48:20.374 [error] [Oracle.oracledevtools] provider FAILED
2024-02-03 20:48:20.374 [error] undefined
2024-02-03 20:48:20.616 [error] [Oracle.oracledevtools] provider FAILED
2024-02-03 20:48:20.616 [error] undefined
2024-02-03 20:48:23.342 [error] [Oracle.oracledevtools] provider FAILED
2024-02-03 20:48:23.342 [error] undefined
2024-02-03 20:48:24.869 [error] [Oracle.oracledevtools] provider FAILED
2024-02-03 20:48:24.869 [error] undefined
2024-02-03 20:48:25.144 [error] [Oracle.oracledevtools] provider FAILED
2024-02-03 20:48:25.144 [error] undefined
2024-02-03 20:48:49.071 [error] [Oracle.oracledevtools] provider FAILED
2024-02-03 20:48:49.071 [error] undefined
2024-02-03 20:48:52.707 [error] [Oracle.oracledevtools] provider FAILED
2024-02-03 20:48:52.707 [error] undefined
2024-02-03 20:48:52.892 [error] [Oracle.oracledevtools] provider FAILED
2024-02-03 20:48:52.892 [error] undefined
2024-02-03 20:49:02.234 [error] [Oracle.oracledevtools] provider FAILED
2024-02-03 20:49:02.234 [error] undefined
2024-02-03 20:49:06.157 [error] [Oracle.oracledevtools] provider FAILED
2024-02-03 20:49:06.157 [error] undefined
2024-02-03 20:49:06.431 [error] [Oracle.oracledevtools] provider FAILED
2024-02-03 20:49:06.431 [error] undefined
2024-02-03 20:49:19.315 [error] [Oracle.oracledevtools] provider FAILED
2024-02-03 20:49:19.315 [error] undefined
2024-02-03 20:49:19.516 [error] [Oracle.oracledevtools] provider FAILED
2024-02-03 20:49:19.516 [error] undefined
2024-02-03 20:49:20.896 [error] [Oracle.oracledevtools] provider FAILED
2024-02-03 20:49:20.896 [error] undefined
2024-02-03 20:49:21.812 [error] [Oracle.oracledevtools] provider FAILED
2024-02-03 20:49:21.812 [error] undefined
2024-02-03 20:49:22.485 [error] [Oracle.oracledevtools] provider FAILED
2024-02-03 20:49:22.485 [error] undefined
2024-02-03 20:49:23.627 [error] [Oracle.oracledevtools] provider FAILED
2024-02-03 20:49:23.627 [error] undefined
2024-02-03 20:49:44.234 [error] [Oracle.oracledevtools] provider FAILED
2024-02-03 20:49:44.234 [error] undefined
2024-02-03 20:49:44.542 [error] [Oracle.oracledevtools] provider FAILED
2024-02-03 20:49:44.542 [error] undefined
2024-02-03 20:49:44.733 [error] [Oracle.oracledevtools] provider FAILED
2024-02-03 20:49:44.733 [error] undefined
2024-02-03 20:49:45.657 [error] [Oracle.oracledevtools] provider FAILED
2024-02-03 20:49:45.657 [error] undefined
2024-02-03 20:49:47.254 [error] [Oracle.oracledevtools] provider FAILED
2024-02-03 20:49:47.254 [error] undefined
2024-02-03 20:49:47.800 [error] [Oracle.oracledevtools] provider FAILED
2024-02-03 20:49:47.800 [error] undefined
2024-02-03 20:49:48.357 [error] [Oracle.oracledevtools] provider FAILED
2024-02-03 20:49:48.357 [error] undefined
2024-02-03 20:52:38.474 [error] [Oracle.oracledevtools] provider FAILED
2024-02-03 20:52:38.474 [error] undefined
2024-02-03 20:53:18.098 [error] [Oracle.oracledevtools] provider FAILED
2024-02-03 20:53:18.098 [error] undefined
2024-02-03 20:54:49.476 [error] [Oracle.oracledevtools] provider FAILED
2024-02-03 20:54:49.476 [error] undefined
2024-02-03 20:58:39.670 [error] [Oracle.oracledevtools] provider FAILED
2024-02-03 20:58:39.670 [error] undefined
2024-02-03 20:59:39.556 [error] [Oracle.oracledevtools] provider FAILED
2024-02-03 20:59:39.556 [error] undefined
2024-02-03 21:01:58.793 [error] [Oracle.oracledevtools] provider FAILED
2024-02-03 21:01:58.793 [error] undefined
2024-02-03 21:02:06.055 [error] [Oracle.oracledevtools] provider FAILED
2024-02-03 21:02:06.055 [error] undefined
2024-02-03 21:06:32.449 [error] [Oracle.oracledevtools] provider FAILED
2024-02-03 21:06:32.449 [error] undefined
2024-02-03 21:06:42.598 [error] [Oracle.oracledevtools] provider FAILED
2024-02-03 21:06:42.598 [error] undefined
2024-02-03 21:10:41.356 [error] [Oracle.oracledevtools] provider FAILED
2024-02-03 21:10:41.356 [error] undefined
2024-02-03 21:10:41.555 [error] [Oracle.oracledevtools] provider FAILED
2024-02-03 21:10:41.555 [error] undefined
2024-02-03 21:10:43.029 [error] [Oracle.oracledevtools] provider FAILED
2024-02-03 21:10:43.029 [error] undefined
2024-02-03 21:11:20.900 [error] [Oracle.oracledevtools] provider FAILED
2024-02-03 21:11:20.900 [error] undefined
2024-02-03 21:12:31.964 [error] [Oracle.oracledevtools] provider FAILED
2024-02-03 21:12:31.964 [error] undefined
2024-02-03 21:12:37.996 [error] [Oracle.oracledevtools] provider FAILED
2024-02-03 21:12:37.996 [error] undefined
2024-02-03 21:12:38.191 [error] [Oracle.oracledevtools] provider FAILED
2024-02-03 21:12:38.191 [error] undefined
2024-02-03 21:12:41.676 [error] [Oracle.oracledevtools] provider FAILED
2024-02-03 21:12:41.676 [error] undefined
2024-02-03 21:12:42.870 [error] [Oracle.oracledevtools] provider FAILED
2024-02-03 21:12:42.870 [error] undefined
2024-02-03 21:12:49.878 [error] [Oracle.oracledevtools] provider FAILED
2024-02-03 21:12:49.878 [error] TypeError: Cannot read properties of null (reading 'completionItems')
	at /home/anthonyoon/.vscode/extensions/oracle.oracledevtools-21.8.0/out/infrastructure/oracleGotoProviders.js:464:90
	at async /home/anthonyoon/.vscode/extensions/oracle.oracledevtools-21.8.0/out/infrastructure/oracleGotoProviders.js:454:21
2024-02-03 21:12:51.768 [error] [Oracle.oracledevtools] provider FAILED
2024-02-03 21:12:51.768 [error] undefined
2024-02-03 21:12:52.411 [error] [Oracle.oracledevtools] provider FAILED
2024-02-03 21:12:52.411 [error] undefined
2024-02-03 21:12:53.779 [error] [Oracle.oracledevtools] provider FAILED
2024-02-03 21:12:53.779 [error] undefined
2024-02-03 21:12:54.921 [error] [Oracle.oracledevtools] provider FAILED
2024-02-03 21:12:54.921 [error] undefined
2024-02-03 21:12:55.196 [error] [Oracle.oracledevtools] provider FAILED
2024-02-03 21:12:55.196 [error] undefined
2024-02-03 21:12:57.577 [error] [Oracle.oracledevtools] provider FAILED
2024-02-03 21:12:57.577 [error] undefined
2024-02-03 21:12:59.873 [error] [Oracle.oracledevtools] provider FAILED
2024-02-03 21:12:59.873 [error] undefined
2024-02-03 21:13:00.510 [error] [Oracle.oracledevtools] provider FAILED
2024-02-03 21:13:00.510 [error] undefined
2024-02-03 21:13:33.182 [error] [Oracle.oracledevtools] provider FAILED
2024-02-03 21:13:33.182 [error] undefined
2024-02-03 21:13:44.412 [error] [Oracle.oracledevtools] provider FAILED
2024-02-03 21:13:44.412 [error] undefined
2024-02-03 21:13:44.608 [error] [Oracle.oracledevtools] provider FAILED
2024-02-03 21:13:44.608 [error] undefined
2024-02-03 21:13:46.108 [error] [Oracle.oracledevtools] provider FAILED
2024-02-03 21:13:46.108 [error] undefined
2024-02-03 21:13:48.014 [error] [Oracle.oracledevtools] provider FAILED
2024-02-03 21:13:48.014 [error] undefined
2024-02-03 21:13:48.737 [error] [Oracle.oracledevtools] provider FAILED
2024-02-03 21:13:48.737 [error] undefined
2024-02-03 21:13:52.845 [error] [Oracle.oracledevtools] provider FAILED
2024-02-03 21:13:52.845 [error] undefined
2024-02-03 21:14:00.225 [error] [Oracle.oracledevtools] provider FAILED
2024-02-03 21:14:00.225 [error] undefined
2024-02-03 21:14:00.709 [error] [Oracle.oracledevtools] provider FAILED
2024-02-03 21:14:00.709 [error] undefined
2024-02-03 21:14:08.358 [error] [Oracle.oracledevtools] provider FAILED
2024-02-03 21:14:08.358 [error] undefined
2024-02-03 21:14:08.803 [error] [Oracle.oracledevtools] provider FAILED
2024-02-03 21:14:08.803 [error] undefined
2024-02-03 21:14:09.428 [error] [Oracle.oracledevtools] provider FAILED
2024-02-03 21:14:09.428 [error] undefined
2024-02-03 21:14:30.775 [error] [Oracle.oracledevtools] provider FAILED
2024-02-03 21:14:30.775 [error] undefined
2024-02-03 21:15:48.103 [error] [Oracle.oracledevtools] provider FAILED
2024-02-03 21:15:48.103 [error] undefined
2024-02-03 21:15:48.650 [error] [Oracle.oracledevtools] provider FAILED
2024-02-03 21:15:48.650 [error] undefined
2024-02-03 21:15:49.515 [error] [Oracle.oracledevtools] provider FAILED
2024-02-03 21:15:49.515 [error] undefined
2024-02-03 21:15:50.027 [error] [Oracle.oracledevtools] provider FAILED
2024-02-03 21:15:50.027 [error] undefined
2024-02-03 21:16:06.138 [error] [Oracle.oracledevtools] provider FAILED
2024-02-03 21:16:06.138 [error] undefined
2024-02-03 21:16:31.451 [error] [Oracle.oracledevtools] provider FAILED
2024-02-03 21:16:31.451 [error] undefined
2024-02-03 21:16:40.435 [error] [Oracle.oracledevtools] provider FAILED
2024-02-03 21:16:40.435 [error] undefined
2024-02-03 21:16:41.138 [error] [Oracle.oracledevtools] provider FAILED
2024-02-03 21:16:41.138 [error] undefined
2024-02-03 21:16:41.968 [error] [Oracle.oracledevtools] provider FAILED
2024-02-03 21:16:41.968 [error] undefined
