2024-02-03 23:39:57.604 [info] Added views:workbench.panel.markers.view in workbench.panel.markers
2024-02-03 23:39:57.604 [info] Added views:workbench.panel.output in workbench.panel.output
2024-02-03 23:39:57.604 [info] Added views:terminal in terminal
2024-02-03 23:39:57.604 [info] Added views:outline in workbench.view.explorer
2024-02-03 23:39:57.604 [info] Added views:workbench.scm in workbench.view.scm
2024-02-03 23:39:57.604 [info] Added views:workbench.view.search in workbench.view.search
2024-02-03 23:39:57.604 [info] Added views:timeline in workbench.view.explorer
2024-02-03 23:39:57.604 [info] Added views:workbench.explorer.fileView in workbench.view.explorer
2024-02-03 23:39:57.769 [info] Added views:gitlens.views.home,gitlens.views.drafts,gitlens.views.workspaces,gitlens.views.account in workbench.view.extension.gitlens
2024-02-03 23:39:57.770 [info] Added views:gitlens.views.commitDetails,gitlens.views.lineHistory,gitlens.views.fileHistory,gitlens.views.searchAndCompare in workbench.view.extension.gitlensInspect
2024-02-03 23:39:57.770 [info] Added views:gitlens.views.commits,gitlens.views.branches,gitlens.views.remotes,gitlens.views.stashes,gitlens.views.tags,gitlens.views.contributors in workbench.view.scm
2024-02-03 23:39:57.770 [info] Added views:mongoDBConnectionExplorer,mongoDBPlaygroundsExplorer,mongoDBHelpExplorer in workbench.view.extension.mongoDB
2024-02-03 23:39:57.771 [info] Added views:remoteTargets in workbench.view.remote
2024-02-03 23:39:57.771 [info] Added views:oracleDBObjectExplorer,oracleCloudExplorer,oracleBookmarkExplorer,oracleQueryHistoryExplorer in workbench.view.extension.oracle-db-explorer
2024-02-03 23:39:57.903 [info] Added views:workbench.debug.variablesView,workbench.debug.watchExpressionsView,workbench.debug.callStackView,workbench.debug.breakPointsView in workbench.view.debug
2024-02-03 23:39:57.951 [info] Added views:workbench.panel.repl.view in workbench.panel.repl
2024-02-03 23:39:57.952 [info] Removed views:workbench.debug.breakPointsView,workbench.debug.callStackView,workbench.debug.watchExpressionsView,workbench.debug.variablesView from workbench.view.debug
2024-02-03 23:39:57.952 [info] Added views:workbench.debug.welcome in workbench.view.debug
2024-02-03 23:39:58.187 [info] Added views:~remote.forwardedPorts in ~remote.forwardedPortsContainer
2024-02-03 23:39:58.551 [info] Removed views:gitlens.views.searchAndCompare,gitlens.views.fileHistory,gitlens.views.lineHistory,gitlens.views.commitDetails from workbench.view.extension.gitlensInspect
2024-02-03 23:39:58.551 [info] Removed views:gitlens.views.contributors,gitlens.views.tags,gitlens.views.stashes,gitlens.views.remotes,gitlens.views.branches,gitlens.views.commits from workbench.view.scm
2024-02-03 23:39:58.677 [info] Added views:gitlens.views.commitDetails,gitlens.views.lineHistory,gitlens.views.fileHistory,gitlens.views.searchAndCompare in workbench.view.extension.gitlensInspect
2024-02-03 23:39:58.678 [info] Added views:gitlens.views.commits,gitlens.views.branches,gitlens.views.remotes,gitlens.views.stashes,gitlens.views.tags,gitlens.views.contributors in workbench.view.scm
2024-02-03 23:39:59.715 [info] Added views:gitlens.views.graph,gitlens.views.graphDetails in workbench.view.extension.gitlensPanel
2024-02-03 23:39:59.715 [info] Added views:gitlens.views.timeline in workbench.view.extension.gitlensInspect
2024-02-03 23:39:59.716 [info] Added views:gitlens.views.worktrees in workbench.view.scm
2024-02-03 23:41:43.498 [info] Added views:rustDependencies in workbench.view.explorer
2024-02-04 00:01:01.942 [info] Added views:workbench.views.extensions.installed,workbench.views.extensions.popular,extensions.recommendedList in workbench.view.extensions
2024-02-04 00:01:01.943 [info] Removed views:workbench.views.extensions.popular from workbench.view.extensions
2024-02-04 00:01:04.553 [info] Removed views:extensions.recommendedList,workbench.views.extensions.installed from workbench.view.extensions
2024-02-04 00:01:04.557 [info] Added views:workbench.views.extensions.marketplace in workbench.view.extensions
2024-02-04 00:24:56.805 [info] Removed views:gitlens.views.graphDetails,gitlens.views.graph from workbench.view.extension.gitlensPanel
2024-02-04 00:24:56.806 [info] Removed views:gitlens.views.searchAndCompare,gitlens.views.timeline,gitlens.views.fileHistory,gitlens.views.lineHistory,gitlens.views.commitDetails from workbench.view.extension.gitlensInspect
2024-02-04 00:24:56.807 [info] Removed views:gitlens.views.contributors,gitlens.views.worktrees,gitlens.views.tags,gitlens.views.stashes,gitlens.views.remotes,gitlens.views.branches,gitlens.views.commits from workbench.view.scm
