2024-02-04 20:44:09.776 [info] Started local extension host with pid 30379.
2024-02-04 20:44:09.821 [info] Placing extension(s) vscodevim.vim on a separate extension host.
2024-02-04 20:44:10.027 [info] Started local extension host with pid 30429.
2024-02-04 20:44:10.850 [error] [Extension Host] (node:30379) [DEP0005] DeprecationWarning: Buffer() is deprecated due to security and usability issues. Please use the Buffer.alloc(), Buffer.allocUnsafe(), or Buffer.from() methods instead.
(Use `exe --trace-deprecation ...` to show where the warning was created)
2024-02-04 20:44:12.521 [info] [perf] Render performance baseline is 18ms
2024-02-04 20:44:12.940 [warning] [oracledevtools]: Couldn't find message for key treeItemDescffffff.
2024-02-04 20:44:12.940 [warning] [oracledevtools]: Couldn't find message for key treeItemDescc6c6c6.
2024-02-04 20:44:12.941 [warning] [oracledevtools]: Couldn't find message for key treeItemDesc848484.
2024-02-04 20:44:12.941 [warning] [oracledevtools]: Couldn't find message for key treeItemDesc000000.
2024-02-04 20:44:12.941 [warning] [oracledevtools]: Couldn't find message for key treeItemDescff0000.
2024-02-04 20:44:12.941 [warning] [oracledevtools]: Couldn't find message for key treeItemDescffff00.
2024-02-04 20:44:12.941 [warning] [oracledevtools]: Couldn't find message for key treeItemDesc00ff00.
2024-02-04 20:44:12.941 [warning] [oracledevtools]: Couldn't find message for key treeItemDesc00f7f7.
2024-02-04 20:44:12.941 [warning] [oracledevtools]: Couldn't find message for key treeItemDesc0000ff.
2024-02-04 20:44:12.941 [warning] [oracledevtools]: Couldn't find message for key treeItemDescff00ff.
2024-02-04 20:44:12.941 [warning] [oracledevtools]: Couldn't find message for key treeItemDesc840000.
2024-02-04 20:44:12.941 [warning] [oracledevtools]: Couldn't find message for key treeItemDesc848400.
2024-02-04 20:44:12.941 [warning] [oracledevtools]: Couldn't find message for key treeItemDesc008400.
2024-02-04 20:44:12.941 [warning] [oracledevtools]: Couldn't find message for key treeItemDesc008484.
2024-02-04 20:44:12.941 [warning] [oracledevtools]: Couldn't find message for key treeItemDesc000084.
2024-02-04 20:44:12.941 [warning] [oracledevtools]: Couldn't find message for key treeItemDesc840084.
2024-02-04 20:44:12.941 [warning] [oracledevtools]: Couldn't find message for key treeItemDescf6f7f7.
2024-02-04 20:44:12.941 [warning] [oracledevtools]: Couldn't find message for key treeItemDescffd5d4.
2024-02-04 20:44:12.942 [warning] [oracledevtools]: Couldn't find message for key treeItemDescfedfd6.
2024-02-04 20:44:12.942 [warning] [oracledevtools]: Couldn't find message for key treeItemDescfff0d9.
2024-02-04 20:44:12.942 [warning] [oracledevtools]: Couldn't find message for key treeItemDescfff6d6.
2024-02-04 20:44:12.942 [warning] [oracledevtools]: Couldn't find message for key treeItemDescf8ffd5.
2024-02-04 20:44:12.942 [warning] [oracledevtools]: Couldn't find message for key treeItemDesce8fed8.
2024-02-04 20:44:12.942 [warning] [oracledevtools]: Couldn't find message for key treeItemDescd6ffd6.
2024-02-04 20:44:12.942 [warning] [oracledevtools]: Couldn't find message for key treeItemDescd6ffef.
2024-02-04 20:44:12.943 [warning] [oracledevtools]: Couldn't find message for key treeItemDescd6ffff.
2024-02-04 20:44:12.943 [warning] [oracledevtools]: Couldn't find message for key treeItemDescd6f7ff.
2024-02-04 20:44:12.943 [warning] [oracledevtools]: Couldn't find message for key treeItemDescd6e7ff.
2024-02-04 20:44:12.943 [warning] [oracledevtools]: Couldn't find message for key treeItemDescd6d6ff.
2024-02-04 20:44:12.943 [warning] [oracledevtools]: Couldn't find message for key treeItemDescefd6ff.
2024-02-04 20:44:12.943 [warning] [oracledevtools]: Couldn't find message for key treeItemDescffd6ff.
2024-02-04 20:44:12.943 [warning] [oracledevtools]: Couldn't find message for key treeItemDescffd6ef.
2024-02-04 20:44:12.943 [warning] [oracledevtools]: Couldn't find message for key treeItemDesce7e6e7.
2024-02-04 20:44:12.943 [warning] [oracledevtools]: Couldn't find message for key treeItemDescfed4d2.
2024-02-04 20:44:12.943 [warning] [oracledevtools]: Couldn't find message for key treeItemDescfedfd6.
2024-02-04 20:44:12.943 [warning] [oracledevtools]: Couldn't find message for key treeItemDescfedeb4.
2024-02-04 20:44:12.944 [warning] [oracledevtools]: Couldn't find message for key treeItemDescfeefb7.
2024-02-04 20:44:12.944 [warning] [oracledevtools]: Couldn't find message for key treeItemDescfffdb7.
2024-02-04 20:44:12.944 [warning] [oracledevtools]: Couldn't find message for key treeItemDesce5ffb5.
2024-02-04 20:44:12.944 [warning] [oracledevtools]: Couldn't find message for key treeItemDescb5ffb5.
2024-02-04 20:44:12.944 [warning] [oracledevtools]: Couldn't find message for key treeItemDescb5ffde.
2024-02-04 20:44:12.944 [warning] [oracledevtools]: Couldn't find message for key treeItemDescb5ffff.
2024-02-04 20:44:12.944 [warning] [oracledevtools]: Couldn't find message for key treeItemDescb5e7ff.
2024-02-04 20:44:12.945 [warning] [oracledevtools]: Couldn't find message for key treeItemDescc6d6ff.
2024-02-04 20:44:12.945 [warning] [oracledevtools]: Couldn't find message for key treeItemDescc6c6ff.
2024-02-04 20:44:12.945 [warning] [oracledevtools]: Couldn't find message for key treeItemDescdeb5ff.
2024-02-04 20:44:12.945 [warning] [oracledevtools]: Couldn't find message for key treeItemDescffb5ff.
2024-02-04 20:44:12.945 [warning] [oracledevtools]: Couldn't find message for key treeItemDescffb5de.
2024-02-04 20:44:12.945 [warning] [oracledevtools]: Couldn't find message for key treeItemDescd6d6d7.
2024-02-04 20:44:12.945 [warning] [oracledevtools]: Couldn't find message for key treeItemDescfea6a3.
2024-02-04 20:44:12.945 [warning] [oracledevtools]: Couldn't find message for key treeItemDescffbda5.
2024-02-04 20:44:12.945 [warning] [oracledevtools]: Couldn't find message for key treeItemDescffd6a5.
2024-02-04 20:44:12.945 [warning] [oracledevtools]: Couldn't find message for key treeItemDescfeeeb7.
2024-02-04 20:44:12.945 [warning] [oracledevtools]: Couldn't find message for key treeItemDescfeff93.
2024-02-04 20:44:12.945 [warning] [oracledevtools]: Couldn't find message for key treeItemDescd4ff92.
2024-02-04 20:44:12.945 [warning] [oracledevtools]: Couldn't find message for key treeItemDesca5ffa5.
2024-02-04 20:44:12.946 [warning] [oracledevtools]: Couldn't find message for key treeItemDesca5ffd6.
2024-02-04 20:44:12.946 [warning] [oracledevtools]: Couldn't find message for key treeItemDesca5ffff.
2024-02-04 20:44:12.946 [warning] [oracledevtools]: Couldn't find message for key treeItemDesca5e7ff.
2024-02-04 20:44:12.946 [warning] [oracledevtools]: Couldn't find message for key treeItemDesca5c6ff.
2024-02-04 20:44:12.946 [warning] [oracledevtools]: Couldn't find message for key treeItemDesca5a5ff.
2024-02-04 20:44:12.946 [warning] [oracledevtools]: Couldn't find message for key treeItemDescd6a5ff.
2024-02-04 20:44:12.946 [warning] [oracledevtools]: Couldn't find message for key treeItemDescffa5ff.
2024-02-04 20:44:12.946 [warning] [oracledevtools]: Couldn't find message for key treeItemDescffa5d6.
2024-02-04 20:44:12.946 [warning] [oracledevtools]: Couldn't find message for key treeItemDescc6c5c6.
2024-02-04 20:44:12.946 [warning] [oracledevtools]: Couldn't find message for key treeItemDescff9494.
2024-02-04 20:44:12.946 [warning] [oracledevtools]: Couldn't find message for key treeItemDescffa484.
2024-02-04 20:44:12.946 [warning] [oracledevtools]: Couldn't find message for key treeItemDescffc686.
2024-02-04 20:44:12.946 [warning] [oracledevtools]: Couldn't find message for key treeItemDescfede74.
2024-02-04 20:44:12.947 [warning] [oracledevtools]: Couldn't find message for key treeItemDescfffe71.
2024-02-04 20:44:12.947 [warning] [oracledevtools]: Couldn't find message for key treeItemDescd6ff84.
2024-02-04 20:44:12.947 [warning] [oracledevtools]: Couldn't find message for key treeItemDesc94fe93.
2024-02-04 20:44:12.947 [warning] [oracledevtools]: Couldn't find message for key treeItemDesc94ffcd.
2024-02-04 20:44:12.947 [warning] [oracledevtools]: Couldn't find message for key treeItemDesc85feff.
2024-02-04 20:44:12.947 [warning] [oracledevtools]: Couldn't find message for key treeItemDesc92defe.
2024-02-04 20:44:12.947 [warning] [oracledevtools]: Couldn't find message for key treeItemDesc93b5fe.
2024-02-04 20:44:12.947 [warning] [oracledevtools]: Couldn't find message for key treeItemDesc9593ff.
2024-02-04 20:44:12.947 [warning] [oracledevtools]: Couldn't find message for key treeItemDescce94ff.
2024-02-04 20:44:12.947 [warning] [oracledevtools]: Couldn't find message for key treeItemDescff84ff.
2024-02-04 20:44:12.947 [warning] [oracledevtools]: Couldn't find message for key treeItemDescff94ce.
2024-02-04 20:44:12.947 [warning] [oracledevtools]: Couldn't find message for key treeItemDescb4b4b5.
2024-02-04 20:44:12.947 [warning] [oracledevtools]: Couldn't find message for key treeItemDescfe8383.
2024-02-04 20:44:12.947 [warning] [oracledevtools]: Couldn't find message for key treeItemDescff9472.
2024-02-04 20:44:12.948 [warning] [oracledevtools]: Couldn't find message for key treeItemDescffb667.
2024-02-04 20:44:12.948 [warning] [oracledevtools]: Couldn't find message for key treeItemDescffde62.
2024-02-04 20:44:12.948 [warning] [oracledevtools]: Couldn't find message for key treeItemDescffff42.
2024-02-04 20:44:12.948 [warning] [oracledevtools]: Couldn't find message for key treeItemDescc5fe63.
2024-02-04 20:44:12.948 [warning] [oracledevtools]: Couldn't find message for key treeItemDesc72ff70.
2024-02-04 20:44:12.948 [warning] [oracledevtools]: Couldn't find message for key treeItemDesc73ffbe.
2024-02-04 20:44:12.948 [warning] [oracledevtools]: Couldn't find message for key treeItemDesc73ffff.
2024-02-04 20:44:12.948 [warning] [oracledevtools]: Couldn't find message for key treeItemDesc86d6ff.
2024-02-04 20:44:12.948 [warning] [oracledevtools]: Couldn't find message for key treeItemDesc83abfc.
2024-02-04 20:44:12.948 [warning] [oracledevtools]: Couldn't find message for key treeItemDesc8484fd.
2024-02-04 20:44:12.948 [warning] [oracledevtools]: Couldn't find message for key treeItemDescc684ff.
2024-02-04 20:44:12.948 [warning] [oracledevtools]: Couldn't find message for key treeItemDescff73ff.
2024-02-04 20:44:12.948 [warning] [oracledevtools]: Couldn't find message for key treeItemDescff84c6.
2024-02-04 20:44:12.948 [warning] [oracledevtools]: Couldn't find message for key treeItemDesca6a5a5.
2024-02-04 20:44:12.948 [warning] [oracledevtools]: Couldn't find message for key treeItemDescff6365.
2024-02-04 20:44:12.949 [warning] [oracledevtools]: Couldn't find message for key treeItemDescff7a53.
2024-02-04 20:44:12.949 [warning] [oracledevtools]: Couldn't find message for key treeItemDescffad54.
2024-02-04 20:44:12.949 [warning] [oracledevtools]: Couldn't find message for key treeItemDescffd741.
2024-02-04 20:44:12.949 [warning] [oracledevtools]: Couldn't find message for key treeItemDescffff00.
2024-02-04 20:44:12.949 [warning] [oracledevtools]: Couldn't find message for key treeItemDescb7ff43.
2024-02-04 20:44:12.949 [warning] [oracledevtools]: Couldn't find message for key treeItemDesc63ff63.
2024-02-04 20:44:12.949 [warning] [oracledevtools]: Couldn't find message for key treeItemDesc62ffb6.
2024-02-04 20:44:12.949 [warning] [oracledevtools]: Couldn't find message for key treeItemDesc50fffe.
2024-02-04 20:44:12.949 [warning] [oracledevtools]: Couldn't find message for key treeItemDesc63cdfd.
2024-02-04 20:44:12.949 [warning] [oracledevtools]: Couldn't find message for key treeItemDesc72a3fd.
2024-02-04 20:44:12.949 [warning] [oracledevtools]: Couldn't find message for key treeItemDesc7473ff.
2024-02-04 20:44:12.949 [warning] [oracledevtools]: Couldn't find message for key treeItemDescb563ff.
2024-02-04 20:44:12.949 [warning] [oracledevtools]: Couldn't find message for key treeItemDescff52ff.
2024-02-04 20:44:12.949 [warning] [oracledevtools]: Couldn't find message for key treeItemDescff63b5.
2024-02-04 20:44:12.950 [warning] [oracledevtools]: Couldn't find message for key treeItemDesc939393.
2024-02-04 20:44:12.950 [warning] [oracledevtools]: Couldn't find message for key treeItemDescff5252.
2024-02-04 20:44:12.950 [warning] [oracledevtools]: Couldn't find message for key treeItemDescff7442.
2024-02-04 20:44:12.950 [warning] [oracledevtools]: Couldn't find message for key treeItemDescfd9c2f.
2024-02-04 20:44:12.950 [warning] [oracledevtools]: Couldn't find message for key treeItemDescfdc700.
2024-02-04 20:44:12.950 [warning] [oracledevtools]: Couldn't find message for key treeItemDescf8f702.
2024-02-04 20:44:12.950 [warning] [oracledevtools]: Couldn't find message for key treeItemDesc9eff02.
2024-02-04 20:44:12.950 [warning] [oracledevtools]: Couldn't find message for key treeItemDesc4ffe53.
2024-02-04 20:44:12.950 [warning] [oracledevtools]: Couldn't find message for key treeItemDesc53feae.
2024-02-04 20:44:12.950 [warning] [oracledevtools]: Couldn't find message for key treeItemDesc00fefc.
2024-02-04 20:44:12.950 [warning] [oracledevtools]: Couldn't find message for key treeItemDesc54c4fd.
2024-02-04 20:44:12.950 [warning] [oracledevtools]: Couldn't find message for key treeItemDesc508cfe.
2024-02-04 20:44:12.950 [warning] [oracledevtools]: Couldn't find message for key treeItemDesc6262fd.
2024-02-04 20:44:12.951 [warning] [oracledevtools]: Couldn't find message for key treeItemDescad51ff.
2024-02-04 20:44:12.951 [warning] [oracledevtools]: Couldn't find message for key treeItemDescfe41ff.
2024-02-04 20:44:12.951 [warning] [oracledevtools]: Couldn't find message for key treeItemDescfe53ae.
2024-02-04 20:44:12.951 [warning] [oracledevtools]: Couldn't find message for key treeItemDesc737373.
2024-02-04 20:44:12.951 [warning] [oracledevtools]: Couldn't find message for key treeItemDescff4143.
2024-02-04 20:44:12.951 [warning] [oracledevtools]: Couldn't find message for key treeItemDescff5921.
2024-02-04 20:44:12.951 [warning] [oracledevtools]: Couldn't find message for key treeItemDescff8300.
2024-02-04 20:44:12.951 [warning] [oracledevtools]: Couldn't find message for key treeItemDescf7b400.
2024-02-04 20:44:12.951 [warning] [oracledevtools]: Couldn't find message for key treeItemDesce6e801.
2024-02-04 20:44:12.951 [warning] [oracledevtools]: Couldn't find message for key treeItemDesc93f600.
2024-02-04 20:44:12.951 [warning] [oracledevtools]: Couldn't find message for key treeItemDesc01ff00.
2024-02-04 20:44:12.951 [warning] [oracledevtools]: Couldn't find message for key treeItemDesc01ff83.
2024-02-04 20:44:12.951 [warning] [oracledevtools]: Couldn't find message for key treeItemDesc00f6f5.
2024-02-04 20:44:12.951 [warning] [oracledevtools]: Couldn't find message for key treeItemDesc42c6fe.
2024-02-04 20:44:12.952 [warning] [oracledevtools]: Couldn't find message for key treeItemDesc4284ff.
2024-02-04 20:44:12.952 [warning] [oracledevtools]: Couldn't find message for key treeItemDesc5152ff.
2024-02-04 20:44:12.952 [warning] [oracledevtools]: Couldn't find message for key treeItemDesca542ff.
2024-02-04 20:44:12.952 [warning] [oracledevtools]: Couldn't find message for key treeItemDescff21ff.
2024-02-04 20:44:12.952 [warning] [oracledevtools]: Couldn't find message for key treeItemDescff42a4.
2024-02-04 20:44:12.952 [warning] [oracledevtools]: Couldn't find message for key treeItemDesc636363.
2024-02-04 20:44:12.952 [warning] [oracledevtools]: Couldn't find message for key treeItemDescfe2121.
2024-02-04 20:44:12.952 [warning] [oracledevtools]: Couldn't find message for key treeItemDescff4200.
2024-02-04 20:44:12.952 [warning] [oracledevtools]: Couldn't find message for key treeItemDesce47504.
2024-02-04 20:44:12.952 [warning] [oracledevtools]: Couldn't find message for key treeItemDescd49c00.
2024-02-04 20:44:12.952 [warning] [oracledevtools]: Couldn't find message for key treeItemDescc4c500.
2024-02-04 20:44:12.952 [warning] [oracledevtools]: Couldn't find message for key treeItemDesc83d700.
2024-02-04 20:44:12.952 [warning] [oracledevtools]: Couldn't find message for key treeItemDesc00e700.
2024-02-04 20:44:12.952 [warning] [oracledevtools]: Couldn't find message for key treeItemDesc01e773.
2024-02-04 20:44:12.953 [warning] [oracledevtools]: Couldn't find message for key treeItemDesc01d5d4.
2024-02-04 20:44:12.953 [warning] [oracledevtools]: Couldn't find message for key treeItemDesc01adfd.
2024-02-04 20:44:12.953 [warning] [oracledevtools]: Couldn't find message for key treeItemDesc3272ff.
2024-02-04 20:44:12.953 [warning] [oracledevtools]: Couldn't find message for key treeItemDesc3030fe.
2024-02-04 20:44:12.953 [warning] [oracledevtools]: Couldn't find message for key treeItemDesc9421fe.
2024-02-04 20:44:12.953 [warning] [oracledevtools]: Couldn't find message for key treeItemDescff00fd.
2024-02-04 20:44:12.953 [warning] [oracledevtools]: Couldn't find message for key treeItemDescfa2193.
2024-02-04 20:44:12.953 [warning] [oracledevtools]: Couldn't find message for key treeItemDesc525251.
2024-02-04 20:44:12.953 [warning] [oracledevtools]: Couldn't find message for key treeItemDescff0102.
2024-02-04 20:44:12.953 [warning] [oracledevtools]: Couldn't find message for key treeItemDesce63801.
2024-02-04 20:44:12.953 [warning] [oracledevtools]: Couldn't find message for key treeItemDescd56b00.
2024-02-04 20:44:12.953 [warning] [oracledevtools]: Couldn't find message for key treeItemDescc69300.
2024-02-04 20:44:12.953 [warning] [oracledevtools]: Couldn't find message for key treeItemDescb5b500.
2024-02-04 20:44:12.954 [warning] [oracledevtools]: Couldn't find message for key treeItemDesc74c500.
2024-02-04 20:44:12.954 [warning] [oracledevtools]: Couldn't find message for key treeItemDesc00d601.
2024-02-04 20:44:12.954 [warning] [oracledevtools]: Couldn't find message for key treeItemDesc00d66b.
2024-02-04 20:44:12.954 [warning] [oracledevtools]: Couldn't find message for key treeItemDesc01c6c8.
2024-02-04 20:44:12.954 [warning] [oracledevtools]: Couldn't find message for key treeItemDesc0094e6.
2024-02-04 20:44:12.954 [warning] [oracledevtools]: Couldn't find message for key treeItemDesc0152ff.
2024-02-04 20:44:12.954 [warning] [oracledevtools]: Couldn't find message for key treeItemDesc2020fe.
2024-02-04 20:44:12.954 [warning] [oracledevtools]: Couldn't find message for key treeItemDesc8501fe.
2024-02-04 20:44:12.954 [warning] [oracledevtools]: Couldn't find message for key treeItemDesce600e6.
2024-02-04 20:44:12.954 [warning] [oracledevtools]: Couldn't find message for key treeItemDescff0085.
2024-02-04 20:44:12.954 [warning] [oracledevtools]: Couldn't find message for key treeItemDesc424242.
2024-02-04 20:44:12.954 [warning] [oracledevtools]: Couldn't find message for key treeItemDesce80103.
2024-02-04 20:44:12.954 [warning] [oracledevtools]: Couldn't find message for key treeItemDescc93103.
2024-02-04 20:44:12.954 [warning] [oracledevtools]: Couldn't find message for key treeItemDescb35a01.
2024-02-04 20:44:12.955 [warning] [oracledevtools]: Couldn't find message for key treeItemDesca57b00.
2024-02-04 20:44:12.955 [warning] [oracledevtools]: Couldn't find message for key treeItemDesca6a500.
2024-02-04 20:44:12.955 [warning] [oracledevtools]: Couldn't find message for key treeItemDesc63a500.
2024-02-04 20:44:12.955 [warning] [oracledevtools]: Couldn't find message for key treeItemDesc00b300.
2024-02-04 20:44:12.955 [warning] [oracledevtools]: Couldn't find message for key treeItemDesc00b559.
2024-02-04 20:44:12.955 [warning] [oracledevtools]: Couldn't find message for key treeItemDesc00a3a4.
2024-02-04 20:44:12.955 [warning] [oracledevtools]: Couldn't find message for key treeItemDesc0084c5.
2024-02-04 20:44:12.955 [warning] [oracledevtools]: Couldn't find message for key treeItemDesc024aea.
2024-02-04 20:44:12.955 [warning] [oracledevtools]: Couldn't find message for key treeItemDesc0000ff.
2024-02-04 20:44:12.955 [warning] [oracledevtools]: Couldn't find message for key treeItemDesc7000e6.
2024-02-04 20:44:12.955 [warning] [oracledevtools]: Couldn't find message for key treeItemDescc600c6.
2024-02-04 20:44:12.955 [warning] [oracledevtools]: Couldn't find message for key treeItemDesce60073.
2024-02-04 20:44:12.955 [warning] [oracledevtools]: Couldn't find message for key treeItemDesc313031.
2024-02-04 20:44:12.955 [warning] [oracledevtools]: Couldn't find message for key treeItemDescc60001.
2024-02-04 20:44:12.955 [warning] [oracledevtools]: Couldn't find message for key treeItemDesca52801.
2024-02-04 20:44:12.955 [warning] [oracledevtools]: Couldn't find message for key treeItemDesca35202.
2024-02-04 20:44:12.956 [warning] [oracledevtools]: Couldn't find message for key treeItemDesc926b00.
2024-02-04 20:44:12.956 [warning] [oracledevtools]: Couldn't find message for key treeItemDesc929400.
2024-02-04 20:44:12.956 [warning] [oracledevtools]: Couldn't find message for key treeItemDesc5a9400.
2024-02-04 20:44:12.956 [warning] [oracledevtools]: Couldn't find message for key treeItemDesc00a404.
2024-02-04 20:44:12.956 [warning] [oracledevtools]: Couldn't find message for key treeItemDesc00a450.
2024-02-04 20:44:12.956 [warning] [oracledevtools]: Couldn't find message for key treeItemDesc00948f.
2024-02-04 20:44:12.956 [warning] [oracledevtools]: Couldn't find message for key treeItemDesc026ba5.
2024-02-04 20:44:12.956 [warning] [oracledevtools]: Couldn't find message for key treeItemDesc0041c6.
2024-02-04 20:44:12.956 [warning] [oracledevtools]: Couldn't find message for key treeItemDesc0100d4.
2024-02-04 20:44:12.956 [warning] [oracledevtools]: Couldn't find message for key treeItemDesc6200c6.
2024-02-04 20:44:12.956 [warning] [oracledevtools]: Couldn't find message for key treeItemDesca700a5.
2024-02-04 20:44:12.956 [warning] [oracledevtools]: Couldn't find message for key treeItemDescc40060.
2024-02-04 20:44:12.956 [warning] [oracledevtools]: Couldn't find message for key treeItemDesc212121.
2024-02-04 20:44:12.956 [warning] [oracledevtools]: Couldn't find message for key treeItemDesc920000.
2024-02-04 20:44:12.957 [warning] [oracledevtools]: Couldn't find message for key treeItemDesc942100.
2024-02-04 20:44:12.957 [warning] [oracledevtools]: Couldn't find message for key treeItemDesc844200.
2024-02-04 20:44:12.957 [warning] [oracledevtools]: Couldn't find message for key treeItemDesc836400.
2024-02-04 20:44:12.957 [warning] [oracledevtools]: Couldn't find message for key treeItemDesc717201.
2024-02-04 20:44:12.957 [warning] [oracledevtools]: Couldn't find message for key treeItemDesc528401.
2024-02-04 20:44:12.957 [warning] [oracledevtools]: Couldn't find message for key treeItemDesc008500.
2024-02-04 20:44:12.957 [warning] [oracledevtools]: Couldn't find message for key treeItemDesc018443.
2024-02-04 20:44:12.957 [warning] [oracledevtools]: Couldn't find message for key treeItemDesc008485.
2024-02-04 20:44:12.957 [warning] [oracledevtools]: Couldn't find message for key treeItemDesc036494.
2024-02-04 20:44:12.957 [warning] [oracledevtools]: Couldn't find message for key treeItemDesc003193.
2024-02-04 20:44:12.957 [warning] [oracledevtools]: Couldn't find message for key treeItemDesc0000a6.
2024-02-04 20:44:12.957 [warning] [oracledevtools]: Couldn't find message for key treeItemDesc490094.
2024-02-04 20:44:12.957 [warning] [oracledevtools]: Couldn't find message for key treeItemDesc910091.
2024-02-04 20:44:12.957 [warning] [oracledevtools]: Couldn't find message for key treeItemDesc95014c.
2024-02-04 20:44:12.957 [warning] [oracledevtools]: Couldn't find message for key treeItemDesc101010.
2024-02-04 20:44:12.957 [warning] [oracledevtools]: Couldn't find message for key treeItemDesc730000.
2024-02-04 20:44:12.958 [warning] [oracledevtools]: Couldn't find message for key treeItemDesc731800.
2024-02-04 20:44:12.958 [warning] [oracledevtools]: Couldn't find message for key treeItemDesc623002.
2024-02-04 20:44:12.958 [warning] [oracledevtools]: Couldn't find message for key treeItemDesc634a01.
2024-02-04 20:44:12.958 [warning] [oracledevtools]: Couldn't find message for key treeItemDesc636401.
2024-02-04 20:44:12.958 [warning] [oracledevtools]: Couldn't find message for key treeItemDesc3a6300.
2024-02-04 20:44:12.958 [warning] [oracledevtools]: Couldn't find message for key treeItemDesc006100.
2024-02-04 20:44:12.958 [warning] [oracledevtools]: Couldn't find message for key treeItemDesc006232.
2024-02-04 20:44:12.958 [warning] [oracledevtools]: Couldn't find message for key treeItemDesc026365.
2024-02-04 20:44:12.958 [warning] [oracledevtools]: Couldn't find message for key treeItemDesc004871.
2024-02-04 20:44:12.958 [warning] [oracledevtools]: Couldn't find message for key treeItemDesc012173.
2024-02-04 20:44:12.958 [warning] [oracledevtools]: Couldn't find message for key treeItemDesc000085.
2024-02-04 20:44:12.958 [warning] [oracledevtools]: Couldn't find message for key treeItemDesc380171.
2024-02-04 20:44:12.958 [warning] [oracledevtools]: Couldn't find message for key treeItemDesc720073.
2024-02-04 20:44:12.958 [warning] [oracledevtools]: Couldn't find message for key treeItemDesc730038.
2024-02-04 20:44:12.959 [warning] [oracledevtools]: Couldn't find message for key treeItemDesc000000.
2024-02-04 20:44:12.959 [warning] [oracledevtools]: Couldn't find message for key treeItemDesc520000.
2024-02-04 20:44:12.959 [warning] [oracledevtools]: Couldn't find message for key treeItemDesc521000.
2024-02-04 20:44:12.959 [warning] [oracledevtools]: Couldn't find message for key treeItemDesc512700.
2024-02-04 20:44:12.959 [warning] [oracledevtools]: Couldn't find message for key treeItemDesc4f3800.
2024-02-04 20:44:12.959 [warning] [oracledevtools]: Couldn't find message for key treeItemDesc535203.
2024-02-04 20:44:12.959 [warning] [oracledevtools]: Couldn't find message for key treeItemDesc315200.
2024-02-04 20:44:12.959 [warning] [oracledevtools]: Couldn't find message for key treeItemDesc005100.
2024-02-04 20:44:12.959 [warning] [oracledevtools]: Couldn't find message for key treeItemDesc005026.
2024-02-04 20:44:12.959 [warning] [oracledevtools]: Couldn't find message for key treeItemDesc014f51.
2024-02-04 20:44:12.959 [warning] [oracledevtools]: Couldn't find message for key treeItemDesc003151.
2024-02-04 20:44:12.959 [warning] [oracledevtools]: Couldn't find message for key treeItemDesc001954.
2024-02-04 20:44:12.959 [warning] [oracledevtools]: Couldn't find message for key treeItemDesc000050.
2024-02-04 20:44:12.959 [warning] [oracledevtools]: Couldn't find message for key treeItemDesc2c0054.
2024-02-04 20:44:12.960 [warning] [oracledevtools]: Couldn't find message for key treeItemDesc530052.
2024-02-04 20:44:12.960 [warning] [oracledevtools]: Couldn't find message for key treeItemDesc52012a.
2024-02-04 20:46:03.360 [error] An unknown error occurred. Please consult the log for more details.
2024-02-04 20:46:09.424 [error] An unknown error occurred. Please consult the log for more details.
2024-02-04 20:46:10.545 [error] An unknown error occurred. Please consult the log for more details.
2024-02-04 20:46:12.196 [error] An unknown error occurred. Please consult the log for more details.
2024-02-04 20:46:13.416 [error] An unknown error occurred. Please consult the log for more details.
2024-02-04 20:46:14.423 [error] An unknown error occurred. Please consult the log for more details.
2024-02-04 20:46:15.840 [error] An unknown error occurred. Please consult the log for more details.
2024-02-04 20:46:18.371 [error] An unknown error occurred. Please consult the log for more details.
2024-02-04 20:46:19.900 [error] An unknown error occurred. Please consult the log for more details.
2024-02-04 20:46:23.549 [error] An unknown error occurred. Please consult the log for more details.
2024-02-04 20:46:42.581 [error] An unknown error occurred. Please consult the log for more details.
2024-02-04 20:46:43.668 [error] An unknown error occurred. Please consult the log for more details.
2024-02-04 20:46:46.476 [error] An unknown error occurred. Please consult the log for more details.
2024-02-04 20:46:53.106 [error] An unknown error occurred. Please consult the log for more details.
2024-02-04 20:48:02.362 [error] An unknown error occurred. Please consult the log for more details.
2024-02-04 20:48:03.844 [error] An unknown error occurred. Please consult the log for more details.
2024-02-04 20:48:05.228 [error] An unknown error occurred. Please consult the log for more details.
2024-02-04 20:48:19.859 [error] An unknown error occurred. Please consult the log for more details.
2024-02-04 20:49:03.577 [error] An unknown error occurred. Please consult the log for more details.
2024-02-04 20:49:04.783 [error] An unknown error occurred. Please consult the log for more details.
2024-02-04 20:49:12.440 [error] An unknown error occurred. Please consult the log for more details.
2024-02-04 20:49:45.732 [error] An unknown error occurred. Please consult the log for more details.
2024-02-04 20:49:46.984 [error] An unknown error occurred. Please consult the log for more details.
2024-02-04 20:49:49.460 [error] An unknown error occurred. Please consult the log for more details.
2024-02-04 20:50:35.142 [error] An unknown error occurred. Please consult the log for more details.
2024-02-04 20:50:38.157 [error] An unknown error occurred. Please consult the log for more details.
2024-02-04 20:50:39.251 [error] An unknown error occurred. Please consult the log for more details.
2024-02-04 20:50:40.563 [error] An unknown error occurred. Please consult the log for more details.
2024-02-04 20:50:43.385 [error] An unknown error occurred. Please consult the log for more details.
2024-02-04 20:51:16.190 [error] An unknown error occurred. Please consult the log for more details.
2024-02-04 20:51:52.763 [error] An unknown error occurred. Please consult the log for more details.
2024-02-04 20:51:53.904 [error] An unknown error occurred. Please consult the log for more details.
2024-02-04 20:51:57.562 [error] An unknown error occurred. Please consult the log for more details.
2024-02-04 20:51:58.679 [error] An unknown error occurred. Please consult the log for more details.
2024-02-04 20:52:00.068 [error] An unknown error occurred. Please consult the log for more details.
2024-02-04 20:52:09.424 [error] An unknown error occurred. Please consult the log for more details.
2024-02-04 20:52:26.304 [error] An unknown error occurred. Please consult the log for more details.
2024-02-04 20:58:17.274 [error] An unknown error occurred. Please consult the log for more details.
2024-02-04 20:58:29.824 [error] An unknown error occurred. Please consult the log for more details.
2024-02-04 21:01:00.549 [error] An unknown error occurred. Please consult the log for more details.
2024-02-04 21:01:19.595 [error] An unknown error occurred. Please consult the log for more details.
2024-02-04 21:01:21.111 [error] An unknown error occurred. Please consult the log for more details.
2024-02-04 21:10:10.853 [error] An unknown error occurred. Please consult the log for more details.
2024-02-04 21:10:12.111 [error] An unknown error occurred. Please consult the log for more details.
2024-02-04 21:10:13.387 [error] An unknown error occurred. Please consult the log for more details.
2024-02-04 21:12:52.958 [error] An unknown error occurred. Please consult the log for more details.
2024-02-04 21:14:22.363 [error] An unknown error occurred. Please consult the log for more details.
2024-02-04 21:14:23.945 [error] An unknown error occurred. Please consult the log for more details.
2024-02-04 21:14:47.277 [error] An unknown error occurred. Please consult the log for more details.
2024-02-04 21:14:50.863 [error] An unknown error occurred. Please consult the log for more details.
2024-02-04 21:14:56.083 [error] An unknown error occurred. Please consult the log for more details.
2024-02-04 21:17:43.009 [error] An unknown error occurred. Please consult the log for more details.
2024-02-04 21:17:46.447 [error] An unknown error occurred. Please consult the log for more details.
2024-02-04 21:17:54.490 [error] An unknown error occurred. Please consult the log for more details.
2024-02-04 21:17:59.779 [error] An unknown error occurred. Please consult the log for more details.
2024-02-04 21:18:02.574 [error] An unknown error occurred. Please consult the log for more details.
2024-02-04 21:18:04.540 [error] An unknown error occurred. Please consult the log for more details.
2024-02-04 21:18:06.539 [error] An unknown error occurred. Please consult the log for more details.
2024-02-04 21:18:07.843 [error] An unknown error occurred. Please consult the log for more details.
2024-02-04 21:18:10.302 [error] An unknown error occurred. Please consult the log for more details.
2024-02-04 21:18:26.230 [error] An unknown error occurred. Please consult the log for more details.
2024-02-04 21:18:33.113 [error] An unknown error occurred. Please consult the log for more details.
2024-02-04 21:18:47.049 [error] An unknown error occurred. Please consult the log for more details.
2024-02-04 21:18:48.328 [error] An unknown error occurred. Please consult the log for more details.
2024-02-04 21:18:50.455 [error] An unknown error occurred. Please consult the log for more details.
2024-02-04 21:19:00.139 [error] An unknown error occurred. Please consult the log for more details.
2024-02-04 21:19:01.396 [error] An unknown error occurred. Please consult the log for more details.
2024-02-04 21:19:05.275 [error] An unknown error occurred. Please consult the log for more details.
2024-02-04 21:19:09.619 [error] An unknown error occurred. Please consult the log for more details.
2024-02-04 21:19:15.617 [error] An unknown error occurred. Please consult the log for more details.
2024-02-04 21:19:53.995 [error] An unknown error occurred. Please consult the log for more details.
2024-02-04 21:19:57.754 [error] An unknown error occurred. Please consult the log for more details.
2024-02-04 21:19:59.337 [error] An unknown error occurred. Please consult the log for more details.
2024-02-04 21:20:03.280 [error] An unknown error occurred. Please consult the log for more details.
2024-02-04 21:20:07.605 [error] An unknown error occurred. Please consult the log for more details.
2024-02-04 21:20:17.101 [error] An unknown error occurred. Please consult the log for more details.
2024-02-04 21:20:26.592 [error] An unknown error occurred. Please consult the log for more details.
2024-02-04 21:20:28.382 [error] An unknown error occurred. Please consult the log for more details.
2024-02-04 21:20:35.778 [error] An unknown error occurred. Please consult the log for more details.
2024-02-04 21:20:39.177 [error] An unknown error occurred. Please consult the log for more details.
2024-02-04 21:20:44.562 [error] An unknown error occurred. Please consult the log for more details.
2024-02-04 21:21:15.807 [error] An unknown error occurred. Please consult the log for more details.
2024-02-04 21:21:18.320 [error] An unknown error occurred. Please consult the log for more details.
2024-02-04 21:21:19.699 [error] An unknown error occurred. Please consult the log for more details.
2024-02-04 21:21:23.384 [error] An unknown error occurred. Please consult the log for more details.
2024-02-04 21:21:55.338 [error] An unknown error occurred. Please consult the log for more details.
2024-02-04 21:22:08.035 [error] An unknown error occurred. Please consult the log for more details.
2024-02-04 21:22:09.242 [error] An unknown error occurred. Please consult the log for more details.
2024-02-04 21:22:10.679 [error] An unknown error occurred. Please consult the log for more details.
2024-02-04 21:22:13.981 [error] An unknown error occurred. Please consult the log for more details.
2024-02-04 21:22:15.361 [error] An unknown error occurred. Please consult the log for more details.
2024-02-04 21:22:16.733 [error] An unknown error occurred. Please consult the log for more details.
2024-02-04 21:22:20.838 [error] An unknown error occurred. Please consult the log for more details.
2024-02-04 21:22:21.963 [error] An unknown error occurred. Please consult the log for more details.
2024-02-04 21:22:23.833 [error] An unknown error occurred. Please consult the log for more details.
2024-02-04 21:23:05.803 [error] An unknown error occurred. Please consult the log for more details.
2024-02-04 21:23:18.882 [error] An unknown error occurred. Please consult the log for more details.
2024-02-04 21:23:21.788 [error] An unknown error occurred. Please consult the log for more details.
2024-02-04 21:24:10.979 [error] An unknown error occurred. Please consult the log for more details.
2024-02-04 21:24:29.175 [error] An unknown error occurred. Please consult the log for more details.
2024-02-04 21:24:38.136 [error] An unknown error occurred. Please consult the log for more details.
2024-02-04 21:24:40.433 [error] An unknown error occurred. Please consult the log for more details.
2024-02-04 21:24:43.144 [error] An unknown error occurred. Please consult the log for more details.
2024-02-04 21:24:56.495 [error] An unknown error occurred. Please consult the log for more details.
2024-02-04 21:26:20.484 [error] An unknown error occurred. Please consult the log for more details.
2024-02-04 21:32:17.996 [error] An unknown error occurred. Please consult the log for more details.
2024-02-04 21:32:21.289 [error] An unknown error occurred. Please consult the log for more details.
2024-02-04 21:32:35.518 [error] An unknown error occurred. Please consult the log for more details.
2024-02-04 21:32:36.804 [error] An unknown error occurred. Please consult the log for more details.
2024-02-04 21:32:40.313 [error] An unknown error occurred. Please consult the log for more details.
2024-02-04 21:52:13.639 [error] An unknown error occurred. Please consult the log for more details.
2024-02-04 22:01:08.093 [error] An unknown error occurred. Please consult the log for more details.
2024-02-04 22:04:35.503 [error] An unknown error occurred. Please consult the log for more details.
2024-02-04 22:05:35.811 [error] An unknown error occurred. Please consult the log for more details.
2024-02-04 22:05:41.832 [error] An unknown error occurred. Please consult the log for more details.
2024-02-04 22:08:28.993 [error] An unknown error occurred. Please consult the log for more details.
2024-02-04 22:08:43.096 [error] An unknown error occurred. Please consult the log for more details.
2024-02-04 22:08:45.985 [error] An unknown error occurred. Please consult the log for more details.
2024-02-04 22:10:14.303 [error] An unknown error occurred. Please consult the log for more details.
2024-02-04 22:10:20.925 [error] An unknown error occurred. Please consult the log for more details.
2024-02-04 22:10:23.895 [error] An unknown error occurred. Please consult the log for more details.
2024-02-04 22:12:09.459 [error] An unknown error occurred. Please consult the log for more details.
2024-02-04 22:12:31.808 [error] An unknown error occurred. Please consult the log for more details.
2024-02-04 22:12:36.960 [error] An unknown error occurred. Please consult the log for more details.
2024-02-04 22:14:29.307 [error] An unknown error occurred. Please consult the log for more details.
2024-02-04 22:14:30.761 [error] An unknown error occurred. Please consult the log for more details.
2024-02-04 22:14:31.879 [error] An unknown error occurred. Please consult the log for more details.
2024-02-04 22:14:41.056 [error] An unknown error occurred. Please consult the log for more details.
2024-02-04 22:14:53.017 [error] An unknown error occurred. Please consult the log for more details.
2024-02-04 22:14:59.440 [error] An unknown error occurred. Please consult the log for more details.
2024-02-04 22:15:03.231 [error] An unknown error occurred. Please consult the log for more details.
2024-02-04 22:15:04.820 [error] An unknown error occurred. Please consult the log for more details.
2024-02-04 22:15:44.768 [error] An unknown error occurred. Please consult the log for more details.
2024-02-04 22:15:46.825 [error] An unknown error occurred. Please consult the log for more details.
