2024-01-31 19:21:05.824 [info] Configuration changed
2024-01-31 19:21:06.579 [info] Configuration changed
2024-01-31 19:21:06.585 [info] Configuration changed
2024-01-31 19:27:10.731 [info] /home/anthonyoon/Documents/Code Projects/zellij/Cross.toml closed
2024-01-31 19:27:10.757 [info] Active editor: file:///home/anthonyoon/Documents/Code%20Projects/zellij/Cross.toml
2024-01-31 19:27:53.428 [info] Executing :rw,false
2024-01-31 19:27:59.652 [info] Executing :rwfalse
2024-01-31 19:28:03.072 [info] Executing :rw
2024-01-31 19:49:47.441 [info] Active editor: file:///home/anthonyoon/Documents/Code%20Projects/zellij/Cargo.toml
2024-01-31 19:50:01.373 [info] /home/anthonyoon/Documents/Code Projects/zellij/Cargo.toml closed
2024-01-31 19:50:07.341 [info] Active editor: file:///home/anthonyoon/Documents/Code%20Projects/zellij/Cross.toml
2024-01-31 19:50:17.463 [info] Active editor: file:///home/anthonyoon/Documents/Code%20Projects/zellij/Cargo.toml
2024-01-31 19:51:02.370 [info] Configuration changed
2024-01-31 19:51:02.539 [info] Configuration changed
2024-01-31 19:51:04.073 [info] Active editor: file:///home/anthonyoon/Documents/Code%20Projects/zellij/Cross.toml
2024-01-31 19:51:05.832 [info] /home/anthonyoon/Documents/Code Projects/zellij/Cross.toml closed
2024-01-31 19:51:05.861 [info] Active editor: file:///home/anthonyoon/Documents/Code%20Projects/zellij/Cargo.toml
2024-01-31 19:51:05.895 [info] /home/anthonyoon/Documents/Code Projects/zellij/Cross.toml.git closed
2024-01-31 19:51:45.572 [info] /home/anthonyoon/Documents/Code Projects/zellij/Cargo.toml closed
2024-01-31 19:51:45.590 [info] /home/anthonyoon/Documents/Code Projects/zellij/Cargo.toml.git closed
2024-01-31 19:55:52.849 [info] Active editor: file:///home/anthonyoon/Documents/Code%20Projects/zellij/Cross.toml
2024-01-31 19:56:21.426 [info] Active editor: file:///home/anthonyoon/Documents/Code%20Projects/zellij/rust-toolchain.toml
2024-01-31 19:56:21.430 [info] /home/anthonyoon/Documents/Code Projects/zellij/Cross.toml.git closed
2024-01-31 20:05:08.845 [info] Active editor: file:///home/anthonyoon/Documents/Code%20Projects/zellij/target/x86_64-unknown-linux-gnu/release/zellij.d
2024-01-31 20:05:08.853 [info] /home/anthonyoon/Documents/Code Projects/zellij/rust-toolchain.toml.git closed
2024-01-31 20:09:09.738 [info] Active editor: untitled:/home/anthonyoon/.config/zellij/config.kdl
2024-01-31 20:09:09.751 [info] /home/anthonyoon/Documents/Code Projects/zellij/target/x86_64-unknown-linux-gnu/release/zellij.d.git closed
2024-01-31 20:09:19.272 [info] /home/anthonyoon/Documents/Code Projects/zellij/target/x86_64-unknown-linux-gnu/release/zellij.d closed
2024-01-31 20:09:28.392 [info] /home/anthonyoon/.config/zellij/config.kdl closed
2024-01-31 20:10:09.604 [info] Active editor: untitled:/home/anthonyoon/.config/zellij/config.kdl
2024-01-31 20:10:11.789 [info] Active editor: untitled:/home/anthonyoon/.config/zellij/config.kdl
2024-01-31 20:15:28.764 [info] /home/anthonyoon/.config/zellij/config.kdl closed
2024-01-31 20:15:28.785 [info] Active editor: file:///home/anthonyoon/.config/zellij/config.kdl
