2024-02-04 20:44:11.347 [info] Log level: Info
2024-02-04 20:44:11.347 [info] Validating found git in: "git"
2024-02-04 20:44:11.347 [info] Using git "2.43.0" from "git"
2024-02-04 20:44:11.347 [info] > git rev-parse --show-toplevel [2ms]
2024-02-04 20:44:11.347 [info] > git rev-parse --git-dir --git-common-dir [1ms]
2024-02-04 20:44:11.352 [info] Open repository: /home/anthonyoon/Documents/FIT3171/workspace
2024-02-04 20:44:11.365 [info] > git config --get commit.template [7ms]
2024-02-04 20:44:11.418 [info] > git rev-parse --show-toplevel [54ms]
2024-02-04 20:44:11.509 [info] > git rev-parse --show-toplevel [20ms]
2024-02-04 20:44:11.509 [info] > git for-each-ref --format=%(refname)%00%(upstream:short)%00%(objectname)%00%(upstream:track)%00%(upstream:remotename)%00%(upstream:remoteref) refs/heads/master refs/remotes/master [27ms]
2024-02-04 20:44:11.529 [info] > git rev-parse --show-toplevel [9ms]
2024-02-04 20:44:11.551 [info] > git status -z -uall [9ms]
2024-02-04 20:44:11.554 [info] > git rev-parse --show-toplevel [18ms]
2024-02-04 20:44:11.568 [info] > git config --get commit.template [7ms]
2024-02-04 20:44:11.596 [info] > git for-each-ref --format=%(refname)%00%(upstream:short)%00%(objectname)%00%(upstream:track)%00%(upstream:remotename)%00%(upstream:remoteref) refs/heads/master refs/remotes/master [16ms]
2024-02-04 20:44:11.609 [info] > git status -z -uall [7ms]
2024-02-04 20:44:11.934 [info] > git show --textconv :Applieds/Wk5/App10/applied10_sql_advanced.sql [11ms]
2024-02-04 20:44:11.934 [info] > git check-ignore -v -z --stdin [0ms]
2024-02-04 20:44:11.935 [info] > git ls-files --stage -- /home/anthonyoon/Documents/FIT3171/workspace/Applieds/Wk5/App10/applied10_sql_advanced.sql [7ms]
2024-02-04 20:44:11.945 [info] > git cat-file -s 16056a6fc3ddf28705697e69566d92deaa300166 [3ms]
2024-02-04 20:45:21.930 [info] > git config --get commit.template [5ms]
2024-02-04 20:45:21.930 [info] > git for-each-ref --format=%(refname)%00%(upstream:short)%00%(objectname)%00%(upstream:track)%00%(upstream:remotename)%00%(upstream:remoteref) refs/heads/master refs/remotes/master [1ms]
2024-02-04 20:45:21.936 [info] > git status -z -uall [1ms]
2024-02-04 20:45:30.200 [info] > git config --get commit.template [4ms]
2024-02-04 20:45:30.200 [info] > git for-each-ref --format=%(refname)%00%(upstream:short)%00%(objectname)%00%(upstream:track)%00%(upstream:remotename)%00%(upstream:remoteref) refs/heads/master refs/remotes/master [1ms]
2024-02-04 20:45:30.205 [info] > git status -z -uall [1ms]
2024-02-04 20:45:35.212 [info] > git config --get commit.template [0ms]
2024-02-04 20:45:35.217 [info] > git for-each-ref --format=%(refname)%00%(upstream:short)%00%(objectname)%00%(upstream:track)%00%(upstream:remotename)%00%(upstream:remoteref) refs/heads/master refs/remotes/master [1ms]
2024-02-04 20:45:35.223 [info] > git status -z -uall [1ms]
2024-02-04 20:45:40.236 [info] > git config --get commit.template [5ms]
2024-02-04 20:45:40.236 [info] > git for-each-ref --format=%(refname)%00%(upstream:short)%00%(objectname)%00%(upstream:track)%00%(upstream:remotename)%00%(upstream:remoteref) refs/heads/master refs/remotes/master [1ms]
2024-02-04 20:45:40.242 [info] > git status -z -uall [2ms]
2024-02-04 20:45:45.642 [info] > git config --get commit.template [5ms]
2024-02-04 20:45:45.642 [info] > git for-each-ref --format=%(refname)%00%(upstream:short)%00%(objectname)%00%(upstream:track)%00%(upstream:remotename)%00%(upstream:remoteref) refs/heads/master refs/remotes/master [1ms]
2024-02-04 20:45:45.649 [info] > git status -z -uall [2ms]
2024-02-04 20:45:53.152 [info] > git config --get commit.template [4ms]
2024-02-04 20:45:53.152 [info] > git for-each-ref --format=%(refname)%00%(upstream:short)%00%(objectname)%00%(upstream:track)%00%(upstream:remotename)%00%(upstream:remoteref) refs/heads/master refs/remotes/master [1ms]
2024-02-04 20:45:53.157 [info] > git status -z -uall [1ms]
2024-02-04 20:46:00.524 [info] > git show --textconv :Applieds/Wk5/App10/applied10_sql_advanced.sql [5ms]
2024-02-04 20:46:00.525 [info] > git ls-files --stage -- /home/anthonyoon/Documents/FIT3171/workspace/Applieds/Wk5/App10/applied10_sql_advanced.sql [1ms]
2024-02-04 20:46:00.530 [info] > git cat-file -s 16056a6fc3ddf28705697e69566d92deaa300166 [0ms]
2024-02-04 20:46:58.720 [info] > git config --get commit.template [5ms]
2024-02-04 20:46:58.721 [info] > git for-each-ref --format=%(refname)%00%(upstream:short)%00%(objectname)%00%(upstream:track)%00%(upstream:remotename)%00%(upstream:remoteref) refs/heads/master refs/remotes/master [1ms]
2024-02-04 20:46:58.727 [info] > git status -z -uall [2ms]
2024-02-04 20:47:03.738 [info] > git config --get commit.template [4ms]
2024-02-04 20:47:03.738 [info] > git for-each-ref --format=%(refname)%00%(upstream:short)%00%(objectname)%00%(upstream:track)%00%(upstream:remotename)%00%(upstream:remoteref) refs/heads/master refs/remotes/master [1ms]
2024-02-04 20:47:03.743 [info] > git status -z -uall [1ms]
2024-02-04 20:47:08.755 [info] > git config --get commit.template [5ms]
2024-02-04 20:47:08.755 [info] > git for-each-ref --format=%(refname)%00%(upstream:short)%00%(objectname)%00%(upstream:track)%00%(upstream:remotename)%00%(upstream:remoteref) refs/heads/master refs/remotes/master [1ms]
2024-02-04 20:47:08.761 [info] > git status -z -uall [1ms]
2024-02-04 20:47:14.509 [info] > git config --get commit.template [4ms]
2024-02-04 20:47:14.509 [info] > git for-each-ref --format=%(refname)%00%(upstream:short)%00%(objectname)%00%(upstream:track)%00%(upstream:remotename)%00%(upstream:remoteref) refs/heads/master refs/remotes/master [1ms]
2024-02-04 20:47:14.514 [info] > git status -z -uall [1ms]
2024-02-04 20:47:19.525 [info] > git config --get commit.template [4ms]
2024-02-04 20:47:19.526 [info] > git for-each-ref --format=%(refname)%00%(upstream:short)%00%(objectname)%00%(upstream:track)%00%(upstream:remotename)%00%(upstream:remoteref) refs/heads/master refs/remotes/master [1ms]
2024-02-04 20:47:19.531 [info] > git status -z -uall [1ms]
2024-02-04 20:47:24.544 [info] > git config --get commit.template [5ms]
2024-02-04 20:47:24.544 [info] > git for-each-ref --format=%(refname)%00%(upstream:short)%00%(objectname)%00%(upstream:track)%00%(upstream:remotename)%00%(upstream:remoteref) refs/heads/master refs/remotes/master [1ms]
2024-02-04 20:47:24.550 [info] > git status -z -uall [2ms]
2024-02-04 20:47:33.379 [info] > git config --get commit.template [5ms]
2024-02-04 20:47:33.379 [info] > git for-each-ref --format=%(refname)%00%(upstream:short)%00%(objectname)%00%(upstream:track)%00%(upstream:remotename)%00%(upstream:remoteref) refs/heads/master refs/remotes/master [1ms]
2024-02-04 20:47:33.385 [info] > git status -z -uall [2ms]
2024-02-04 20:47:38.396 [info] > git config --get commit.template [4ms]
2024-02-04 20:47:38.397 [info] > git for-each-ref --format=%(refname)%00%(upstream:short)%00%(objectname)%00%(upstream:track)%00%(upstream:remotename)%00%(upstream:remoteref) refs/heads/master refs/remotes/master [1ms]
2024-02-04 20:47:38.402 [info] > git status -z -uall [1ms]
2024-02-04 20:47:49.655 [info] > git config --get commit.template [5ms]
2024-02-04 20:47:49.655 [info] > git for-each-ref --format=%(refname)%00%(upstream:short)%00%(objectname)%00%(upstream:track)%00%(upstream:remotename)%00%(upstream:remoteref) refs/heads/master refs/remotes/master [0ms]
2024-02-04 20:47:49.661 [info] > git status -z -uall [2ms]
2024-02-04 20:47:54.673 [info] > git config --get commit.template [4ms]
2024-02-04 20:47:54.674 [info] > git for-each-ref --format=%(refname)%00%(upstream:short)%00%(objectname)%00%(upstream:track)%00%(upstream:remotename)%00%(upstream:remoteref) refs/heads/master refs/remotes/master [1ms]
2024-02-04 20:47:54.679 [info] > git status -z -uall [1ms]
2024-02-04 20:47:59.692 [info] > git config --get commit.template [5ms]
2024-02-04 20:47:59.692 [info] > git for-each-ref --format=%(refname)%00%(upstream:short)%00%(objectname)%00%(upstream:track)%00%(upstream:remotename)%00%(upstream:remoteref) refs/heads/master refs/remotes/master [1ms]
2024-02-04 20:47:59.697 [info] > git status -z -uall [1ms]
2024-02-04 20:48:13.545 [info] > git config --get commit.template [4ms]
2024-02-04 20:48:13.545 [info] > git for-each-ref --format=%(refname)%00%(upstream:short)%00%(objectname)%00%(upstream:track)%00%(upstream:remotename)%00%(upstream:remoteref) refs/heads/master refs/remotes/master [0ms]
2024-02-04 20:48:13.551 [info] > git status -z -uall [2ms]
2024-02-04 20:48:18.562 [info] > git config --get commit.template [5ms]
2024-02-04 20:48:18.562 [info] > git for-each-ref --format=%(refname)%00%(upstream:short)%00%(objectname)%00%(upstream:track)%00%(upstream:remotename)%00%(upstream:remoteref) refs/heads/master refs/remotes/master [0ms]
2024-02-04 20:48:18.568 [info] > git status -z -uall [2ms]
2024-02-04 20:49:30.267 [info] > git config --get commit.template [5ms]
2024-02-04 20:49:30.267 [info] > git for-each-ref --format=%(refname)%00%(upstream:short)%00%(objectname)%00%(upstream:track)%00%(upstream:remotename)%00%(upstream:remoteref) refs/heads/master refs/remotes/master [1ms]
2024-02-04 20:49:30.274 [info] > git status -z -uall [1ms]
2024-02-04 20:49:35.286 [info] > git config --get commit.template [6ms]
2024-02-04 20:49:35.286 [info] > git for-each-ref --format=%(refname)%00%(upstream:short)%00%(objectname)%00%(upstream:track)%00%(upstream:remotename)%00%(upstream:remoteref) refs/heads/master refs/remotes/master [1ms]
2024-02-04 20:49:35.292 [info] > git status -z -uall [2ms]
2024-02-04 20:49:40.310 [info] > git config --get commit.template [7ms]
2024-02-04 20:49:40.311 [info] > git for-each-ref --format=%(refname)%00%(upstream:short)%00%(objectname)%00%(upstream:track)%00%(upstream:remotename)%00%(upstream:remoteref) refs/heads/master refs/remotes/master [1ms]
2024-02-04 20:49:40.317 [info] > git status -z -uall [2ms]
2024-02-04 20:49:54.882 [info] > git config --get commit.template [5ms]
2024-02-04 20:49:54.883 [info] > git for-each-ref --format=%(refname)%00%(upstream:short)%00%(objectname)%00%(upstream:track)%00%(upstream:remotename)%00%(upstream:remoteref) refs/heads/master refs/remotes/master [1ms]
2024-02-04 20:49:54.889 [info] > git status -z -uall [2ms]
2024-02-04 20:49:59.902 [info] > git config --get commit.template [5ms]
2024-02-04 20:49:59.902 [info] > git for-each-ref --format=%(refname)%00%(upstream:short)%00%(objectname)%00%(upstream:track)%00%(upstream:remotename)%00%(upstream:remoteref) refs/heads/master refs/remotes/master [1ms]
2024-02-04 20:49:59.909 [info] > git status -z -uall [2ms]
2024-02-04 20:50:04.924 [info] > git config --get commit.template [7ms]
2024-02-04 20:50:04.924 [info] > git for-each-ref --format=%(refname)%00%(upstream:short)%00%(objectname)%00%(upstream:track)%00%(upstream:remotename)%00%(upstream:remoteref) refs/heads/master refs/remotes/master [2ms]
2024-02-04 20:50:04.932 [info] > git status -z -uall [2ms]
2024-02-04 20:50:10.038 [info] > git config --get commit.template [6ms]
2024-02-04 20:50:10.039 [info] > git for-each-ref --format=%(refname)%00%(upstream:short)%00%(objectname)%00%(upstream:track)%00%(upstream:remotename)%00%(upstream:remoteref) refs/heads/master refs/remotes/master [1ms]
2024-02-04 20:50:10.045 [info] > git status -z -uall [1ms]
2024-02-04 20:50:15.059 [info] > git config --get commit.template [5ms]
2024-02-04 20:50:15.059 [info] > git for-each-ref --format=%(refname)%00%(upstream:short)%00%(objectname)%00%(upstream:track)%00%(upstream:remotename)%00%(upstream:remoteref) refs/heads/master refs/remotes/master [1ms]
2024-02-04 20:50:15.066 [info] > git status -z -uall [2ms]
2024-02-04 20:50:20.081 [info] > git config --get commit.template [7ms]
2024-02-04 20:50:20.081 [info] > git for-each-ref --format=%(refname)%00%(upstream:short)%00%(objectname)%00%(upstream:track)%00%(upstream:remotename)%00%(upstream:remoteref) refs/heads/master refs/remotes/master [0ms]
2024-02-04 20:50:20.089 [info] > git status -z -uall [2ms]
2024-02-04 20:50:25.102 [info] > git config --get commit.template [5ms]
2024-02-04 20:50:25.103 [info] > git for-each-ref --format=%(refname)%00%(upstream:short)%00%(objectname)%00%(upstream:track)%00%(upstream:remotename)%00%(upstream:remoteref) refs/heads/master refs/remotes/master [1ms]
2024-02-04 20:50:25.111 [info] > git status -z -uall [3ms]
2024-02-04 20:50:57.624 [info] > git config --get commit.template [6ms]
2024-02-04 20:50:57.624 [info] > git for-each-ref --format=%(refname)%00%(upstream:short)%00%(objectname)%00%(upstream:track)%00%(upstream:remotename)%00%(upstream:remoteref) refs/heads/master refs/remotes/master [1ms]
2024-02-04 20:50:57.631 [info] > git status -z -uall [1ms]
2024-02-04 20:51:04.810 [info] > git config --get commit.template [6ms]
2024-02-04 20:51:04.810 [info] > git for-each-ref --format=%(refname)%00%(upstream:short)%00%(objectname)%00%(upstream:track)%00%(upstream:remotename)%00%(upstream:remoteref) refs/heads/master refs/remotes/master [1ms]
2024-02-04 20:51:04.816 [info] > git status -z -uall [1ms]
2024-02-04 20:51:23.101 [info] > git config --get commit.template [5ms]
2024-02-04 20:51:23.101 [info] > git for-each-ref --format=%(refname)%00%(upstream:short)%00%(objectname)%00%(upstream:track)%00%(upstream:remotename)%00%(upstream:remoteref) refs/heads/master refs/remotes/master [1ms]
2024-02-04 20:51:23.108 [info] > git status -z -uall [2ms]
2024-02-04 20:51:30.230 [info] > git config --get commit.template [5ms]
2024-02-04 20:51:30.231 [info] > git for-each-ref --format=%(refname)%00%(upstream:short)%00%(objectname)%00%(upstream:track)%00%(upstream:remotename)%00%(upstream:remoteref) refs/heads/master refs/remotes/master [1ms]
2024-02-04 20:51:30.238 [info] > git status -z -uall [2ms]
2024-02-04 20:51:35.252 [info] > git config --get commit.template [7ms]
2024-02-04 20:51:35.252 [info] > git for-each-ref --format=%(refname)%00%(upstream:short)%00%(objectname)%00%(upstream:track)%00%(upstream:remotename)%00%(upstream:remoteref) refs/heads/master refs/remotes/master [1ms]
2024-02-04 20:51:35.259 [info] > git status -z -uall [1ms]
2024-02-04 20:52:03.911 [info] > git config --get commit.template [7ms]
2024-02-04 20:52:03.911 [info] > git for-each-ref --format=%(refname)%00%(upstream:short)%00%(objectname)%00%(upstream:track)%00%(upstream:remotename)%00%(upstream:remoteref) refs/heads/master refs/remotes/master [1ms]
2024-02-04 20:52:03.918 [info] > git status -z -uall [1ms]
2024-02-04 20:52:16.777 [info] > git config --get commit.template [6ms]
2024-02-04 20:52:16.777 [info] > git for-each-ref --format=%(refname)%00%(upstream:short)%00%(objectname)%00%(upstream:track)%00%(upstream:remotename)%00%(upstream:remoteref) refs/heads/master refs/remotes/master [1ms]
2024-02-04 20:52:16.784 [info] > git status -z -uall [2ms]
2024-02-04 20:52:21.799 [info] > git config --get commit.template [6ms]
2024-02-04 20:52:21.800 [info] > git for-each-ref --format=%(refname)%00%(upstream:short)%00%(objectname)%00%(upstream:track)%00%(upstream:remotename)%00%(upstream:remoteref) refs/heads/master refs/remotes/master [1ms]
2024-02-04 20:52:21.807 [info] > git status -z -uall [2ms]
2024-02-04 20:58:13.015 [info] > git config --get commit.template [5ms]
2024-02-04 20:58:13.015 [info] > git for-each-ref --format=%(refname)%00%(upstream:short)%00%(objectname)%00%(upstream:track)%00%(upstream:remotename)%00%(upstream:remoteref) refs/heads/master refs/remotes/master [1ms]
2024-02-04 20:58:13.020 [info] > git status -z -uall [1ms]
2024-02-04 20:58:26.004 [info] > git config --get commit.template [5ms]
2024-02-04 20:58:26.004 [info] > git for-each-ref --format=%(refname)%00%(upstream:short)%00%(objectname)%00%(upstream:track)%00%(upstream:remotename)%00%(upstream:remoteref) refs/heads/master refs/remotes/master [1ms]
2024-02-04 20:58:26.010 [info] > git status -z -uall [1ms]
2024-02-04 20:58:35.110 [info] > git config --get commit.template [5ms]
2024-02-04 20:58:35.111 [info] > git for-each-ref --format=%(refname)%00%(upstream:short)%00%(objectname)%00%(upstream:track)%00%(upstream:remotename)%00%(upstream:remoteref) refs/heads/master refs/remotes/master [1ms]
2024-02-04 20:58:35.118 [info] > git status -z -uall [2ms]
2024-02-04 20:58:40.129 [info] > git config --get commit.template [5ms]
2024-02-04 20:58:40.129 [info] > git for-each-ref --format=%(refname)%00%(upstream:short)%00%(objectname)%00%(upstream:track)%00%(upstream:remotename)%00%(upstream:remoteref) refs/heads/master refs/remotes/master [1ms]
2024-02-04 20:58:40.134 [info] > git status -z -uall [1ms]
2024-02-04 20:59:06.978 [info] > git config --get commit.template [4ms]
2024-02-04 20:59:06.978 [info] > git for-each-ref --format=%(refname)%00%(upstream:short)%00%(objectname)%00%(upstream:track)%00%(upstream:remotename)%00%(upstream:remoteref) refs/heads/master refs/remotes/master [1ms]
2024-02-04 20:59:06.984 [info] > git status -z -uall [2ms]
2024-02-04 21:00:18.575 [info] > git config --get commit.template [5ms]
2024-02-04 21:00:18.575 [info] > git for-each-ref --format=%(refname)%00%(upstream:short)%00%(objectname)%00%(upstream:track)%00%(upstream:remotename)%00%(upstream:remoteref) refs/heads/master refs/remotes/master [1ms]
2024-02-04 21:00:18.581 [info] > git status -z -uall [1ms]
2024-02-04 21:01:13.262 [info] > git config --get commit.template [4ms]
2024-02-04 21:01:13.262 [info] > git for-each-ref --format=%(refname)%00%(upstream:short)%00%(objectname)%00%(upstream:track)%00%(upstream:remotename)%00%(upstream:remoteref) refs/heads/master refs/remotes/master [0ms]
2024-02-04 21:01:13.268 [info] > git status -z -uall [2ms]
2024-02-04 21:01:18.281 [info] > git config --get commit.template [5ms]
2024-02-04 21:01:18.281 [info] > git for-each-ref --format=%(refname)%00%(upstream:short)%00%(objectname)%00%(upstream:track)%00%(upstream:remotename)%00%(upstream:remoteref) refs/heads/master refs/remotes/master [1ms]
2024-02-04 21:01:18.287 [info] > git status -z -uall [1ms]
2024-02-04 21:07:42.952 [info] > git config --get commit.template [5ms]
2024-02-04 21:07:42.953 [info] > git for-each-ref --format=%(refname)%00%(upstream:short)%00%(objectname)%00%(upstream:track)%00%(upstream:remotename)%00%(upstream:remoteref) refs/heads/master refs/remotes/master [1ms]
2024-02-04 21:07:42.959 [info] > git status -z -uall [2ms]
2024-02-04 21:08:06.487 [info] > git config --get commit.template [4ms]
2024-02-04 21:08:06.487 [info] > git for-each-ref --format=%(refname)%00%(upstream:short)%00%(objectname)%00%(upstream:track)%00%(upstream:remotename)%00%(upstream:remoteref) refs/heads/master refs/remotes/master [1ms]
2024-02-04 21:08:06.492 [info] > git status -z -uall [1ms]
2024-02-04 21:10:10.668 [info] > git config --get commit.template [5ms]
2024-02-04 21:10:10.668 [info] > git for-each-ref --format=%(refname)%00%(upstream:short)%00%(objectname)%00%(upstream:track)%00%(upstream:remotename)%00%(upstream:remoteref) refs/heads/master refs/remotes/master [0ms]
2024-02-04 21:10:10.674 [info] > git status -z -uall [1ms]
2024-02-04 21:10:29.973 [info] > git config --get commit.template [4ms]
2024-02-04 21:10:29.974 [info] > git for-each-ref --format=%(refname)%00%(upstream:short)%00%(objectname)%00%(upstream:track)%00%(upstream:remotename)%00%(upstream:remoteref) refs/heads/master refs/remotes/master [1ms]
2024-02-04 21:10:29.979 [info] > git status -z -uall [1ms]
2024-02-04 21:10:34.991 [info] > git config --get commit.template [5ms]
2024-02-04 21:10:34.991 [info] > git for-each-ref --format=%(refname)%00%(upstream:short)%00%(objectname)%00%(upstream:track)%00%(upstream:remotename)%00%(upstream:remoteref) refs/heads/master refs/remotes/master [1ms]
2024-02-04 21:10:34.997 [info] > git status -z -uall [2ms]
2024-02-04 21:12:20.310 [info] > git config --get commit.template [5ms]
2024-02-04 21:12:20.311 [info] > git for-each-ref --format=%(refname)%00%(upstream:short)%00%(objectname)%00%(upstream:track)%00%(upstream:remotename)%00%(upstream:remoteref) refs/heads/master refs/remotes/master [1ms]
2024-02-04 21:12:20.316 [info] > git status -z -uall [1ms]
2024-02-04 21:12:42.482 [info] > git config --get commit.template [4ms]
2024-02-04 21:12:42.483 [info] > git for-each-ref --format=%(refname)%00%(upstream:short)%00%(objectname)%00%(upstream:track)%00%(upstream:remotename)%00%(upstream:remoteref) refs/heads/master refs/remotes/master [1ms]
2024-02-04 21:12:42.488 [info] > git status -z -uall [1ms]
2024-02-04 21:12:47.500 [info] > git config --get commit.template [5ms]
2024-02-04 21:12:47.500 [info] > git for-each-ref --format=%(refname)%00%(upstream:short)%00%(objectname)%00%(upstream:track)%00%(upstream:remotename)%00%(upstream:remoteref) refs/heads/master refs/remotes/master [1ms]
2024-02-04 21:12:47.506 [info] > git status -z -uall [2ms]
2024-02-04 21:13:51.973 [info] > git config --get commit.template [1ms]
2024-02-04 21:13:51.978 [info] > git for-each-ref --format=%(refname)%00%(upstream:short)%00%(objectname)%00%(upstream:track)%00%(upstream:remotename)%00%(upstream:remoteref) refs/heads/master refs/remotes/master [1ms]
2024-02-04 21:13:51.984 [info] > git status -z -uall [2ms]
2024-02-04 21:13:56.994 [info] > git config --get commit.template [4ms]
2024-02-04 21:13:56.995 [info] > git for-each-ref --format=%(refname)%00%(upstream:short)%00%(objectname)%00%(upstream:track)%00%(upstream:remotename)%00%(upstream:remoteref) refs/heads/master refs/remotes/master [1ms]
2024-02-04 21:13:57.000 [info] > git status -z -uall [1ms]
2024-02-04 21:14:02.014 [info] > git config --get commit.template [5ms]
2024-02-04 21:14:02.014 [info] > git for-each-ref --format=%(refname)%00%(upstream:short)%00%(objectname)%00%(upstream:track)%00%(upstream:remotename)%00%(upstream:remoteref) refs/heads/master refs/remotes/master [0ms]
2024-02-04 21:14:02.020 [info] > git status -z -uall [2ms]
2024-02-04 21:14:18.292 [info] > git config --get commit.template [4ms]
2024-02-04 21:14:18.293 [info] > git for-each-ref --format=%(refname)%00%(upstream:short)%00%(objectname)%00%(upstream:track)%00%(upstream:remotename)%00%(upstream:remoteref) refs/heads/master refs/remotes/master [1ms]
2024-02-04 21:14:18.298 [info] > git status -z -uall [1ms]
2024-02-04 21:14:23.311 [info] > git config --get commit.template [5ms]
2024-02-04 21:14:23.311 [info] > git for-each-ref --format=%(refname)%00%(upstream:short)%00%(objectname)%00%(upstream:track)%00%(upstream:remotename)%00%(upstream:remoteref) refs/heads/master refs/remotes/master [1ms]
2024-02-04 21:14:23.317 [info] > git status -z -uall [2ms]
2024-02-04 21:14:31.957 [info] > git config --get commit.template [5ms]
2024-02-04 21:14:31.957 [info] > git for-each-ref --format=%(refname)%00%(upstream:short)%00%(objectname)%00%(upstream:track)%00%(upstream:remotename)%00%(upstream:remoteref) refs/heads/master refs/remotes/master [1ms]
2024-02-04 21:14:31.963 [info] > git status -z -uall [2ms]
2024-02-04 21:15:06.358 [info] > git config --get commit.template [4ms]
2024-02-04 21:15:06.359 [info] > git for-each-ref --format=%(refname)%00%(upstream:short)%00%(objectname)%00%(upstream:track)%00%(upstream:remotename)%00%(upstream:remoteref) refs/heads/master refs/remotes/master [1ms]
2024-02-04 21:15:06.365 [info] > git status -z -uall [2ms]
2024-02-04 21:15:17.287 [info] > git config --get commit.template [5ms]
2024-02-04 21:15:17.287 [info] > git for-each-ref --format=%(refname)%00%(upstream:short)%00%(objectname)%00%(upstream:track)%00%(upstream:remotename)%00%(upstream:remoteref) refs/heads/master refs/remotes/master [0ms]
2024-02-04 21:15:17.293 [info] > git status -z -uall [2ms]
2024-02-04 21:15:22.305 [info] > git config --get commit.template [4ms]
2024-02-04 21:15:22.305 [info] > git for-each-ref --format=%(refname)%00%(upstream:short)%00%(objectname)%00%(upstream:track)%00%(upstream:remotename)%00%(upstream:remoteref) refs/heads/master refs/remotes/master [1ms]
2024-02-04 21:15:22.311 [info] > git status -z -uall [2ms]
2024-02-04 21:15:51.966 [info] > git config --get commit.template [4ms]
2024-02-04 21:15:51.966 [info] > git for-each-ref --format=%(refname)%00%(upstream:short)%00%(objectname)%00%(upstream:track)%00%(upstream:remotename)%00%(upstream:remoteref) refs/heads/master refs/remotes/master [1ms]
2024-02-04 21:15:51.971 [info] > git status -z -uall [1ms]
2024-02-04 21:15:57.244 [info] > git config --get commit.template [4ms]
2024-02-04 21:15:57.244 [info] > git for-each-ref --format=%(refname)%00%(upstream:short)%00%(objectname)%00%(upstream:track)%00%(upstream:remotename)%00%(upstream:remoteref) refs/heads/master refs/remotes/master [0ms]
2024-02-04 21:15:57.250 [info] > git status -z -uall [1ms]
2024-02-04 21:17:21.319 [info] > git config --get commit.template [0ms]
2024-02-04 21:17:21.324 [info] > git for-each-ref --format=%(refname)%00%(upstream:short)%00%(objectname)%00%(upstream:track)%00%(upstream:remotename)%00%(upstream:remoteref) refs/heads/master refs/remotes/master [1ms]
2024-02-04 21:17:21.330 [info] > git status -z -uall [2ms]
2024-02-04 21:17:51.086 [info] > git config --get commit.template [4ms]
2024-02-04 21:17:51.087 [info] > git for-each-ref --format=%(refname)%00%(upstream:short)%00%(objectname)%00%(upstream:track)%00%(upstream:remotename)%00%(upstream:remoteref) refs/heads/master refs/remotes/master [1ms]
2024-02-04 21:17:51.093 [info] > git status -z -uall [2ms]
2024-02-04 21:18:18.221 [info] > git config --get commit.template [5ms]
2024-02-04 21:18:18.221 [info] > git for-each-ref --format=%(refname)%00%(upstream:short)%00%(objectname)%00%(upstream:track)%00%(upstream:remotename)%00%(upstream:remoteref) refs/heads/master refs/remotes/master [0ms]
2024-02-04 21:18:18.227 [info] > git status -z -uall [2ms]
2024-02-04 21:19:58.406 [info] > git config --get commit.template [5ms]
2024-02-04 21:19:58.406 [info] > git for-each-ref --format=%(refname)%00%(upstream:short)%00%(objectname)%00%(upstream:track)%00%(upstream:remotename)%00%(upstream:remoteref) refs/heads/master refs/remotes/master [0ms]
2024-02-04 21:19:58.412 [info] > git status -z -uall [1ms]
2024-02-04 21:20:08.038 [info] > git config --get commit.template [4ms]
2024-02-04 21:20:08.039 [info] > git for-each-ref --format=%(refname)%00%(upstream:short)%00%(objectname)%00%(upstream:track)%00%(upstream:remotename)%00%(upstream:remoteref) refs/heads/master refs/remotes/master [1ms]
2024-02-04 21:20:08.045 [info] > git status -z -uall [2ms]
2024-02-04 21:20:44.371 [info] > git config --get commit.template [5ms]
2024-02-04 21:20:44.371 [info] > git for-each-ref --format=%(refname)%00%(upstream:short)%00%(objectname)%00%(upstream:track)%00%(upstream:remotename)%00%(upstream:remoteref) refs/heads/master refs/remotes/master [1ms]
2024-02-04 21:20:44.377 [info] > git status -z -uall [1ms]
2024-02-04 21:20:49.389 [info] > git config --get commit.template [5ms]
2024-02-04 21:20:49.389 [info] > git for-each-ref --format=%(refname)%00%(upstream:short)%00%(objectname)%00%(upstream:track)%00%(upstream:remotename)%00%(upstream:remoteref) refs/heads/master refs/remotes/master [0ms]
2024-02-04 21:20:49.395 [info] > git status -z -uall [2ms]
2024-02-04 21:22:06.370 [info] > git config --get commit.template [5ms]
2024-02-04 21:22:06.370 [info] > git for-each-ref --format=%(refname)%00%(upstream:short)%00%(objectname)%00%(upstream:track)%00%(upstream:remotename)%00%(upstream:remoteref) refs/heads/master refs/remotes/master [0ms]
2024-02-04 21:22:06.376 [info] > git status -z -uall [2ms]
2024-02-04 21:22:11.383 [info] > git config --get commit.template [0ms]
2024-02-04 21:22:11.388 [info] > git for-each-ref --format=%(refname)%00%(upstream:short)%00%(objectname)%00%(upstream:track)%00%(upstream:remotename)%00%(upstream:remoteref) refs/heads/master refs/remotes/master [1ms]
2024-02-04 21:22:11.393 [info] > git status -z -uall [1ms]
2024-02-04 21:22:44.966 [info] > git config --get commit.template [5ms]
2024-02-04 21:22:44.966 [info] > git for-each-ref --format=%(refname)%00%(upstream:short)%00%(objectname)%00%(upstream:track)%00%(upstream:remotename)%00%(upstream:remoteref) refs/heads/master refs/remotes/master [1ms]
2024-02-04 21:22:44.971 [info] > git status -z -uall [1ms]
2024-02-04 21:22:49.984 [info] > git config --get commit.template [5ms]
2024-02-04 21:22:49.984 [info] > git for-each-ref --format=%(refname)%00%(upstream:short)%00%(objectname)%00%(upstream:track)%00%(upstream:remotename)%00%(upstream:remoteref) refs/heads/master refs/remotes/master [0ms]
2024-02-04 21:22:49.990 [info] > git status -z -uall [2ms]
2024-02-04 21:22:58.342 [info] > git config --get commit.template [4ms]
2024-02-04 21:22:58.343 [info] > git for-each-ref --format=%(refname)%00%(upstream:short)%00%(objectname)%00%(upstream:track)%00%(upstream:remotename)%00%(upstream:remoteref) refs/heads/master refs/remotes/master [1ms]
2024-02-04 21:22:58.349 [info] > git status -z -uall [2ms]
2024-02-04 21:23:04.660 [info] > git config --get commit.template [5ms]
2024-02-04 21:23:04.661 [info] > git for-each-ref --format=%(refname)%00%(upstream:short)%00%(objectname)%00%(upstream:track)%00%(upstream:remotename)%00%(upstream:remoteref) refs/heads/master refs/remotes/master [1ms]
2024-02-04 21:23:04.666 [info] > git status -z -uall [1ms]
2024-02-04 21:23:09.678 [info] > git config --get commit.template [5ms]
2024-02-04 21:23:09.678 [info] > git for-each-ref --format=%(refname)%00%(upstream:short)%00%(objectname)%00%(upstream:track)%00%(upstream:remotename)%00%(upstream:remoteref) refs/heads/master refs/remotes/master [1ms]
2024-02-04 21:23:09.684 [info] > git status -z -uall [2ms]
2024-02-04 21:23:21.335 [info] > git config --get commit.template [6ms]
2024-02-04 21:23:21.335 [info] > git for-each-ref --format=%(refname)%00%(upstream:short)%00%(objectname)%00%(upstream:track)%00%(upstream:remotename)%00%(upstream:remoteref) refs/heads/master refs/remotes/master [1ms]
2024-02-04 21:23:21.342 [info] > git status -z -uall [1ms]
2024-02-04 21:23:26.353 [info] > git config --get commit.template [4ms]
2024-02-04 21:23:26.354 [info] > git for-each-ref --format=%(refname)%00%(upstream:short)%00%(objectname)%00%(upstream:track)%00%(upstream:remotename)%00%(upstream:remoteref) refs/heads/master refs/remotes/master [1ms]
2024-02-04 21:23:26.360 [info] > git status -z -uall [2ms]
2024-02-04 21:23:31.370 [info] > git config --get commit.template [4ms]
2024-02-04 21:23:31.371 [info] > git for-each-ref --format=%(refname)%00%(upstream:short)%00%(objectname)%00%(upstream:track)%00%(upstream:remotename)%00%(upstream:remoteref) refs/heads/master refs/remotes/master [1ms]
2024-02-04 21:23:31.376 [info] > git status -z -uall [1ms]
2024-02-04 21:23:36.598 [info] > git config --get commit.template [6ms]
2024-02-04 21:23:36.598 [info] > git for-each-ref --format=%(refname)%00%(upstream:short)%00%(objectname)%00%(upstream:track)%00%(upstream:remotename)%00%(upstream:remoteref) refs/heads/master refs/remotes/master [0ms]
2024-02-04 21:23:36.606 [info] > git status -z -uall [2ms]
2024-02-04 21:23:41.619 [info] > git config --get commit.template [4ms]
2024-02-04 21:23:41.619 [info] > git for-each-ref --format=%(refname)%00%(upstream:short)%00%(objectname)%00%(upstream:track)%00%(upstream:remotename)%00%(upstream:remoteref) refs/heads/master refs/remotes/master [1ms]
2024-02-04 21:23:41.624 [info] > git status -z -uall [1ms]
2024-02-04 21:23:58.614 [info] > git config --get commit.template [5ms]
2024-02-04 21:23:58.614 [info] > git for-each-ref --format=%(refname)%00%(upstream:short)%00%(objectname)%00%(upstream:track)%00%(upstream:remotename)%00%(upstream:remoteref) refs/heads/master refs/remotes/master [0ms]
2024-02-04 21:23:58.620 [info] > git status -z -uall [1ms]
2024-02-04 21:24:03.631 [info] > git config --get commit.template [4ms]
2024-02-04 21:24:03.632 [info] > git for-each-ref --format=%(refname)%00%(upstream:short)%00%(objectname)%00%(upstream:track)%00%(upstream:remotename)%00%(upstream:remoteref) refs/heads/master refs/remotes/master [1ms]
2024-02-04 21:24:03.637 [info] > git status -z -uall [1ms]
2024-02-04 21:24:35.214 [info] > git config --get commit.template [5ms]
2024-02-04 21:24:35.214 [info] > git for-each-ref --format=%(refname)%00%(upstream:short)%00%(objectname)%00%(upstream:track)%00%(upstream:remotename)%00%(upstream:remoteref) refs/heads/master refs/remotes/master [0ms]
2024-02-04 21:24:35.220 [info] > git status -z -uall [1ms]
2024-02-04 21:24:42.867 [info] > git config --get commit.template [5ms]
2024-02-04 21:24:42.867 [info] > git for-each-ref --format=%(refname)%00%(upstream:short)%00%(objectname)%00%(upstream:track)%00%(upstream:remotename)%00%(upstream:remoteref) refs/heads/master refs/remotes/master [1ms]
2024-02-04 21:24:42.872 [info] > git status -z -uall [1ms]
2024-02-04 21:26:28.812 [info] > git config --get commit.template [4ms]
2024-02-04 21:26:28.812 [info] > git for-each-ref --format=%(refname)%00%(upstream:short)%00%(objectname)%00%(upstream:track)%00%(upstream:remotename)%00%(upstream:remoteref) refs/heads/master refs/remotes/master [1ms]
2024-02-04 21:26:28.817 [info] > git status -z -uall [1ms]
2024-02-04 21:32:05.882 [info] > git config --get commit.template [5ms]
2024-02-04 21:32:05.883 [info] > git for-each-ref --format=%(refname)%00%(upstream:short)%00%(objectname)%00%(upstream:track)%00%(upstream:remotename)%00%(upstream:remoteref) refs/heads/master refs/remotes/master [1ms]
2024-02-04 21:32:05.889 [info] > git status -z -uall [1ms]
2024-02-04 21:32:20.980 [info] > git config --get commit.template [4ms]
2024-02-04 21:32:20.981 [info] > git for-each-ref --format=%(refname)%00%(upstream:short)%00%(objectname)%00%(upstream:track)%00%(upstream:remotename)%00%(upstream:remoteref) refs/heads/master refs/remotes/master [1ms]
2024-02-04 21:32:20.987 [info] > git status -z -uall [2ms]
2024-02-04 21:36:02.136 [info] > git config --get commit.template [4ms]
2024-02-04 21:36:02.137 [info] > git for-each-ref --format=%(refname)%00%(upstream:short)%00%(objectname)%00%(upstream:track)%00%(upstream:remotename)%00%(upstream:remoteref) refs/heads/master refs/remotes/master [1ms]
2024-02-04 21:36:02.142 [info] > git status -z -uall [1ms]
2024-02-04 21:36:09.337 [info] > git config --get commit.template [1ms]
2024-02-04 21:36:09.343 [info] > git for-each-ref --format=%(refname)%00%(upstream:short)%00%(objectname)%00%(upstream:track)%00%(upstream:remotename)%00%(upstream:remoteref) refs/heads/master refs/remotes/master [1ms]
2024-02-04 21:36:09.350 [info] > git status -z -uall [1ms]
2024-02-04 21:36:23.712 [info] > git config --get commit.template [4ms]
2024-02-04 21:36:23.713 [info] > git for-each-ref --format=%(refname)%00%(upstream:short)%00%(objectname)%00%(upstream:track)%00%(upstream:remotename)%00%(upstream:remoteref) refs/heads/master refs/remotes/master [1ms]
2024-02-04 21:36:23.718 [info] > git status -z -uall [1ms]
2024-02-04 21:43:38.454 [info] > git config --get commit.template [5ms]
2024-02-04 21:43:38.455 [info] > git for-each-ref --format=%(refname)%00%(upstream:short)%00%(objectname)%00%(upstream:track)%00%(upstream:remotename)%00%(upstream:remoteref) refs/heads/master refs/remotes/master [1ms]
2024-02-04 21:43:38.461 [info] > git status -z -uall [2ms]
2024-02-04 21:49:40.963 [info] > git config --get commit.template [6ms]
2024-02-04 21:49:40.963 [info] > git for-each-ref --format=%(refname)%00%(upstream:short)%00%(objectname)%00%(upstream:track)%00%(upstream:remotename)%00%(upstream:remoteref) refs/heads/master refs/remotes/master [1ms]
2024-02-04 21:49:40.970 [info] > git status -z -uall [1ms]
2024-02-04 21:51:40.937 [info] > git config --get commit.template [6ms]
2024-02-04 21:51:40.937 [info] > git for-each-ref --format=%(refname)%00%(upstream:short)%00%(objectname)%00%(upstream:track)%00%(upstream:remotename)%00%(upstream:remoteref) refs/heads/master refs/remotes/master [1ms]
2024-02-04 21:51:40.944 [info] > git status -z -uall [1ms]
2024-02-04 21:52:00.874 [info] > git config --get commit.template [5ms]
2024-02-04 21:52:00.875 [info] > git for-each-ref --format=%(refname)%00%(upstream:short)%00%(objectname)%00%(upstream:track)%00%(upstream:remotename)%00%(upstream:remoteref) refs/heads/master refs/remotes/master [1ms]
2024-02-04 21:52:00.881 [info] > git status -z -uall [2ms]
2024-02-04 21:52:11.208 [info] > git config --get commit.template [5ms]
2024-02-04 21:52:11.208 [info] > git for-each-ref --format=%(refname)%00%(upstream:short)%00%(objectname)%00%(upstream:track)%00%(upstream:remotename)%00%(upstream:remoteref) refs/heads/master refs/remotes/master [1ms]
2024-02-04 21:52:11.215 [info] > git status -z -uall [2ms]
2024-02-04 21:55:45.199 [info] > git config --get commit.template [5ms]
2024-02-04 21:55:45.200 [info] > git for-each-ref --format=%(refname)%00%(upstream:short)%00%(objectname)%00%(upstream:track)%00%(upstream:remotename)%00%(upstream:remoteref) refs/heads/master refs/remotes/master [1ms]
2024-02-04 21:55:45.208 [info] > git status -z -uall [2ms]
2024-02-04 21:56:08.370 [info] > git config --get commit.template [5ms]
2024-02-04 21:56:08.370 [info] > git for-each-ref --format=%(refname)%00%(upstream:short)%00%(objectname)%00%(upstream:track)%00%(upstream:remotename)%00%(upstream:remoteref) refs/heads/master refs/remotes/master [0ms]
2024-02-04 21:56:08.377 [info] > git status -z -uall [1ms]
2024-02-04 21:57:17.492 [info] > git config --get commit.template [5ms]
2024-02-04 21:57:17.493 [info] > git for-each-ref --format=%(refname)%00%(upstream:short)%00%(objectname)%00%(upstream:track)%00%(upstream:remotename)%00%(upstream:remoteref) refs/heads/master refs/remotes/master [1ms]
2024-02-04 21:57:17.500 [info] > git status -z -uall [2ms]
2024-02-04 21:58:14.848 [info] > git config --get commit.template [8ms]
2024-02-04 21:58:14.848 [info] > git for-each-ref --format=%(refname)%00%(upstream:short)%00%(objectname)%00%(upstream:track)%00%(upstream:remotename)%00%(upstream:remoteref) refs/heads/master refs/remotes/master [1ms]
2024-02-04 21:58:14.856 [info] > git status -z -uall [1ms]
2024-02-04 21:59:55.296 [info] > git config --get commit.template [5ms]
2024-02-04 21:59:55.297 [info] > git for-each-ref --format=%(refname)%00%(upstream:short)%00%(objectname)%00%(upstream:track)%00%(upstream:remotename)%00%(upstream:remoteref) refs/heads/master refs/remotes/master [1ms]
2024-02-04 21:59:55.303 [info] > git status -z -uall [1ms]
2024-02-04 22:00:40.662 [info] > git config --get commit.template [5ms]
2024-02-04 22:00:40.662 [info] > git for-each-ref --format=%(refname)%00%(upstream:short)%00%(objectname)%00%(upstream:track)%00%(upstream:remotename)%00%(upstream:remoteref) refs/heads/master refs/remotes/master [1ms]
2024-02-04 22:00:40.668 [info] > git status -z -uall [1ms]
2024-02-04 22:01:31.028 [info] > git config --get commit.template [6ms]
2024-02-04 22:01:31.028 [info] > git for-each-ref --format=%(refname)%00%(upstream:short)%00%(objectname)%00%(upstream:track)%00%(upstream:remotename)%00%(upstream:remoteref) refs/heads/master refs/remotes/master [1ms]
2024-02-04 22:01:31.034 [info] > git status -z -uall [1ms]
2024-02-04 22:02:55.793 [info] > git config --get commit.template [5ms]
2024-02-04 22:02:55.794 [info] > git for-each-ref --format=%(refname)%00%(upstream:short)%00%(objectname)%00%(upstream:track)%00%(upstream:remotename)%00%(upstream:remoteref) refs/heads/master refs/remotes/master [0ms]
2024-02-04 22:02:55.800 [info] > git status -z -uall [1ms]
2024-02-04 22:04:03.492 [info] > git config --get commit.template [6ms]
2024-02-04 22:04:03.492 [info] > git for-each-ref --format=%(refname)%00%(upstream:short)%00%(objectname)%00%(upstream:track)%00%(upstream:remotename)%00%(upstream:remoteref) refs/heads/master refs/remotes/master [0ms]
2024-02-04 22:04:03.500 [info] > git status -z -uall [1ms]
2024-02-04 22:04:25.860 [info] > git config --get commit.template [5ms]
2024-02-04 22:04:25.860 [info] > git for-each-ref --format=%(refname)%00%(upstream:short)%00%(objectname)%00%(upstream:track)%00%(upstream:remotename)%00%(upstream:remoteref) refs/heads/master refs/remotes/master [1ms]
2024-02-04 22:04:25.867 [info] > git status -z -uall [2ms]
2024-02-04 22:05:46.064 [info] > git config --get commit.template [6ms]
2024-02-04 22:05:46.064 [info] > git for-each-ref --format=%(refname)%00%(upstream:short)%00%(objectname)%00%(upstream:track)%00%(upstream:remotename)%00%(upstream:remoteref) refs/heads/master refs/remotes/master [0ms]
2024-02-04 22:05:46.071 [info] > git status -z -uall [1ms]
2024-02-04 22:06:19.151 [info] > git config --get commit.template [6ms]
2024-02-04 22:06:19.151 [info] > git for-each-ref --format=%(refname)%00%(upstream:short)%00%(objectname)%00%(upstream:track)%00%(upstream:remotename)%00%(upstream:remoteref) refs/heads/master refs/remotes/master [1ms]
2024-02-04 22:06:19.157 [info] > git status -z -uall [1ms]
2024-02-04 22:06:39.675 [info] > git config --get commit.template [6ms]
2024-02-04 22:06:39.675 [info] > git for-each-ref --format=%(refname)%00%(upstream:short)%00%(objectname)%00%(upstream:track)%00%(upstream:remotename)%00%(upstream:remoteref) refs/heads/master refs/remotes/master [1ms]
2024-02-04 22:06:39.682 [info] > git status -z -uall [1ms]
2024-02-04 22:08:55.120 [info] > git config --get commit.template [5ms]
2024-02-04 22:08:55.120 [info] > git for-each-ref --format=%(refname)%00%(upstream:short)%00%(objectname)%00%(upstream:track)%00%(upstream:remotename)%00%(upstream:remoteref) refs/heads/master refs/remotes/master [1ms]
2024-02-04 22:08:55.127 [info] > git status -z -uall [2ms]
2024-02-04 22:09:00.140 [info] > git config --get commit.template [5ms]
2024-02-04 22:09:00.140 [info] > git for-each-ref --format=%(refname)%00%(upstream:short)%00%(objectname)%00%(upstream:track)%00%(upstream:remotename)%00%(upstream:remoteref) refs/heads/master refs/remotes/master [1ms]
2024-02-04 22:09:00.146 [info] > git status -z -uall [1ms]
2024-02-04 22:09:05.159 [info] > git config --get commit.template [5ms]
2024-02-04 22:09:05.160 [info] > git for-each-ref --format=%(refname)%00%(upstream:short)%00%(objectname)%00%(upstream:track)%00%(upstream:remotename)%00%(upstream:remoteref) refs/heads/master refs/remotes/master [1ms]
2024-02-04 22:09:05.167 [info] > git status -z -uall [2ms]
2024-02-04 22:09:10.178 [info] > git config --get commit.template [5ms]
2024-02-04 22:09:10.178 [info] > git for-each-ref --format=%(refname)%00%(upstream:short)%00%(objectname)%00%(upstream:track)%00%(upstream:remotename)%00%(upstream:remoteref) refs/heads/master refs/remotes/master [0ms]
2024-02-04 22:09:10.185 [info] > git status -z -uall [2ms]
2024-02-04 22:09:15.197 [info] > git config --get commit.template [5ms]
2024-02-04 22:09:15.197 [info] > git for-each-ref --format=%(refname)%00%(upstream:short)%00%(objectname)%00%(upstream:track)%00%(upstream:remotename)%00%(upstream:remoteref) refs/heads/master refs/remotes/master [0ms]
2024-02-04 22:09:15.204 [info] > git status -z -uall [2ms]
2024-02-04 22:09:20.217 [info] > git config --get commit.template [6ms]
2024-02-04 22:09:20.217 [info] > git for-each-ref --format=%(refname)%00%(upstream:short)%00%(objectname)%00%(upstream:track)%00%(upstream:remotename)%00%(upstream:remoteref) refs/heads/master refs/remotes/master [1ms]
2024-02-04 22:09:20.224 [info] > git status -z -uall [2ms]
2024-02-04 22:09:25.238 [info] > git config --get commit.template [6ms]
2024-02-04 22:09:25.238 [info] > git for-each-ref --format=%(refname)%00%(upstream:short)%00%(objectname)%00%(upstream:track)%00%(upstream:remotename)%00%(upstream:remoteref) refs/heads/master refs/remotes/master [1ms]
2024-02-04 22:09:25.245 [info] > git status -z -uall [1ms]
2024-02-04 22:09:50.976 [info] > git config --get commit.template [5ms]
2024-02-04 22:09:50.976 [info] > git for-each-ref --format=%(refname)%00%(upstream:short)%00%(objectname)%00%(upstream:track)%00%(upstream:remotename)%00%(upstream:remoteref) refs/heads/master refs/remotes/master [1ms]
2024-02-04 22:09:50.982 [info] > git status -z -uall [1ms]
2024-02-04 22:09:55.995 [info] > git config --get commit.template [6ms]
2024-02-04 22:09:55.995 [info] > git for-each-ref --format=%(refname)%00%(upstream:short)%00%(objectname)%00%(upstream:track)%00%(upstream:remotename)%00%(upstream:remoteref) refs/heads/master refs/remotes/master [1ms]
2024-02-04 22:09:56.002 [info] > git status -z -uall [2ms]
2024-02-04 22:10:40.363 [info] > git config --get commit.template [5ms]
2024-02-04 22:10:40.364 [info] > git for-each-ref --format=%(refname)%00%(upstream:short)%00%(objectname)%00%(upstream:track)%00%(upstream:remotename)%00%(upstream:remoteref) refs/heads/master refs/remotes/master [1ms]
2024-02-04 22:10:40.370 [info] > git status -z -uall [1ms]
2024-02-04 22:10:45.384 [info] > git config --get commit.template [6ms]
2024-02-04 22:10:45.384 [info] > git for-each-ref --format=%(refname)%00%(upstream:short)%00%(objectname)%00%(upstream:track)%00%(upstream:remotename)%00%(upstream:remoteref) refs/heads/master refs/remotes/master [1ms]
2024-02-04 22:10:45.391 [info] > git status -z -uall [2ms]
2024-02-04 22:10:58.778 [info] > git config --get commit.template [6ms]
2024-02-04 22:10:58.779 [info] > git for-each-ref --format=%(refname)%00%(upstream:short)%00%(objectname)%00%(upstream:track)%00%(upstream:remotename)%00%(upstream:remoteref) refs/heads/master refs/remotes/master [1ms]
2024-02-04 22:10:58.786 [info] > git status -z -uall [2ms]
2024-02-04 22:11:03.799 [info] > git config --get commit.template [5ms]
2024-02-04 22:11:03.800 [info] > git for-each-ref --format=%(refname)%00%(upstream:short)%00%(objectname)%00%(upstream:track)%00%(upstream:remotename)%00%(upstream:remoteref) refs/heads/master refs/remotes/master [1ms]
2024-02-04 22:11:03.806 [info] > git status -z -uall [2ms]
2024-02-04 22:11:08.819 [info] > git config --get commit.template [5ms]
2024-02-04 22:11:08.820 [info] > git for-each-ref --format=%(refname)%00%(upstream:short)%00%(objectname)%00%(upstream:track)%00%(upstream:remotename)%00%(upstream:remoteref) refs/heads/master refs/remotes/master [1ms]
2024-02-04 22:11:08.826 [info] > git status -z -uall [1ms]
2024-02-04 22:11:15.278 [info] > git config --get commit.template [6ms]
2024-02-04 22:11:15.279 [info] > git for-each-ref --format=%(refname)%00%(upstream:short)%00%(objectname)%00%(upstream:track)%00%(upstream:remotename)%00%(upstream:remoteref) refs/heads/master refs/remotes/master [1ms]
2024-02-04 22:11:15.286 [info] > git status -z -uall [1ms]
2024-02-04 22:11:20.301 [info] > git config --get commit.template [6ms]
2024-02-04 22:11:20.301 [info] > git for-each-ref --format=%(refname)%00%(upstream:short)%00%(objectname)%00%(upstream:track)%00%(upstream:remotename)%00%(upstream:remoteref) refs/heads/master refs/remotes/master [1ms]
2024-02-04 22:11:20.308 [info] > git status -z -uall [1ms]
2024-02-04 22:11:25.326 [info] > git config --get commit.template [11ms]
2024-02-04 22:11:25.327 [info] > git for-each-ref --format=%(refname)%00%(upstream:short)%00%(objectname)%00%(upstream:track)%00%(upstream:remotename)%00%(upstream:remoteref) refs/heads/master refs/remotes/master [1ms]
2024-02-04 22:11:25.334 [info] > git status -z -uall [1ms]
2024-02-04 22:11:30.346 [info] > git config --get commit.template [5ms]
2024-02-04 22:11:30.347 [info] > git for-each-ref --format=%(refname)%00%(upstream:short)%00%(objectname)%00%(upstream:track)%00%(upstream:remotename)%00%(upstream:remoteref) refs/heads/master refs/remotes/master [1ms]
2024-02-04 22:11:30.353 [info] > git status -z -uall [1ms]
2024-02-04 22:11:35.361 [info] > git config --get commit.template [1ms]
2024-02-04 22:11:35.366 [info] > git for-each-ref --format=%(refname)%00%(upstream:short)%00%(objectname)%00%(upstream:track)%00%(upstream:remotename)%00%(upstream:remoteref) refs/heads/master refs/remotes/master [0ms]
2024-02-04 22:11:35.373 [info] > git status -z -uall [1ms]
2024-02-04 22:11:40.387 [info] > git config --get commit.template [7ms]
2024-02-04 22:11:40.387 [info] > git for-each-ref --format=%(refname)%00%(upstream:short)%00%(objectname)%00%(upstream:track)%00%(upstream:remotename)%00%(upstream:remoteref) refs/heads/master refs/remotes/master [1ms]
2024-02-04 22:11:40.394 [info] > git status -z -uall [1ms]
2024-02-04 22:11:46.673 [info] > git config --get commit.template [5ms]
2024-02-04 22:11:46.673 [info] > git for-each-ref --format=%(refname)%00%(upstream:short)%00%(objectname)%00%(upstream:track)%00%(upstream:remotename)%00%(upstream:remoteref) refs/heads/master refs/remotes/master [0ms]
2024-02-04 22:11:46.680 [info] > git status -z -uall [2ms]
2024-02-04 22:11:51.864 [info] > git config --get commit.template [5ms]
2024-02-04 22:11:51.865 [info] > git for-each-ref --format=%(refname)%00%(upstream:short)%00%(objectname)%00%(upstream:track)%00%(upstream:remotename)%00%(upstream:remoteref) refs/heads/master refs/remotes/master [1ms]
2024-02-04 22:11:51.871 [info] > git status -z -uall [2ms]
2024-02-04 22:11:56.883 [info] > git config --get commit.template [5ms]
2024-02-04 22:11:56.884 [info] > git for-each-ref --format=%(refname)%00%(upstream:short)%00%(objectname)%00%(upstream:track)%00%(upstream:remotename)%00%(upstream:remoteref) refs/heads/master refs/remotes/master [1ms]
2024-02-04 22:11:56.891 [info] > git status -z -uall [2ms]
2024-02-04 22:12:01.904 [info] > git config --get commit.template [7ms]
2024-02-04 22:12:01.905 [info] > git for-each-ref --format=%(refname)%00%(upstream:short)%00%(objectname)%00%(upstream:track)%00%(upstream:remotename)%00%(upstream:remoteref) refs/heads/master refs/remotes/master [1ms]
2024-02-04 22:12:01.912 [info] > git status -z -uall [2ms]
2024-02-04 22:12:18.681 [info] > git config --get commit.template [5ms]
2024-02-04 22:12:18.682 [info] > git for-each-ref --format=%(refname)%00%(upstream:short)%00%(objectname)%00%(upstream:track)%00%(upstream:remotename)%00%(upstream:remoteref) refs/heads/master refs/remotes/master [1ms]
2024-02-04 22:12:18.688 [info] > git status -z -uall [1ms]
2024-02-04 22:12:52.203 [info] > git config --get commit.template [5ms]
2024-02-04 22:12:52.204 [info] > git for-each-ref --format=%(refname)%00%(upstream:short)%00%(objectname)%00%(upstream:track)%00%(upstream:remotename)%00%(upstream:remoteref) refs/heads/master refs/remotes/master [1ms]
2024-02-04 22:12:52.212 [info] > git status -z -uall [1ms]
2024-02-04 22:12:57.224 [info] > git config --get commit.template [5ms]
2024-02-04 22:12:57.225 [info] > git for-each-ref --format=%(refname)%00%(upstream:short)%00%(objectname)%00%(upstream:track)%00%(upstream:remotename)%00%(upstream:remoteref) refs/heads/master refs/remotes/master [1ms]
2024-02-04 22:12:57.231 [info] > git status -z -uall [2ms]
2024-02-04 22:13:02.243 [info] > git config --get commit.template [5ms]
2024-02-04 22:13:02.244 [info] > git for-each-ref --format=%(refname)%00%(upstream:short)%00%(objectname)%00%(upstream:track)%00%(upstream:remotename)%00%(upstream:remoteref) refs/heads/master refs/remotes/master [1ms]
2024-02-04 22:13:02.252 [info] > git status -z -uall [2ms]
2024-02-04 22:13:07.640 [info] > git config --get commit.template [6ms]
2024-02-04 22:13:07.640 [info] > git for-each-ref --format=%(refname)%00%(upstream:short)%00%(objectname)%00%(upstream:track)%00%(upstream:remotename)%00%(upstream:remoteref) refs/heads/master refs/remotes/master [1ms]
2024-02-04 22:13:07.648 [info] > git status -z -uall [2ms]
2024-02-04 22:13:12.660 [info] > git config --get commit.template [5ms]
2024-02-04 22:13:12.660 [info] > git for-each-ref --format=%(refname)%00%(upstream:short)%00%(objectname)%00%(upstream:track)%00%(upstream:remotename)%00%(upstream:remoteref) refs/heads/master refs/remotes/master [0ms]
2024-02-04 22:13:12.667 [info] > git status -z -uall [1ms]
2024-02-04 22:13:22.826 [info] > git config --get commit.template [5ms]
2024-02-04 22:13:22.827 [info] > git for-each-ref --format=%(refname)%00%(upstream:short)%00%(objectname)%00%(upstream:track)%00%(upstream:remotename)%00%(upstream:remoteref) refs/heads/master refs/remotes/master [1ms]
2024-02-04 22:13:22.833 [info] > git status -z -uall [1ms]
2024-02-04 22:13:31.297 [info] > git config --get commit.template [6ms]
2024-02-04 22:13:31.298 [info] > git for-each-ref --format=%(refname)%00%(upstream:short)%00%(objectname)%00%(upstream:track)%00%(upstream:remotename)%00%(upstream:remoteref) refs/heads/master refs/remotes/master [1ms]
2024-02-04 22:13:31.304 [info] > git status -z -uall [1ms]
2024-02-04 22:13:39.024 [info] > git config --get commit.template [6ms]
2024-02-04 22:13:39.024 [info] > git for-each-ref --format=%(refname)%00%(upstream:short)%00%(objectname)%00%(upstream:track)%00%(upstream:remotename)%00%(upstream:remoteref) refs/heads/master refs/remotes/master [1ms]
2024-02-04 22:13:39.031 [info] > git status -z -uall [2ms]
2024-02-04 22:13:44.043 [info] > git config --get commit.template [5ms]
2024-02-04 22:13:44.043 [info] > git for-each-ref --format=%(refname)%00%(upstream:short)%00%(objectname)%00%(upstream:track)%00%(upstream:remotename)%00%(upstream:remoteref) refs/heads/master refs/remotes/master [0ms]
2024-02-04 22:13:44.050 [info] > git status -z -uall [2ms]
2024-02-04 22:13:49.064 [info] > git config --get commit.template [7ms]
2024-02-04 22:13:49.065 [info] > git for-each-ref --format=%(refname)%00%(upstream:short)%00%(objectname)%00%(upstream:track)%00%(upstream:remotename)%00%(upstream:remoteref) refs/heads/master refs/remotes/master [0ms]
2024-02-04 22:13:49.073 [info] > git status -z -uall [2ms]
2024-02-04 22:13:54.085 [info] > git config --get commit.template [5ms]
2024-02-04 22:13:54.085 [info] > git for-each-ref --format=%(refname)%00%(upstream:short)%00%(objectname)%00%(upstream:track)%00%(upstream:remotename)%00%(upstream:remoteref) refs/heads/master refs/remotes/master [1ms]
2024-02-04 22:13:54.092 [info] > git status -z -uall [2ms]
2024-02-04 22:13:59.104 [info] > git config --get commit.template [5ms]
2024-02-04 22:13:59.104 [info] > git for-each-ref --format=%(refname)%00%(upstream:short)%00%(objectname)%00%(upstream:track)%00%(upstream:remotename)%00%(upstream:remoteref) refs/heads/master refs/remotes/master [1ms]
2024-02-04 22:13:59.110 [info] > git status -z -uall [1ms]
2024-02-04 22:14:04.123 [info] > git config --get commit.template [5ms]
2024-02-04 22:14:04.124 [info] > git for-each-ref --format=%(refname)%00%(upstream:short)%00%(objectname)%00%(upstream:track)%00%(upstream:remotename)%00%(upstream:remoteref) refs/heads/master refs/remotes/master [1ms]
2024-02-04 22:14:04.131 [info] > git status -z -uall [1ms]
2024-02-04 22:14:18.003 [info] > git config --get commit.template [6ms]
2024-02-04 22:14:18.003 [info] > git for-each-ref --format=%(refname)%00%(upstream:short)%00%(objectname)%00%(upstream:track)%00%(upstream:remotename)%00%(upstream:remoteref) refs/heads/master refs/remotes/master [1ms]
2024-02-04 22:14:18.010 [info] > git status -z -uall [2ms]
2024-02-04 22:14:23.024 [info] > git config --get commit.template [5ms]
2024-02-04 22:14:23.025 [info] > git for-each-ref --format=%(refname)%00%(upstream:short)%00%(objectname)%00%(upstream:track)%00%(upstream:remotename)%00%(upstream:remoteref) refs/heads/master refs/remotes/master [1ms]
2024-02-04 22:14:23.032 [info] > git status -z -uall [1ms]
2024-02-04 22:15:22.744 [info] > git config --get commit.template [5ms]
2024-02-04 22:15:22.745 [info] > git for-each-ref --format=%(refname)%00%(upstream:short)%00%(objectname)%00%(upstream:track)%00%(upstream:remotename)%00%(upstream:remoteref) refs/heads/master refs/remotes/master [0ms]
2024-02-04 22:15:22.751 [info] > git status -z -uall [1ms]
2024-02-04 22:15:27.764 [info] > git config --get commit.template [6ms]
2024-02-04 22:15:27.764 [info] > git for-each-ref --format=%(refname)%00%(upstream:short)%00%(objectname)%00%(upstream:track)%00%(upstream:remotename)%00%(upstream:remoteref) refs/heads/master refs/remotes/master [1ms]
2024-02-04 22:15:27.771 [info] > git status -z -uall [2ms]
2024-02-04 22:16:27.132 [info] > git config --get commit.template [5ms]
2024-02-04 22:16:27.132 [info] > git for-each-ref --format=%(refname)%00%(upstream:short)%00%(objectname)%00%(upstream:track)%00%(upstream:remotename)%00%(upstream:remoteref) refs/heads/master refs/remotes/master [1ms]
2024-02-04 22:16:27.141 [info] > git status -z -uall [3ms]
2024-02-04 22:16:27.226 [info] > git ls-files --stage -- /home/anthonyoon/Documents/FIT3171/workspace/Applieds/Wk5/App10/applied10_sql_advanced.sql [0ms]
2024-02-04 22:16:27.232 [info] > git cat-file -s 4c47c812fdc30cfd98547a0e74aea2bf8ab65566 [1ms]
2024-02-04 22:16:27.239 [info] > git show --textconv :Applieds/Wk5/App10/applied10_sql_advanced.sql [1ms]
2024-02-04 22:17:37.734 [info] > git config --get commit.template [5ms]
2024-02-04 22:17:37.735 [info] > git for-each-ref --format=%(refname)%00%(upstream:short)%00%(objectname)%00%(upstream:track)%00%(upstream:remotename)%00%(upstream:remoteref) refs/heads/master refs/remotes/master [1ms]
2024-02-04 22:17:37.742 [info] > git status -z -uall [1ms]
2024-02-04 22:17:37.830 [info] > git ls-files --stage -- /home/anthonyoon/Documents/FIT3171/workspace/Applieds/Wk5/App10/applied10_sql_advanced.sql [0ms]
2024-02-04 22:17:37.836 [info] > git cat-file -s 4c47c812fdc30cfd98547a0e74aea2bf8ab65566 [1ms]
2024-02-04 22:17:37.843 [info] > git show --textconv :Applieds/Wk5/App10/applied10_sql_advanced.sql [1ms]
2024-02-04 22:23:36.861 [info] > git config --get commit.template [7ms]
2024-02-04 22:23:36.866 [info] > git ls-files --stage -- /home/anthonyoon/Documents/FIT3171/workspace/Applieds/Wk5/App10/applied10_sql_advanced.sql [6ms]
2024-02-04 22:23:36.873 [info] > git for-each-ref --format=%(refname)%00%(upstream:short)%00%(objectname)%00%(upstream:track)%00%(upstream:remotename)%00%(upstream:remoteref) refs/heads/master refs/remotes/master [7ms]
2024-02-04 22:23:36.879 [info] > git cat-file -s 4c47c812fdc30cfd98547a0e74aea2bf8ab65566 [7ms]
2024-02-04 22:23:36.880 [info] > git status -z -uall [2ms]
2024-02-04 22:23:36.892 [info] > git show --textconv :Applieds/Wk5/App10/applied10_sql_advanced.sql [1ms]
