2024-02-03 19:19:46.744 [info] Configuration changed
2024-02-03 19:19:46.854 [info] Configuration changed
2024-02-03 19:19:47.026 [info] Configuration changed
2024-02-03 19:19:47.368 [info] Configuration changed
2024-02-03 19:19:47.375 [info] Configuration changed
2024-02-03 19:20:00.308 [info] Configuration changed
2024-02-03 19:23:43.080 [info] /home/anthonyoon/.config/Code/User/settings.json closed
2024-02-03 19:23:43.094 [info] Configuration changed
2024-02-03 19:24:13.324 [info] Configuration changed
2024-02-03 19:24:13.357 [info] Configuration changed
2024-02-03 19:24:13.417 [info] Configuration changed
2024-02-03 19:24:13.865 [info] Configuration changed
2024-02-03 19:24:14.073 [info] Configuration changed
2024-02-03 19:24:14.576 [info] Configuration changed
2024-02-03 19:24:35.963 [info] Active editor: file:///home/anthonyoon/Documents/FIT3171/workspace/Applieds/SESSION_MANAGEsql.sql
2024-02-03 19:25:05.564 [info] /home/anthonyoon/Documents/FIT3171/workspace/Applieds/SESSION_MANAGEsql.sql.git closed
2024-02-03 19:27:13.550 [info] /settings/user closed
2024-02-03 19:27:13.615 [info] /settings/resourceLanguage closed
2024-02-03 19:27:13.616 [info] /ignoredSettings closed
2024-02-03 19:27:13.671 [info] /launch closed
2024-02-03 19:27:13.672 [info] /token-styling closed
2024-02-03 19:27:13.673 [info] /textmate-colors closed
2024-02-03 19:27:13.677 [info] /workbench-colors closed
2024-02-03 19:27:22.986 [info] Active editor: file:///home/anthonyoon/Documents/FIT3171/workspace/Applieds/SESSION_MANAGEsql.sql
2024-02-03 19:27:24.499 [info] /home/anthonyoon/Documents/FIT3171/workspace/Applieds/SESSION_MANAGEsql.sql.git closed
2024-02-03 19:27:25.827 [info] Active editor: file:///home/anthonyoon/Documents/FIT3171/workspace/Applieds/SESSION_MANAGEsql.sql
2024-02-03 19:27:36.295 [info] /home/anthonyoon/Documents/FIT3171/workspace/Applieds/SESSION_MANAGEsql.sql.git closed
2024-02-03 19:27:43.247 [info] Active editor: file:///home/anthonyoon/Documents/FIT3171/workspace/Applieds/SESSION_MANAGEsql.sql
2024-02-03 19:28:00.912 [info] Active editor: file:///home/anthonyoon/Documents/FIT3171/workspace/Applieds/Wk5/App09/readme.txt
2024-02-03 19:28:00.914 [info] /home/anthonyoon/Documents/FIT3171/workspace/Applieds/SESSION_MANAGEsql.sql.git closed
2024-02-03 19:28:01.503 [info] /home/anthonyoon/Documents/FIT3171/workspace/Applieds/Wk5/App09/readme.txt closed
2024-02-03 19:28:01.516 [info] Active editor: file:///home/anthonyoon/Documents/FIT3171/workspace/Applieds/Wk5/App09/applied9_sql_basic_intermediate.sql
2024-02-03 19:28:01.521 [info] /home/anthonyoon/Documents/FIT3171/workspace/Applieds/Wk5/App09/readme.txt.git closed
2024-02-03 19:29:20.727 [info] /home/anthonyoon/Documents/FIT3171/workspace/Applieds/Wk5/App09/applied9_sql_basic_intermediate.sql.git closed
2024-02-03 19:29:22.749 [info] Active editor: file:///home/anthonyoon/Documents/FIT3171/workspace/Applieds/Wk5/App09/applied9_sql_basic_intermediate.sql
2024-02-03 19:29:33.237 [info] /home/anthonyoon/Documents/FIT3171/workspace/Applieds/Wk5/App09/applied9_sql_basic_intermediate.sql.git closed
2024-02-03 19:29:52.276 [info] Active editor: file:///home/anthonyoon/Documents/FIT3171/workspace/Applieds/Wk5/App09/applied9_sql_basic_intermediate.sql
2024-02-03 19:30:13.615 [info] /settings/user closed
2024-02-03 19:30:13.771 [info] /settings/resourceLanguage closed
2024-02-03 19:30:13.774 [info] /ignoredSettings closed
2024-02-03 19:30:13.843 [info] /launch closed
2024-02-03 19:30:13.844 [info] /token-styling closed
2024-02-03 19:30:13.844 [info] /textmate-colors closed
2024-02-03 19:30:13.849 [info] /workbench-colors closed
2024-02-03 19:32:15.888 [info] /home/anthonyoon/Documents/FIT3171/workspace/Applieds/Wk5/App09/applied9_sql_basic_intermediate.sql.git closed
2024-02-03 19:32:20.318 [info] Active editor: file:///home/anthonyoon/Documents/FIT3171/workspace/Applieds/Wk5/App09/applied9_sql_basic_intermediate.sql
2024-02-03 19:32:44.288 [info] /home/anthonyoon/Documents/FIT3171/workspace/Applieds/Wk5/App09/applied9_sql_basic_intermediate.sql.git closed
2024-02-03 19:33:13.693 [info] /settings/user closed
2024-02-03 19:33:13.866 [info] /settings/resourceLanguage closed
2024-02-03 19:33:13.869 [info] /ignoredSettings closed
2024-02-03 19:33:14.015 [info] /launch closed
2024-02-03 19:33:14.016 [info] /token-styling closed
2024-02-03 19:33:14.016 [info] /textmate-colors closed
2024-02-03 19:33:14.021 [info] /workbench-colors closed
2024-02-03 19:35:17.051 [info] Active editor: output:extension-output-ms-dotnettools.vscode-dotnet-runtime-%231-.NET%20Runtime
2024-02-03 19:35:21.525 [info] extension-output-ms-dotnettools.vscode-dotnet-runtime-#1-.NET Runtime closed
2024-02-03 19:35:21.525 [info] Active editor: file:///home/anthonyoon/Documents/FIT3171/workspace/Applieds/Wk5/App09/applied9_sql_basic_intermediate.sql
2024-02-03 19:35:42.216 [info] Active editor: output:extension-output-Oracle.oracledevtools-%231-Oracle%20Developer%20Tools
2024-02-03 19:35:43.125 [info] Active editor: file:///home/anthonyoon/Documents/FIT3171/workspace/Applieds/Wk5/App09/applied9_sql_basic_intermediate.sql
2024-02-03 19:35:43.155 [info] extension-output-Oracle.oracledevtools-#1-Oracle Developer Tools closed
2024-02-03 19:35:44.582 [info] Active editor: output:extension-output-Oracle.oracledevtools-%231-Oracle%20Developer%20Tools
2024-02-03 19:35:53.006 [info] Active editor: file:///home/anthonyoon/Documents/FIT3171/workspace/Applieds/Wk5/App09/applied9_sql_basic_intermediate.sql
2024-02-03 19:35:53.027 [info] extension-output-Oracle.oracledevtools-#1-Oracle Developer Tools closed
2024-02-03 19:36:13.800 [info] /settings/user closed
2024-02-03 19:36:13.926 [info] /settings/resourceLanguage closed
2024-02-03 19:36:13.928 [info] /ignoredSettings closed
2024-02-03 19:36:14.121 [info] /launch closed
2024-02-03 19:36:14.230 [info] /token-styling closed
2024-02-03 19:36:14.230 [info] /textmate-colors closed
2024-02-03 19:36:14.234 [info] /workbench-colors closed
2024-02-03 19:38:07.356 [info] /home/anthonyoon/Documents/FIT3171/workspace/Applieds/Wk5/App09/applied9_sql_basic_intermediate.sql.git closed
2024-02-03 19:38:25.773 [info] /home/anthonyoon/.config/Code/User/keybindings.json closed
2024-02-03 19:38:28.810 [info] Active editor: file:///home/anthonyoon/Documents/FIT3171/workspace/Applieds/Wk5/App09/applied9_sql_basic_intermediate.sql
2024-02-03 19:38:40.435 [info] /home/anthonyoon/Documents/FIT3171/workspace/Applieds/Wk5/App09/applied9_sql_basic_intermediate.sql.git closed
2024-02-03 19:39:00.706 [info] /home/anthonyoon/.config/Code/User/keybindings.json closed
2024-02-03 19:39:04.055 [info] Active editor: file:///home/anthonyoon/Documents/FIT3171/workspace/Applieds/Wk5/App09/applied9_sql_basic_intermediate.sql
2024-02-03 19:39:13.883 [info] /settings/user closed
2024-02-03 19:39:14.040 [info] /settings/resourceLanguage closed
2024-02-03 19:39:14.042 [info] /ignoredSettings closed
2024-02-03 19:39:14.220 [info] /launch closed
2024-02-03 19:39:14.378 [info] /token-styling closed
2024-02-03 19:39:14.378 [info] /textmate-colors closed
2024-02-03 19:39:14.378 [info] /workbench-colors closed
2024-02-03 19:39:24.585 [info] /home/anthonyoon/Documents/FIT3171/workspace/Applieds/Wk5/App09/applied9_sql_basic_intermediate.sql.git closed
2024-02-03 19:39:44.407 [info] /home/anthonyoon/.config/Code/User/keybindings.json closed
2024-02-03 19:39:49.672 [info] /home/anthonyoon/.config/Code/User/keybindings.json closed
2024-02-03 19:39:51.427 [info] Active editor: file:///home/anthonyoon/Documents/FIT3171/workspace/Applieds/Wk5/App09/applied9_sql_basic_intermediate.sql
2024-02-03 19:40:09.834 [info] /home/anthonyoon/Documents/FIT3171/workspace/Applieds/Wk5/App09/applied9_sql_basic_intermediate.sql.git closed
2024-02-03 19:40:11.614 [info] Active editor: file:///home/anthonyoon/Documents/FIT3171/workspace/Applieds/Wk5/App09/applied9_sql_basic_intermediate.sql
2024-02-03 19:40:16.687 [info] /home/anthonyoon/.config/Code/User/settings.json closed
2024-02-03 19:40:16.688 [info] /home/anthonyoon/Documents/FIT3171/workspace/Applieds/SESSION_MANAGEsql.sql closed
2024-02-03 19:42:07.259 [info] /home/anthonyoon/Documents/FIT3171/workspace/Applieds/Wk5/App09/applied9_sql_basic_intermediate.sql.git closed
2024-02-03 19:42:13.954 [info] /settings/user closed
2024-02-03 19:42:14.100 [info] /settings/resourceLanguage closed
2024-02-03 19:42:14.101 [info] /ignoredSettings closed
2024-02-03 19:42:14.370 [info] /launch closed
2024-02-03 19:42:14.484 [info] /token-styling closed
2024-02-03 19:42:14.484 [info] /textmate-colors closed
2024-02-03 19:42:14.488 [info] /workbench-colors closed
2024-02-03 19:42:34.228 [info] /home/anthonyoon/.config/Code/User/keybindings.json closed
2024-02-03 19:42:38.291 [info] Active editor: file:///home/anthonyoon/Documents/FIT3171/workspace/Applieds/Wk5/App09/applied9_sql_basic_intermediate.sql
2024-02-03 20:18:34.085 [info] Active editor: file:///home/anthonyoon/Documents/FIT3171/workspace/Applieds/Wk5/App09/applied9_sql_basic_intermediate.sql
2024-02-03 20:19:59.376 [info] Active editor: file:///home/anthonyoon/Documents/FIT3171/workspace/Applieds/Wk5/App09/applied9_sql_basic_intermediate.sql
2024-02-03 20:57:03.759 [info] Active editor: file:///home/anthonyoon/Documents/FIT3171/workspace/Applieds/Wk5/App09/applied9_sql_basic_intermediate.sql
2024-02-03 21:00:23.635 [info] Active editor: file:///home/anthonyoon/Documents/FIT3171/workspace/Applieds/Wk5/App09/applied9_sql_basic_intermediate.sql
2024-02-04 00:01:37.089 [info] Configuration changed
