2024-02-04 13:24:45.941 [info] Configuration changed
2024-02-04 13:24:46.078 [info] Configuration changed
2024-02-04 13:24:46.419 [info] Configuration changed
2024-02-04 13:25:04.721 [info] Active editor: file:///home/anthonyoon/Documents/FIT3171/workspace/Applieds/Wk5/App09/applied9_sql_basic_intermediate.sql
2024-02-04 13:25:36.648 [info] /home/anthonyoon/Documents/FIT3171/workspace/Applieds/Wk5/App09/applied9_sql_basic_intermediate.sql.git closed
2024-02-04 13:25:42.847 [info] Active editor: file:///home/anthonyoon/Documents/FIT3171/workspace/Applieds/Wk5/App09/applied9_sql_basic_intermediate.sql
2024-02-04 14:05:36.956 [info] /home/anthonyoon/Documents/FIT3171/workspace/Applieds/Wk5/App09/applied9_sql_basic_intermediate.sql.git closed
2024-02-04 14:05:44.052 [info] Active editor: vscode-userdata:/home/anthonyoon/.config/Code/User/settings.json
2024-02-04 14:05:44.410 [info] Configuration changed
2024-02-04 14:06:18.942 [info] Configuration changed
2024-02-04 14:06:21.498 [info] Active editor: file:///home/anthonyoon/Documents/FIT3171/workspace/Applieds/Wk5/App09/applied9_sql_basic_intermediate.sql
2024-02-04 14:08:44.423 [info] /settings/user closed
2024-02-04 14:08:44.531 [info] /settings/resourceLanguage closed
2024-02-04 14:08:44.533 [info] /ignoredSettings closed
2024-02-04 14:08:44.599 [info] /launch closed
2024-02-04 14:08:44.601 [info] /token-styling closed
2024-02-04 14:08:44.603 [info] /textmate-colors closed
2024-02-04 14:08:44.611 [info] /workbench-colors closed
2024-02-04 14:11:44.486 [info] /settings/user closed
2024-02-04 14:11:44.633 [info] /settings/resourceLanguage closed
2024-02-04 14:11:44.634 [info] /ignoredSettings closed
2024-02-04 14:11:44.787 [info] /launch closed
2024-02-04 14:11:44.788 [info] /token-styling closed
2024-02-04 14:11:44.789 [info] /textmate-colors closed
2024-02-04 14:11:44.797 [info] /workbench-colors closed
2024-02-04 14:14:44.552 [info] /settings/user closed
2024-02-04 14:14:44.716 [info] /settings/resourceLanguage closed
2024-02-04 14:14:44.717 [info] /ignoredSettings closed
2024-02-04 14:14:44.896 [info] /launch closed
2024-02-04 14:14:45.014 [info] /token-styling closed
2024-02-04 14:14:45.014 [info] /textmate-colors closed
2024-02-04 14:14:45.019 [info] /workbench-colors closed
2024-02-04 14:17:27.924 [warning] invalid cursor position. [[378, 15] | [378, 15]].
2024-02-04 14:17:27.925 [warning] invalid cursor position. [[378, 15] | [378, 15]].
2024-02-04 14:17:44.615 [info] /settings/user closed
2024-02-04 14:17:44.765 [info] /settings/resourceLanguage closed
2024-02-04 14:17:44.854 [info] /ignoredSettings closed
2024-02-04 14:17:45.001 [info] /launch closed
2024-02-04 14:17:45.149 [info] /token-styling closed
2024-02-04 14:17:45.150 [info] /textmate-colors closed
2024-02-04 14:17:45.150 [info] /workbench-colors closed
2024-02-04 14:20:44.698 [info] /settings/user closed
2024-02-04 14:20:44.852 [info] /settings/resourceLanguage closed
2024-02-04 14:20:44.940 [info] /ignoredSettings closed
2024-02-04 14:20:45.138 [info] /launch closed
2024-02-04 14:20:45.274 [info] /token-styling closed
2024-02-04 14:20:45.274 [info] /textmate-colors closed
2024-02-04 14:20:45.274 [info] /workbench-colors closed
2024-02-04 14:23:44.748 [info] /settings/user closed
2024-02-04 14:23:44.900 [info] /settings/resourceLanguage closed
2024-02-04 14:23:44.990 [info] /ignoredSettings closed
2024-02-04 14:23:45.258 [info] /launch closed
2024-02-04 14:23:45.405 [info] /token-styling closed
2024-02-04 14:23:45.405 [info] /textmate-colors closed
2024-02-04 14:23:45.406 [info] /workbench-colors closed
2024-02-04 14:26:44.828 [info] /settings/user closed
2024-02-04 14:26:44.984 [info] /settings/resourceLanguage closed
2024-02-04 14:26:45.090 [info] /ignoredSettings closed
2024-02-04 14:26:45.392 [info] /launch closed
2024-02-04 14:26:45.526 [info] /token-styling closed
2024-02-04 14:26:45.526 [info] /textmate-colors closed
2024-02-04 14:26:45.526 [info] /workbench-colors closed
2024-02-04 14:29:44.912 [info] /settings/user closed
2024-02-04 14:29:45.062 [info] /settings/resourceLanguage closed
2024-02-04 14:29:45.154 [info] /ignoredSettings closed
2024-02-04 14:29:45.508 [info] /launch closed
2024-02-04 14:29:45.657 [info] /token-styling closed
2024-02-04 14:29:45.660 [info] /textmate-colors closed
2024-02-04 14:29:45.660 [info] /workbench-colors closed
2024-02-04 14:32:44.968 [info] /settings/user closed
2024-02-04 14:32:45.132 [info] /settings/resourceLanguage closed
2024-02-04 14:32:45.238 [info] /ignoredSettings closed
2024-02-04 14:32:45.646 [info] /launch closed
2024-02-04 14:32:45.783 [info] /token-styling closed
2024-02-04 14:32:45.783 [info] /textmate-colors closed
2024-02-04 14:32:45.783 [info] /workbench-colors closed
2024-02-04 14:35:45.042 [info] /settings/user closed
2024-02-04 14:35:45.201 [info] /settings/resourceLanguage closed
2024-02-04 14:35:45.289 [info] /ignoredSettings closed
2024-02-04 14:35:45.771 [info] /launch closed
2024-02-04 14:35:45.893 [info] /token-styling closed
2024-02-04 14:35:45.893 [info] /textmate-colors closed
2024-02-04 14:35:45.897 [info] /workbench-colors closed
2024-02-04 14:38:45.090 [info] /settings/user closed
2024-02-04 14:38:45.268 [info] /settings/resourceLanguage closed
2024-02-04 14:38:45.383 [info] /ignoredSettings closed
2024-02-04 14:38:45.884 [info] /launch closed
2024-02-04 14:38:46.039 [info] /token-styling closed
2024-02-04 14:38:46.039 [info] /textmate-colors closed
2024-02-04 14:38:46.039 [info] /workbench-colors closed
2024-02-04 14:41:45.198 [info] /settings/user closed
2024-02-04 14:41:45.319 [info] /settings/resourceLanguage closed
2024-02-04 14:41:45.422 [info] /ignoredSettings closed
2024-02-04 14:41:46.020 [info] /launch closed
2024-02-04 14:41:46.153 [info] /token-styling closed
2024-02-04 14:41:46.153 [info] /textmate-colors closed
2024-02-04 14:41:46.154 [info] /workbench-colors closed
2024-02-04 14:44:45.251 [info] /settings/user closed
2024-02-04 14:44:45.409 [info] /settings/resourceLanguage closed
2024-02-04 14:44:45.513 [info] /ignoredSettings closed
2024-02-04 14:44:46.145 [info] /launch closed
2024-02-04 14:44:46.283 [info] /token-styling closed
2024-02-04 14:44:46.283 [info] /textmate-colors closed
2024-02-04 14:44:46.283 [info] /workbench-colors closed
2024-02-04 14:47:45.319 [info] /settings/user closed
2024-02-04 14:47:45.476 [info] /settings/resourceLanguage closed
2024-02-04 14:47:45.579 [info] /ignoredSettings closed
2024-02-04 14:47:46.267 [info] /launch closed
2024-02-04 14:47:46.417 [info] /token-styling closed
2024-02-04 14:47:46.417 [info] /textmate-colors closed
2024-02-04 14:47:46.417 [info] /workbench-colors closed
2024-02-04 14:50:45.397 [info] /settings/user closed
2024-02-04 14:50:45.546 [info] /settings/resourceLanguage closed
2024-02-04 14:50:45.630 [info] /ignoredSettings closed
2024-02-04 14:50:46.405 [info] /launch closed
2024-02-04 14:50:46.540 [info] /token-styling closed
2024-02-04 14:50:46.541 [info] /textmate-colors closed
2024-02-04 14:50:46.541 [info] /workbench-colors closed
2024-02-04 14:53:45.455 [info] /settings/user closed
2024-02-04 14:53:45.624 [info] /settings/resourceLanguage closed
2024-02-04 14:53:45.702 [info] /ignoredSettings closed
2024-02-04 14:53:46.530 [info] /launch closed
2024-02-04 14:53:46.673 [info] /token-styling closed
2024-02-04 14:53:46.673 [info] /textmate-colors closed
2024-02-04 14:53:46.673 [info] /workbench-colors closed
2024-02-04 14:56:45.509 [info] /settings/user closed
2024-02-04 14:56:45.680 [info] /settings/resourceLanguage closed
2024-02-04 14:56:45.770 [info] /ignoredSettings closed
2024-02-04 14:56:46.657 [info] /launch closed
2024-02-04 14:56:46.774 [info] /token-styling closed
2024-02-04 14:56:46.775 [info] /textmate-colors closed
2024-02-04 14:56:46.782 [info] /workbench-colors closed
2024-02-04 14:59:45.572 [info] /settings/user closed
2024-02-04 14:59:45.736 [info] /settings/resourceLanguage closed
2024-02-04 14:59:45.841 [info] /ignoredSettings closed
2024-02-04 14:59:46.759 [info] /launch closed
2024-02-04 14:59:46.913 [info] /token-styling closed
2024-02-04 14:59:46.913 [info] /textmate-colors closed
2024-02-04 14:59:46.913 [info] /workbench-colors closed
2024-02-04 15:02:45.659 [info] /settings/user closed
2024-02-04 15:02:45.813 [info] /settings/resourceLanguage closed
2024-02-04 15:02:45.898 [info] /ignoredSettings closed
2024-02-04 15:02:46.896 [info] /launch closed
2024-02-04 15:02:47.045 [info] /token-styling closed
2024-02-04 15:02:47.045 [info] /textmate-colors closed
2024-02-04 15:02:47.045 [info] /workbench-colors closed
2024-02-04 15:03:48.077 [info] /home/anthonyoon/Documents/FIT3171/workspace/Applieds/Wk5/App09/applied9_sql_basic_intermediate.sql.git closed
2024-02-04 15:03:48.672 [info] Active editor: file:///home/anthonyoon/Documents/FIT3171/workspace/Applieds/Wk5/App09/applied9_sql_basic_intermediate.sql
2024-02-04 15:05:45.741 [info] /settings/user closed
2024-02-04 15:05:45.902 [info] /settings/resourceLanguage closed
2024-02-04 15:05:45.983 [info] /ignoredSettings closed
2024-02-04 15:05:47.032 [info] /launch closed
2024-02-04 15:05:47.184 [info] /token-styling closed
2024-02-04 15:05:47.184 [info] /textmate-colors closed
2024-02-04 15:05:47.185 [info] /workbench-colors closed
2024-02-04 15:08:45.801 [info] /settings/user closed
2024-02-04 15:08:45.948 [info] /settings/resourceLanguage closed
2024-02-04 15:08:46.034 [info] /ignoredSettings closed
2024-02-04 15:08:47.175 [info] /launch closed
2024-02-04 15:08:47.305 [info] /token-styling closed
2024-02-04 15:08:47.306 [info] /textmate-colors closed
2024-02-04 15:08:47.306 [info] /workbench-colors closed
2024-02-04 15:11:45.900 [info] /settings/user closed
2024-02-04 15:11:46.051 [info] /settings/resourceLanguage closed
2024-02-04 15:11:46.137 [info] /ignoredSettings closed
2024-02-04 15:11:47.296 [info] /launch closed
2024-02-04 15:11:47.428 [info] /token-styling closed
2024-02-04 15:11:47.428 [info] /textmate-colors closed
2024-02-04 15:11:47.428 [info] /workbench-colors closed
2024-02-04 15:12:38.617 [info] Active editor: file:///home/anthonyoon/Documents/FIT3171/workspace/Applieds/Wk5/App09/applied9_sql_basic_intermediate.sql
2024-02-04 15:14:45.947 [info] /settings/user closed
2024-02-04 15:14:46.108 [info] /settings/resourceLanguage closed
2024-02-04 15:14:46.204 [info] /ignoredSettings closed
2024-02-04 15:14:47.416 [info] /launch closed
2024-02-04 15:14:47.546 [info] /token-styling closed
2024-02-04 15:14:47.547 [info] /textmate-colors closed
2024-02-04 15:14:47.552 [info] /workbench-colors closed
2024-02-04 15:17:46.032 [info] /settings/user closed
2024-02-04 15:17:46.158 [info] /settings/resourceLanguage closed
2024-02-04 15:17:46.255 [info] /ignoredSettings closed
2024-02-04 15:17:47.523 [info] /launch closed
2024-02-04 15:17:47.662 [info] /token-styling closed
2024-02-04 15:17:47.662 [info] /textmate-colors closed
2024-02-04 15:17:47.662 [info] /workbench-colors closed
2024-02-04 15:20:46.108 [info] /settings/user closed
2024-02-04 15:20:46.232 [info] /settings/resourceLanguage closed
2024-02-04 15:20:46.324 [info] /ignoredSettings closed
2024-02-04 15:20:47.646 [info] /launch closed
2024-02-04 15:20:47.814 [info] /token-styling closed
2024-02-04 15:20:47.814 [info] /textmate-colors closed
2024-02-04 15:20:47.815 [info] /workbench-colors closed
2024-02-04 15:23:46.158 [info] /settings/user closed
2024-02-04 15:23:46.324 [info] /settings/resourceLanguage closed
2024-02-04 15:23:46.401 [info] /ignoredSettings closed
2024-02-04 15:23:47.803 [info] /launch closed
2024-02-04 15:23:47.939 [info] /token-styling closed
2024-02-04 15:23:47.939 [info] /textmate-colors closed
2024-02-04 15:23:47.940 [info] /workbench-colors closed
2024-02-04 15:26:46.239 [info] /settings/user closed
2024-02-04 15:26:46.422 [info] /settings/resourceLanguage closed
2024-02-04 15:26:46.503 [info] /ignoredSettings closed
2024-02-04 15:26:47.926 [info] /launch closed
2024-02-04 15:26:48.075 [info] /token-styling closed
2024-02-04 15:26:48.075 [info] /textmate-colors closed
2024-02-04 15:26:48.075 [info] /workbench-colors closed
2024-02-04 15:29:46.293 [info] /settings/user closed
2024-02-04 15:29:46.501 [info] /settings/resourceLanguage closed
2024-02-04 15:29:46.597 [info] /ignoredSettings closed
2024-02-04 15:29:48.058 [info] /launch closed
2024-02-04 15:29:48.207 [info] /token-styling closed
2024-02-04 15:29:48.207 [info] /textmate-colors closed
2024-02-04 15:29:48.208 [info] /workbench-colors closed
2024-02-04 15:32:46.368 [info] /settings/user closed
2024-02-04 15:32:46.614 [info] /settings/resourceLanguage closed
2024-02-04 15:32:46.704 [info] /ignoredSettings closed
2024-02-04 15:32:48.189 [info] /launch closed
2024-02-04 15:32:48.337 [info] /token-styling closed
2024-02-04 15:32:48.337 [info] /textmate-colors closed
2024-02-04 15:32:48.337 [info] /workbench-colors closed
2024-02-04 15:35:46.444 [info] /settings/user closed
2024-02-04 15:35:46.699 [info] /settings/resourceLanguage closed
2024-02-04 15:35:46.788 [info] /ignoredSettings closed
2024-02-04 15:35:48.323 [info] /launch closed
2024-02-04 15:35:48.455 [info] /token-styling closed
2024-02-04 15:35:48.456 [info] /textmate-colors closed
2024-02-04 15:35:48.456 [info] /workbench-colors closed
2024-02-04 15:38:46.512 [info] /settings/user closed
2024-02-04 15:38:46.792 [info] /settings/resourceLanguage closed
2024-02-04 15:38:46.880 [info] /ignoredSettings closed
2024-02-04 15:38:48.442 [info] /launch closed
2024-02-04 15:38:48.598 [info] /token-styling closed
2024-02-04 15:38:48.598 [info] /textmate-colors closed
2024-02-04 15:38:48.598 [info] /workbench-colors closed
2024-02-04 15:41:46.591 [info] /settings/user closed
2024-02-04 15:41:46.888 [info] /settings/resourceLanguage closed
2024-02-04 15:41:46.974 [info] /ignoredSettings closed
2024-02-04 15:41:48.584 [info] /launch closed
2024-02-04 15:41:48.734 [info] /token-styling closed
2024-02-04 15:41:48.734 [info] /textmate-colors closed
2024-02-04 15:41:48.734 [info] /workbench-colors closed
2024-02-04 15:44:46.677 [info] /settings/user closed
2024-02-04 15:44:46.973 [info] /settings/resourceLanguage closed
2024-02-04 15:44:47.074 [info] /ignoredSettings closed
2024-02-04 15:44:48.721 [info] /launch closed
2024-02-04 15:44:48.888 [info] /token-styling closed
2024-02-04 15:44:48.888 [info] /textmate-colors closed
2024-02-04 15:44:48.888 [info] /workbench-colors closed
2024-02-04 15:47:35.408 [info] Active editor: file:///home/anthonyoon/Documents/FIT3171/workspace/Applieds/Wk5/App10/applied10_sql_advanced.sql
2024-02-04 15:47:35.423 [info] /home/anthonyoon/Documents/FIT3171/workspace/Applieds/Wk5/App09/applied9_sql_basic_intermediate.sql.git closed
2024-02-04 15:47:42.202 [info] Active editor: file:///home/anthonyoon/Documents/FIT3171/workspace/Applieds/Wk5/App09/applied9_sql_basic_intermediate.sql
2024-02-04 15:47:42.210 [info] /home/anthonyoon/Documents/FIT3171/workspace/Applieds/Wk5/App10/applied10_sql_advanced.sql.git closed
2024-02-04 15:47:46.757 [info] /settings/user closed
2024-02-04 15:47:47.069 [info] /settings/resourceLanguage closed
2024-02-04 15:47:47.158 [info] /ignoredSettings closed
2024-02-04 15:47:48.872 [info] /launch closed
2024-02-04 15:47:49.016 [info] /token-styling closed
2024-02-04 15:47:49.016 [info] /textmate-colors closed
2024-02-04 15:47:49.016 [info] /workbench-colors closed
2024-02-04 15:48:04.211 [info] Active editor: file:///home/anthonyoon/Documents/FIT3171/workspace/Applieds/Wk5/App10/applied10_sql_advanced.sql
2024-02-04 15:48:04.218 [info] /home/anthonyoon/Documents/FIT3171/workspace/Applieds/Wk5/App09/applied9_sql_basic_intermediate.sql.git closed
2024-02-04 15:48:12.661 [info] /home/anthonyoon/Documents/FIT3171/workspace/Applieds/Wk5/App10/applied10_sql_advanced.sql.git closed
2024-02-04 15:48:23.858 [info] Active editor: file:///home/anthonyoon/Documents/FIT3171/workspace/Applieds/Wk5/App10/applied10_sql_advanced.sql
2024-02-04 15:48:32.296 [info] Active editor: file:///home/anthonyoon/Documents/FIT3171/workspace/Applieds/Wk5/App09/applied9_sql_basic_intermediate.sql
2024-02-04 15:48:32.303 [info] /home/anthonyoon/Documents/FIT3171/workspace/Applieds/Wk5/App10/applied10_sql_advanced.sql.git closed
2024-02-04 15:48:40.695 [info] Active editor: file:///home/anthonyoon/Documents/FIT3171/workspace/Applieds/Wk5/App10/applied10_sql_advanced.sql
2024-02-04 15:48:40.703 [info] /home/anthonyoon/Documents/FIT3171/workspace/Applieds/Wk5/App09/applied9_sql_basic_intermediate.sql.git closed
2024-02-04 15:50:46.836 [info] /settings/user closed
2024-02-04 15:50:47.157 [info] /settings/resourceLanguage closed
2024-02-04 15:50:47.248 [info] /ignoredSettings closed
2024-02-04 15:50:49.002 [info] /launch closed
2024-02-04 15:50:49.136 [info] /token-styling closed
2024-02-04 15:50:49.136 [info] /textmate-colors closed
2024-02-04 15:50:49.136 [info] /workbench-colors closed
2024-02-04 15:53:46.919 [info] /settings/user closed
2024-02-04 15:53:47.216 [info] /settings/resourceLanguage closed
2024-02-04 15:53:47.306 [info] /ignoredSettings closed
2024-02-04 15:53:49.128 [info] /launch closed
2024-02-04 15:53:49.275 [info] /token-styling closed
2024-02-04 15:53:49.275 [info] /textmate-colors closed
2024-02-04 15:53:49.275 [info] /workbench-colors closed
2024-02-04 15:56:46.994 [info] /settings/user closed
2024-02-04 15:56:47.291 [info] /settings/resourceLanguage closed
2024-02-04 15:56:47.378 [info] /ignoredSettings closed
2024-02-04 15:56:49.254 [info] /launch closed
2024-02-04 15:56:49.440 [info] /token-styling closed
2024-02-04 15:56:49.440 [info] /textmate-colors closed
2024-02-04 15:56:49.440 [info] /workbench-colors closed
2024-02-04 15:59:47.069 [info] /settings/user closed
2024-02-04 15:59:47.350 [info] /settings/resourceLanguage closed
2024-02-04 15:59:47.431 [info] /ignoredSettings closed
2024-02-04 15:59:49.429 [info] /launch closed
2024-02-04 15:59:49.563 [info] /token-styling closed
2024-02-04 15:59:49.563 [info] /textmate-colors closed
2024-02-04 15:59:49.563 [info] /workbench-colors closed
2024-02-04 16:02:47.128 [info] /settings/user closed
2024-02-04 16:02:47.416 [info] /settings/resourceLanguage closed
2024-02-04 16:02:47.498 [info] /ignoredSettings closed
2024-02-04 16:02:49.550 [info] /launch closed
2024-02-04 16:02:49.691 [info] /token-styling closed
2024-02-04 16:02:49.691 [info] /textmate-colors closed
2024-02-04 16:02:49.691 [info] /workbench-colors closed
2024-02-04 16:05:47.213 [info] /settings/user closed
2024-02-04 16:05:47.480 [info] /settings/resourceLanguage closed
2024-02-04 16:05:47.562 [info] /ignoredSettings closed
2024-02-04 16:05:49.678 [info] /launch closed
2024-02-04 16:05:49.811 [info] /token-styling closed
2024-02-04 16:05:49.811 [info] /textmate-colors closed
2024-02-04 16:05:49.812 [info] /workbench-colors closed
2024-02-04 16:08:47.269 [info] /settings/user closed
2024-02-04 16:08:47.550 [info] /settings/resourceLanguage closed
2024-02-04 16:08:47.636 [info] /ignoredSettings closed
2024-02-04 16:08:49.802 [info] /launch closed
2024-02-04 16:08:49.947 [info] /token-styling closed
2024-02-04 16:08:49.948 [info] /textmate-colors closed
2024-02-04 16:08:49.948 [info] /workbench-colors closed
2024-02-04 16:09:20.580 [info] Active editor: file:///home/anthonyoon/Documents/FIT3171/workspace/Applieds/Wk5/App10/applied10_sql_advanced.sql
2024-02-04 16:11:47.344 [info] /settings/user closed
2024-02-04 16:11:47.627 [info] /settings/resourceLanguage closed
2024-02-04 16:11:47.720 [info] /ignoredSettings closed
2024-02-04 16:11:49.931 [info] /launch closed
2024-02-04 16:11:50.075 [info] /token-styling closed
2024-02-04 16:11:50.075 [info] /textmate-colors closed
2024-02-04 16:11:50.075 [info] /workbench-colors closed
2024-02-04 16:14:47.435 [info] /settings/user closed
2024-02-04 16:14:47.684 [info] /settings/resourceLanguage closed
2024-02-04 16:14:47.773 [info] /ignoredSettings closed
2024-02-04 16:14:50.062 [info] /launch closed
2024-02-04 16:14:50.214 [info] /token-styling closed
2024-02-04 16:14:50.215 [info] /textmate-colors closed
2024-02-04 16:14:50.215 [info] /workbench-colors closed
2024-02-04 16:17:47.483 [info] /settings/user closed
2024-02-04 16:17:47.761 [info] /settings/resourceLanguage closed
2024-02-04 16:17:47.837 [info] /ignoredSettings closed
2024-02-04 16:17:50.196 [info] /launch closed
2024-02-04 16:17:50.340 [info] /token-styling closed
2024-02-04 16:17:50.340 [info] /textmate-colors closed
2024-02-04 16:17:50.340 [info] /workbench-colors closed
2024-02-04 16:20:47.563 [info] /settings/user closed
2024-02-04 16:20:47.838 [info] /settings/resourceLanguage closed
2024-02-04 16:20:47.924 [info] /ignoredSettings closed
2024-02-04 16:20:50.326 [info] /launch closed
2024-02-04 16:20:50.457 [info] /token-styling closed
2024-02-04 16:20:50.457 [info] /textmate-colors closed
2024-02-04 16:20:50.458 [info] /workbench-colors closed
2024-02-04 16:23:47.647 [info] /settings/user closed
2024-02-04 16:23:47.944 [info] /settings/resourceLanguage closed
2024-02-04 16:23:48.032 [info] /ignoredSettings closed
2024-02-04 16:23:50.441 [info] /launch closed
2024-02-04 16:23:50.583 [info] /token-styling closed
2024-02-04 16:23:50.583 [info] /textmate-colors closed
2024-02-04 16:23:50.583 [info] /workbench-colors closed
2024-02-04 16:26:47.733 [info] /settings/user closed
2024-02-04 16:26:48.081 [info] /settings/resourceLanguage closed
2024-02-04 16:26:48.172 [info] /ignoredSettings closed
2024-02-04 16:26:50.559 [info] /launch closed
2024-02-04 16:26:50.699 [info] /token-styling closed
2024-02-04 16:26:50.699 [info] /textmate-colors closed
2024-02-04 16:26:50.699 [info] /workbench-colors closed
2024-02-04 16:29:47.808 [info] /settings/user closed
2024-02-04 16:29:48.151 [info] /settings/resourceLanguage closed
2024-02-04 16:29:48.241 [info] /ignoredSettings closed
2024-02-04 16:29:50.688 [info] /launch closed
2024-02-04 16:29:50.852 [info] /token-styling closed
2024-02-04 16:29:50.852 [info] /textmate-colors closed
2024-02-04 16:29:50.852 [info] /workbench-colors closed
2024-02-04 16:32:47.888 [info] /settings/user closed
2024-02-04 16:32:48.241 [info] /settings/resourceLanguage closed
2024-02-04 16:32:48.329 [info] /ignoredSettings closed
2024-02-04 16:32:50.829 [info] /launch closed
2024-02-04 16:32:50.955 [info] /token-styling closed
2024-02-04 16:32:50.955 [info] /textmate-colors closed
2024-02-04 16:32:50.955 [info] /workbench-colors closed
2024-02-04 16:35:47.967 [info] /settings/user closed
2024-02-04 16:35:48.315 [info] /settings/resourceLanguage closed
2024-02-04 16:35:48.399 [info] /ignoredSettings closed
2024-02-04 16:35:50.945 [info] /launch closed
2024-02-04 16:35:51.098 [info] /token-styling closed
2024-02-04 16:35:51.098 [info] /textmate-colors closed
2024-02-04 16:35:51.098 [info] /workbench-colors closed
2024-02-04 16:38:48.036 [info] /settings/user closed
2024-02-04 16:38:48.405 [info] /settings/resourceLanguage closed
2024-02-04 16:38:48.487 [info] /ignoredSettings closed
2024-02-04 16:38:51.087 [info] /launch closed
2024-02-04 16:38:51.234 [info] /token-styling closed
2024-02-04 16:38:51.234 [info] /textmate-colors closed
2024-02-04 16:38:51.235 [info] /workbench-colors closed
2024-02-04 16:41:48.119 [info] /settings/user closed
2024-02-04 16:41:48.468 [info] /settings/resourceLanguage closed
2024-02-04 16:41:48.561 [info] /ignoredSettings closed
2024-02-04 16:41:51.218 [info] /launch closed
2024-02-04 16:41:51.349 [info] /token-styling closed
2024-02-04 16:41:51.349 [info] /textmate-colors closed
2024-02-04 16:41:51.349 [info] /workbench-colors closed
2024-02-04 16:44:48.209 [info] /settings/user closed
2024-02-04 16:44:48.539 [info] /settings/resourceLanguage closed
2024-02-04 16:44:48.631 [info] /ignoredSettings closed
2024-02-04 16:44:51.338 [info] /launch closed
2024-02-04 16:44:51.489 [info] /token-styling closed
2024-02-04 16:44:51.489 [info] /textmate-colors closed
2024-02-04 16:44:51.489 [info] /workbench-colors closed
2024-02-04 16:47:48.287 [info] /settings/user closed
2024-02-04 16:47:48.631 [info] /settings/resourceLanguage closed
2024-02-04 16:47:48.715 [info] /ignoredSettings closed
2024-02-04 16:47:51.480 [info] /launch closed
2024-02-04 16:47:51.615 [info] /token-styling closed
2024-02-04 16:47:51.615 [info] /textmate-colors closed
2024-02-04 16:47:51.615 [info] /workbench-colors closed
