2024-02-03 23:39:57.897 [info] Extension host with pid 74864 started
2024-02-03 23:39:57.897 [info] Skipping acquiring lock for /home/anthonyoon/.config/Code/User/workspaceStorage/373e0a79384b5053b694dc61ee9b65f5.
2024-02-03 23:39:57.952 [info] ExtensionService#_doActivateExtension vscode.git-base, startup: true, activationEvent: '*', root cause: vscode.git
2024-02-03 23:39:57.954 [info] ExtensionService#_doActivateExtension mhutchie.git-graph, startup: true, activationEvent: '*'
2024-02-03 23:39:57.962 [info] ExtensionService#_doActivateExtension ms-dotnettools.vscode-dotnet-runtime, startup: true, activationEvent: '*', root cause: Oracle.oracledevtools
2024-02-03 23:39:58.025 [info] ExtensionService#_doActivateExtension vscode.git, startup: true, activationEvent: '*'
2024-02-03 23:39:58.040 [info] ExtensionService#_doActivateExtension vscode.github, startup: true, activationEvent: '*'
2024-02-03 23:39:58.042 [info] Extension host with pid 74884 started
2024-02-03 23:39:58.042 [info] Skipping acquiring lock for /home/anthonyoon/.config/Code/User/workspaceStorage/373e0a79384b5053b694dc61ee9b65f5.
2024-02-03 23:39:58.043 [info] Eager extensions activated
2024-02-03 23:39:58.045 [info] ExtensionService#_doActivateExtension Oracle.oracledevtools, startup: true, activationEvent: '*'
2024-02-03 23:39:58.066 [info] ExtensionService#_doActivateExtension vscodevim.vim, startup: false, activationEvent: 'onStartupFinished'
2024-02-03 23:39:58.434 [info] Eager extensions activated
2024-02-03 23:39:58.493 [info] ExtensionService#_doActivateExtension vscode.debug-auto-launch, startup: false, activationEvent: 'onStartupFinished'
2024-02-03 23:39:58.494 [info] ExtensionService#_doActivateExtension vscode.merge-conflict, startup: false, activationEvent: 'onStartupFinished'
2024-02-03 23:39:58.498 [info] ExtensionService#_doActivateExtension eamodio.gitlens, startup: false, activationEvent: 'onStartupFinished'
2024-02-03 23:39:58.516 [info] ExtensionService#_doActivateExtension vadimcn.vscode-lldb, startup: false, activationEvent: 'onStartupFinished'
2024-02-03 23:39:58.808 [info] ExtensionService#_doActivateExtension vscode.github-authentication, startup: false, activationEvent: 'onAuthenticationRequest:github'
2024-02-03 23:41:43.327 [info] ExtensionService#_doActivateExtension rust-lang.rust-analyzer, startup: false, activationEvent: 'onLanguage:rust'
2024-02-03 23:41:43.342 [info] ExtensionService#_doActivateExtension vscode.emmet, startup: false, activationEvent: 'onLanguage'
2024-02-03 23:41:43.579 [info] ExtensionService#_doActivateExtension mongodb.mongodb-vscode, startup: false, activationEvent: 'onLanguage:plaintext'
2024-02-03 23:43:50.070 [warning] TextEditor is closed/disposed
2024-02-03 23:43:56.427 [warning] TextEditor is closed/disposed
2024-02-03 23:44:08.312 [warning] TextEditor is closed/disposed
2024-02-03 23:44:11.233 [warning] TextEditor is closed/disposed
2024-02-03 23:44:12.915 [warning] TextEditor is closed/disposed
2024-02-03 23:44:14.450 [warning] TextEditor is closed/disposed
2024-02-03 23:44:15.866 [warning] TextEditor is closed/disposed
2024-02-03 23:44:19.648 [warning] TextEditor is closed/disposed
2024-02-03 23:45:58.208 [warning] TextEditor is closed/disposed
2024-02-03 23:46:03.395 [warning] TextEditor is closed/disposed
2024-02-03 23:47:20.147 [warning] TextEditor is closed/disposed
2024-02-03 23:47:50.699 [warning] TextEditor is closed/disposed
2024-02-03 23:50:13.439 [warning] TextEditor is closed/disposed
2024-02-03 23:50:14.940 [warning] TextEditor is closed/disposed
2024-02-03 23:54:35.276 [warning] TextEditor is closed/disposed
2024-02-03 23:55:43.672 [warning] TextEditor is closed/disposed
2024-02-04 00:00:36.302 [warning] TextEditor is closed/disposed
2024-02-04 00:01:19.910 [warning] TextEditor is closed/disposed
2024-02-04 00:02:20.331 [info] ExtensionService#_doActivateExtension tamasfe.even-better-toml, startup: false, activationEvent: 'onLanguage:toml'
2024-02-04 00:04:57.993 [warning] TextEditor is closed/disposed
2024-02-04 00:09:36.087 [error] Error: Git error
	at ChildProcess.<anonymous> (/usr/share/code/resources/app/extensions/git/dist/main.js:2:991008)
	at ChildProcess.emit (node:events:525:35)
	at ChildProcess._handle.onexit (node:internal/child_process:291:12)
2024-02-04 00:09:36.087 [error] Error: Git error
	at ChildProcess.<anonymous> (/usr/share/code/resources/app/extensions/git/dist/main.js:2:991008)
	at ChildProcess.emit (node:events:525:35)
	at ChildProcess._handle.onexit (node:internal/child_process:291:12)
2024-02-04 00:09:36.087 [error] Error: Git error
	at ChildProcess.<anonymous> (/usr/share/code/resources/app/extensions/git/dist/main.js:2:991008)
	at ChildProcess.emit (node:events:525:35)
	at ChildProcess._handle.onexit (node:internal/child_process:291:12)
2024-02-04 00:09:36.087 [error] Error: Git error
	at ChildProcess.<anonymous> (/usr/share/code/resources/app/extensions/git/dist/main.js:2:991008)
	at ChildProcess.emit (node:events:525:35)
	at ChildProcess._handle.onexit (node:internal/child_process:291:12)
2024-02-04 00:09:36.087 [error] Error: Git error
	at ChildProcess.<anonymous> (/usr/share/code/resources/app/extensions/git/dist/main.js:2:991008)
	at ChildProcess.emit (node:events:525:35)
	at ChildProcess._handle.onexit (node:internal/child_process:291:12)
2024-02-04 00:09:36.087 [error] Error: Git error
	at ChildProcess.<anonymous> (/usr/share/code/resources/app/extensions/git/dist/main.js:2:991008)
	at ChildProcess.emit (node:events:525:35)
	at ChildProcess._handle.onexit (node:internal/child_process:291:12)
2024-02-04 00:09:37.089 [error] Error: Git error
	at ChildProcess.<anonymous> (/usr/share/code/resources/app/extensions/git/dist/main.js:2:991008)
	at ChildProcess.emit (node:events:525:35)
	at ChildProcess._handle.onexit (node:internal/child_process:291:12)
2024-02-04 00:09:37.099 [error] Error: Git error
	at ChildProcess.<anonymous> (/usr/share/code/resources/app/extensions/git/dist/main.js:2:991008)
	at ChildProcess.emit (node:events:525:35)
	at ChildProcess._handle.onexit (node:internal/child_process:291:12)
2024-02-04 00:09:37.101 [error] Error: Git error
	at ChildProcess.<anonymous> (/usr/share/code/resources/app/extensions/git/dist/main.js:2:991008)
	at ChildProcess.emit (node:events:525:35)
	at ChildProcess._handle.onexit (node:internal/child_process:291:12)
2024-02-04 00:09:37.102 [error] Error: Git error
	at ChildProcess.<anonymous> (/usr/share/code/resources/app/extensions/git/dist/main.js:2:991008)
	at ChildProcess.emit (node:events:525:35)
	at ChildProcess._handle.onexit (node:internal/child_process:291:12)
2024-02-04 00:09:37.103 [error] Error: Git error
	at ChildProcess.<anonymous> (/usr/share/code/resources/app/extensions/git/dist/main.js:2:991008)
	at ChildProcess.emit (node:events:525:35)
	at ChildProcess._handle.onexit (node:internal/child_process:291:12)
2024-02-04 00:09:37.103 [error] Error: Git error
	at ChildProcess.<anonymous> (/usr/share/code/resources/app/extensions/git/dist/main.js:2:991008)
	at ChildProcess.emit (node:events:525:35)
	at ChildProcess._handle.onexit (node:internal/child_process:291:12)
2024-02-04 00:09:43.370 [error] Error: Git error
	at ChildProcess.<anonymous> (/usr/share/code/resources/app/extensions/git/dist/main.js:2:991008)
	at ChildProcess.emit (node:events:525:35)
	at ChildProcess._handle.onexit (node:internal/child_process:291:12)
2024-02-04 00:09:43.370 [error] Error: Git error
	at ChildProcess.<anonymous> (/usr/share/code/resources/app/extensions/git/dist/main.js:2:991008)
	at ChildProcess.emit (node:events:525:35)
	at ChildProcess._handle.onexit (node:internal/child_process:291:12)
2024-02-04 00:09:43.370 [error] Error: Git error
	at ChildProcess.<anonymous> (/usr/share/code/resources/app/extensions/git/dist/main.js:2:991008)
	at ChildProcess.emit (node:events:525:35)
	at ChildProcess._handle.onexit (node:internal/child_process:291:12)
2024-02-04 00:09:43.370 [error] Error: Git error
	at ChildProcess.<anonymous> (/usr/share/code/resources/app/extensions/git/dist/main.js:2:991008)
	at ChildProcess.emit (node:events:525:35)
	at ChildProcess._handle.onexit (node:internal/child_process:291:12)
2024-02-04 00:09:43.370 [error] Error: Git error
	at ChildProcess.<anonymous> (/usr/share/code/resources/app/extensions/git/dist/main.js:2:991008)
	at ChildProcess.emit (node:events:525:35)
	at ChildProcess._handle.onexit (node:internal/child_process:291:12)
2024-02-04 00:09:43.370 [error] Error: Git error
	at ChildProcess.<anonymous> (/usr/share/code/resources/app/extensions/git/dist/main.js:2:991008)
	at ChildProcess.emit (node:events:525:35)
	at ChildProcess._handle.onexit (node:internal/child_process:291:12)
2024-02-04 00:09:43.370 [error] Error: Git error
	at ChildProcess.<anonymous> (/usr/share/code/resources/app/extensions/git/dist/main.js:2:991008)
	at ChildProcess.emit (node:events:525:35)
	at ChildProcess._handle.onexit (node:internal/child_process:291:12)
2024-02-04 00:09:44.371 [error] Error: Git error
	at ChildProcess.<anonymous> (/usr/share/code/resources/app/extensions/git/dist/main.js:2:991008)
	at ChildProcess.emit (node:events:525:35)
	at ChildProcess._handle.onexit (node:internal/child_process:291:12)
2024-02-04 00:09:44.373 [error] Error: Git error
	at ChildProcess.<anonymous> (/usr/share/code/resources/app/extensions/git/dist/main.js:2:991008)
	at ChildProcess.emit (node:events:525:35)
	at ChildProcess._handle.onexit (node:internal/child_process:291:12)
2024-02-04 00:09:44.374 [error] Error: Git error
	at ChildProcess.<anonymous> (/usr/share/code/resources/app/extensions/git/dist/main.js:2:991008)
	at ChildProcess.emit (node:events:525:35)
	at ChildProcess._handle.onexit (node:internal/child_process:291:12)
2024-02-04 00:09:44.375 [error] Error: Git error
	at ChildProcess.<anonymous> (/usr/share/code/resources/app/extensions/git/dist/main.js:2:991008)
	at ChildProcess.emit (node:events:525:35)
	at ChildProcess._handle.onexit (node:internal/child_process:291:12)
2024-02-04 00:09:44.376 [error] Error: Git error
	at ChildProcess.<anonymous> (/usr/share/code/resources/app/extensions/git/dist/main.js:2:991008)
	at ChildProcess.emit (node:events:525:35)
	at ChildProcess._handle.onexit (node:internal/child_process:291:12)
2024-02-04 00:09:44.377 [error] Error: Git error
	at ChildProcess.<anonymous> (/usr/share/code/resources/app/extensions/git/dist/main.js:2:991008)
	at ChildProcess.emit (node:events:525:35)
	at ChildProcess._handle.onexit (node:internal/child_process:291:12)
2024-02-04 00:09:44.378 [error] Error: Git error
	at ChildProcess.<anonymous> (/usr/share/code/resources/app/extensions/git/dist/main.js:2:991008)
	at ChildProcess.emit (node:events:525:35)
	at ChildProcess._handle.onexit (node:internal/child_process:291:12)
2024-02-04 00:09:45.129 [error] Error: Git error
	at ChildProcess.<anonymous> (/usr/share/code/resources/app/extensions/git/dist/main.js:2:991008)
	at ChildProcess.emit (node:events:525:35)
	at ChildProcess._handle.onexit (node:internal/child_process:291:12)
2024-02-04 00:09:45.129 [error] Error: Git error
	at ChildProcess.<anonymous> (/usr/share/code/resources/app/extensions/git/dist/main.js:2:991008)
	at ChildProcess.emit (node:events:525:35)
	at ChildProcess._handle.onexit (node:internal/child_process:291:12)
2024-02-04 00:09:45.129 [error] Error: Git error
	at ChildProcess.<anonymous> (/usr/share/code/resources/app/extensions/git/dist/main.js:2:991008)
	at ChildProcess.emit (node:events:525:35)
	at ChildProcess._handle.onexit (node:internal/child_process:291:12)
2024-02-04 00:09:45.129 [error] Error: Git error
	at ChildProcess.<anonymous> (/usr/share/code/resources/app/extensions/git/dist/main.js:2:991008)
	at ChildProcess.emit (node:events:525:35)
	at ChildProcess._handle.onexit (node:internal/child_process:291:12)
2024-02-04 00:09:45.129 [error] Error: Git error
	at ChildProcess.<anonymous> (/usr/share/code/resources/app/extensions/git/dist/main.js:2:991008)
	at ChildProcess.emit (node:events:525:35)
	at ChildProcess._handle.onexit (node:internal/child_process:291:12)
2024-02-04 00:09:45.129 [error] Error: Git error
	at ChildProcess.<anonymous> (/usr/share/code/resources/app/extensions/git/dist/main.js:2:991008)
	at ChildProcess.emit (node:events:525:35)
	at ChildProcess._handle.onexit (node:internal/child_process:291:12)
2024-02-04 00:09:46.131 [error] Error: Git error
	at ChildProcess.<anonymous> (/usr/share/code/resources/app/extensions/git/dist/main.js:2:991008)
	at ChildProcess.emit (node:events:525:35)
	at ChildProcess._handle.onexit (node:internal/child_process:291:12)
2024-02-04 00:09:46.132 [error] Error: Git error
	at ChildProcess.<anonymous> (/usr/share/code/resources/app/extensions/git/dist/main.js:2:991008)
	at ChildProcess.emit (node:events:525:35)
	at ChildProcess._handle.onexit (node:internal/child_process:291:12)
2024-02-04 00:09:46.133 [error] Error: Git error
	at ChildProcess.<anonymous> (/usr/share/code/resources/app/extensions/git/dist/main.js:2:991008)
	at ChildProcess.emit (node:events:525:35)
	at ChildProcess._handle.onexit (node:internal/child_process:291:12)
2024-02-04 00:09:46.135 [error] Error: Git error
	at ChildProcess.<anonymous> (/usr/share/code/resources/app/extensions/git/dist/main.js:2:991008)
	at ChildProcess.emit (node:events:525:35)
	at ChildProcess._handle.onexit (node:internal/child_process:291:12)
2024-02-04 00:09:46.136 [error] Error: Git error
	at ChildProcess.<anonymous> (/usr/share/code/resources/app/extensions/git/dist/main.js:2:991008)
	at ChildProcess.emit (node:events:525:35)
	at ChildProcess._handle.onexit (node:internal/child_process:291:12)
2024-02-04 00:09:46.137 [error] Error: Git error
	at ChildProcess.<anonymous> (/usr/share/code/resources/app/extensions/git/dist/main.js:2:991008)
	at ChildProcess.emit (node:events:525:35)
	at ChildProcess._handle.onexit (node:internal/child_process:291:12)
2024-02-04 00:10:06.754 [warning] TextEditor is closed/disposed
2024-02-04 00:24:48.182 [error] Error: spawn git ENOENT
	at ChildProcess._handle.onexit (node:internal/child_process:283:19)
	at onErrorNT (node:internal/child_process:476:16)
	at process.processTicksAndRejections (node:internal/process/task_queues:82:21)
2024-02-04 00:24:49.183 [error] Error: spawn git ENOENT
	at ChildProcess._handle.onexit (node:internal/child_process:283:19)
	at onErrorNT (node:internal/child_process:476:16)
	at process.processTicksAndRejections (node:internal/process/task_queues:82:21)
2024-02-04 00:36:51.030 [info] Extension host terminating: renderer closed the MessagePort
2024-02-04 00:36:51.032 [info] Extension host terminating: renderer closed the MessagePort
2024-02-04 00:36:51.034 [info] Extension host with pid 74884 exiting with code 0
2024-02-04 00:36:51.090 [error] Canceled: Canceled
	at new g (/usr/share/code/resources/app/out/vs/workbench/api/node/extensionHostProcess.js:141:110274)
	at l.U (/usr/share/code/resources/app/out/vs/workbench/api/node/extensionHostProcess.js:150:10866)
	at P.<computed>.j.charCodeAt.P.<computed> (/usr/share/code/resources/app/out/vs/workbench/api/node/extensionHostProcess.js:150:8317)
	at d.g (/usr/share/code/resources/app/out/vs/workbench/api/node/extensionHostProcess.js:141:139555)
	at d.executeCommand (/usr/share/code/resources/app/out/vs/workbench/api/node/extensionHostProcess.js:141:138993)
	at p.registerCommand.description (/usr/share/code/resources/app/out/vs/workbench/api/node/extensionHostProcess.js:141:138317)
	at d.h (/usr/share/code/resources/app/out/vs/workbench/api/node/extensionHostProcess.js:141:140094)
	at d.g (/usr/share/code/resources/app/out/vs/workbench/api/node/extensionHostProcess.js:141:139086)
	at d.executeCommand (/usr/share/code/resources/app/out/vs/workbench/api/node/extensionHostProcess.js:141:138993)
	at Object.executeCommand (/usr/share/code/resources/app/out/vs/workbench/api/node/extensionHostProcess.js:158:21333)
	at f.I [as value] (/usr/share/code/resources/app/extensions/git/dist/main.js:2:924696)
	at n.y (/usr/share/code/resources/app/out/vs/workbench/api/node/extensionHostProcess.js:80:1902)
	at n.z (/usr/share/code/resources/app/out/vs/workbench/api/node/extensionHostProcess.js:80:1972)
	at n.fire (/usr/share/code/resources/app/out/vs/workbench/api/node/extensionHostProcess.js:80:2188)
	at Object.m [as dispose] (/usr/share/code/resources/app/extensions/git/dist/main.js:2:940613)
	at /usr/share/code/resources/app/extensions/git/dist/main.js:2:945566
	at Array.forEach (<anonymous>)
	at p.dispose (/usr/share/code/resources/app/extensions/git/dist/main.js:2:945552)
	at u.<anonymous> (/usr/share/code/resources/app/out/vs/workbench/api/node/extensionHostProcess.js:137:3620)
	at u.dispose (/usr/share/code/resources/app/out/vs/workbench/api/node/extensionHostProcess.js:137:3717)
	at u.<anonymous> (/usr/share/code/resources/app/extensions/git/dist/main.js:2:926708)
	at u.dispose (/usr/share/code/resources/app/out/vs/workbench/api/node/extensionHostProcess.js:137:3717)
	at s (/usr/share/code/resources/app/out/vs/workbench/api/node/extensionHostProcess.js:30:754)
	at f.cb (/usr/share/code/resources/app/out/vs/workbench/api/node/extensionHostProcess.js:154:9873)
	at /usr/share/code/resources/app/out/vs/workbench/api/node/extensionHostProcess.js:154:7808
	at Array.map (<anonymous>)
	at f.Y (/usr/share/code/resources/app/out/vs/workbench/api/node/extensionHostProcess.js:154:7795)
	at f.terminate (/usr/share/code/resources/app/out/vs/workbench/api/node/extensionHostProcess.js:154:8068)
	at s.terminate (/usr/share/code/resources/app/out/vs/workbench/api/node/extensionHostProcess.js:158:1513)
	at a (/usr/share/code/resources/app/out/vs/workbench/api/node/extensionHostProcess.js:171:9802)
	at MessagePortMain.<anonymous> (/usr/share/code/resources/app/out/vs/workbench/api/node/extensionHostProcess.js:171:6227)
	at MessagePortMain.emit (node:events:513:28)
	at MessagePortMain._internalPort.emit (node:electron/js2c/utility_init:2:367) setContext undefined
2024-02-04 00:36:51.090 [error] Canceled: Canceled
	at new g (/usr/share/code/resources/app/out/vs/workbench/api/node/extensionHostProcess.js:141:110274)
	at l.U (/usr/share/code/resources/app/out/vs/workbench/api/node/extensionHostProcess.js:150:10866)
	at P.<computed>.j.charCodeAt.P.<computed> (/usr/share/code/resources/app/out/vs/workbench/api/node/extensionHostProcess.js:150:8317)
	at d.g (/usr/share/code/resources/app/out/vs/workbench/api/node/extensionHostProcess.js:141:139555)
	at d.executeCommand (/usr/share/code/resources/app/out/vs/workbench/api/node/extensionHostProcess.js:141:138993)
	at p.registerCommand.description (/usr/share/code/resources/app/out/vs/workbench/api/node/extensionHostProcess.js:141:138317)
	at d.h (/usr/share/code/resources/app/out/vs/workbench/api/node/extensionHostProcess.js:141:140094)
	at d.g (/usr/share/code/resources/app/out/vs/workbench/api/node/extensionHostProcess.js:141:139086)
	at d.executeCommand (/usr/share/code/resources/app/out/vs/workbench/api/node/extensionHostProcess.js:141:138993)
	at Object.executeCommand (/usr/share/code/resources/app/out/vs/workbench/api/node/extensionHostProcess.js:158:21333)
	at f.I [as value] (/usr/share/code/resources/app/extensions/git/dist/main.js:2:924696)
	at n.y (/usr/share/code/resources/app/out/vs/workbench/api/node/extensionHostProcess.js:80:1902)
	at n.z (/usr/share/code/resources/app/out/vs/workbench/api/node/extensionHostProcess.js:80:1972)
	at n.fire (/usr/share/code/resources/app/out/vs/workbench/api/node/extensionHostProcess.js:80:2188)
	at Object.m [as dispose] (/usr/share/code/resources/app/extensions/git/dist/main.js:2:940613)
	at /usr/share/code/resources/app/extensions/git/dist/main.js:2:945566
	at Array.forEach (<anonymous>)
	at p.dispose (/usr/share/code/resources/app/extensions/git/dist/main.js:2:945552)
	at u.<anonymous> (/usr/share/code/resources/app/out/vs/workbench/api/node/extensionHostProcess.js:137:3620)
	at u.dispose (/usr/share/code/resources/app/out/vs/workbench/api/node/extensionHostProcess.js:137:3717)
	at u.<anonymous> (/usr/share/code/resources/app/extensions/git/dist/main.js:2:926708)
	at u.dispose (/usr/share/code/resources/app/out/vs/workbench/api/node/extensionHostProcess.js:137:3717)
	at s (/usr/share/code/resources/app/out/vs/workbench/api/node/extensionHostProcess.js:30:754)
	at f.cb (/usr/share/code/resources/app/out/vs/workbench/api/node/extensionHostProcess.js:154:9873)
	at /usr/share/code/resources/app/out/vs/workbench/api/node/extensionHostProcess.js:154:7808
	at Array.map (<anonymous>)
	at f.Y (/usr/share/code/resources/app/out/vs/workbench/api/node/extensionHostProcess.js:154:7795)
	at f.terminate (/usr/share/code/resources/app/out/vs/workbench/api/node/extensionHostProcess.js:154:8068)
	at s.terminate (/usr/share/code/resources/app/out/vs/workbench/api/node/extensionHostProcess.js:158:1513)
	at a (/usr/share/code/resources/app/out/vs/workbench/api/node/extensionHostProcess.js:171:9802)
	at MessagePortMain.<anonymous> (/usr/share/code/resources/app/out/vs/workbench/api/node/extensionHostProcess.js:171:6227)
	at MessagePortMain.emit (node:events:513:28)
	at MessagePortMain._internalPort.emit (node:electron/js2c/utility_init:2:367) setContext undefined
2024-02-04 00:36:51.090 [error] Canceled: Canceled
	at new g (/usr/share/code/resources/app/out/vs/workbench/api/node/extensionHostProcess.js:141:110274)
	at l.U (/usr/share/code/resources/app/out/vs/workbench/api/node/extensionHostProcess.js:150:10866)
	at P.<computed>.j.charCodeAt.P.<computed> (/usr/share/code/resources/app/out/vs/workbench/api/node/extensionHostProcess.js:150:8317)
	at d.g (/usr/share/code/resources/app/out/vs/workbench/api/node/extensionHostProcess.js:141:139555)
	at d.executeCommand (/usr/share/code/resources/app/out/vs/workbench/api/node/extensionHostProcess.js:141:138993)
	at p.registerCommand.description (/usr/share/code/resources/app/out/vs/workbench/api/node/extensionHostProcess.js:141:138317)
	at d.h (/usr/share/code/resources/app/out/vs/workbench/api/node/extensionHostProcess.js:141:140094)
	at d.g (/usr/share/code/resources/app/out/vs/workbench/api/node/extensionHostProcess.js:141:139086)
	at d.executeCommand (/usr/share/code/resources/app/out/vs/workbench/api/node/extensionHostProcess.js:141:138993)
	at Object.executeCommand (/usr/share/code/resources/app/out/vs/workbench/api/node/extensionHostProcess.js:158:21333)
	at f.I [as value] (/usr/share/code/resources/app/extensions/git/dist/main.js:2:924696)
	at n.y (/usr/share/code/resources/app/out/vs/workbench/api/node/extensionHostProcess.js:80:1902)
	at n.z (/usr/share/code/resources/app/out/vs/workbench/api/node/extensionHostProcess.js:80:1972)
	at n.fire (/usr/share/code/resources/app/out/vs/workbench/api/node/extensionHostProcess.js:80:2188)
	at Object.m [as dispose] (/usr/share/code/resources/app/extensions/git/dist/main.js:2:940613)
	at /usr/share/code/resources/app/extensions/git/dist/main.js:2:945566
	at Array.forEach (<anonymous>)
	at p.dispose (/usr/share/code/resources/app/extensions/git/dist/main.js:2:945552)
	at u.<anonymous> (/usr/share/code/resources/app/out/vs/workbench/api/node/extensionHostProcess.js:137:3620)
	at u.dispose (/usr/share/code/resources/app/out/vs/workbench/api/node/extensionHostProcess.js:137:3717)
	at u.<anonymous> (/usr/share/code/resources/app/extensions/git/dist/main.js:2:926708)
	at u.dispose (/usr/share/code/resources/app/out/vs/workbench/api/node/extensionHostProcess.js:137:3717)
	at s (/usr/share/code/resources/app/out/vs/workbench/api/node/extensionHostProcess.js:30:754)
	at f.cb (/usr/share/code/resources/app/out/vs/workbench/api/node/extensionHostProcess.js:154:9873)
	at /usr/share/code/resources/app/out/vs/workbench/api/node/extensionHostProcess.js:154:7808
	at Array.map (<anonymous>)
	at f.Y (/usr/share/code/resources/app/out/vs/workbench/api/node/extensionHostProcess.js:154:7795)
	at f.terminate (/usr/share/code/resources/app/out/vs/workbench/api/node/extensionHostProcess.js:154:8068)
	at s.terminate (/usr/share/code/resources/app/out/vs/workbench/api/node/extensionHostProcess.js:158:1513)
	at a (/usr/share/code/resources/app/out/vs/workbench/api/node/extensionHostProcess.js:171:9802)
	at MessagePortMain.<anonymous> (/usr/share/code/resources/app/out/vs/workbench/api/node/extensionHostProcess.js:171:6227)
	at MessagePortMain.emit (node:events:513:28)
	at MessagePortMain._internalPort.emit (node:electron/js2c/utility_init:2:367) setContext undefined
2024-02-04 00:36:51.091 [error] Canceled: Canceled
	at new g (/usr/share/code/resources/app/out/vs/workbench/api/node/extensionHostProcess.js:141:110274)
	at l.U (/usr/share/code/resources/app/out/vs/workbench/api/node/extensionHostProcess.js:150:10866)
	at P.<computed>.j.charCodeAt.P.<computed> (/usr/share/code/resources/app/out/vs/workbench/api/node/extensionHostProcess.js:150:8317)
	at d.g (/usr/share/code/resources/app/out/vs/workbench/api/node/extensionHostProcess.js:141:139555)
	at d.executeCommand (/usr/share/code/resources/app/out/vs/workbench/api/node/extensionHostProcess.js:141:138993)
	at p.registerCommand.description (/usr/share/code/resources/app/out/vs/workbench/api/node/extensionHostProcess.js:141:138317)
	at d.h (/usr/share/code/resources/app/out/vs/workbench/api/node/extensionHostProcess.js:141:140094)
	at d.g (/usr/share/code/resources/app/out/vs/workbench/api/node/extensionHostProcess.js:141:139086)
	at d.executeCommand (/usr/share/code/resources/app/out/vs/workbench/api/node/extensionHostProcess.js:141:138993)
	at Object.executeCommand (/usr/share/code/resources/app/out/vs/workbench/api/node/extensionHostProcess.js:158:21333)
	at f.I [as value] (/usr/share/code/resources/app/extensions/git/dist/main.js:2:924696)
	at n.y (/usr/share/code/resources/app/out/vs/workbench/api/node/extensionHostProcess.js:80:1902)
	at n.z (/usr/share/code/resources/app/out/vs/workbench/api/node/extensionHostProcess.js:80:1972)
	at n.fire (/usr/share/code/resources/app/out/vs/workbench/api/node/extensionHostProcess.js:80:2188)
	at Object.m [as dispose] (/usr/share/code/resources/app/extensions/git/dist/main.js:2:940613)
	at /usr/share/code/resources/app/extensions/git/dist/main.js:2:945566
	at Array.forEach (<anonymous>)
	at p.dispose (/usr/share/code/resources/app/extensions/git/dist/main.js:2:945552)
	at u.<anonymous> (/usr/share/code/resources/app/out/vs/workbench/api/node/extensionHostProcess.js:137:3620)
	at u.dispose (/usr/share/code/resources/app/out/vs/workbench/api/node/extensionHostProcess.js:137:3717)
	at u.<anonymous> (/usr/share/code/resources/app/extensions/git/dist/main.js:2:926708)
	at u.dispose (/usr/share/code/resources/app/out/vs/workbench/api/node/extensionHostProcess.js:137:3717)
	at s (/usr/share/code/resources/app/out/vs/workbench/api/node/extensionHostProcess.js:30:754)
	at f.cb (/usr/share/code/resources/app/out/vs/workbench/api/node/extensionHostProcess.js:154:9873)
	at /usr/share/code/resources/app/out/vs/workbench/api/node/extensionHostProcess.js:154:7808
	at Array.map (<anonymous>)
	at f.Y (/usr/share/code/resources/app/out/vs/workbench/api/node/extensionHostProcess.js:154:7795)
	at f.terminate (/usr/share/code/resources/app/out/vs/workbench/api/node/extensionHostProcess.js:154:8068)
	at s.terminate (/usr/share/code/resources/app/out/vs/workbench/api/node/extensionHostProcess.js:158:1513)
	at a (/usr/share/code/resources/app/out/vs/workbench/api/node/extensionHostProcess.js:171:9802)
	at MessagePortMain.<anonymous> (/usr/share/code/resources/app/out/vs/workbench/api/node/extensionHostProcess.js:171:6227)
	at MessagePortMain.emit (node:events:513:28)
	at MessagePortMain._internalPort.emit (node:electron/js2c/utility_init:2:367) setContext undefined
2024-02-04 00:36:51.091 [error] Canceled: Canceled
	at new g (/usr/share/code/resources/app/out/vs/workbench/api/node/extensionHostProcess.js:141:110274)
	at l.U (/usr/share/code/resources/app/out/vs/workbench/api/node/extensionHostProcess.js:150:10866)
	at P.<computed>.j.charCodeAt.P.<computed> (/usr/share/code/resources/app/out/vs/workbench/api/node/extensionHostProcess.js:150:8317)
	at d.g (/usr/share/code/resources/app/out/vs/workbench/api/node/extensionHostProcess.js:141:139555)
	at d.executeCommand (/usr/share/code/resources/app/out/vs/workbench/api/node/extensionHostProcess.js:141:138993)
	at p.registerCommand.description (/usr/share/code/resources/app/out/vs/workbench/api/node/extensionHostProcess.js:141:138317)
	at d.h (/usr/share/code/resources/app/out/vs/workbench/api/node/extensionHostProcess.js:141:140094)
	at d.g (/usr/share/code/resources/app/out/vs/workbench/api/node/extensionHostProcess.js:141:139086)
	at d.executeCommand (/usr/share/code/resources/app/out/vs/workbench/api/node/extensionHostProcess.js:141:138993)
	at Object.executeCommand (/usr/share/code/resources/app/out/vs/workbench/api/node/extensionHostProcess.js:158:21333)
	at f.I [as value] (/usr/share/code/resources/app/extensions/git/dist/main.js:2:924696)
	at n.y (/usr/share/code/resources/app/out/vs/workbench/api/node/extensionHostProcess.js:80:1902)
	at n.z (/usr/share/code/resources/app/out/vs/workbench/api/node/extensionHostProcess.js:80:1972)
	at n.fire (/usr/share/code/resources/app/out/vs/workbench/api/node/extensionHostProcess.js:80:2188)
	at Object.m [as dispose] (/usr/share/code/resources/app/extensions/git/dist/main.js:2:940613)
	at /usr/share/code/resources/app/extensions/git/dist/main.js:2:945566
	at Array.forEach (<anonymous>)
	at p.dispose (/usr/share/code/resources/app/extensions/git/dist/main.js:2:945552)
	at u.<anonymous> (/usr/share/code/resources/app/out/vs/workbench/api/node/extensionHostProcess.js:137:3620)
	at u.dispose (/usr/share/code/resources/app/out/vs/workbench/api/node/extensionHostProcess.js:137:3717)
	at u.<anonymous> (/usr/share/code/resources/app/extensions/git/dist/main.js:2:926708)
	at u.dispose (/usr/share/code/resources/app/out/vs/workbench/api/node/extensionHostProcess.js:137:3717)
	at s (/usr/share/code/resources/app/out/vs/workbench/api/node/extensionHostProcess.js:30:754)
	at f.cb (/usr/share/code/resources/app/out/vs/workbench/api/node/extensionHostProcess.js:154:9873)
	at /usr/share/code/resources/app/out/vs/workbench/api/node/extensionHostProcess.js:154:7808
	at Array.map (<anonymous>)
	at f.Y (/usr/share/code/resources/app/out/vs/workbench/api/node/extensionHostProcess.js:154:7795)
	at f.terminate (/usr/share/code/resources/app/out/vs/workbench/api/node/extensionHostProcess.js:154:8068)
	at s.terminate (/usr/share/code/resources/app/out/vs/workbench/api/node/extensionHostProcess.js:158:1513)
	at a (/usr/share/code/resources/app/out/vs/workbench/api/node/extensionHostProcess.js:171:9802)
	at MessagePortMain.<anonymous> (/usr/share/code/resources/app/out/vs/workbench/api/node/extensionHostProcess.js:171:6227)
	at MessagePortMain.emit (node:events:513:28)
	at MessagePortMain._internalPort.emit (node:electron/js2c/utility_init:2:367) setContext undefined
2024-02-04 00:36:51.091 [error] Canceled: Canceled
	at new g (/usr/share/code/resources/app/out/vs/workbench/api/node/extensionHostProcess.js:141:110274)
	at l.U (/usr/share/code/resources/app/out/vs/workbench/api/node/extensionHostProcess.js:150:10866)
	at P.<computed>.j.charCodeAt.P.<computed> (/usr/share/code/resources/app/out/vs/workbench/api/node/extensionHostProcess.js:150:8317)
	at d.g (/usr/share/code/resources/app/out/vs/workbench/api/node/extensionHostProcess.js:141:139555)
	at d.executeCommand (/usr/share/code/resources/app/out/vs/workbench/api/node/extensionHostProcess.js:141:138993)
	at p.registerCommand.description (/usr/share/code/resources/app/out/vs/workbench/api/node/extensionHostProcess.js:141:138317)
	at d.h (/usr/share/code/resources/app/out/vs/workbench/api/node/extensionHostProcess.js:141:140094)
	at d.g (/usr/share/code/resources/app/out/vs/workbench/api/node/extensionHostProcess.js:141:139086)
	at d.executeCommand (/usr/share/code/resources/app/out/vs/workbench/api/node/extensionHostProcess.js:141:138993)
	at Object.executeCommand (/usr/share/code/resources/app/out/vs/workbench/api/node/extensionHostProcess.js:158:21333)
	at set b [as b] (/usr/share/code/resources/app/extensions/github/dist/extension.js:2:322364)
	at /usr/share/code/resources/app/extensions/github/dist/extension.js:2:323005
	at f.value (/usr/share/code/resources/app/extensions/git/dist/main.js:2:1016450)
	at n.y (/usr/share/code/resources/app/out/vs/workbench/api/node/extensionHostProcess.js:80:1902)
	at n.z (/usr/share/code/resources/app/out/vs/workbench/api/node/extensionHostProcess.js:80:1972)
	at n.fire (/usr/share/code/resources/app/out/vs/workbench/api/node/extensionHostProcess.js:80:2188)
	at Object.m [as dispose] (/usr/share/code/resources/app/extensions/git/dist/main.js:2:940613)
	at /usr/share/code/resources/app/extensions/git/dist/main.js:2:945566
	at Array.forEach (<anonymous>)
	at p.dispose (/usr/share/code/resources/app/extensions/git/dist/main.js:2:945552)
	at u.<anonymous> (/usr/share/code/resources/app/out/vs/workbench/api/node/extensionHostProcess.js:137:3620)
	at u.dispose (/usr/share/code/resources/app/out/vs/workbench/api/node/extensionHostProcess.js:137:3717)
	at u.<anonymous> (/usr/share/code/resources/app/extensions/git/dist/main.js:2:926708)
	at u.dispose (/usr/share/code/resources/app/out/vs/workbench/api/node/extensionHostProcess.js:137:3717)
	at s (/usr/share/code/resources/app/out/vs/workbench/api/node/extensionHostProcess.js:30:754)
	at f.cb (/usr/share/code/resources/app/out/vs/workbench/api/node/extensionHostProcess.js:154:9873)
	at /usr/share/code/resources/app/out/vs/workbench/api/node/extensionHostProcess.js:154:7808
	at Array.map (<anonymous>)
	at f.Y (/usr/share/code/resources/app/out/vs/workbench/api/node/extensionHostProcess.js:154:7795)
	at f.terminate (/usr/share/code/resources/app/out/vs/workbench/api/node/extensionHostProcess.js:154:8068)
	at s.terminate (/usr/share/code/resources/app/out/vs/workbench/api/node/extensionHostProcess.js:158:1513)
	at a (/usr/share/code/resources/app/out/vs/workbench/api/node/extensionHostProcess.js:171:9802)
	at MessagePortMain.<anonymous> (/usr/share/code/resources/app/out/vs/workbench/api/node/extensionHostProcess.js:171:6227)
	at MessagePortMain.emit (node:events:513:28)
	at MessagePortMain._internalPort.emit (node:electron/js2c/utility_init:2:367) setContext undefined
2024-02-04 00:36:51.091 [error] Canceled: Canceled
	at new g (/usr/share/code/resources/app/out/vs/workbench/api/node/extensionHostProcess.js:141:110274)
	at l.U (/usr/share/code/resources/app/out/vs/workbench/api/node/extensionHostProcess.js:150:10866)
	at P.<computed>.j.charCodeAt.P.<computed> (/usr/share/code/resources/app/out/vs/workbench/api/node/extensionHostProcess.js:150:8317)
	at d.g (/usr/share/code/resources/app/out/vs/workbench/api/node/extensionHostProcess.js:141:139555)
	at d.executeCommand (/usr/share/code/resources/app/out/vs/workbench/api/node/extensionHostProcess.js:141:138993)
	at p.registerCommand.description (/usr/share/code/resources/app/out/vs/workbench/api/node/extensionHostProcess.js:141:138317)
	at d.h (/usr/share/code/resources/app/out/vs/workbench/api/node/extensionHostProcess.js:141:140094)
	at d.g (/usr/share/code/resources/app/out/vs/workbench/api/node/extensionHostProcess.js:141:139086)
	at d.executeCommand (/usr/share/code/resources/app/out/vs/workbench/api/node/extensionHostProcess.js:141:138993)
	at Object.executeCommand (/usr/share/code/resources/app/out/vs/workbench/api/node/extensionHostProcess.js:158:21333)
	at w (/home/anthonyoon/.vscode/extensions/eamodio.gitlens-14.7.0/dist/gitlens.js:1077:40655)
	at h (/home/anthonyoon/.vscode/extensions/eamodio.gitlens-14.7.0/dist/gitlens.js:1077:45702)
	at ActionRunners._updateContextKeys (/home/anthonyoon/.vscode/extensions/eamodio.gitlens-14.7.0/dist/gitlens.js:663:17573)
	at s (/home/anthonyoon/.vscode/extensions/eamodio.gitlens-14.7.0/dist/gitlens.js:663:16017)
	at RegisteredActionRunner.unregister (/home/anthonyoon/.vscode/extensions/eamodio.gitlens-14.7.0/dist/gitlens.js:663:16160)
	at RegisteredActionRunner.dispose (/home/anthonyoon/.vscode/extensions/eamodio.gitlens-14.7.0/dist/gitlens.js:663:14813)
	at ActionRunners.dispose (/home/anthonyoon/.vscode/extensions/eamodio.gitlens-14.7.0/dist/gitlens.js:663:15600)
	at /home/anthonyoon/.vscode/extensions/eamodio.gitlens-14.7.0/dist/gitlens.js:1037:19287
	at Array.forEach (<anonymous>)
	at Object.dispose (/home/anthonyoon/.vscode/extensions/eamodio.gitlens-14.7.0/dist/gitlens.js:1037:19269)
	at s (/usr/share/code/resources/app/out/vs/workbench/api/node/extensionHostProcess.js:30:754)
	at f.cb (/usr/share/code/resources/app/out/vs/workbench/api/node/extensionHostProcess.js:154:9873)
	at /usr/share/code/resources/app/out/vs/workbench/api/node/extensionHostProcess.js:154:7808
	at Array.map (<anonymous>)
	at f.Y (/usr/share/code/resources/app/out/vs/workbench/api/node/extensionHostProcess.js:154:7795)
	at f.terminate (/usr/share/code/resources/app/out/vs/workbench/api/node/extensionHostProcess.js:154:8068)
	at s.terminate (/usr/share/code/resources/app/out/vs/workbench/api/node/extensionHostProcess.js:158:1513)
	at a (/usr/share/code/resources/app/out/vs/workbench/api/node/extensionHostProcess.js:171:9802)
	at MessagePortMain.<anonymous> (/usr/share/code/resources/app/out/vs/workbench/api/node/extensionHostProcess.js:171:6227)
	at MessagePortMain.emit (node:events:513:28)
	at MessagePortMain._internalPort.emit (node:electron/js2c/utility_init:2:367) setContext undefined
2024-02-04 00:36:51.091 [error] Canceled: Canceled
	at new g (/usr/share/code/resources/app/out/vs/workbench/api/node/extensionHostProcess.js:141:110274)
	at l.U (/usr/share/code/resources/app/out/vs/workbench/api/node/extensionHostProcess.js:150:10866)
	at P.<computed>.j.charCodeAt.P.<computed> (/usr/share/code/resources/app/out/vs/workbench/api/node/extensionHostProcess.js:150:8317)
	at d.g (/usr/share/code/resources/app/out/vs/workbench/api/node/extensionHostProcess.js:141:139555)
	at d.executeCommand (/usr/share/code/resources/app/out/vs/workbench/api/node/extensionHostProcess.js:141:138993)
	at p.registerCommand.description (/usr/share/code/resources/app/out/vs/workbench/api/node/extensionHostProcess.js:141:138317)
	at d.h (/usr/share/code/resources/app/out/vs/workbench/api/node/extensionHostProcess.js:141:140094)
	at d.g (/usr/share/code/resources/app/out/vs/workbench/api/node/extensionHostProcess.js:141:139086)
	at d.executeCommand (/usr/share/code/resources/app/out/vs/workbench/api/node/extensionHostProcess.js:141:138993)
	at Object.executeCommand (/usr/share/code/resources/app/out/vs/workbench/api/node/extensionHostProcess.js:158:21333)
	at w (/home/anthonyoon/.vscode/extensions/eamodio.gitlens-14.7.0/dist/gitlens.js:1077:40655)
	at h (/home/anthonyoon/.vscode/extensions/eamodio.gitlens-14.7.0/dist/gitlens.js:1077:45702)
	at ActionRunners._updateContextKeys (/home/anthonyoon/.vscode/extensions/eamodio.gitlens-14.7.0/dist/gitlens.js:663:17573)
	at s (/home/anthonyoon/.vscode/extensions/eamodio.gitlens-14.7.0/dist/gitlens.js:663:16017)
	at RegisteredActionRunner.unregister (/home/anthonyoon/.vscode/extensions/eamodio.gitlens-14.7.0/dist/gitlens.js:663:16160)
	at RegisteredActionRunner.dispose (/home/anthonyoon/.vscode/extensions/eamodio.gitlens-14.7.0/dist/gitlens.js:663:14813)
	at ActionRunners.dispose (/home/anthonyoon/.vscode/extensions/eamodio.gitlens-14.7.0/dist/gitlens.js:663:15600)
	at /home/anthonyoon/.vscode/extensions/eamodio.gitlens-14.7.0/dist/gitlens.js:1037:19287
	at Array.forEach (<anonymous>)
	at Object.dispose (/home/anthonyoon/.vscode/extensions/eamodio.gitlens-14.7.0/dist/gitlens.js:1037:19269)
	at s (/usr/share/code/resources/app/out/vs/workbench/api/node/extensionHostProcess.js:30:754)
	at f.cb (/usr/share/code/resources/app/out/vs/workbench/api/node/extensionHostProcess.js:154:9873)
	at /usr/share/code/resources/app/out/vs/workbench/api/node/extensionHostProcess.js:154:7808
	at Array.map (<anonymous>)
	at f.Y (/usr/share/code/resources/app/out/vs/workbench/api/node/extensionHostProcess.js:154:7795)
	at f.terminate (/usr/share/code/resources/app/out/vs/workbench/api/node/extensionHostProcess.js:154:8068)
	at s.terminate (/usr/share/code/resources/app/out/vs/workbench/api/node/extensionHostProcess.js:158:1513)
	at a (/usr/share/code/resources/app/out/vs/workbench/api/node/extensionHostProcess.js:171:9802)
	at MessagePortMain.<anonymous> (/usr/share/code/resources/app/out/vs/workbench/api/node/extensionHostProcess.js:171:6227)
	at MessagePortMain.emit (node:events:513:28)
	at MessagePortMain._internalPort.emit (node:electron/js2c/utility_init:2:367) setContext undefined
2024-02-04 00:36:51.091 [error] Canceled: Canceled
	at new g (/usr/share/code/resources/app/out/vs/workbench/api/node/extensionHostProcess.js:141:110274)
	at l.U (/usr/share/code/resources/app/out/vs/workbench/api/node/extensionHostProcess.js:150:10866)
	at P.<computed>.j.charCodeAt.P.<computed> (/usr/share/code/resources/app/out/vs/workbench/api/node/extensionHostProcess.js:150:8317)
	at d.g (/usr/share/code/resources/app/out/vs/workbench/api/node/extensionHostProcess.js:141:139555)
	at d.executeCommand (/usr/share/code/resources/app/out/vs/workbench/api/node/extensionHostProcess.js:141:138993)
	at p.registerCommand.description (/usr/share/code/resources/app/out/vs/workbench/api/node/extensionHostProcess.js:141:138317)
	at d.h (/usr/share/code/resources/app/out/vs/workbench/api/node/extensionHostProcess.js:141:140094)
	at d.g (/usr/share/code/resources/app/out/vs/workbench/api/node/extensionHostProcess.js:141:139086)
	at d.executeCommand (/usr/share/code/resources/app/out/vs/workbench/api/node/extensionHostProcess.js:141:138993)
	at Object.executeCommand (/usr/share/code/resources/app/out/vs/workbench/api/node/extensionHostProcess.js:158:21333)
	at w (/home/anthonyoon/.vscode/extensions/eamodio.gitlens-14.7.0/dist/gitlens.js:1077:40655)
	at h (/home/anthonyoon/.vscode/extensions/eamodio.gitlens-14.7.0/dist/gitlens.js:1077:45702)
	at ActionRunners._updateContextKeys (/home/anthonyoon/.vscode/extensions/eamodio.gitlens-14.7.0/dist/gitlens.js:663:17573)
	at s (/home/anthonyoon/.vscode/extensions/eamodio.gitlens-14.7.0/dist/gitlens.js:663:16017)
	at RegisteredActionRunner.unregister (/home/anthonyoon/.vscode/extensions/eamodio.gitlens-14.7.0/dist/gitlens.js:663:16160)
	at RegisteredActionRunner.dispose (/home/anthonyoon/.vscode/extensions/eamodio.gitlens-14.7.0/dist/gitlens.js:663:14813)
	at ActionRunners.dispose (/home/anthonyoon/.vscode/extensions/eamodio.gitlens-14.7.0/dist/gitlens.js:663:15600)
	at /home/anthonyoon/.vscode/extensions/eamodio.gitlens-14.7.0/dist/gitlens.js:1037:19287
	at Array.forEach (<anonymous>)
	at Object.dispose (/home/anthonyoon/.vscode/extensions/eamodio.gitlens-14.7.0/dist/gitlens.js:1037:19269)
	at s (/usr/share/code/resources/app/out/vs/workbench/api/node/extensionHostProcess.js:30:754)
	at f.cb (/usr/share/code/resources/app/out/vs/workbench/api/node/extensionHostProcess.js:154:9873)
	at /usr/share/code/resources/app/out/vs/workbench/api/node/extensionHostProcess.js:154:7808
	at Array.map (<anonymous>)
	at f.Y (/usr/share/code/resources/app/out/vs/workbench/api/node/extensionHostProcess.js:154:7795)
	at f.terminate (/usr/share/code/resources/app/out/vs/workbench/api/node/extensionHostProcess.js:154:8068)
	at s.terminate (/usr/share/code/resources/app/out/vs/workbench/api/node/extensionHostProcess.js:158:1513)
	at a (/usr/share/code/resources/app/out/vs/workbench/api/node/extensionHostProcess.js:171:9802)
	at MessagePortMain.<anonymous> (/usr/share/code/resources/app/out/vs/workbench/api/node/extensionHostProcess.js:171:6227)
	at MessagePortMain.emit (node:events:513:28)
	at MessagePortMain._internalPort.emit (node:electron/js2c/utility_init:2:367) setContext undefined
2024-02-04 00:36:51.092 [error] Canceled: Canceled
	at new g (/usr/share/code/resources/app/out/vs/workbench/api/node/extensionHostProcess.js:141:110274)
	at l.U (/usr/share/code/resources/app/out/vs/workbench/api/node/extensionHostProcess.js:150:10866)
	at P.<computed>.j.charCodeAt.P.<computed> (/usr/share/code/resources/app/out/vs/workbench/api/node/extensionHostProcess.js:150:8317)
	at d.g (/usr/share/code/resources/app/out/vs/workbench/api/node/extensionHostProcess.js:141:139555)
	at d.executeCommand (/usr/share/code/resources/app/out/vs/workbench/api/node/extensionHostProcess.js:141:138993)
	at p.registerCommand.description (/usr/share/code/resources/app/out/vs/workbench/api/node/extensionHostProcess.js:141:138317)
	at d.h (/usr/share/code/resources/app/out/vs/workbench/api/node/extensionHostProcess.js:141:140094)
	at d.g (/usr/share/code/resources/app/out/vs/workbench/api/node/extensionHostProcess.js:141:139086)
	at d.executeCommand (/usr/share/code/resources/app/out/vs/workbench/api/node/extensionHostProcess.js:141:138993)
	at Object.executeCommand (/usr/share/code/resources/app/out/vs/workbench/api/node/extensionHostProcess.js:158:21333)
	at of (/home/anthonyoon/.vscode/extensions/rust-lang.rust-analyzer-0.3.1823-linux-x64/out/main.js:39:70677)
	at Object.X_ (/home/anthonyoon/.vscode/extensions/rust-lang.rust-analyzer-0.3.1823-linux-x64/out/main.js:372:268)
	at f.cb (/usr/share/code/resources/app/out/vs/workbench/api/node/extensionHostProcess.js:154:9678)
	at /usr/share/code/resources/app/out/vs/workbench/api/node/extensionHostProcess.js:154:7808
	at Array.map (<anonymous>)
	at f.Y (/usr/share/code/resources/app/out/vs/workbench/api/node/extensionHostProcess.js:154:7795)
	at f.terminate (/usr/share/code/resources/app/out/vs/workbench/api/node/extensionHostProcess.js:154:8068)
	at s.terminate (/usr/share/code/resources/app/out/vs/workbench/api/node/extensionHostProcess.js:158:1513)
	at a (/usr/share/code/resources/app/out/vs/workbench/api/node/extensionHostProcess.js:171:9802)
	at MessagePortMain.<anonymous> (/usr/share/code/resources/app/out/vs/workbench/api/node/extensionHostProcess.js:171:6227)
	at MessagePortMain.emit (node:events:513:28)
	at MessagePortMain._internalPort.emit (node:electron/js2c/utility_init:2:367) setContext undefined
2024-02-04 00:36:51.092 [error] Canceled: Canceled
	at new g (/usr/share/code/resources/app/out/vs/workbench/api/node/extensionHostProcess.js:141:110274)
	at l.U (/usr/share/code/resources/app/out/vs/workbench/api/node/extensionHostProcess.js:150:10866)
	at P.<computed>.j.charCodeAt.P.<computed> (/usr/share/code/resources/app/out/vs/workbench/api/node/extensionHostProcess.js:150:8317)
	at d.g (/usr/share/code/resources/app/out/vs/workbench/api/node/extensionHostProcess.js:141:139555)
	at d.executeCommand (/usr/share/code/resources/app/out/vs/workbench/api/node/extensionHostProcess.js:141:138993)
	at p.registerCommand.description (/usr/share/code/resources/app/out/vs/workbench/api/node/extensionHostProcess.js:141:138317)
	at d.h (/usr/share/code/resources/app/out/vs/workbench/api/node/extensionHostProcess.js:141:140094)
	at d.g (/usr/share/code/resources/app/out/vs/workbench/api/node/extensionHostProcess.js:141:139086)
	at d.executeCommand (/usr/share/code/resources/app/out/vs/workbench/api/node/extensionHostProcess.js:141:138993)
	at Object.executeCommand (/usr/share/code/resources/app/out/vs/workbench/api/node/extensionHostProcess.js:158:21333)
	at of (/home/anthonyoon/.vscode/extensions/rust-lang.rust-analyzer-0.3.1823-linux-x64/out/main.js:39:70677)
	at Object.X_ (/home/anthonyoon/.vscode/extensions/rust-lang.rust-analyzer-0.3.1823-linux-x64/out/main.js:372:268)
	at f.cb (/usr/share/code/resources/app/out/vs/workbench/api/node/extensionHostProcess.js:154:9678)
	at /usr/share/code/resources/app/out/vs/workbench/api/node/extensionHostProcess.js:154:7808
	at Array.map (<anonymous>)
	at f.Y (/usr/share/code/resources/app/out/vs/workbench/api/node/extensionHostProcess.js:154:7795)
	at f.terminate (/usr/share/code/resources/app/out/vs/workbench/api/node/extensionHostProcess.js:154:8068)
	at s.terminate (/usr/share/code/resources/app/out/vs/workbench/api/node/extensionHostProcess.js:158:1513)
	at a (/usr/share/code/resources/app/out/vs/workbench/api/node/extensionHostProcess.js:171:9802)
	at MessagePortMain.<anonymous> (/usr/share/code/resources/app/out/vs/workbench/api/node/extensionHostProcess.js:171:6227)
	at MessagePortMain.emit (node:events:513:28)
	at MessagePortMain._internalPort.emit (node:electron/js2c/utility_init:2:367)
2024-02-04 00:36:52.093 [error] Error: Client is not running
	at E.sendRequest (/home/anthonyoon/.vscode/extensions/mongodb.mongodb-vscode-1.5.0/dist/extension.js:510:1447843)
	at t.default.activeConnectionChanged (/home/anthonyoon/.vscode/extensions/mongodb.mongodb-vscode-1.5.0/dist/extension.js:510:1286817)
	at t.default._activeConnectionChanged (/home/anthonyoon/.vscode/extensions/mongodb.mongodb-vscode-1.5.0/dist/extension.js:510:1204382)
	at EventEmitter.<anonymous> (/home/anthonyoon/.vscode/extensions/mongodb.mongodb-vscode-1.5.0/dist/extension.js:510:1202509)
	at EventEmitter.emit (node:events:513:28)
	at t.default.disconnect (/home/anthonyoon/.vscode/extensions/mongodb.mongodb-vscode-1.5.0/dist/extension.js:510:1163577)
	at t.default.deactivate (/home/anthonyoon/.vscode/extensions/mongodb.mongodb-vscode-1.5.0/dist/extension.js:510:1306550)
	at t.default.dispose (/home/anthonyoon/.vscode/extensions/mongodb.mongodb-vscode-1.5.0/dist/extension.js:510:1306485)
	at s (/usr/share/code/resources/app/out/vs/workbench/api/node/extensionHostProcess.js:30:754)
	at f.cb (/usr/share/code/resources/app/out/vs/workbench/api/node/extensionHostProcess.js:154:9873)
	at /usr/share/code/resources/app/out/vs/workbench/api/node/extensionHostProcess.js:154:7808
	at Array.map (<anonymous>)
	at f.Y (/usr/share/code/resources/app/out/vs/workbench/api/node/extensionHostProcess.js:154:7795)
	at f.terminate (/usr/share/code/resources/app/out/vs/workbench/api/node/extensionHostProcess.js:154:8068)
	at s.terminate (/usr/share/code/resources/app/out/vs/workbench/api/node/extensionHostProcess.js:158:1513)
	at a (/usr/share/code/resources/app/out/vs/workbench/api/node/extensionHostProcess.js:171:9802)
	at MessagePortMain.<anonymous> (/usr/share/code/resources/app/out/vs/workbench/api/node/extensionHostProcess.js:171:6227)
	at MessagePortMain.emit (node:events:513:28)
	at MessagePortMain._internalPort.emit (node:electron/js2c/utility_init:2:367)
2024-02-04 00:36:52.094 [error] Error: Starting server failed
	at LanguageClient.$start (/home/anthonyoon/.vscode/extensions/oracle.oracledevtools-21.8.0/node_modules/vscode-languageclient/lib/common/client.js:1083:19)
	at async LanguageClient.sendNotification (/home/anthonyoon/.vscode/extensions/oracle.oracledevtools-21.8.0/node_modules/vscode-languageclient/lib/common/client.js:381:28)
2024-02-04 00:36:52.094 [error] Error: Starting server failed
	at E.$start (/home/anthonyoon/.vscode/extensions/mongodb.mongodb-vscode-1.5.0/dist/extension.js:510:1463681)
	at async E.sendRequest (/home/anthonyoon/.vscode/extensions/mongodb.mongodb-vscode-1.5.0/dist/extension.js:510:1447929)
	at async t.default.activeConnectionChanged (/home/anthonyoon/.vscode/extensions/mongodb.mongodb-vscode-1.5.0/dist/extension.js:510:1286798)
	at async t.default._activeConnectionChanged (/home/anthonyoon/.vscode/extensions/mongodb.mongodb-vscode-1.5.0/dist/extension.js:510:1204345)
2024-02-04 00:36:53.089 [error] Error: Stopping the server timed out
	at /home/anthonyoon/.vscode/extensions/oracle.oracledevtools-21.8.0/node_modules/vscode-languageclient/lib/common/client.js:933:23
	at async Promise.all (index 11)
	at async f.Y (/usr/share/code/resources/app/out/vs/workbench/api/node/extensionHostProcess.js:154:7823)
2024-02-04 00:36:53.090 [info] Extension host with pid 74864 exiting with code 0
