2024-02-03 23:39:58.121 [info] Configuration changed
2024-02-03 23:39:58.182 [info] Configuration changed
2024-02-03 23:39:58.308 [info] Configuration changed
2024-02-03 23:39:58.615 [info] Configuration changed
2024-02-03 23:41:43.297 [info] Active editor: file:///home/anthonyoon/Documents/Code%20Projects/rust/library/alloc/src/collections/vec_deque/mod.rs
2024-02-03 23:43:50.079 [info] /home/anthonyoon/Documents/Code Projects/rust/library/alloc/src/collections/vec_deque/mod.rs closed
2024-02-03 23:43:50.101 [info] Active editor: file:///home/anthonyoon/Documents/Code%20Projects/rust/library/alloc/src/collections/mod.rs
2024-02-03 23:43:50.117 [info] /home/anthonyoon/Documents/Code Projects/rust/library/alloc/src/collections/vec_deque/mod.rs.git closed
2024-02-03 23:43:56.433 [info] /home/anthonyoon/Documents/Code Projects/rust/library/alloc/src/collections/mod.rs closed
2024-02-03 23:43:56.452 [info] Active editor: file:///home/anthonyoon/Documents/Code%20Projects/rust/library/alloc/src/collections/vec_deque/mod.rs
2024-02-03 23:43:56.469 [info] /home/anthonyoon/Documents/Code Projects/rust/library/alloc/src/collections/mod.rs.git closed
2024-02-03 23:44:08.338 [info] /home/anthonyoon/Documents/Code Projects/rust/library/alloc/src/collections/vec_deque/mod.rs closed
2024-02-03 23:44:08.346 [info] Active editor: file:///home/anthonyoon/Documents/Code%20Projects/rust/library/alloc/src/collections/btree/mod.rs
2024-02-03 23:44:08.353 [info] /home/anthonyoon/Documents/Code Projects/rust/library/alloc/src/collections/vec_deque/mod.rs.git closed
2024-02-03 23:44:11.237 [info] /home/anthonyoon/Documents/Code Projects/rust/library/alloc/src/collections/btree/mod.rs closed
2024-02-03 23:44:11.245 [info] Active editor: file:///home/anthonyoon/Documents/Code%20Projects/rust/library/alloc/src/collections/btree/append.rs
2024-02-03 23:44:11.253 [info] /home/anthonyoon/Documents/Code Projects/rust/library/alloc/src/collections/btree/mod.rs.git closed
2024-02-03 23:44:12.927 [info] /home/anthonyoon/Documents/Code Projects/rust/library/alloc/src/collections/btree/append.rs closed
2024-02-03 23:44:12.935 [info] Active editor: file:///home/anthonyoon/Documents/Code%20Projects/rust/library/alloc/src/collections/btree/dedup_sorted_iter.rs
2024-02-03 23:44:12.940 [info] /home/anthonyoon/Documents/Code Projects/rust/library/alloc/src/collections/btree/append.rs.git closed
2024-02-03 23:44:14.471 [info] /home/anthonyoon/Documents/Code Projects/rust/library/alloc/src/collections/btree/dedup_sorted_iter.rs closed
2024-02-03 23:44:14.504 [info] Active editor: file:///home/anthonyoon/Documents/Code%20Projects/rust/library/alloc/src/collections/btree/mem.rs
2024-02-03 23:44:14.512 [info] /home/anthonyoon/Documents/Code Projects/rust/library/alloc/src/collections/btree/dedup_sorted_iter.rs.git closed
2024-02-03 23:44:15.878 [info] /home/anthonyoon/Documents/Code Projects/rust/library/alloc/src/collections/btree/mem.rs closed
2024-02-03 23:44:15.886 [info] Active editor: file:///home/anthonyoon/Documents/Code%20Projects/rust/library/alloc/src/collections/btree/mod.rs
2024-02-03 23:44:15.892 [info] /home/anthonyoon/Documents/Code Projects/rust/library/alloc/src/collections/btree/mem.rs.git closed
2024-02-03 23:44:19.651 [info] /home/anthonyoon/Documents/Code Projects/rust/library/alloc/src/collections/btree/mod.rs closed
2024-02-03 23:44:19.664 [info] Active editor: file:///home/anthonyoon/Documents/Code%20Projects/rust/library/alloc/src/collections/binary_heap/mod.rs
2024-02-03 23:44:19.671 [info] /home/anthonyoon/Documents/Code Projects/rust/library/alloc/src/collections/btree/mod.rs.git closed
2024-02-03 23:45:58.233 [info] /home/anthonyoon/Documents/Code Projects/rust/library/alloc/src/collections/binary_heap/mod.rs closed
2024-02-03 23:45:58.250 [info] Active editor: file:///home/anthonyoon/Documents/Code%20Projects/rust/library/alloc/src/collections/vec_deque/mod.rs
2024-02-03 23:45:58.270 [info] /home/anthonyoon/Documents/Code Projects/rust/library/alloc/src/collections/binary_heap/mod.rs.git closed
2024-02-03 23:46:03.403 [info] /home/anthonyoon/Documents/Code Projects/rust/library/alloc/src/collections/vec_deque/mod.rs closed
2024-02-03 23:46:03.413 [info] Active editor: file:///home/anthonyoon/Documents/Code%20Projects/rust/library/alloc/src/collections/linked_list/tests.rs
2024-02-03 23:46:03.423 [info] /home/anthonyoon/Documents/Code Projects/rust/library/alloc/src/collections/vec_deque/mod.rs.git closed
2024-02-03 23:47:20.152 [info] /home/anthonyoon/Documents/Code Projects/rust/library/alloc/src/collections/linked_list/tests.rs closed
2024-02-03 23:47:20.161 [info] Active editor: file:///home/anthonyoon/Documents/Code%20Projects/rust/library/std/src/collections/mod.rs
2024-02-03 23:47:20.166 [info] /home/anthonyoon/Documents/Code Projects/rust/library/alloc/src/collections/linked_list/tests.rs.git closed
2024-02-03 23:47:50.724 [info] /home/anthonyoon/Documents/Code Projects/rust/library/std/src/collections/mod.rs closed
2024-02-03 23:47:50.740 [info] Active editor: file:///home/anthonyoon/Documents/Code%20Projects/rust/library/std/src/collections/hash/map/tests.rs
2024-02-03 23:47:50.749 [info] /home/anthonyoon/Documents/Code Projects/rust/library/std/src/collections/mod.rs.git closed
2024-02-03 23:50:13.446 [info] /home/anthonyoon/Documents/Code Projects/rust/library/std/src/collections/hash/map/tests.rs closed
2024-02-03 23:50:13.458 [info] Active editor: file:///home/anthonyoon/Documents/Code%20Projects/rust/library/alloc/src/collections/linked_list/tests.rs
2024-02-03 23:50:13.472 [info] /home/anthonyoon/Documents/Code Projects/rust/library/std/src/collections/hash/map/tests.rs.git closed
2024-02-03 23:50:14.948 [info] /home/anthonyoon/Documents/Code Projects/rust/library/alloc/src/collections/linked_list/tests.rs closed
2024-02-03 23:50:14.962 [info] Active editor: file:///home/anthonyoon/Documents/Code%20Projects/rust/library/alloc/src/collections/linked_list.rs
2024-02-03 23:50:14.965 [info] /home/anthonyoon/Documents/Code Projects/rust/library/alloc/src/collections/linked_list/tests.rs.git closed
2024-02-03 23:54:35.283 [info] /home/anthonyoon/Documents/Code Projects/rust/library/alloc/src/collections/linked_list.rs closed
2024-02-03 23:54:35.291 [info] Active editor: file:///home/anthonyoon/Documents/Code%20Projects/rust/library/alloc/src/collections/mod.rs
2024-02-03 23:54:35.299 [info] /home/anthonyoon/Documents/Code Projects/rust/library/alloc/src/collections/linked_list.rs.git closed
2024-02-03 23:55:43.677 [info] /home/anthonyoon/Documents/Code Projects/rust/library/alloc/src/collections/mod.rs closed
2024-02-03 23:55:43.689 [info] Active editor: file:///home/anthonyoon/Documents/Code%20Projects/rust/library/std/src/collections/hash/set.rs
2024-02-03 23:55:43.695 [info] /home/anthonyoon/Documents/Code Projects/rust/library/alloc/src/collections/mod.rs.git closed
2024-02-04 00:00:36.310 [info] /home/anthonyoon/Documents/Code Projects/rust/library/std/src/collections/hash/set.rs closed
2024-02-04 00:00:36.330 [info] Active editor: file:///home/anthonyoon/Documents/Code%20Projects/rust/library/std/src/collections/mod.rs
2024-02-04 00:00:36.339 [info] /home/anthonyoon/Documents/Code Projects/rust/library/std/src/collections/hash/set.rs.git closed
2024-02-04 00:01:19.917 [info] /home/anthonyoon/Documents/Code Projects/rust/library/std/src/collections/mod.rs closed
2024-02-04 00:01:20.780 [info] /home/anthonyoon/Documents/Code Projects/rust/library/std/src/collections/mod.rs.git closed
2024-02-04 00:01:37.136 [info] Configuration changed
2024-02-04 00:02:20.311 [info] Active editor: file:///home/anthonyoon/Documents/Code%20Projects/rust/Cargo.lock
2024-02-04 00:04:58.002 [info] /home/anthonyoon/Documents/Code Projects/rust/Cargo.lock closed
2024-02-04 00:04:58.016 [info] Active editor: file:///home/anthonyoon/Documents/Code%20Projects/rust/library/std/Cargo.toml
2024-02-04 00:04:58.025 [info] /home/anthonyoon/Documents/Code Projects/rust/Cargo.lock.git closed
2024-02-04 00:10:06.759 [info] /home/anthonyoon/Documents/Code Projects/rust/library/std/Cargo.toml closed
2024-02-04 00:10:06.769 [info] Active editor: file:///home/anthonyoon/Documents/Code%20Projects/rust/build/lock
2024-02-04 00:10:06.773 [info] /home/anthonyoon/Documents/Code Projects/rust/library/std/Cargo.toml.git closed
2024-02-04 00:15:14.749 [info] /home/anthonyoon/Documents/Code Projects/rust/build/lock closed
2024-02-04 00:15:14.760 [info] Active editor: file:///home/anthonyoon/Documents/Code%20Projects/rust/config.toml
2024-02-04 00:15:14.766 [info] /home/anthonyoon/Documents/Code Projects/rust/build/lock.git closed
