2024-02-04 00:37:45.156 [info] Reading sessions from keychain...
2024-02-04 00:37:45.156 [info] Getting sessions for all scopes...
2024-02-04 00:37:45.156 [info] Got 0 sessions for ...
2024-02-04 00:37:45.156 [info] Getting sessions for all scopes...
2024-02-04 00:37:45.156 [info] Got 0 sessions for ...
2024-02-04 00:37:45.156 [info] Getting sessions for read:user,repo,user:email,workflow...
2024-02-04 00:37:45.156 [info] Got 0 sessions for read:user,repo,user:email,workflow...
2024-02-04 00:37:45.165 [info] Getting sessions for all scopes...
2024-02-04 00:37:45.165 [info] Got 0 sessions for ...
2024-02-04 00:37:45.755 [info] Getting sessions for read:user,repo,user:email,workflow...
2024-02-04 00:37:45.755 [info] Got 0 sessions for read:user,repo,user:email,workflow...
2024-02-04 00:37:45.837 [info] Getting sessions for read:user,repo,user:email,workflow...
2024-02-04 00:37:45.837 [info] Got 0 sessions for read:user,repo,user:email,workflow...
2024-02-04 00:37:46.015 [info] Getting sessions for read:user,repo,user:email,workflow...
2024-02-04 00:37:46.015 [info] Got 0 sessions for read:user,repo,user:email,workflow...
2024-02-04 00:38:01.019 [info] Getting sessions for read:user,repo,user:email,workflow...
2024-02-04 00:38:01.019 [info] Got 0 sessions for read:user,repo,user:email,workflow...
2024-02-04 00:38:02.017 [info] Getting sessions for read:user,repo,user:email,workflow...
2024-02-04 00:38:02.017 [info] Got 0 sessions for read:user,repo,user:email,workflow...
2024-02-04 00:38:04.986 [info] Getting sessions for read:user,repo,user:email,workflow...
2024-02-04 00:38:04.986 [info] Got 0 sessions for read:user,repo,user:email,workflow...
2024-02-04 00:38:08.119 [info] Getting sessions for read:user,repo,user:email,workflow...
2024-02-04 00:38:08.120 [info] Got 0 sessions for read:user,repo,user:email,workflow...
2024-02-04 00:38:09.197 [info] Getting sessions for read:user,repo,user:email,workflow...
2024-02-04 00:38:09.197 [info] Got 0 sessions for read:user,repo,user:email,workflow...
2024-02-04 00:38:34.234 [info] Getting sessions for read:user,repo,user:email...
2024-02-04 00:38:34.234 [info] Got 0 sessions for read:user,repo,user:email...
