2024-02-04 00:37:44.613 [info] Log level: Info
2024-02-04 00:37:44.613 [info] Validating found git in: "git"
2024-02-04 00:37:44.613 [info] Using git "2.43.0" from "git"
2024-02-04 00:37:44.613 [info] > git rev-parse --show-toplevel [541ms]
2024-02-04 00:37:44.613 [info] > git rev-parse --git-dir --git-common-dir [12ms]
2024-02-04 00:37:44.613 [info] Open repository: /home/anthonyoon/Documents/Code-Projects/rust
2024-02-04 00:37:44.631 [info] > git rev-parse --show-toplevel [10ms]
2024-02-04 00:37:44.632 [info] > git config --get commit.template [13ms]
2024-02-04 00:37:44.645 [info] > git rev-parse --show-toplevel [5ms]
2024-02-04 00:37:44.655 [info] > git for-each-ref --format=%(refname)%00%(upstream:short)%00%(objectname)%00%(upstream:track)%00%(upstream:remotename)%00%(upstream:remoteref) refs/heads/master refs/remotes/master [11ms]
2024-02-04 00:37:44.660 [warning] ENOENT: no such file or directory, open '/home/anthonyoon/Documents/Code-Projects/rust/.git/refs/remotes/origin/master'
2024-02-04 00:37:44.660 [info] > git rev-parse --show-toplevel [5ms]
2024-02-04 00:37:44.665 [info] > git rev-parse refs/remotes/origin/master [5ms]
2024-02-04 00:37:44.670 [info] > git rev-parse --show-toplevel [5ms]
2024-02-04 00:37:44.680 [info] > git rev-parse --show-toplevel [3ms]
2024-02-04 00:37:44.690 [info] > git rev-parse --show-toplevel [5ms]
2024-02-04 00:37:44.698 [info] > git rev-parse --show-toplevel [4ms]
2024-02-04 00:37:44.703 [info] > git rev-parse --show-toplevel [1ms]
2024-02-04 00:37:45.113 [info] > git status -z -uall [444ms]
2024-02-04 00:37:45.125 [info] > git config --get commit.template [1ms]
2024-02-04 00:37:45.141 [info] > git for-each-ref --format=%(refname)%00%(upstream:short)%00%(objectname)%00%(upstream:track)%00%(upstream:remotename)%00%(upstream:remoteref) refs/heads/master refs/remotes/master [12ms]
2024-02-04 00:37:45.146 [warning] ENOENT: no such file or directory, open '/home/anthonyoon/Documents/Code-Projects/rust/.git/refs/remotes/origin/master'
2024-02-04 00:37:45.150 [info] > git rev-parse refs/remotes/origin/master [4ms]
2024-02-04 00:37:45.485 [info] > git check-ignore -v -z --stdin [25ms]
2024-02-04 00:37:45.603 [info] > git status -z -uall [449ms]
2024-02-04 00:37:45.625 [info] > git rev-parse --show-toplevel [1ms]
2024-02-04 00:37:45.633 [info] > git rev-parse --show-toplevel [1ms]
2024-02-04 00:37:45.640 [info] > git rev-parse --git-dir --git-common-dir [1ms]
2024-02-04 00:37:45.643 [info] Open repository: /home/anthonyoon/Documents/Code-Projects/rust/src/tools/cargo
2024-02-04 00:37:45.657 [info] > git rev-parse --show-toplevel [1ms]
2024-02-04 00:37:45.657 [info] > git config --get commit.template [7ms]
2024-02-04 00:37:45.670 [info] > git rev-parse --show-toplevel [5ms]
2024-02-04 00:37:45.674 [info] > git for-each-ref --format %(refname) %(objectname) %(*objectname) refs/tags [5ms]
2024-02-04 00:37:45.679 [info] > git rev-parse --git-dir --git-common-dir [5ms]
2024-02-04 00:37:45.681 [info] Open repository: /home/anthonyoon/Documents/Code-Projects/rust/src/doc/book
2024-02-04 00:37:45.692 [info] > git config --get commit.template [5ms]
2024-02-04 00:37:45.693 [info] > git rev-parse --show-toplevel [2ms]
2024-02-04 00:37:45.704 [info] > git for-each-ref --format %(refname) %(objectname) %(*objectname) refs/tags [5ms]
2024-02-04 00:37:45.709 [info] > git rev-parse --show-toplevel [6ms]
2024-02-04 00:37:45.715 [info] > git rev-parse --git-dir --git-common-dir [1ms]
2024-02-04 00:37:45.718 [info] Open repository: /home/anthonyoon/Documents/Code-Projects/rust/library/stdarch
2024-02-04 00:37:45.733 [info] > git status -z -uall [55ms]
2024-02-04 00:37:45.733 [info] > git rev-parse --show-toplevel [2ms]
2024-02-04 00:37:45.733 [info] > git config --get commit.template [8ms]
2024-02-04 00:37:45.755 [info] > git config --get commit.template [7ms]
2024-02-04 00:37:45.755 [info] > git rev-parse --show-toplevel [13ms]
2024-02-04 00:37:45.761 [info] > git for-each-ref --format %(refname) %(objectname) %(*objectname) refs/tags [7ms]
2024-02-04 00:37:45.773 [info] > git status -z -uall [65ms]
2024-02-04 00:37:45.773 [info] > git rev-parse --show-toplevel [12ms]
2024-02-04 00:37:45.790 [info] > git for-each-ref --format %(refname) %(objectname) %(*objectname) refs/tags [17ms]
2024-02-04 00:37:45.796 [info] > git config --get commit.template [9ms]
2024-02-04 00:37:45.796 [info] > git rev-parse --git-dir --git-common-dir [14ms]
2024-02-04 00:37:45.799 [info] Open repository: /home/anthonyoon/Documents/Code-Projects/rust/src/llvm-project
2024-02-04 00:37:45.815 [info] > git status -z -uall [48ms]
2024-02-04 00:37:45.816 [info] > git rev-parse --show-toplevel [6ms]
2024-02-04 00:37:45.816 [info] > git config --get commit.template [11ms]
2024-02-04 00:37:45.817 [info] > git for-each-ref --format %(refname) %(objectname) %(*objectname) refs/tags [2ms]
2024-02-04 00:37:45.833 [info] > git for-each-ref --format %(refname) %(objectname) %(*objectname) refs/tags [5ms]
2024-02-04 00:37:45.837 [info] > git config --get commit.template [5ms]
2024-02-04 00:37:45.842 [info] > git for-each-ref --format %(refname) %(objectname) %(*objectname) refs/tags [1ms]
2024-02-04 00:37:45.848 [info] > git status -z -uall [53ms]
2024-02-04 00:37:45.878 [info] > git status -z -uall [56ms]
2024-02-04 00:37:45.912 [info] > git status -z -uall [66ms]
2024-02-04 00:37:46.008 [info] > git status -z -uall [171ms]
2024-02-04 00:37:46.015 [info] > git config --get commit.template [1ms]
2024-02-04 00:37:46.021 [info] > git for-each-ref --format %(refname) %(objectname) %(*objectname) refs/tags [1ms]
2024-02-04 00:37:46.185 [info] > git check-ignore -v -z --stdin [22ms]
2024-02-04 00:37:46.186 [info] > git status -z -uall [159ms]
2024-02-04 00:37:54.576 [info] > git config --get commit.template [5ms]
2024-02-04 00:37:54.592 [info] > git for-each-ref --format=%(refname)%00%(upstream:short)%00%(objectname)%00%(upstream:track)%00%(upstream:remotename)%00%(upstream:remoteref) refs/heads/master refs/remotes/master [5ms]
2024-02-04 00:37:54.600 [warning] ENOENT: no such file or directory, open '/home/anthonyoon/Documents/Code-Projects/rust/.git/refs/remotes/origin/master'
2024-02-04 00:37:54.601 [info] > git rev-parse refs/remotes/origin/master [1ms]
2024-02-04 00:37:55.040 [info] > git status -z -uall [432ms]
2024-02-04 00:38:00.950 [info] > git rev-parse --show-toplevel [1ms]
2024-02-04 00:38:00.964 [info] > git rev-parse --git-dir --git-common-dir [2ms]
2024-02-04 00:38:00.970 [info] Open repository: /home/anthonyoon/Documents/Code-Projects/rust/src/doc/nomicon
2024-02-04 00:38:00.985 [info] > git config --get commit.template [3ms]
2024-02-04 00:38:00.997 [info] > git for-each-ref --format=%(refname)%00%(upstream:short)%00%(objectname)%00%(upstream:track)%00%(upstream:remotename)%00%(upstream:remoteref) refs/heads/master refs/remotes/master [2ms]
2024-02-04 00:38:01.009 [info] > git status -z -uall [2ms]
2024-02-04 00:38:01.019 [info] > git config --get commit.template [1ms]
2024-02-04 00:38:01.024 [info] > git for-each-ref --format=%(refname)%00%(upstream:short)%00%(objectname)%00%(upstream:track)%00%(upstream:remotename)%00%(upstream:remoteref) refs/heads/master refs/remotes/master [1ms]
2024-02-04 00:38:01.031 [info] > git status -z -uall [1ms]
2024-02-04 00:38:01.446 [info] > git config --get commit.template [6ms]
2024-02-04 00:38:01.447 [info] > git for-each-ref --format=%(refname)%00%(upstream:short)%00%(objectname)%00%(upstream:track)%00%(upstream:remotename)%00%(upstream:remoteref) refs/heads/master refs/remotes/master [1ms]
2024-02-04 00:38:01.454 [warning] ENOENT: no such file or directory, open '/home/anthonyoon/Documents/Code-Projects/rust/.git/refs/remotes/origin/master'
2024-02-04 00:38:01.478 [info] > git rev-parse refs/remotes/origin/master [23ms]
2024-02-04 00:38:01.521 [info] > git check-ignore -v -z --stdin [23ms]
2024-02-04 00:38:01.907 [info] > git status -z -uall [425ms]
2024-02-04 00:38:01.969 [info] > git rev-parse --show-toplevel [0ms]
2024-02-04 00:38:01.984 [info] > git rev-parse --git-dir --git-common-dir [2ms]
2024-02-04 00:38:01.990 [info] Open repository: /home/anthonyoon/Documents/Code-Projects/rust/src/doc/reference
2024-02-04 00:38:01.997 [info] > git config --get commit.template [2ms]
2024-02-04 00:38:02.004 [info] > git for-each-ref --format=%(refname)%00%(upstream:short)%00%(objectname)%00%(upstream:track)%00%(upstream:remotename)%00%(upstream:remoteref) refs/heads/master refs/remotes/master [1ms]
2024-02-04 00:38:02.010 [info] > git status -z -uall [1ms]
2024-02-04 00:38:02.017 [info] > git config --get commit.template [1ms]
2024-02-04 00:38:02.021 [info] > git for-each-ref --format=%(refname)%00%(upstream:short)%00%(objectname)%00%(upstream:track)%00%(upstream:remotename)%00%(upstream:remoteref) refs/heads/master refs/remotes/master [0ms]
2024-02-04 00:38:02.026 [info] > git status -z -uall [1ms]
2024-02-04 00:38:02.490 [info] > git config --get commit.template [4ms]
2024-02-04 00:38:02.510 [info] > git for-each-ref --format %(refname) %(objectname) %(*objectname) refs/tags [9ms]
2024-02-04 00:38:02.517 [info] > git status -z -uall [2ms]
2024-02-04 00:38:02.534 [info] > git check-ignore -v -z --stdin [25ms]
2024-02-04 00:38:04.931 [info] > git rev-parse --show-toplevel [0ms]
2024-02-04 00:38:04.943 [info] > git rev-parse --git-dir --git-common-dir [0ms]
2024-02-04 00:38:04.948 [info] Open repository: /home/anthonyoon/Documents/Code-Projects/rust/src/doc/rust-by-example
2024-02-04 00:38:04.962 [info] > git config --get commit.template [3ms]
2024-02-04 00:38:04.969 [info] > git for-each-ref --format=%(refname)%00%(upstream:short)%00%(objectname)%00%(upstream:track)%00%(upstream:remotename)%00%(upstream:remoteref) refs/heads/master refs/remotes/master [1ms]
2024-02-04 00:38:04.976 [info] > git status -z -uall [1ms]
2024-02-04 00:38:04.986 [info] > git config --get commit.template [4ms]
2024-02-04 00:38:04.986 [info] > git for-each-ref --format=%(refname)%00%(upstream:short)%00%(objectname)%00%(upstream:track)%00%(upstream:remotename)%00%(upstream:remoteref) refs/heads/master refs/remotes/master [1ms]
2024-02-04 00:38:04.990 [info] > git status -z -uall [1ms]
2024-02-04 00:38:05.447 [info] > git config --get commit.template [3ms]
2024-02-04 00:38:05.476 [info] > git for-each-ref --format %(refname) %(objectname) %(*objectname) refs/tags [13ms]
2024-02-04 00:38:05.491 [info] > git status -z -uall [8ms]
2024-02-04 00:38:05.501 [info] > git check-ignore -v -z --stdin [26ms]
2024-02-04 00:38:06.934 [info] > git config --get commit.template [13ms]
2024-02-04 00:38:06.934 [info] > git for-each-ref --format=%(refname)%00%(upstream:short)%00%(objectname)%00%(upstream:track)%00%(upstream:remotename)%00%(upstream:remoteref) refs/heads/master refs/remotes/master [2ms]
2024-02-04 00:38:06.944 [warning] ENOENT: no such file or directory, open '/home/anthonyoon/Documents/Code-Projects/rust/.git/refs/remotes/origin/master'
2024-02-04 00:38:06.945 [info] > git rev-parse refs/remotes/origin/master [1ms]
2024-02-04 00:38:07.227 [info] > git config --get commit.template [5ms]
2024-02-04 00:38:07.227 [info] > git for-each-ref --format=%(refname)%00%(upstream:short)%00%(objectname)%00%(upstream:track)%00%(upstream:remotename)%00%(upstream:remoteref) refs/heads/master refs/remotes/master [0ms]
2024-02-04 00:38:07.231 [warning] ENOENT: no such file or directory, open '/home/anthonyoon/Documents/Code-Projects/rust/.git/modules/src/doc/rust-by-example/refs/remotes/origin/master'
2024-02-04 00:38:07.232 [info] > git rev-parse refs/remotes/origin/master [1ms]
2024-02-04 00:38:07.236 [info] > git status -z -uall [1ms]
2024-02-04 00:38:07.394 [info] > git status -z -uall [441ms]
2024-02-04 00:38:08.067 [info] > git rev-parse --show-toplevel [1ms]
2024-02-04 00:38:08.081 [info] > git rev-parse --git-dir --git-common-dir [0ms]
2024-02-04 00:38:08.088 [info] Open repository: /home/anthonyoon/Documents/Code-Projects/rust/src/doc/embedded-book
2024-02-04 00:38:08.096 [info] > git config --get commit.template [1ms]
2024-02-04 00:38:08.103 [info] > git for-each-ref --format=%(refname)%00%(upstream:short)%00%(objectname)%00%(upstream:track)%00%(upstream:remotename)%00%(upstream:remoteref) refs/heads/master refs/remotes/master [0ms]
2024-02-04 00:38:08.108 [info] > git status -z -uall [0ms]
2024-02-04 00:38:08.119 [info] > git config --get commit.template [5ms]
2024-02-04 00:38:08.120 [info] > git for-each-ref --format=%(refname)%00%(upstream:short)%00%(objectname)%00%(upstream:track)%00%(upstream:remotename)%00%(upstream:remoteref) refs/heads/master refs/remotes/master [1ms]
2024-02-04 00:38:08.124 [info] > git status -z -uall [0ms]
2024-02-04 00:38:08.625 [info] > git check-ignore -v -z --stdin [22ms]
2024-02-04 00:38:09.160 [info] > git rev-parse --show-toplevel [0ms]
2024-02-04 00:38:09.166 [info] > git rev-parse --git-dir --git-common-dir [0ms]
2024-02-04 00:38:09.170 [info] Open repository: /home/anthonyoon/Documents/Code-Projects/rust/src/doc/edition-guide
2024-02-04 00:38:09.179 [info] > git config --get commit.template [3ms]
2024-02-04 00:38:09.185 [info] > git for-each-ref --format=%(refname)%00%(upstream:short)%00%(objectname)%00%(upstream:track)%00%(upstream:remotename)%00%(upstream:remoteref) refs/heads/master refs/remotes/master [1ms]
2024-02-04 00:38:09.190 [info] > git status -z -uall [1ms]
2024-02-04 00:38:09.197 [info] > git config --get commit.template [1ms]
2024-02-04 00:38:09.202 [info] > git for-each-ref --format=%(refname)%00%(upstream:short)%00%(objectname)%00%(upstream:track)%00%(upstream:remotename)%00%(upstream:remoteref) refs/heads/master refs/remotes/master [1ms]
2024-02-04 00:38:09.206 [info] > git status -z -uall [0ms]
2024-02-04 00:38:09.659 [info] > git config --get commit.template [5ms]
2024-02-04 00:38:09.666 [info] > git for-each-ref --format %(refname) %(objectname) %(*objectname) refs/tags [7ms]
2024-02-04 00:38:09.708 [info] > git status -z -uall [36ms]
2024-02-04 00:38:09.749 [info] > git check-ignore -v -z --stdin [42ms]
2024-02-04 00:38:10.265 [info] > git check-ignore -v -z --stdin [17ms]
2024-02-04 00:38:10.510 [info] > git config --get commit.template [1ms]
2024-02-04 00:38:10.522 [info] > git for-each-ref --format %(refname) %(objectname) %(*objectname) refs/tags [0ms]
2024-02-04 00:38:10.535 [info] > git status -z -uall [5ms]
2024-02-04 00:38:12.262 [info] > git config --get commit.template [11ms]
2024-02-04 00:38:12.262 [info] > git for-each-ref --format %(refname) %(objectname) %(*objectname) refs/tags [1ms]
2024-02-04 00:38:12.277 [info] > git status -z -uall [7ms]
2024-02-04 00:38:12.429 [info] > git config --get commit.template [15ms]
2024-02-04 00:38:12.430 [info] > git for-each-ref --format=%(refname)%00%(upstream:short)%00%(objectname)%00%(upstream:track)%00%(upstream:remotename)%00%(upstream:remoteref) refs/heads/master refs/remotes/master [2ms]
2024-02-04 00:38:12.440 [warning] ENOENT: no such file or directory, open '/home/anthonyoon/Documents/Code-Projects/rust/.git/refs/remotes/origin/master'
2024-02-04 00:38:12.440 [info] > git rev-parse refs/remotes/origin/master [1ms]
2024-02-04 00:38:12.904 [info] > git status -z -uall [457ms]
2024-02-04 00:38:32.594 [info] > git show --textconv :config.toml [7ms]
2024-02-04 00:38:32.599 [info] > git ls-files --stage -- /home/anthonyoon/Documents/Code-Projects/rust/config.toml [6ms]
2024-02-04 00:38:33.404 [info] > git show --textconv :config.example.toml [17ms]
2024-02-04 00:38:33.413 [info] > git ls-files --stage -- /home/anthonyoon/Documents/Code-Projects/rust/config.example.toml [10ms]
2024-02-04 00:38:33.454 [info] > git cat-file -s a5ef4022d39d5ff23ae2ea3b6a32b441285408c0 [31ms]
2024-02-04 00:38:45.725 [info] > git show --textconv :config.toml [7ms]
2024-02-04 00:38:45.732 [info] > git ls-files --stage -- /home/anthonyoon/Documents/Code-Projects/rust/config.toml [7ms]
2024-02-04 00:39:00.089 [info] > git config --get commit.template [14ms]
2024-02-04 00:39:00.089 [info] > git for-each-ref --format=%(refname)%00%(upstream:short)%00%(objectname)%00%(upstream:track)%00%(upstream:remotename)%00%(upstream:remoteref) refs/heads/master refs/remotes/master [1ms]
2024-02-04 00:39:00.096 [warning] ENOENT: no such file or directory, open '/home/anthonyoon/Documents/Code-Projects/rust/.git/refs/remotes/origin/master'
2024-02-04 00:39:00.097 [info] > git rev-parse refs/remotes/origin/master [1ms]
2024-02-04 00:39:00.564 [info] > git status -z -uall [462ms]
2024-02-04 00:39:05.609 [info] > git config --get commit.template [11ms]
2024-02-04 00:39:05.610 [info] > git for-each-ref --format=%(refname)%00%(upstream:short)%00%(objectname)%00%(upstream:track)%00%(upstream:remotename)%00%(upstream:remoteref) refs/heads/master refs/remotes/master [2ms]
2024-02-04 00:39:05.619 [warning] ENOENT: no such file or directory, open '/home/anthonyoon/Documents/Code-Projects/rust/.git/refs/remotes/origin/master'
2024-02-04 00:39:05.620 [info] > git rev-parse refs/remotes/origin/master [2ms]
2024-02-04 00:39:06.080 [info] > git status -z -uall [454ms]
2024-02-04 00:39:40.166 [info] > git config --get commit.template [3ms]
2024-02-04 00:39:40.180 [info] > git for-each-ref --format=%(refname)%00%(upstream:short)%00%(objectname)%00%(upstream:track)%00%(upstream:remotename)%00%(upstream:remoteref) refs/heads/master refs/remotes/master [1ms]
2024-02-04 00:39:40.192 [warning] ENOENT: no such file or directory, open '/home/anthonyoon/Documents/Code-Projects/rust/.git/refs/remotes/origin/master'
2024-02-04 00:39:40.197 [info] > git rev-parse refs/remotes/origin/master [5ms]
2024-02-04 00:39:41.173 [info] > git status -z -uall [963ms]
2024-02-04 00:39:45.397 [info] > git check-ignore -v -z --stdin [14ms]
2024-02-04 00:39:47.839 [info] > git check-ignore -v -z --stdin [16ms]
2024-02-04 00:39:48.550 [info] > git check-ignore -v -z --stdin [6ms]
2024-02-04 00:39:49.157 [info] > git config --get commit.template [1ms]
2024-02-04 00:39:49.164 [info] > git for-each-ref --format=%(refname)%00%(upstream:short)%00%(objectname)%00%(upstream:track)%00%(upstream:remotename)%00%(upstream:remoteref) refs/heads/master refs/remotes/master [1ms]
2024-02-04 00:39:49.170 [warning] ENOENT: no such file or directory, open '/home/anthonyoon/Documents/Code-Projects/rust/.git/refs/remotes/origin/master'
2024-02-04 00:39:49.170 [info] > git rev-parse refs/remotes/origin/master [0ms]
2024-02-04 00:39:49.527 [info] > git show --textconv :build/x86_64-unknown-linux-gnu/doc/releases.md [15ms]
2024-02-04 00:39:49.532 [info] > git ls-files --stage -- /home/anthonyoon/Documents/Code-Projects/rust/build/x86_64-unknown-linux-gnu/doc/releases.md [11ms]
2024-02-04 00:39:49.813 [info] > git status -z -uall [638ms]
2024-02-04 00:40:49.120 [info] > git config --get commit.template [9ms]
2024-02-04 00:40:49.120 [info] > git for-each-ref --format=%(refname)%00%(upstream:short)%00%(objectname)%00%(upstream:track)%00%(upstream:remotename)%00%(upstream:remoteref) refs/heads/master refs/remotes/master [1ms]
2024-02-04 00:40:49.129 [warning] ENOENT: no such file or directory, open '/home/anthonyoon/Documents/Code-Projects/rust/.git/refs/remotes/origin/master'
2024-02-04 00:40:49.130 [info] > git rev-parse refs/remotes/origin/master [1ms]
2024-02-04 00:40:49.820 [info] > git status -z -uall [684ms]
2024-02-04 00:40:54.838 [info] > git config --get commit.template [6ms]
2024-02-04 00:40:54.838 [info] > git for-each-ref --format=%(refname)%00%(upstream:short)%00%(objectname)%00%(upstream:track)%00%(upstream:remotename)%00%(upstream:remoteref) refs/heads/master refs/remotes/master [1ms]
2024-02-04 00:40:54.844 [warning] ENOENT: no such file or directory, open '/home/anthonyoon/Documents/Code-Projects/rust/.git/refs/remotes/origin/master'
2024-02-04 00:40:54.844 [info] > git rev-parse refs/remotes/origin/master [0ms]
2024-02-04 00:40:55.326 [info] > git status -z -uall [476ms]
2024-02-04 00:41:00.616 [info] > git config --get commit.template [11ms]
2024-02-04 00:41:00.617 [info] > git for-each-ref --format=%(refname)%00%(upstream:short)%00%(objectname)%00%(upstream:track)%00%(upstream:remotename)%00%(upstream:remoteref) refs/heads/master refs/remotes/master [2ms]
2024-02-04 00:41:00.625 [warning] ENOENT: no such file or directory, open '/home/anthonyoon/Documents/Code-Projects/rust/.git/refs/remotes/origin/master'
2024-02-04 00:41:00.626 [info] > git rev-parse refs/remotes/origin/master [1ms]
2024-02-04 00:41:01.099 [info] > git status -z -uall [467ms]
2024-02-04 00:44:25.399 [info] > git check-ignore -v -z --stdin [20ms]
2024-02-04 00:44:27.090 [info] > git check-ignore -v -z --stdin [15ms]
2024-02-04 00:44:31.071 [info] > git show --textconv :build/x86_64-unknown-linux-gnu/doc/alloc/all.html [8ms]
2024-02-04 00:44:31.075 [info] > git ls-files --stage -- /home/anthonyoon/Documents/Code-Projects/rust/build/x86_64-unknown-linux-gnu/doc/alloc/all.html [5ms]
2024-02-04 00:44:33.147 [info] > git check-ignore -v -z --stdin [12ms]
2024-02-04 00:45:03.216 [info] > git show --textconv :build/x86_64-unknown-linux-gnu/doc/alloc/all.html [13ms]
2024-02-04 00:45:03.226 [info] > git ls-files --stage -- /home/anthonyoon/Documents/Code-Projects/rust/build/x86_64-unknown-linux-gnu/doc/alloc/all.html [10ms]
2024-02-04 00:45:04.937 [info] > git show --textconv :build/x86_64-unknown-linux-gnu/doc/alloc/all.html [16ms]
2024-02-04 00:45:04.947 [info] > git ls-files --stage -- /home/anthonyoon/Documents/Code-Projects/rust/build/x86_64-unknown-linux-gnu/doc/alloc/all.html [9ms]
2024-02-04 00:45:12.411 [info] > git show --textconv :build/x86_64-unknown-linux-gnu/doc/alloc/alloc/fn.dealloc.html [9ms]
2024-02-04 00:45:12.415 [info] > git ls-files --stage -- /home/anthonyoon/Documents/Code-Projects/rust/build/x86_64-unknown-linux-gnu/doc/alloc/alloc/fn.dealloc.html [5ms]
2024-02-04 00:45:13.288 [info] > git show --textconv :build/x86_64-unknown-linux-gnu/doc/alloc/alloc/fn.alloc.html [15ms]
2024-02-04 00:45:13.298 [info] > git ls-files --stage -- /home/anthonyoon/Documents/Code-Projects/rust/build/x86_64-unknown-linux-gnu/doc/alloc/alloc/fn.alloc.html [11ms]
2024-02-04 00:45:15.046 [info] > git check-ignore -v -z --stdin [7ms]
2024-02-04 00:45:15.525 [info] > git show --textconv :build/x86_64-unknown-linux-gnu/doc/alloc/borrow/enum.Cow.html [6ms]
2024-02-04 00:45:15.529 [info] > git ls-files --stage -- /home/anthonyoon/Documents/Code-Projects/rust/build/x86_64-unknown-linux-gnu/doc/alloc/borrow/enum.Cow.html [4ms]
2024-02-04 00:45:16.276 [info] > git show --textconv :build/x86_64-unknown-linux-gnu/doc/alloc/borrow/index.html [7ms]
2024-02-04 00:45:16.281 [info] > git ls-files --stage -- /home/anthonyoon/Documents/Code-Projects/rust/build/x86_64-unknown-linux-gnu/doc/alloc/borrow/index.html [6ms]
2024-02-04 00:45:17.215 [info] > git show --textconv :build/x86_64-unknown-linux-gnu/doc/alloc/borrow/enum.Cow.html [26ms]
2024-02-04 00:45:17.225 [info] > git ls-files --stage -- /home/anthonyoon/Documents/Code-Projects/rust/build/x86_64-unknown-linux-gnu/doc/alloc/borrow/enum.Cow.html [11ms]
2024-02-04 00:56:41.210 [info] > git check-ignore -v -z --stdin [22ms]
2024-02-04 00:56:47.185 [info] > git check-ignore -v -z --stdin [1ms]
2024-02-04 00:56:47.192 [info] > git check-ignore -v -z --stdin [14ms]
2024-02-04 00:56:48.180 [info] > git check-ignore -v -z --stdin [13ms]
2024-02-04 00:56:49.268 [info] > git check-ignore -v -z --stdin [15ms]
2024-02-04 00:56:52.447 [info] > git check-ignore -v -z --stdin [7ms]
2024-02-04 00:56:53.766 [info] > git show --textconv :library/alloc/src/collections/mod.rs [9ms]
2024-02-04 00:56:53.770 [info] > git ls-files --stage -- /home/anthonyoon/Documents/Code-Projects/rust/library/alloc/src/collections/mod.rs [5ms]
2024-02-04 00:56:53.778 [info] > git cat-file -s 705b81535c279a4d179eff459fd9e441d13426db [0ms]
2024-02-04 00:57:00.423 [info] > git show --textconv :library/alloc/src/collections/linked_list.rs [33ms]
2024-02-04 00:57:00.424 [info] > git config --get commit.template [51ms]
2024-02-04 00:57:00.463 [info] > git for-each-ref --format=%(refname)%00%(upstream:short)%00%(objectname)%00%(upstream:track)%00%(upstream:remotename)%00%(upstream:remoteref) refs/heads/master refs/remotes/master [3ms]
2024-02-04 00:57:00.463 [info] > git ls-files --stage -- /home/anthonyoon/Documents/Code-Projects/rust/library/alloc/src/collections/linked_list.rs [18ms]
2024-02-04 00:57:00.493 [warning] ENOENT: no such file or directory, open '/home/anthonyoon/Documents/Code-Projects/rust/.git/refs/remotes/origin/master'
2024-02-04 00:57:00.495 [info] > git cat-file -s 9e109feb3d3e0a7e153b3bbc678dc53dd0a0eae3 [18ms]
2024-02-04 00:57:00.501 [info] > git rev-parse refs/remotes/origin/master [8ms]
2024-02-04 00:57:01.181 [info] > git status -z -uall [662ms]
2024-02-04 00:57:08.800 [info] > git config --get commit.template [2ms]
2024-02-04 00:57:08.830 [info] > git for-each-ref --format=%(refname)%00%(upstream:short)%00%(objectname)%00%(upstream:track)%00%(upstream:remotename)%00%(upstream:remoteref) refs/heads/master refs/remotes/master [1ms]
2024-02-04 00:57:08.847 [warning] ENOENT: no such file or directory, open '/home/anthonyoon/Documents/Code-Projects/rust/.git/refs/remotes/origin/master'
2024-02-04 00:57:08.849 [info] > git rev-parse refs/remotes/origin/master [2ms]
2024-02-04 00:57:10.014 [info] > git status -z -uall [1155ms]
2024-02-04 00:57:15.314 [info] > git config --get commit.template [1ms]
2024-02-04 00:57:15.335 [info] > git for-each-ref --format=%(refname)%00%(upstream:short)%00%(objectname)%00%(upstream:track)%00%(upstream:remotename)%00%(upstream:remoteref) refs/heads/master refs/remotes/master [2ms]
2024-02-04 00:57:15.349 [warning] ENOENT: no such file or directory, open '/home/anthonyoon/Documents/Code-Projects/rust/.git/refs/remotes/origin/master'
2024-02-04 00:57:15.350 [info] > git rev-parse refs/remotes/origin/master [0ms]
2024-02-04 00:57:16.327 [info] > git status -z -uall [960ms]
2024-02-04 00:57:34.372 [info] > git config --get commit.template [5ms]
2024-02-04 00:57:34.390 [info] > git for-each-ref --format=%(refname)%00%(upstream:short)%00%(objectname)%00%(upstream:track)%00%(upstream:remotename)%00%(upstream:remoteref) refs/heads/master refs/remotes/master [1ms]
2024-02-04 00:57:34.415 [warning] ENOENT: no such file or directory, open '/home/anthonyoon/Documents/Code-Projects/rust/.git/refs/remotes/origin/master'
2024-02-04 00:57:34.416 [info] > git rev-parse refs/remotes/origin/master [1ms]
2024-02-04 00:57:35.034 [info] > git status -z -uall [598ms]
2024-02-04 00:57:53.058 [info] > git show --textconv :build/x86_64-unknown-linux-gnu/doc/alloc/index.html [12ms]
2024-02-04 00:57:53.062 [info] > git ls-files --stage -- /home/anthonyoon/Documents/Code-Projects/rust/build/x86_64-unknown-linux-gnu/doc/alloc/index.html [5ms]
2024-02-04 08:41:24.486 [info] > git config --get commit.template [20ms]
2024-02-04 08:41:24.487 [info] > git for-each-ref --format=%(refname)%00%(upstream:short)%00%(objectname)%00%(upstream:track)%00%(upstream:remotename)%00%(upstream:remoteref) refs/heads/master refs/remotes/master [2ms]
2024-02-04 08:41:24.498 [warning] ENOENT: no such file or directory, open '/home/anthonyoon/Documents/Code-Projects/rust/.git/refs/remotes/origin/master'
2024-02-04 08:41:24.499 [info] > git rev-parse refs/remotes/origin/master [1ms]
2024-02-04 08:41:25.020 [info] > git status -z -uall [510ms]
2024-02-04 08:42:02.049 [info] > git check-ignore -v -z --stdin [10ms]
2024-02-04 08:42:07.192 [info] > git check-ignore -v -z --stdin [14ms]
2024-02-04 08:42:09.366 [info] > git show --textconv :library/alloc/src/collections/vec_deque/mod.rs [10ms]
2024-02-04 08:42:09.371 [info] > git ls-files --stage -- /home/anthonyoon/Documents/Code-Projects/rust/library/alloc/src/collections/vec_deque/mod.rs [5ms]
2024-02-04 08:42:09.381 [info] > git cat-file -s d062587b8f5338de76836702aa7492bb73705d33 [1ms]
