2024-02-03 19:19:45.928 [info] Added views:workbench.panel.markers.view in workbench.panel.markers
2024-02-03 19:19:45.928 [info] Added views:workbench.panel.output in workbench.panel.output
2024-02-03 19:19:45.928 [info] Added views:terminal in terminal
2024-02-03 19:19:45.928 [info] Added views:outline in workbench.view.explorer
2024-02-03 19:19:45.928 [info] Added views:workbench.scm in workbench.view.scm
2024-02-03 19:19:45.928 [info] Added views:workbench.view.search in workbench.view.search
2024-02-03 19:19:45.928 [info] Added views:timeline in workbench.view.explorer
2024-02-03 19:19:45.928 [info] Added views:workbench.explorer.fileView in workbench.view.explorer
2024-02-03 19:19:46.068 [info] Added views:workbench.debug.welcome in workbench.view.debug
2024-02-03 19:19:46.346 [info] Added views:gitlens.views.home,gitlens.views.drafts,gitlens.views.workspaces,gitlens.views.account in workbench.view.extension.gitlens
2024-02-03 19:19:46.347 [info] Added views:gitlens.views.commitDetails,gitlens.views.lineHistory,gitlens.views.fileHistory,gitlens.views.searchAndCompare in workbench.view.extension.gitlensInspect
2024-02-03 19:19:46.347 [info] Added views:gitlens.views.commits,gitlens.views.branches,gitlens.views.remotes,gitlens.views.stashes,gitlens.views.tags,gitlens.views.contributors in workbench.view.scm
2024-02-03 19:19:46.347 [info] Added views:mongoDBConnectionExplorer,mongoDBPlaygroundsExplorer,mongoDBHelpExplorer in workbench.view.extension.mongoDB
2024-02-03 19:19:46.347 [info] Added views:remoteTargets in workbench.view.remote
2024-02-03 19:19:46.348 [info] Added views:oracleDBObjectExplorer,oracleCloudExplorer,oracleBookmarkExplorer,oracleQueryHistoryExplorer in workbench.view.extension.oracle-db-explorer
2024-02-03 19:19:46.468 [info] Added views:workbench.panel.repl.view in workbench.panel.repl
2024-02-03 19:19:46.860 [info] Added views:~remote.forwardedPorts in ~remote.forwardedPortsContainer
2024-02-03 19:19:48.016 [info] Added views:rustDependencies in workbench.view.explorer
2024-02-03 19:19:48.785 [info] Added views:gitlens.views.graph,gitlens.views.graphDetails in workbench.view.extension.gitlensPanel
2024-02-03 19:19:48.786 [info] Added views:gitlens.views.timeline in workbench.view.extension.gitlensInspect
2024-02-03 19:19:48.787 [info] Added views:gitlens.views.worktrees in workbench.view.scm
2024-02-03 19:24:11.984 [info] Added views:workbench.panel.markers.view in workbench.panel.markers
2024-02-03 19:24:11.984 [info] Added views:workbench.panel.output in workbench.panel.output
2024-02-03 19:24:11.984 [info] Added views:terminal in terminal
2024-02-03 19:24:11.984 [info] Added views:outline in workbench.view.explorer
2024-02-03 19:24:11.984 [info] Added views:workbench.scm in workbench.view.scm
2024-02-03 19:24:11.984 [info] Added views:workbench.view.search in workbench.view.search
2024-02-03 19:24:11.984 [info] Added views:timeline in workbench.view.explorer
2024-02-03 19:24:11.984 [info] Added views:workbench.explorer.fileView in workbench.view.explorer
2024-02-03 19:24:12.033 [info] Added views:workbench.debug.welcome in workbench.view.debug
2024-02-03 19:24:12.609 [info] Added views:gitlens.views.home,gitlens.views.drafts,gitlens.views.workspaces,gitlens.views.account in workbench.view.extension.gitlens
2024-02-03 19:24:12.609 [info] Added views:gitlens.views.commitDetails,gitlens.views.lineHistory,gitlens.views.fileHistory,gitlens.views.searchAndCompare in workbench.view.extension.gitlensInspect
2024-02-03 19:24:12.610 [info] Added views:gitlens.views.commits,gitlens.views.branches,gitlens.views.remotes,gitlens.views.stashes,gitlens.views.tags,gitlens.views.contributors in workbench.view.scm
2024-02-03 19:24:12.610 [info] Added views:mongoDBConnectionExplorer,mongoDBPlaygroundsExplorer,mongoDBHelpExplorer in workbench.view.extension.mongoDB
2024-02-03 19:24:12.610 [info] Added views:remoteTargets in workbench.view.remote
2024-02-03 19:24:12.610 [info] Added views:oracleDBObjectExplorer,oracleCloudExplorer,oracleBookmarkExplorer,oracleQueryHistoryExplorer in workbench.view.extension.oracle-db-explorer
2024-02-03 19:24:12.734 [info] Added views:workbench.panel.repl.view in workbench.panel.repl
2024-02-03 19:24:13.426 [info] Added views:~remote.forwardedPorts in ~remote.forwardedPortsContainer
2024-02-03 19:24:14.816 [info] Added views:gitlens.views.graph,gitlens.views.graphDetails in workbench.view.extension.gitlensPanel
2024-02-03 19:24:14.817 [info] Added views:gitlens.views.timeline in workbench.view.extension.gitlensInspect
2024-02-03 19:24:14.818 [info] Added views:gitlens.views.worktrees in workbench.view.scm
2024-02-03 19:29:28.073 [info] Added views:workbench.views.extensions.installed,workbench.views.extensions.popular,extensions.recommendedList in workbench.view.extensions
2024-02-03 19:29:28.077 [info] Removed views:workbench.views.extensions.popular from workbench.view.extensions
2024-02-03 19:29:30.388 [info] Removed views:extensions.recommendedList,workbench.views.extensions.installed from workbench.view.extensions
2024-02-03 19:29:30.392 [info] Added views:workbench.views.extensions.marketplace in workbench.view.extensions
