2024-01-31 19:21:05.125 [info] Added views:workbench.panel.markers.view in workbench.panel.markers
2024-01-31 19:21:05.125 [info] Added views:workbench.panel.output in workbench.panel.output
2024-01-31 19:21:05.125 [info] Added views:terminal in terminal
2024-01-31 19:21:05.125 [info] Added views:outline in workbench.view.explorer
2024-01-31 19:21:05.125 [info] Added views:workbench.scm in workbench.view.scm
2024-01-31 19:21:05.125 [info] Added views:workbench.view.search in workbench.view.search
2024-01-31 19:21:05.125 [info] Added views:timeline in workbench.view.explorer
2024-01-31 19:21:05.125 [info] Added views:workbench.explorer.emptyView in workbench.view.explorer
2024-01-31 19:21:05.212 [info] Added views:workbench.debug.variablesView,workbench.debug.watchExpressionsView,workbench.debug.callStackView,workbench.debug.breakPointsView in workbench.view.debug
2024-01-31 19:21:05.329 [info] Added views:gitlens.views.home,gitlens.views.drafts,gitlens.views.workspaces,gitlens.views.account in workbench.view.extension.gitlens
2024-01-31 19:21:05.330 [info] Added views:gitlens.views.commitDetails,gitlens.views.lineHistory,gitlens.views.fileHistory,gitlens.views.searchAndCompare in workbench.view.extension.gitlensInspect
2024-01-31 19:21:05.332 [info] Added views:gitlens.views.commits,gitlens.views.branches,gitlens.views.remotes,gitlens.views.stashes,gitlens.views.tags,gitlens.views.contributors in workbench.view.scm
2024-01-31 19:21:05.332 [info] Added views:mongoDBConnectionExplorer,mongoDBPlaygroundsExplorer,mongoDBHelpExplorer in workbench.view.extension.mongoDB
2024-01-31 19:21:05.333 [info] Added views:remoteTargets in workbench.view.remote
2024-01-31 19:21:05.333 [info] Added views:oracleDBObjectExplorer,oracleCloudExplorer,oracleBookmarkExplorer,oracleQueryHistoryExplorer in workbench.view.extension.oracle-db-explorer
2024-01-31 19:21:05.480 [info] Added views:workbench.panel.repl.view in workbench.panel.repl
2024-01-31 19:21:05.481 [info] Removed views:workbench.debug.breakPointsView,workbench.debug.callStackView,workbench.debug.watchExpressionsView,workbench.debug.variablesView from workbench.view.debug
2024-01-31 19:21:05.482 [info] Added views:workbench.debug.welcome in workbench.view.debug
2024-01-31 19:21:05.665 [info] Added views:~remote.forwardedPorts in ~remote.forwardedPortsContainer
2024-01-31 19:21:06.996 [info] Removed views:gitlens.views.searchAndCompare,gitlens.views.fileHistory,gitlens.views.lineHistory,gitlens.views.commitDetails from workbench.view.extension.gitlensInspect
2024-01-31 19:21:06.996 [info] Removed views:gitlens.views.contributors,gitlens.views.tags,gitlens.views.stashes,gitlens.views.remotes,gitlens.views.branches,gitlens.views.commits from workbench.view.scm
2024-01-31 19:27:10.819 [info] Added views:gitlens.views.graph,gitlens.views.graphDetails in workbench.view.extension.gitlensPanel
2024-01-31 19:27:10.821 [info] Added views:gitlens.views.commitDetails,gitlens.views.lineHistory,gitlens.views.fileHistory,gitlens.views.timeline,gitlens.views.searchAndCompare in workbench.view.extension.gitlensInspect
2024-01-31 19:27:10.822 [info] Added views:gitlens.views.commits,gitlens.views.branches,gitlens.views.remotes,gitlens.views.stashes,gitlens.views.tags,gitlens.views.worktrees,gitlens.views.contributors in workbench.view.scm
2024-01-31 19:49:52.212 [info] Added views:workbench.views.extensions.installed,workbench.views.extensions.popular,extensions.recommendedList in workbench.view.extensions
2024-01-31 19:49:52.216 [info] Removed views:workbench.views.extensions.popular from workbench.view.extensions
2024-01-31 19:49:54.232 [info] Removed views:extensions.recommendedList,workbench.views.extensions.installed from workbench.view.extensions
2024-01-31 19:49:54.236 [info] Added views:workbench.views.extensions.marketplace in workbench.view.extensions
2024-01-31 19:51:01.724 [info] Added views:workbench.panel.markers.view in workbench.panel.markers
2024-01-31 19:51:01.724 [info] Added views:workbench.panel.output in workbench.panel.output
2024-01-31 19:51:01.724 [info] Added views:terminal in terminal
2024-01-31 19:51:01.724 [info] Added views:outline in workbench.view.explorer
2024-01-31 19:51:01.724 [info] Added views:workbench.scm in workbench.view.scm
2024-01-31 19:51:01.724 [info] Added views:workbench.view.search in workbench.view.search
2024-01-31 19:51:01.724 [info] Added views:timeline in workbench.view.explorer
2024-01-31 19:51:01.724 [info] Added views:workbench.explorer.fileView in workbench.view.explorer
2024-01-31 19:51:01.879 [info] Added views:gitlens.views.home,gitlens.views.drafts,gitlens.views.workspaces,gitlens.views.account in workbench.view.extension.gitlens
2024-01-31 19:51:01.879 [info] Added views:gitlens.views.commitDetails,gitlens.views.lineHistory,gitlens.views.fileHistory,gitlens.views.searchAndCompare in workbench.view.extension.gitlensInspect
2024-01-31 19:51:01.880 [info] Added views:gitlens.views.commits,gitlens.views.branches,gitlens.views.remotes,gitlens.views.stashes,gitlens.views.tags,gitlens.views.contributors in workbench.view.scm
2024-01-31 19:51:01.880 [info] Added views:mongoDBConnectionExplorer,mongoDBPlaygroundsExplorer,mongoDBHelpExplorer in workbench.view.extension.mongoDB
2024-01-31 19:51:01.880 [info] Added views:remoteTargets in workbench.view.remote
2024-01-31 19:51:01.881 [info] Added views:oracleDBObjectExplorer,oracleCloudExplorer,oracleBookmarkExplorer,oracleQueryHistoryExplorer in workbench.view.extension.oracle-db-explorer
2024-01-31 19:51:02.004 [info] Added views:workbench.debug.variablesView,workbench.debug.watchExpressionsView,workbench.debug.callStackView,workbench.debug.breakPointsView in workbench.view.debug
2024-01-31 19:51:02.042 [info] Added views:workbench.panel.repl.view in workbench.panel.repl
2024-01-31 19:51:02.042 [info] Removed views:workbench.debug.breakPointsView,workbench.debug.callStackView,workbench.debug.watchExpressionsView,workbench.debug.variablesView from workbench.view.debug
2024-01-31 19:51:02.043 [info] Added views:workbench.debug.welcome in workbench.view.debug
2024-01-31 19:51:02.095 [info] Added views:~remote.forwardedPorts in ~remote.forwardedPortsContainer
2024-01-31 19:51:02.694 [info] Added views:rustDependencies in workbench.view.explorer
2024-01-31 19:51:02.781 [info] Removed views:gitlens.views.searchAndCompare,gitlens.views.fileHistory,gitlens.views.lineHistory,gitlens.views.commitDetails from workbench.view.extension.gitlensInspect
2024-01-31 19:51:02.782 [info] Removed views:gitlens.views.contributors,gitlens.views.tags,gitlens.views.stashes,gitlens.views.remotes,gitlens.views.branches,gitlens.views.commits from workbench.view.scm
2024-01-31 19:51:02.904 [info] Added views:gitlens.views.commitDetails,gitlens.views.lineHistory,gitlens.views.fileHistory,gitlens.views.searchAndCompare in workbench.view.extension.gitlensInspect
2024-01-31 19:51:02.905 [info] Added views:gitlens.views.commits,gitlens.views.branches,gitlens.views.remotes,gitlens.views.stashes,gitlens.views.tags,gitlens.views.contributors in workbench.view.scm
2024-01-31 19:51:03.405 [info] Added views:gitlens.views.graph,gitlens.views.graphDetails in workbench.view.extension.gitlensPanel
2024-01-31 19:51:03.406 [info] Added views:gitlens.views.timeline in workbench.view.extension.gitlensInspect
2024-01-31 19:51:03.406 [info] Added views:gitlens.views.worktrees in workbench.view.scm
2024-01-31 19:51:38.514 [info] Added views:workbench.views.extensions.installed,workbench.views.extensions.popular,extensions.recommendedList in workbench.view.extensions
2024-01-31 19:51:38.521 [info] Removed views:workbench.views.extensions.popular from workbench.view.extensions
2024-01-31 19:51:40.884 [info] Removed views:extensions.recommendedList,workbench.views.extensions.installed from workbench.view.extensions
2024-01-31 19:51:40.903 [info] Added views:workbench.views.extensions.marketplace in workbench.view.extensions
