2024-01-31 19:21:05.460 [info] Extension host with pid 59617 started
2024-01-31 19:21:05.479 [info] ExtensionService#_doActivateExtension mongodb.mongodb-vscode, startup: false, activationEvent: 'onLanguage:plaintext'
2024-01-31 19:21:05.606 [info] Extension host with pid 59643 started
2024-01-31 19:21:05.607 [info] Eager extensions activated
2024-01-31 19:21:05.627 [info] ExtensionService#_doActivateExtension vscodevim.vim, startup: false, activationEvent: 'onStartupFinished'
2024-01-31 19:21:05.903 [info] ExtensionService#_doActivateExtension vscode.emmet, startup: false, activationEvent: 'onLanguage'
2024-01-31 19:21:05.908 [info] ExtensionService#_doActivateExtension tamasfe.even-better-toml, startup: false, activationEvent: 'onLanguage:toml'
2024-01-31 19:21:06.243 [info] ExtensionService#_doActivateExtension vscode.git-base, startup: true, activationEvent: '*', root cause: vscode.git
2024-01-31 19:21:06.244 [info] ExtensionService#_doActivateExtension mhutchie.git-graph, startup: true, activationEvent: '*'
2024-01-31 19:21:06.259 [info] ExtensionService#_doActivateExtension ms-dotnettools.vscode-dotnet-runtime, startup: true, activationEvent: '*', root cause: Oracle.oracledevtools
2024-01-31 19:21:06.297 [info] ExtensionService#_doActivateExtension vscode.git, startup: true, activationEvent: '*'
2024-01-31 19:21:06.311 [info] ExtensionService#_doActivateExtension vscode.github, startup: true, activationEvent: '*'
2024-01-31 19:21:06.317 [info] ExtensionService#_doActivateExtension Oracle.oracledevtools, startup: true, activationEvent: '*'
2024-01-31 19:21:06.936 [info] Eager extensions activated
2024-01-31 19:21:06.941 [info] ExtensionService#_doActivateExtension vscode.debug-auto-launch, startup: false, activationEvent: 'onStartupFinished'
2024-01-31 19:21:06.942 [info] ExtensionService#_doActivateExtension vscode.merge-conflict, startup: false, activationEvent: 'onStartupFinished'
2024-01-31 19:21:06.946 [info] ExtensionService#_doActivateExtension eamodio.gitlens, startup: false, activationEvent: 'onStartupFinished'
2024-01-31 19:21:06.982 [info] ExtensionService#_doActivateExtension vadimcn.vscode-lldb, startup: false, activationEvent: 'onStartupFinished'
2024-01-31 19:49:47.749 [info] ExtensionService#_doActivateExtension vscode.github-authentication, startup: false, activationEvent: 'onAuthenticationRequest:github'
2024-01-31 19:50:01.366 [warning] TextEditor is closed/disposed
2024-01-31 19:51:01.435 [info] Extension host terminating: renderer closed the MessagePort
2024-01-31 19:51:01.436 [info] Extension host with pid 59643 exiting with code 0
2024-01-31 19:51:01.437 [info] Extension host terminating: renderer closed the MessagePort
2024-01-31 19:51:01.471 [warning] Canceled
2024-01-31 19:51:01.472 [error] Canceled: Canceled
	at new g (/usr/share/code/resources/app/out/vs/workbench/api/node/extensionHostProcess.js:141:110274)
	at l.U (/usr/share/code/resources/app/out/vs/workbench/api/node/extensionHostProcess.js:150:10866)
	at P.<computed>.j.charCodeAt.P.<computed> (/usr/share/code/resources/app/out/vs/workbench/api/node/extensionHostProcess.js:150:8317)
	at d.g (/usr/share/code/resources/app/out/vs/workbench/api/node/extensionHostProcess.js:141:139555)
	at d.executeCommand (/usr/share/code/resources/app/out/vs/workbench/api/node/extensionHostProcess.js:141:138993)
	at p.registerCommand.description (/usr/share/code/resources/app/out/vs/workbench/api/node/extensionHostProcess.js:141:138317)
	at d.h (/usr/share/code/resources/app/out/vs/workbench/api/node/extensionHostProcess.js:141:140094)
	at d.g (/usr/share/code/resources/app/out/vs/workbench/api/node/extensionHostProcess.js:141:139086)
	at d.executeCommand (/usr/share/code/resources/app/out/vs/workbench/api/node/extensionHostProcess.js:141:138993)
	at Object.executeCommand (/usr/share/code/resources/app/out/vs/workbench/api/node/extensionHostProcess.js:158:21333)
	at w (/home/anthonyoon/.vscode/extensions/eamodio.gitlens-14.7.0/dist/gitlens.js:1077:40655)
	at h (/home/anthonyoon/.vscode/extensions/eamodio.gitlens-14.7.0/dist/gitlens.js:1077:45702)
	at ActionRunners._updateContextKeys (/home/anthonyoon/.vscode/extensions/eamodio.gitlens-14.7.0/dist/gitlens.js:663:17573)
	at s (/home/anthonyoon/.vscode/extensions/eamodio.gitlens-14.7.0/dist/gitlens.js:663:16017)
	at RegisteredActionRunner.unregister (/home/anthonyoon/.vscode/extensions/eamodio.gitlens-14.7.0/dist/gitlens.js:663:16160)
	at RegisteredActionRunner.dispose (/home/anthonyoon/.vscode/extensions/eamodio.gitlens-14.7.0/dist/gitlens.js:663:14813)
	at ActionRunners.dispose (/home/anthonyoon/.vscode/extensions/eamodio.gitlens-14.7.0/dist/gitlens.js:663:15600)
	at /home/anthonyoon/.vscode/extensions/eamodio.gitlens-14.7.0/dist/gitlens.js:1037:19287
	at Array.forEach (<anonymous>)
	at Object.dispose (/home/anthonyoon/.vscode/extensions/eamodio.gitlens-14.7.0/dist/gitlens.js:1037:19269)
	at s (/usr/share/code/resources/app/out/vs/workbench/api/node/extensionHostProcess.js:30:754)
	at f.cb (/usr/share/code/resources/app/out/vs/workbench/api/node/extensionHostProcess.js:154:9873)
	at /usr/share/code/resources/app/out/vs/workbench/api/node/extensionHostProcess.js:154:7808
	at Array.map (<anonymous>)
	at f.Y (/usr/share/code/resources/app/out/vs/workbench/api/node/extensionHostProcess.js:154:7795)
	at f.terminate (/usr/share/code/resources/app/out/vs/workbench/api/node/extensionHostProcess.js:154:8068)
	at s.terminate (/usr/share/code/resources/app/out/vs/workbench/api/node/extensionHostProcess.js:158:1513)
	at a (/usr/share/code/resources/app/out/vs/workbench/api/node/extensionHostProcess.js:171:9802)
	at MessagePortMain.<anonymous> (/usr/share/code/resources/app/out/vs/workbench/api/node/extensionHostProcess.js:171:6227)
	at MessagePortMain.emit (node:events:513:28)
	at MessagePortMain._internalPort.emit (node:electron/js2c/utility_init:2:367) setContext undefined
2024-01-31 19:51:01.472 [error] Canceled: Canceled
	at new g (/usr/share/code/resources/app/out/vs/workbench/api/node/extensionHostProcess.js:141:110274)
	at l.U (/usr/share/code/resources/app/out/vs/workbench/api/node/extensionHostProcess.js:150:10866)
	at P.<computed>.j.charCodeAt.P.<computed> (/usr/share/code/resources/app/out/vs/workbench/api/node/extensionHostProcess.js:150:8317)
	at d.g (/usr/share/code/resources/app/out/vs/workbench/api/node/extensionHostProcess.js:141:139555)
	at d.executeCommand (/usr/share/code/resources/app/out/vs/workbench/api/node/extensionHostProcess.js:141:138993)
	at p.registerCommand.description (/usr/share/code/resources/app/out/vs/workbench/api/node/extensionHostProcess.js:141:138317)
	at d.h (/usr/share/code/resources/app/out/vs/workbench/api/node/extensionHostProcess.js:141:140094)
	at d.g (/usr/share/code/resources/app/out/vs/workbench/api/node/extensionHostProcess.js:141:139086)
	at d.executeCommand (/usr/share/code/resources/app/out/vs/workbench/api/node/extensionHostProcess.js:141:138993)
	at Object.executeCommand (/usr/share/code/resources/app/out/vs/workbench/api/node/extensionHostProcess.js:158:21333)
	at w (/home/anthonyoon/.vscode/extensions/eamodio.gitlens-14.7.0/dist/gitlens.js:1077:40655)
	at h (/home/anthonyoon/.vscode/extensions/eamodio.gitlens-14.7.0/dist/gitlens.js:1077:45702)
	at ActionRunners._updateContextKeys (/home/anthonyoon/.vscode/extensions/eamodio.gitlens-14.7.0/dist/gitlens.js:663:17573)
	at s (/home/anthonyoon/.vscode/extensions/eamodio.gitlens-14.7.0/dist/gitlens.js:663:16017)
	at RegisteredActionRunner.unregister (/home/anthonyoon/.vscode/extensions/eamodio.gitlens-14.7.0/dist/gitlens.js:663:16160)
	at RegisteredActionRunner.dispose (/home/anthonyoon/.vscode/extensions/eamodio.gitlens-14.7.0/dist/gitlens.js:663:14813)
	at ActionRunners.dispose (/home/anthonyoon/.vscode/extensions/eamodio.gitlens-14.7.0/dist/gitlens.js:663:15600)
	at /home/anthonyoon/.vscode/extensions/eamodio.gitlens-14.7.0/dist/gitlens.js:1037:19287
	at Array.forEach (<anonymous>)
	at Object.dispose (/home/anthonyoon/.vscode/extensions/eamodio.gitlens-14.7.0/dist/gitlens.js:1037:19269)
	at s (/usr/share/code/resources/app/out/vs/workbench/api/node/extensionHostProcess.js:30:754)
	at f.cb (/usr/share/code/resources/app/out/vs/workbench/api/node/extensionHostProcess.js:154:9873)
	at /usr/share/code/resources/app/out/vs/workbench/api/node/extensionHostProcess.js:154:7808
	at Array.map (<anonymous>)
	at f.Y (/usr/share/code/resources/app/out/vs/workbench/api/node/extensionHostProcess.js:154:7795)
	at f.terminate (/usr/share/code/resources/app/out/vs/workbench/api/node/extensionHostProcess.js:154:8068)
	at s.terminate (/usr/share/code/resources/app/out/vs/workbench/api/node/extensionHostProcess.js:158:1513)
	at a (/usr/share/code/resources/app/out/vs/workbench/api/node/extensionHostProcess.js:171:9802)
	at MessagePortMain.<anonymous> (/usr/share/code/resources/app/out/vs/workbench/api/node/extensionHostProcess.js:171:6227)
	at MessagePortMain.emit (node:events:513:28)
	at MessagePortMain._internalPort.emit (node:electron/js2c/utility_init:2:367) setContext undefined
2024-01-31 19:51:01.472 [error] Canceled: Canceled
	at new g (/usr/share/code/resources/app/out/vs/workbench/api/node/extensionHostProcess.js:141:110274)
	at l.U (/usr/share/code/resources/app/out/vs/workbench/api/node/extensionHostProcess.js:150:10866)
	at P.<computed>.j.charCodeAt.P.<computed> (/usr/share/code/resources/app/out/vs/workbench/api/node/extensionHostProcess.js:150:8317)
	at d.g (/usr/share/code/resources/app/out/vs/workbench/api/node/extensionHostProcess.js:141:139555)
	at d.executeCommand (/usr/share/code/resources/app/out/vs/workbench/api/node/extensionHostProcess.js:141:138993)
	at p.registerCommand.description (/usr/share/code/resources/app/out/vs/workbench/api/node/extensionHostProcess.js:141:138317)
	at d.h (/usr/share/code/resources/app/out/vs/workbench/api/node/extensionHostProcess.js:141:140094)
	at d.g (/usr/share/code/resources/app/out/vs/workbench/api/node/extensionHostProcess.js:141:139086)
	at d.executeCommand (/usr/share/code/resources/app/out/vs/workbench/api/node/extensionHostProcess.js:141:138993)
	at Object.executeCommand (/usr/share/code/resources/app/out/vs/workbench/api/node/extensionHostProcess.js:158:21333)
	at w (/home/anthonyoon/.vscode/extensions/eamodio.gitlens-14.7.0/dist/gitlens.js:1077:40655)
	at h (/home/anthonyoon/.vscode/extensions/eamodio.gitlens-14.7.0/dist/gitlens.js:1077:45702)
	at ActionRunners._updateContextKeys (/home/anthonyoon/.vscode/extensions/eamodio.gitlens-14.7.0/dist/gitlens.js:663:17573)
	at s (/home/anthonyoon/.vscode/extensions/eamodio.gitlens-14.7.0/dist/gitlens.js:663:16017)
	at RegisteredActionRunner.unregister (/home/anthonyoon/.vscode/extensions/eamodio.gitlens-14.7.0/dist/gitlens.js:663:16160)
	at RegisteredActionRunner.dispose (/home/anthonyoon/.vscode/extensions/eamodio.gitlens-14.7.0/dist/gitlens.js:663:14813)
	at ActionRunners.dispose (/home/anthonyoon/.vscode/extensions/eamodio.gitlens-14.7.0/dist/gitlens.js:663:15600)
	at /home/anthonyoon/.vscode/extensions/eamodio.gitlens-14.7.0/dist/gitlens.js:1037:19287
	at Array.forEach (<anonymous>)
	at Object.dispose (/home/anthonyoon/.vscode/extensions/eamodio.gitlens-14.7.0/dist/gitlens.js:1037:19269)
	at s (/usr/share/code/resources/app/out/vs/workbench/api/node/extensionHostProcess.js:30:754)
	at f.cb (/usr/share/code/resources/app/out/vs/workbench/api/node/extensionHostProcess.js:154:9873)
	at /usr/share/code/resources/app/out/vs/workbench/api/node/extensionHostProcess.js:154:7808
	at Array.map (<anonymous>)
	at f.Y (/usr/share/code/resources/app/out/vs/workbench/api/node/extensionHostProcess.js:154:7795)
	at f.terminate (/usr/share/code/resources/app/out/vs/workbench/api/node/extensionHostProcess.js:154:8068)
	at s.terminate (/usr/share/code/resources/app/out/vs/workbench/api/node/extensionHostProcess.js:158:1513)
	at a (/usr/share/code/resources/app/out/vs/workbench/api/node/extensionHostProcess.js:171:9802)
	at MessagePortMain.<anonymous> (/usr/share/code/resources/app/out/vs/workbench/api/node/extensionHostProcess.js:171:6227)
	at MessagePortMain.emit (node:events:513:28)
	at MessagePortMain._internalPort.emit (node:electron/js2c/utility_init:2:367) setContext undefined
2024-01-31 19:51:01.986 [info] Extension host with pid 89055 started
2024-01-31 19:51:01.986 [info] Skipping acquiring lock for /home/anthonyoon/.config/Code/User/workspaceStorage/6a2485fb1a86aac970f81af085f263fe.
2024-01-31 19:51:02.043 [info] ExtensionService#_doActivateExtension vscode.git-base, startup: true, activationEvent: '*', root cause: vscode.git
2024-01-31 19:51:02.045 [info] ExtensionService#_doActivateExtension mhutchie.git-graph, startup: true, activationEvent: '*'
2024-01-31 19:51:02.051 [info] ExtensionService#_doActivateExtension ms-dotnettools.vscode-dotnet-runtime, startup: true, activationEvent: '*', root cause: Oracle.oracledevtools
2024-01-31 19:51:02.133 [info] ExtensionService#_doActivateExtension vscode.git, startup: true, activationEvent: '*'
2024-01-31 19:51:02.149 [info] ExtensionService#_doActivateExtension vscode.github, startup: true, activationEvent: '*'
2024-01-31 19:51:02.154 [info] ExtensionService#_doActivateExtension Oracle.oracledevtools, startup: true, activationEvent: '*'
2024-01-31 19:51:02.166 [info] Extension host with pid 89085 started
2024-01-31 19:51:02.166 [info] Skipping acquiring lock for /home/anthonyoon/.config/Code/User/workspaceStorage/6a2485fb1a86aac970f81af085f263fe.
2024-01-31 19:51:02.168 [info] Eager extensions activated
2024-01-31 19:51:02.199 [info] ExtensionService#_doActivateExtension vscodevim.vim, startup: false, activationEvent: 'onStartupFinished'
2024-01-31 19:51:02.473 [error] Error: Client is not running
	at E.sendRequest (/home/anthonyoon/.vscode/extensions/mongodb.mongodb-vscode-1.5.0/dist/extension.js:510:1447843)
	at t.default.activeConnectionChanged (/home/anthonyoon/.vscode/extensions/mongodb.mongodb-vscode-1.5.0/dist/extension.js:510:1286817)
	at t.default._activeConnectionChanged (/home/anthonyoon/.vscode/extensions/mongodb.mongodb-vscode-1.5.0/dist/extension.js:510:1204382)
	at EventEmitter.<anonymous> (/home/anthonyoon/.vscode/extensions/mongodb.mongodb-vscode-1.5.0/dist/extension.js:510:1202509)
	at EventEmitter.emit (node:events:513:28)
	at t.default.disconnect (/home/anthonyoon/.vscode/extensions/mongodb.mongodb-vscode-1.5.0/dist/extension.js:510:1163577)
	at t.default.deactivate (/home/anthonyoon/.vscode/extensions/mongodb.mongodb-vscode-1.5.0/dist/extension.js:510:1306550)
	at t.default.dispose (/home/anthonyoon/.vscode/extensions/mongodb.mongodb-vscode-1.5.0/dist/extension.js:510:1306485)
	at s (/usr/share/code/resources/app/out/vs/workbench/api/node/extensionHostProcess.js:30:754)
	at f.cb (/usr/share/code/resources/app/out/vs/workbench/api/node/extensionHostProcess.js:154:9873)
	at /usr/share/code/resources/app/out/vs/workbench/api/node/extensionHostProcess.js:154:7808
	at Array.map (<anonymous>)
	at f.Y (/usr/share/code/resources/app/out/vs/workbench/api/node/extensionHostProcess.js:154:7795)
	at f.terminate (/usr/share/code/resources/app/out/vs/workbench/api/node/extensionHostProcess.js:154:8068)
	at s.terminate (/usr/share/code/resources/app/out/vs/workbench/api/node/extensionHostProcess.js:158:1513)
	at a (/usr/share/code/resources/app/out/vs/workbench/api/node/extensionHostProcess.js:171:9802)
	at MessagePortMain.<anonymous> (/usr/share/code/resources/app/out/vs/workbench/api/node/extensionHostProcess.js:171:6227)
	at MessagePortMain.emit (node:events:513:28)
	at MessagePortMain._internalPort.emit (node:electron/js2c/utility_init:2:367)
2024-01-31 19:51:02.473 [error] Error: Starting server failed
	at LanguageClient.$start (/home/anthonyoon/.vscode/extensions/oracle.oracledevtools-21.8.0/node_modules/vscode-languageclient/lib/common/client.js:1083:19)
	at async LanguageClient.sendNotification (/home/anthonyoon/.vscode/extensions/oracle.oracledevtools-21.8.0/node_modules/vscode-languageclient/lib/common/client.js:381:28)
2024-01-31 19:51:02.473 [error] Error: Starting server failed
	at E.$start (/home/anthonyoon/.vscode/extensions/mongodb.mongodb-vscode-1.5.0/dist/extension.js:510:1463681)
	at async E.sendRequest (/home/anthonyoon/.vscode/extensions/mongodb.mongodb-vscode-1.5.0/dist/extension.js:510:1447929)
	at async t.default.activeConnectionChanged (/home/anthonyoon/.vscode/extensions/mongodb.mongodb-vscode-1.5.0/dist/extension.js:510:1286798)
	at async t.default._activeConnectionChanged (/home/anthonyoon/.vscode/extensions/mongodb.mongodb-vscode-1.5.0/dist/extension.js:510:1204345)
2024-01-31 19:51:02.509 [info] ExtensionService#_doActivateExtension rust-lang.rust-analyzer, startup: true, activationEvent: 'workspaceContains:*/Cargo.toml,*/rust-project.json'
2024-01-31 19:51:02.709 [info] Eager extensions activated
2024-01-31 19:51:02.719 [info] ExtensionService#_doActivateExtension vscode.debug-auto-launch, startup: false, activationEvent: 'onStartupFinished'
2024-01-31 19:51:02.720 [info] ExtensionService#_doActivateExtension vscode.merge-conflict, startup: false, activationEvent: 'onStartupFinished'
2024-01-31 19:51:02.725 [info] ExtensionService#_doActivateExtension eamodio.gitlens, startup: false, activationEvent: 'onStartupFinished'
2024-01-31 19:51:02.752 [info] ExtensionService#_doActivateExtension vadimcn.vscode-lldb, startup: false, activationEvent: 'onStartupFinished'
2024-01-31 19:51:02.756 [info] ExtensionService#_doActivateExtension vscode.github-authentication, startup: false, activationEvent: 'onAuthenticationRequest:github'
2024-01-31 19:51:03.470 [error] Error: Stopping the server timed out
	at /home/anthonyoon/.vscode/extensions/oracle.oracledevtools-21.8.0/node_modules/vscode-languageclient/lib/common/client.js:933:23
	at async Promise.all (index 11)
	at async f.Y (/usr/share/code/resources/app/out/vs/workbench/api/node/extensionHostProcess.js:154:7823)
2024-01-31 19:51:03.470 [info] Extension host with pid 59617 exiting with code 0
2024-01-31 19:51:04.090 [info] ExtensionService#_doActivateExtension tamasfe.even-better-toml, startup: false, activationEvent: 'onLanguage:toml'
2024-01-31 19:51:04.100 [info] ExtensionService#_doActivateExtension vscode.emmet, startup: false, activationEvent: 'onLanguage'
2024-01-31 19:51:04.345 [info] ExtensionService#_doActivateExtension mongodb.mongodb-vscode, startup: false, activationEvent: 'onLanguage:plaintext'
2024-01-31 19:51:45.564 [warning] TextEditor is closed/disposed
2024-01-31 21:02:27.937 [info] Extension host terminating: renderer closed the MessagePort
2024-01-31 21:02:27.939 [info] Extension host terminating: renderer closed the MessagePort
2024-01-31 21:02:27.940 [info] Extension host with pid 89085 exiting with code 0
2024-01-31 21:02:27.963 [error] Canceled: Canceled
	at new g (/usr/share/code/resources/app/out/vs/workbench/api/node/extensionHostProcess.js:141:110274)
	at l.U (/usr/share/code/resources/app/out/vs/workbench/api/node/extensionHostProcess.js:150:10866)
	at P.<computed>.j.charCodeAt.P.<computed> (/usr/share/code/resources/app/out/vs/workbench/api/node/extensionHostProcess.js:150:8317)
	at d.g (/usr/share/code/resources/app/out/vs/workbench/api/node/extensionHostProcess.js:141:139555)
	at d.executeCommand (/usr/share/code/resources/app/out/vs/workbench/api/node/extensionHostProcess.js:141:138993)
	at p.registerCommand.description (/usr/share/code/resources/app/out/vs/workbench/api/node/extensionHostProcess.js:141:138317)
	at d.h (/usr/share/code/resources/app/out/vs/workbench/api/node/extensionHostProcess.js:141:140094)
	at d.g (/usr/share/code/resources/app/out/vs/workbench/api/node/extensionHostProcess.js:141:139086)
	at d.executeCommand (/usr/share/code/resources/app/out/vs/workbench/api/node/extensionHostProcess.js:141:138993)
	at Object.executeCommand (/usr/share/code/resources/app/out/vs/workbench/api/node/extensionHostProcess.js:158:21333)
	at f.I [as value] (/usr/share/code/resources/app/extensions/git/dist/main.js:2:924696)
	at n.y (/usr/share/code/resources/app/out/vs/workbench/api/node/extensionHostProcess.js:80:1902)
	at n.z (/usr/share/code/resources/app/out/vs/workbench/api/node/extensionHostProcess.js:80:1972)
	at n.fire (/usr/share/code/resources/app/out/vs/workbench/api/node/extensionHostProcess.js:80:2188)
	at Object.m [as dispose] (/usr/share/code/resources/app/extensions/git/dist/main.js:2:940613)
	at /usr/share/code/resources/app/extensions/git/dist/main.js:2:945566
	at Array.forEach (<anonymous>)
	at p.dispose (/usr/share/code/resources/app/extensions/git/dist/main.js:2:945552)
	at u.<anonymous> (/usr/share/code/resources/app/out/vs/workbench/api/node/extensionHostProcess.js:137:3620)
	at u.dispose (/usr/share/code/resources/app/out/vs/workbench/api/node/extensionHostProcess.js:137:3717)
	at u.<anonymous> (/usr/share/code/resources/app/extensions/git/dist/main.js:2:926708)
	at u.dispose (/usr/share/code/resources/app/out/vs/workbench/api/node/extensionHostProcess.js:137:3717)
	at s (/usr/share/code/resources/app/out/vs/workbench/api/node/extensionHostProcess.js:30:754)
	at f.cb (/usr/share/code/resources/app/out/vs/workbench/api/node/extensionHostProcess.js:154:9873)
	at /usr/share/code/resources/app/out/vs/workbench/api/node/extensionHostProcess.js:154:7808
	at Array.map (<anonymous>)
	at f.Y (/usr/share/code/resources/app/out/vs/workbench/api/node/extensionHostProcess.js:154:7795)
	at f.terminate (/usr/share/code/resources/app/out/vs/workbench/api/node/extensionHostProcess.js:154:8068)
	at s.terminate (/usr/share/code/resources/app/out/vs/workbench/api/node/extensionHostProcess.js:158:1513)
	at a (/usr/share/code/resources/app/out/vs/workbench/api/node/extensionHostProcess.js:171:9802)
	at MessagePortMain.<anonymous> (/usr/share/code/resources/app/out/vs/workbench/api/node/extensionHostProcess.js:171:6227)
	at MessagePortMain.emit (node:events:513:28)
	at MessagePortMain._internalPort.emit (node:electron/js2c/utility_init:2:367) setContext undefined
2024-01-31 21:02:27.964 [error] Canceled: Canceled
	at new g (/usr/share/code/resources/app/out/vs/workbench/api/node/extensionHostProcess.js:141:110274)
	at l.U (/usr/share/code/resources/app/out/vs/workbench/api/node/extensionHostProcess.js:150:10866)
	at P.<computed>.j.charCodeAt.P.<computed> (/usr/share/code/resources/app/out/vs/workbench/api/node/extensionHostProcess.js:150:8317)
	at d.g (/usr/share/code/resources/app/out/vs/workbench/api/node/extensionHostProcess.js:141:139555)
	at d.executeCommand (/usr/share/code/resources/app/out/vs/workbench/api/node/extensionHostProcess.js:141:138993)
	at p.registerCommand.description (/usr/share/code/resources/app/out/vs/workbench/api/node/extensionHostProcess.js:141:138317)
	at d.h (/usr/share/code/resources/app/out/vs/workbench/api/node/extensionHostProcess.js:141:140094)
	at d.g (/usr/share/code/resources/app/out/vs/workbench/api/node/extensionHostProcess.js:141:139086)
	at d.executeCommand (/usr/share/code/resources/app/out/vs/workbench/api/node/extensionHostProcess.js:141:138993)
	at Object.executeCommand (/usr/share/code/resources/app/out/vs/workbench/api/node/extensionHostProcess.js:158:21333)
	at set b [as b] (/usr/share/code/resources/app/extensions/github/dist/extension.js:2:322364)
	at /usr/share/code/resources/app/extensions/github/dist/extension.js:2:323005
	at f.value (/usr/share/code/resources/app/extensions/git/dist/main.js:2:1016450)
	at n.y (/usr/share/code/resources/app/out/vs/workbench/api/node/extensionHostProcess.js:80:1902)
	at n.z (/usr/share/code/resources/app/out/vs/workbench/api/node/extensionHostProcess.js:80:1972)
	at n.fire (/usr/share/code/resources/app/out/vs/workbench/api/node/extensionHostProcess.js:80:2188)
	at Object.m [as dispose] (/usr/share/code/resources/app/extensions/git/dist/main.js:2:940613)
	at /usr/share/code/resources/app/extensions/git/dist/main.js:2:945566
	at Array.forEach (<anonymous>)
	at p.dispose (/usr/share/code/resources/app/extensions/git/dist/main.js:2:945552)
	at u.<anonymous> (/usr/share/code/resources/app/out/vs/workbench/api/node/extensionHostProcess.js:137:3620)
	at u.dispose (/usr/share/code/resources/app/out/vs/workbench/api/node/extensionHostProcess.js:137:3717)
	at u.<anonymous> (/usr/share/code/resources/app/extensions/git/dist/main.js:2:926708)
	at u.dispose (/usr/share/code/resources/app/out/vs/workbench/api/node/extensionHostProcess.js:137:3717)
	at s (/usr/share/code/resources/app/out/vs/workbench/api/node/extensionHostProcess.js:30:754)
	at f.cb (/usr/share/code/resources/app/out/vs/workbench/api/node/extensionHostProcess.js:154:9873)
	at /usr/share/code/resources/app/out/vs/workbench/api/node/extensionHostProcess.js:154:7808
	at Array.map (<anonymous>)
	at f.Y (/usr/share/code/resources/app/out/vs/workbench/api/node/extensionHostProcess.js:154:7795)
	at f.terminate (/usr/share/code/resources/app/out/vs/workbench/api/node/extensionHostProcess.js:154:8068)
	at s.terminate (/usr/share/code/resources/app/out/vs/workbench/api/node/extensionHostProcess.js:158:1513)
	at a (/usr/share/code/resources/app/out/vs/workbench/api/node/extensionHostProcess.js:171:9802)
	at MessagePortMain.<anonymous> (/usr/share/code/resources/app/out/vs/workbench/api/node/extensionHostProcess.js:171:6227)
	at MessagePortMain.emit (node:events:513:28)
	at MessagePortMain._internalPort.emit (node:electron/js2c/utility_init:2:367) setContext undefined
2024-01-31 21:02:27.966 [error] Canceled: Canceled
	at new g (/usr/share/code/resources/app/out/vs/workbench/api/node/extensionHostProcess.js:141:110274)
	at l.U (/usr/share/code/resources/app/out/vs/workbench/api/node/extensionHostProcess.js:150:10866)
	at P.<computed>.j.charCodeAt.P.<computed> (/usr/share/code/resources/app/out/vs/workbench/api/node/extensionHostProcess.js:150:8317)
	at d.g (/usr/share/code/resources/app/out/vs/workbench/api/node/extensionHostProcess.js:141:139555)
	at d.executeCommand (/usr/share/code/resources/app/out/vs/workbench/api/node/extensionHostProcess.js:141:138993)
	at p.registerCommand.description (/usr/share/code/resources/app/out/vs/workbench/api/node/extensionHostProcess.js:141:138317)
	at d.h (/usr/share/code/resources/app/out/vs/workbench/api/node/extensionHostProcess.js:141:140094)
	at d.g (/usr/share/code/resources/app/out/vs/workbench/api/node/extensionHostProcess.js:141:139086)
	at d.executeCommand (/usr/share/code/resources/app/out/vs/workbench/api/node/extensionHostProcess.js:141:138993)
	at Object.executeCommand (/usr/share/code/resources/app/out/vs/workbench/api/node/extensionHostProcess.js:158:21333)
	at w (/home/anthonyoon/.vscode/extensions/eamodio.gitlens-14.7.0/dist/gitlens.js:1077:40655)
	at h (/home/anthonyoon/.vscode/extensions/eamodio.gitlens-14.7.0/dist/gitlens.js:1077:45702)
	at ActionRunners._updateContextKeys (/home/anthonyoon/.vscode/extensions/eamodio.gitlens-14.7.0/dist/gitlens.js:663:17573)
	at s (/home/anthonyoon/.vscode/extensions/eamodio.gitlens-14.7.0/dist/gitlens.js:663:16017)
	at RegisteredActionRunner.unregister (/home/anthonyoon/.vscode/extensions/eamodio.gitlens-14.7.0/dist/gitlens.js:663:16160)
	at RegisteredActionRunner.dispose (/home/anthonyoon/.vscode/extensions/eamodio.gitlens-14.7.0/dist/gitlens.js:663:14813)
	at ActionRunners.dispose (/home/anthonyoon/.vscode/extensions/eamodio.gitlens-14.7.0/dist/gitlens.js:663:15600)
	at /home/anthonyoon/.vscode/extensions/eamodio.gitlens-14.7.0/dist/gitlens.js:1037:19287
	at Array.forEach (<anonymous>)
	at Object.dispose (/home/anthonyoon/.vscode/extensions/eamodio.gitlens-14.7.0/dist/gitlens.js:1037:19269)
	at s (/usr/share/code/resources/app/out/vs/workbench/api/node/extensionHostProcess.js:30:754)
	at f.cb (/usr/share/code/resources/app/out/vs/workbench/api/node/extensionHostProcess.js:154:9873)
	at /usr/share/code/resources/app/out/vs/workbench/api/node/extensionHostProcess.js:154:7808
	at Array.map (<anonymous>)
	at f.Y (/usr/share/code/resources/app/out/vs/workbench/api/node/extensionHostProcess.js:154:7795)
	at f.terminate (/usr/share/code/resources/app/out/vs/workbench/api/node/extensionHostProcess.js:154:8068)
	at s.terminate (/usr/share/code/resources/app/out/vs/workbench/api/node/extensionHostProcess.js:158:1513)
	at a (/usr/share/code/resources/app/out/vs/workbench/api/node/extensionHostProcess.js:171:9802)
	at MessagePortMain.<anonymous> (/usr/share/code/resources/app/out/vs/workbench/api/node/extensionHostProcess.js:171:6227)
	at MessagePortMain.emit (node:events:513:28)
	at MessagePortMain._internalPort.emit (node:electron/js2c/utility_init:2:367) setContext undefined
2024-01-31 21:02:27.966 [error] Canceled: Canceled
	at new g (/usr/share/code/resources/app/out/vs/workbench/api/node/extensionHostProcess.js:141:110274)
	at l.U (/usr/share/code/resources/app/out/vs/workbench/api/node/extensionHostProcess.js:150:10866)
	at P.<computed>.j.charCodeAt.P.<computed> (/usr/share/code/resources/app/out/vs/workbench/api/node/extensionHostProcess.js:150:8317)
	at d.g (/usr/share/code/resources/app/out/vs/workbench/api/node/extensionHostProcess.js:141:139555)
	at d.executeCommand (/usr/share/code/resources/app/out/vs/workbench/api/node/extensionHostProcess.js:141:138993)
	at p.registerCommand.description (/usr/share/code/resources/app/out/vs/workbench/api/node/extensionHostProcess.js:141:138317)
	at d.h (/usr/share/code/resources/app/out/vs/workbench/api/node/extensionHostProcess.js:141:140094)
	at d.g (/usr/share/code/resources/app/out/vs/workbench/api/node/extensionHostProcess.js:141:139086)
	at d.executeCommand (/usr/share/code/resources/app/out/vs/workbench/api/node/extensionHostProcess.js:141:138993)
	at Object.executeCommand (/usr/share/code/resources/app/out/vs/workbench/api/node/extensionHostProcess.js:158:21333)
	at w (/home/anthonyoon/.vscode/extensions/eamodio.gitlens-14.7.0/dist/gitlens.js:1077:40655)
	at h (/home/anthonyoon/.vscode/extensions/eamodio.gitlens-14.7.0/dist/gitlens.js:1077:45702)
	at ActionRunners._updateContextKeys (/home/anthonyoon/.vscode/extensions/eamodio.gitlens-14.7.0/dist/gitlens.js:663:17573)
	at s (/home/anthonyoon/.vscode/extensions/eamodio.gitlens-14.7.0/dist/gitlens.js:663:16017)
	at RegisteredActionRunner.unregister (/home/anthonyoon/.vscode/extensions/eamodio.gitlens-14.7.0/dist/gitlens.js:663:16160)
	at RegisteredActionRunner.dispose (/home/anthonyoon/.vscode/extensions/eamodio.gitlens-14.7.0/dist/gitlens.js:663:14813)
	at ActionRunners.dispose (/home/anthonyoon/.vscode/extensions/eamodio.gitlens-14.7.0/dist/gitlens.js:663:15600)
	at /home/anthonyoon/.vscode/extensions/eamodio.gitlens-14.7.0/dist/gitlens.js:1037:19287
	at Array.forEach (<anonymous>)
	at Object.dispose (/home/anthonyoon/.vscode/extensions/eamodio.gitlens-14.7.0/dist/gitlens.js:1037:19269)
	at s (/usr/share/code/resources/app/out/vs/workbench/api/node/extensionHostProcess.js:30:754)
	at f.cb (/usr/share/code/resources/app/out/vs/workbench/api/node/extensionHostProcess.js:154:9873)
	at /usr/share/code/resources/app/out/vs/workbench/api/node/extensionHostProcess.js:154:7808
	at Array.map (<anonymous>)
	at f.Y (/usr/share/code/resources/app/out/vs/workbench/api/node/extensionHostProcess.js:154:7795)
	at f.terminate (/usr/share/code/resources/app/out/vs/workbench/api/node/extensionHostProcess.js:154:8068)
	at s.terminate (/usr/share/code/resources/app/out/vs/workbench/api/node/extensionHostProcess.js:158:1513)
	at a (/usr/share/code/resources/app/out/vs/workbench/api/node/extensionHostProcess.js:171:9802)
	at MessagePortMain.<anonymous> (/usr/share/code/resources/app/out/vs/workbench/api/node/extensionHostProcess.js:171:6227)
	at MessagePortMain.emit (node:events:513:28)
	at MessagePortMain._internalPort.emit (node:electron/js2c/utility_init:2:367) setContext undefined
2024-01-31 21:02:27.966 [error] Canceled: Canceled
	at new g (/usr/share/code/resources/app/out/vs/workbench/api/node/extensionHostProcess.js:141:110274)
	at l.U (/usr/share/code/resources/app/out/vs/workbench/api/node/extensionHostProcess.js:150:10866)
	at P.<computed>.j.charCodeAt.P.<computed> (/usr/share/code/resources/app/out/vs/workbench/api/node/extensionHostProcess.js:150:8317)
	at d.g (/usr/share/code/resources/app/out/vs/workbench/api/node/extensionHostProcess.js:141:139555)
	at d.executeCommand (/usr/share/code/resources/app/out/vs/workbench/api/node/extensionHostProcess.js:141:138993)
	at p.registerCommand.description (/usr/share/code/resources/app/out/vs/workbench/api/node/extensionHostProcess.js:141:138317)
	at d.h (/usr/share/code/resources/app/out/vs/workbench/api/node/extensionHostProcess.js:141:140094)
	at d.g (/usr/share/code/resources/app/out/vs/workbench/api/node/extensionHostProcess.js:141:139086)
	at d.executeCommand (/usr/share/code/resources/app/out/vs/workbench/api/node/extensionHostProcess.js:141:138993)
	at Object.executeCommand (/usr/share/code/resources/app/out/vs/workbench/api/node/extensionHostProcess.js:158:21333)
	at w (/home/anthonyoon/.vscode/extensions/eamodio.gitlens-14.7.0/dist/gitlens.js:1077:40655)
	at h (/home/anthonyoon/.vscode/extensions/eamodio.gitlens-14.7.0/dist/gitlens.js:1077:45702)
	at ActionRunners._updateContextKeys (/home/anthonyoon/.vscode/extensions/eamodio.gitlens-14.7.0/dist/gitlens.js:663:17573)
	at s (/home/anthonyoon/.vscode/extensions/eamodio.gitlens-14.7.0/dist/gitlens.js:663:16017)
	at RegisteredActionRunner.unregister (/home/anthonyoon/.vscode/extensions/eamodio.gitlens-14.7.0/dist/gitlens.js:663:16160)
	at RegisteredActionRunner.dispose (/home/anthonyoon/.vscode/extensions/eamodio.gitlens-14.7.0/dist/gitlens.js:663:14813)
	at ActionRunners.dispose (/home/anthonyoon/.vscode/extensions/eamodio.gitlens-14.7.0/dist/gitlens.js:663:15600)
	at /home/anthonyoon/.vscode/extensions/eamodio.gitlens-14.7.0/dist/gitlens.js:1037:19287
	at Array.forEach (<anonymous>)
	at Object.dispose (/home/anthonyoon/.vscode/extensions/eamodio.gitlens-14.7.0/dist/gitlens.js:1037:19269)
	at s (/usr/share/code/resources/app/out/vs/workbench/api/node/extensionHostProcess.js:30:754)
	at f.cb (/usr/share/code/resources/app/out/vs/workbench/api/node/extensionHostProcess.js:154:9873)
	at /usr/share/code/resources/app/out/vs/workbench/api/node/extensionHostProcess.js:154:7808
	at Array.map (<anonymous>)
	at f.Y (/usr/share/code/resources/app/out/vs/workbench/api/node/extensionHostProcess.js:154:7795)
	at f.terminate (/usr/share/code/resources/app/out/vs/workbench/api/node/extensionHostProcess.js:154:8068)
	at s.terminate (/usr/share/code/resources/app/out/vs/workbench/api/node/extensionHostProcess.js:158:1513)
	at a (/usr/share/code/resources/app/out/vs/workbench/api/node/extensionHostProcess.js:171:9802)
	at MessagePortMain.<anonymous> (/usr/share/code/resources/app/out/vs/workbench/api/node/extensionHostProcess.js:171:6227)
	at MessagePortMain.emit (node:events:513:28)
	at MessagePortMain._internalPort.emit (node:electron/js2c/utility_init:2:367) setContext undefined
2024-01-31 21:02:27.967 [error] Canceled: Canceled
	at new g (/usr/share/code/resources/app/out/vs/workbench/api/node/extensionHostProcess.js:141:110274)
	at l.U (/usr/share/code/resources/app/out/vs/workbench/api/node/extensionHostProcess.js:150:10866)
	at P.<computed>.j.charCodeAt.P.<computed> (/usr/share/code/resources/app/out/vs/workbench/api/node/extensionHostProcess.js:150:8317)
	at d.g (/usr/share/code/resources/app/out/vs/workbench/api/node/extensionHostProcess.js:141:139555)
	at d.executeCommand (/usr/share/code/resources/app/out/vs/workbench/api/node/extensionHostProcess.js:141:138993)
	at p.registerCommand.description (/usr/share/code/resources/app/out/vs/workbench/api/node/extensionHostProcess.js:141:138317)
	at d.h (/usr/share/code/resources/app/out/vs/workbench/api/node/extensionHostProcess.js:141:140094)
	at d.g (/usr/share/code/resources/app/out/vs/workbench/api/node/extensionHostProcess.js:141:139086)
	at d.executeCommand (/usr/share/code/resources/app/out/vs/workbench/api/node/extensionHostProcess.js:141:138993)
	at Object.executeCommand (/usr/share/code/resources/app/out/vs/workbench/api/node/extensionHostProcess.js:158:21333)
	at of (/home/anthonyoon/.vscode/extensions/rust-lang.rust-analyzer-0.3.1823-linux-x64/out/main.js:39:70677)
	at Object.X_ (/home/anthonyoon/.vscode/extensions/rust-lang.rust-analyzer-0.3.1823-linux-x64/out/main.js:372:268)
	at f.cb (/usr/share/code/resources/app/out/vs/workbench/api/node/extensionHostProcess.js:154:9678)
	at /usr/share/code/resources/app/out/vs/workbench/api/node/extensionHostProcess.js:154:7808
	at Array.map (<anonymous>)
	at f.Y (/usr/share/code/resources/app/out/vs/workbench/api/node/extensionHostProcess.js:154:7795)
	at f.terminate (/usr/share/code/resources/app/out/vs/workbench/api/node/extensionHostProcess.js:154:8068)
	at s.terminate (/usr/share/code/resources/app/out/vs/workbench/api/node/extensionHostProcess.js:158:1513)
	at a (/usr/share/code/resources/app/out/vs/workbench/api/node/extensionHostProcess.js:171:9802)
	at MessagePortMain.<anonymous> (/usr/share/code/resources/app/out/vs/workbench/api/node/extensionHostProcess.js:171:6227)
	at MessagePortMain.emit (node:events:513:28)
	at MessagePortMain._internalPort.emit (node:electron/js2c/utility_init:2:367) setContext undefined
2024-01-31 21:02:27.967 [error] Canceled: Canceled
	at new g (/usr/share/code/resources/app/out/vs/workbench/api/node/extensionHostProcess.js:141:110274)
	at l.U (/usr/share/code/resources/app/out/vs/workbench/api/node/extensionHostProcess.js:150:10866)
	at P.<computed>.j.charCodeAt.P.<computed> (/usr/share/code/resources/app/out/vs/workbench/api/node/extensionHostProcess.js:150:8317)
	at d.g (/usr/share/code/resources/app/out/vs/workbench/api/node/extensionHostProcess.js:141:139555)
	at d.executeCommand (/usr/share/code/resources/app/out/vs/workbench/api/node/extensionHostProcess.js:141:138993)
	at p.registerCommand.description (/usr/share/code/resources/app/out/vs/workbench/api/node/extensionHostProcess.js:141:138317)
	at d.h (/usr/share/code/resources/app/out/vs/workbench/api/node/extensionHostProcess.js:141:140094)
	at d.g (/usr/share/code/resources/app/out/vs/workbench/api/node/extensionHostProcess.js:141:139086)
	at d.executeCommand (/usr/share/code/resources/app/out/vs/workbench/api/node/extensionHostProcess.js:141:138993)
	at Object.executeCommand (/usr/share/code/resources/app/out/vs/workbench/api/node/extensionHostProcess.js:158:21333)
	at of (/home/anthonyoon/.vscode/extensions/rust-lang.rust-analyzer-0.3.1823-linux-x64/out/main.js:39:70677)
	at Object.X_ (/home/anthonyoon/.vscode/extensions/rust-lang.rust-analyzer-0.3.1823-linux-x64/out/main.js:372:268)
	at f.cb (/usr/share/code/resources/app/out/vs/workbench/api/node/extensionHostProcess.js:154:9678)
	at /usr/share/code/resources/app/out/vs/workbench/api/node/extensionHostProcess.js:154:7808
	at Array.map (<anonymous>)
	at f.Y (/usr/share/code/resources/app/out/vs/workbench/api/node/extensionHostProcess.js:154:7795)
	at f.terminate (/usr/share/code/resources/app/out/vs/workbench/api/node/extensionHostProcess.js:154:8068)
	at s.terminate (/usr/share/code/resources/app/out/vs/workbench/api/node/extensionHostProcess.js:158:1513)
	at a (/usr/share/code/resources/app/out/vs/workbench/api/node/extensionHostProcess.js:171:9802)
	at MessagePortMain.<anonymous> (/usr/share/code/resources/app/out/vs/workbench/api/node/extensionHostProcess.js:171:6227)
	at MessagePortMain.emit (node:events:513:28)
	at MessagePortMain._internalPort.emit (node:electron/js2c/utility_init:2:367)
2024-01-31 21:02:28.967 [error] Error: Client is not running
	at E.sendRequest (/home/anthonyoon/.vscode/extensions/mongodb.mongodb-vscode-1.5.0/dist/extension.js:510:1447843)
	at t.default.activeConnectionChanged (/home/anthonyoon/.vscode/extensions/mongodb.mongodb-vscode-1.5.0/dist/extension.js:510:1286817)
	at t.default._activeConnectionChanged (/home/anthonyoon/.vscode/extensions/mongodb.mongodb-vscode-1.5.0/dist/extension.js:510:1204382)
	at EventEmitter.<anonymous> (/home/anthonyoon/.vscode/extensions/mongodb.mongodb-vscode-1.5.0/dist/extension.js:510:1202509)
	at EventEmitter.emit (node:events:513:28)
	at t.default.disconnect (/home/anthonyoon/.vscode/extensions/mongodb.mongodb-vscode-1.5.0/dist/extension.js:510:1163577)
	at t.default.deactivate (/home/anthonyoon/.vscode/extensions/mongodb.mongodb-vscode-1.5.0/dist/extension.js:510:1306550)
	at t.default.dispose (/home/anthonyoon/.vscode/extensions/mongodb.mongodb-vscode-1.5.0/dist/extension.js:510:1306485)
	at s (/usr/share/code/resources/app/out/vs/workbench/api/node/extensionHostProcess.js:30:754)
	at f.cb (/usr/share/code/resources/app/out/vs/workbench/api/node/extensionHostProcess.js:154:9873)
	at /usr/share/code/resources/app/out/vs/workbench/api/node/extensionHostProcess.js:154:7808
	at Array.map (<anonymous>)
	at f.Y (/usr/share/code/resources/app/out/vs/workbench/api/node/extensionHostProcess.js:154:7795)
	at f.terminate (/usr/share/code/resources/app/out/vs/workbench/api/node/extensionHostProcess.js:154:8068)
	at s.terminate (/usr/share/code/resources/app/out/vs/workbench/api/node/extensionHostProcess.js:158:1513)
	at a (/usr/share/code/resources/app/out/vs/workbench/api/node/extensionHostProcess.js:171:9802)
	at MessagePortMain.<anonymous> (/usr/share/code/resources/app/out/vs/workbench/api/node/extensionHostProcess.js:171:6227)
	at MessagePortMain.emit (node:events:513:28)
	at MessagePortMain._internalPort.emit (node:electron/js2c/utility_init:2:367)
2024-01-31 21:02:28.968 [error] Error: Starting server failed
	at LanguageClient.$start (/home/anthonyoon/.vscode/extensions/oracle.oracledevtools-21.8.0/node_modules/vscode-languageclient/lib/common/client.js:1083:19)
	at async LanguageClient.sendNotification (/home/anthonyoon/.vscode/extensions/oracle.oracledevtools-21.8.0/node_modules/vscode-languageclient/lib/common/client.js:381:28)
2024-01-31 21:02:28.968 [error] Error: Starting server failed
	at E.$start (/home/anthonyoon/.vscode/extensions/mongodb.mongodb-vscode-1.5.0/dist/extension.js:510:1463681)
	at async E.sendRequest (/home/anthonyoon/.vscode/extensions/mongodb.mongodb-vscode-1.5.0/dist/extension.js:510:1447929)
	at async t.default.activeConnectionChanged (/home/anthonyoon/.vscode/extensions/mongodb.mongodb-vscode-1.5.0/dist/extension.js:510:1286798)
	at async t.default._activeConnectionChanged (/home/anthonyoon/.vscode/extensions/mongodb.mongodb-vscode-1.5.0/dist/extension.js:510:1204345)
2024-01-31 21:02:29.958 [error] Error: Stopping the server timed out
	at /home/anthonyoon/.vscode/extensions/oracle.oracledevtools-21.8.0/node_modules/vscode-languageclient/lib/common/client.js:933:23
	at async Promise.all (index 11)
	at async f.Y (/usr/share/code/resources/app/out/vs/workbench/api/node/extensionHostProcess.js:154:7823)
2024-01-31 21:02:29.958 [info] Extension host with pid 89055 exiting with code 0
