2024-02-04 13:24:44.471 [info] Started local extension host with pid 21919.
2024-02-04 13:24:45.026 [warning] [oracledevtools]: Couldn't find message for key treeItemDescffffff.
2024-02-04 13:24:45.027 [warning] [oracledevtools]: Couldn't find message for key treeItemDescc6c6c6.
2024-02-04 13:24:45.027 [warning] [oracledevtools]: Couldn't find message for key treeItemDesc848484.
2024-02-04 13:24:45.027 [warning] [oracledevtools]: Couldn't find message for key treeItemDesc000000.
2024-02-04 13:24:45.027 [warning] [oracledevtools]: Couldn't find message for key treeItemDescff0000.
2024-02-04 13:24:45.027 [warning] [oracledevtools]: Couldn't find message for key treeItemDescffff00.
2024-02-04 13:24:45.027 [warning] [oracledevtools]: Couldn't find message for key treeItemDesc00ff00.
2024-02-04 13:24:45.027 [warning] [oracledevtools]: Couldn't find message for key treeItemDesc00f7f7.
2024-02-04 13:24:45.028 [warning] [oracledevtools]: Couldn't find message for key treeItemDesc0000ff.
2024-02-04 13:24:45.029 [warning] [oracledevtools]: Couldn't find message for key treeItemDescff00ff.
2024-02-04 13:24:45.029 [warning] [oracledevtools]: Couldn't find message for key treeItemDesc840000.
2024-02-04 13:24:45.029 [warning] [oracledevtools]: Couldn't find message for key treeItemDesc848400.
2024-02-04 13:24:45.029 [warning] [oracledevtools]: Couldn't find message for key treeItemDesc008400.
2024-02-04 13:24:45.029 [warning] [oracledevtools]: Couldn't find message for key treeItemDesc008484.
2024-02-04 13:24:45.029 [warning] [oracledevtools]: Couldn't find message for key treeItemDesc000084.
2024-02-04 13:24:45.029 [warning] [oracledevtools]: Couldn't find message for key treeItemDesc840084.
2024-02-04 13:24:45.029 [warning] [oracledevtools]: Couldn't find message for key treeItemDescf6f7f7.
2024-02-04 13:24:45.029 [warning] [oracledevtools]: Couldn't find message for key treeItemDescffd5d4.
2024-02-04 13:24:45.030 [warning] [oracledevtools]: Couldn't find message for key treeItemDescfedfd6.
2024-02-04 13:24:45.030 [warning] [oracledevtools]: Couldn't find message for key treeItemDescfff0d9.
2024-02-04 13:24:45.030 [warning] [oracledevtools]: Couldn't find message for key treeItemDescfff6d6.
2024-02-04 13:24:45.030 [warning] [oracledevtools]: Couldn't find message for key treeItemDescf8ffd5.
2024-02-04 13:24:45.030 [warning] [oracledevtools]: Couldn't find message for key treeItemDesce8fed8.
2024-02-04 13:24:45.030 [warning] [oracledevtools]: Couldn't find message for key treeItemDescd6ffd6.
2024-02-04 13:24:45.030 [warning] [oracledevtools]: Couldn't find message for key treeItemDescd6ffef.
2024-02-04 13:24:45.030 [warning] [oracledevtools]: Couldn't find message for key treeItemDescd6ffff.
2024-02-04 13:24:45.030 [warning] [oracledevtools]: Couldn't find message for key treeItemDescd6f7ff.
2024-02-04 13:24:45.030 [warning] [oracledevtools]: Couldn't find message for key treeItemDescd6e7ff.
2024-02-04 13:24:45.031 [warning] [oracledevtools]: Couldn't find message for key treeItemDescd6d6ff.
2024-02-04 13:24:45.031 [warning] [oracledevtools]: Couldn't find message for key treeItemDescefd6ff.
2024-02-04 13:24:45.031 [warning] [oracledevtools]: Couldn't find message for key treeItemDescffd6ff.
2024-02-04 13:24:45.031 [warning] [oracledevtools]: Couldn't find message for key treeItemDescffd6ef.
2024-02-04 13:24:45.031 [warning] [oracledevtools]: Couldn't find message for key treeItemDesce7e6e7.
2024-02-04 13:24:45.031 [warning] [oracledevtools]: Couldn't find message for key treeItemDescfed4d2.
2024-02-04 13:24:45.031 [warning] [oracledevtools]: Couldn't find message for key treeItemDescfedfd6.
2024-02-04 13:24:45.031 [warning] [oracledevtools]: Couldn't find message for key treeItemDescfedeb4.
2024-02-04 13:24:45.031 [warning] [oracledevtools]: Couldn't find message for key treeItemDescfeefb7.
2024-02-04 13:24:45.031 [warning] [oracledevtools]: Couldn't find message for key treeItemDescfffdb7.
2024-02-04 13:24:45.032 [warning] [oracledevtools]: Couldn't find message for key treeItemDesce5ffb5.
2024-02-04 13:24:45.032 [warning] [oracledevtools]: Couldn't find message for key treeItemDescb5ffb5.
2024-02-04 13:24:45.032 [warning] [oracledevtools]: Couldn't find message for key treeItemDescb5ffde.
2024-02-04 13:24:45.032 [warning] [oracledevtools]: Couldn't find message for key treeItemDescb5ffff.
2024-02-04 13:24:45.032 [warning] [oracledevtools]: Couldn't find message for key treeItemDescb5e7ff.
2024-02-04 13:24:45.032 [warning] [oracledevtools]: Couldn't find message for key treeItemDescc6d6ff.
2024-02-04 13:24:45.032 [warning] [oracledevtools]: Couldn't find message for key treeItemDescc6c6ff.
2024-02-04 13:24:45.032 [warning] [oracledevtools]: Couldn't find message for key treeItemDescdeb5ff.
2024-02-04 13:24:45.032 [warning] [oracledevtools]: Couldn't find message for key treeItemDescffb5ff.
2024-02-04 13:24:45.032 [warning] [oracledevtools]: Couldn't find message for key treeItemDescffb5de.
2024-02-04 13:24:45.032 [warning] [oracledevtools]: Couldn't find message for key treeItemDescd6d6d7.
2024-02-04 13:24:45.032 [warning] [oracledevtools]: Couldn't find message for key treeItemDescfea6a3.
2024-02-04 13:24:45.033 [warning] [oracledevtools]: Couldn't find message for key treeItemDescffbda5.
2024-02-04 13:24:45.033 [warning] [oracledevtools]: Couldn't find message for key treeItemDescffd6a5.
2024-02-04 13:24:45.033 [warning] [oracledevtools]: Couldn't find message for key treeItemDescfeeeb7.
2024-02-04 13:24:45.033 [warning] [oracledevtools]: Couldn't find message for key treeItemDescfeff93.
2024-02-04 13:24:45.033 [warning] [oracledevtools]: Couldn't find message for key treeItemDescd4ff92.
2024-02-04 13:24:45.033 [warning] [oracledevtools]: Couldn't find message for key treeItemDesca5ffa5.
2024-02-04 13:24:45.033 [warning] [oracledevtools]: Couldn't find message for key treeItemDesca5ffd6.
2024-02-04 13:24:45.033 [warning] [oracledevtools]: Couldn't find message for key treeItemDesca5ffff.
2024-02-04 13:24:45.033 [warning] [oracledevtools]: Couldn't find message for key treeItemDesca5e7ff.
2024-02-04 13:24:45.033 [warning] [oracledevtools]: Couldn't find message for key treeItemDesca5c6ff.
2024-02-04 13:24:45.034 [warning] [oracledevtools]: Couldn't find message for key treeItemDesca5a5ff.
2024-02-04 13:24:45.034 [warning] [oracledevtools]: Couldn't find message for key treeItemDescd6a5ff.
2024-02-04 13:24:45.034 [warning] [oracledevtools]: Couldn't find message for key treeItemDescffa5ff.
2024-02-04 13:24:45.034 [warning] [oracledevtools]: Couldn't find message for key treeItemDescffa5d6.
2024-02-04 13:24:45.034 [warning] [oracledevtools]: Couldn't find message for key treeItemDescc6c5c6.
2024-02-04 13:24:45.034 [warning] [oracledevtools]: Couldn't find message for key treeItemDescff9494.
2024-02-04 13:24:45.034 [warning] [oracledevtools]: Couldn't find message for key treeItemDescffa484.
2024-02-04 13:24:45.034 [warning] [oracledevtools]: Couldn't find message for key treeItemDescffc686.
2024-02-04 13:24:45.034 [warning] [oracledevtools]: Couldn't find message for key treeItemDescfede74.
2024-02-04 13:24:45.034 [warning] [oracledevtools]: Couldn't find message for key treeItemDescfffe71.
2024-02-04 13:24:45.034 [warning] [oracledevtools]: Couldn't find message for key treeItemDescd6ff84.
2024-02-04 13:24:45.034 [warning] [oracledevtools]: Couldn't find message for key treeItemDesc94fe93.
2024-02-04 13:24:45.035 [warning] [oracledevtools]: Couldn't find message for key treeItemDesc94ffcd.
2024-02-04 13:24:45.035 [warning] [oracledevtools]: Couldn't find message for key treeItemDesc85feff.
2024-02-04 13:24:45.035 [warning] [oracledevtools]: Couldn't find message for key treeItemDesc92defe.
2024-02-04 13:24:45.035 [warning] [oracledevtools]: Couldn't find message for key treeItemDesc93b5fe.
2024-02-04 13:24:45.035 [warning] [oracledevtools]: Couldn't find message for key treeItemDesc9593ff.
2024-02-04 13:24:45.035 [warning] [oracledevtools]: Couldn't find message for key treeItemDescce94ff.
2024-02-04 13:24:45.035 [warning] [oracledevtools]: Couldn't find message for key treeItemDescff84ff.
2024-02-04 13:24:45.035 [warning] [oracledevtools]: Couldn't find message for key treeItemDescff94ce.
2024-02-04 13:24:45.035 [warning] [oracledevtools]: Couldn't find message for key treeItemDescb4b4b5.
2024-02-04 13:24:45.035 [warning] [oracledevtools]: Couldn't find message for key treeItemDescfe8383.
2024-02-04 13:24:45.035 [warning] [oracledevtools]: Couldn't find message for key treeItemDescff9472.
2024-02-04 13:24:45.035 [warning] [oracledevtools]: Couldn't find message for key treeItemDescffb667.
2024-02-04 13:24:45.035 [warning] [oracledevtools]: Couldn't find message for key treeItemDescffde62.
2024-02-04 13:24:45.035 [warning] [oracledevtools]: Couldn't find message for key treeItemDescffff42.
2024-02-04 13:24:45.035 [warning] [oracledevtools]: Couldn't find message for key treeItemDescc5fe63.
2024-02-04 13:24:45.035 [warning] [oracledevtools]: Couldn't find message for key treeItemDesc72ff70.
2024-02-04 13:24:45.035 [warning] [oracledevtools]: Couldn't find message for key treeItemDesc73ffbe.
2024-02-04 13:24:45.036 [warning] [oracledevtools]: Couldn't find message for key treeItemDesc73ffff.
2024-02-04 13:24:45.036 [warning] [oracledevtools]: Couldn't find message for key treeItemDesc86d6ff.
2024-02-04 13:24:45.036 [warning] [oracledevtools]: Couldn't find message for key treeItemDesc83abfc.
2024-02-04 13:24:45.036 [warning] [oracledevtools]: Couldn't find message for key treeItemDesc8484fd.
2024-02-04 13:24:45.036 [warning] [oracledevtools]: Couldn't find message for key treeItemDescc684ff.
2024-02-04 13:24:45.036 [warning] [oracledevtools]: Couldn't find message for key treeItemDescff73ff.
2024-02-04 13:24:45.036 [warning] [oracledevtools]: Couldn't find message for key treeItemDescff84c6.
2024-02-04 13:24:45.036 [warning] [oracledevtools]: Couldn't find message for key treeItemDesca6a5a5.
2024-02-04 13:24:45.036 [warning] [oracledevtools]: Couldn't find message for key treeItemDescff6365.
2024-02-04 13:24:45.036 [warning] [oracledevtools]: Couldn't find message for key treeItemDescff7a53.
2024-02-04 13:24:45.036 [warning] [oracledevtools]: Couldn't find message for key treeItemDescffad54.
2024-02-04 13:24:45.036 [warning] [oracledevtools]: Couldn't find message for key treeItemDescffd741.
2024-02-04 13:24:45.036 [warning] [oracledevtools]: Couldn't find message for key treeItemDescffff00.
2024-02-04 13:24:45.036 [warning] [oracledevtools]: Couldn't find message for key treeItemDescb7ff43.
2024-02-04 13:24:45.036 [warning] [oracledevtools]: Couldn't find message for key treeItemDesc63ff63.
2024-02-04 13:24:45.037 [warning] [oracledevtools]: Couldn't find message for key treeItemDesc62ffb6.
2024-02-04 13:24:45.037 [warning] [oracledevtools]: Couldn't find message for key treeItemDesc50fffe.
2024-02-04 13:24:45.037 [warning] [oracledevtools]: Couldn't find message for key treeItemDesc63cdfd.
2024-02-04 13:24:45.037 [warning] [oracledevtools]: Couldn't find message for key treeItemDesc72a3fd.
2024-02-04 13:24:45.037 [warning] [oracledevtools]: Couldn't find message for key treeItemDesc7473ff.
2024-02-04 13:24:45.037 [warning] [oracledevtools]: Couldn't find message for key treeItemDescb563ff.
2024-02-04 13:24:45.037 [warning] [oracledevtools]: Couldn't find message for key treeItemDescff52ff.
2024-02-04 13:24:45.037 [warning] [oracledevtools]: Couldn't find message for key treeItemDescff63b5.
2024-02-04 13:24:45.037 [warning] [oracledevtools]: Couldn't find message for key treeItemDesc939393.
2024-02-04 13:24:45.037 [warning] [oracledevtools]: Couldn't find message for key treeItemDescff5252.
2024-02-04 13:24:45.037 [warning] [oracledevtools]: Couldn't find message for key treeItemDescff7442.
2024-02-04 13:24:45.037 [warning] [oracledevtools]: Couldn't find message for key treeItemDescfd9c2f.
2024-02-04 13:24:45.037 [warning] [oracledevtools]: Couldn't find message for key treeItemDescfdc700.
2024-02-04 13:24:45.037 [warning] [oracledevtools]: Couldn't find message for key treeItemDescf8f702.
2024-02-04 13:24:45.037 [warning] [oracledevtools]: Couldn't find message for key treeItemDesc9eff02.
2024-02-04 13:24:45.037 [warning] [oracledevtools]: Couldn't find message for key treeItemDesc4ffe53.
2024-02-04 13:24:45.038 [warning] [oracledevtools]: Couldn't find message for key treeItemDesc53feae.
2024-02-04 13:24:45.038 [warning] [oracledevtools]: Couldn't find message for key treeItemDesc00fefc.
2024-02-04 13:24:45.038 [warning] [oracledevtools]: Couldn't find message for key treeItemDesc54c4fd.
2024-02-04 13:24:45.038 [warning] [oracledevtools]: Couldn't find message for key treeItemDesc508cfe.
2024-02-04 13:24:45.038 [warning] [oracledevtools]: Couldn't find message for key treeItemDesc6262fd.
2024-02-04 13:24:45.038 [warning] [oracledevtools]: Couldn't find message for key treeItemDescad51ff.
2024-02-04 13:24:45.038 [warning] [oracledevtools]: Couldn't find message for key treeItemDescfe41ff.
2024-02-04 13:24:45.038 [warning] [oracledevtools]: Couldn't find message for key treeItemDescfe53ae.
2024-02-04 13:24:45.038 [warning] [oracledevtools]: Couldn't find message for key treeItemDesc737373.
2024-02-04 13:24:45.039 [warning] [oracledevtools]: Couldn't find message for key treeItemDescff4143.
2024-02-04 13:24:45.039 [warning] [oracledevtools]: Couldn't find message for key treeItemDescff5921.
2024-02-04 13:24:45.039 [warning] [oracledevtools]: Couldn't find message for key treeItemDescff8300.
2024-02-04 13:24:45.039 [warning] [oracledevtools]: Couldn't find message for key treeItemDescf7b400.
2024-02-04 13:24:45.039 [warning] [oracledevtools]: Couldn't find message for key treeItemDesce6e801.
2024-02-04 13:24:45.039 [warning] [oracledevtools]: Couldn't find message for key treeItemDesc93f600.
2024-02-04 13:24:45.039 [warning] [oracledevtools]: Couldn't find message for key treeItemDesc01ff00.
2024-02-04 13:24:45.039 [warning] [oracledevtools]: Couldn't find message for key treeItemDesc01ff83.
2024-02-04 13:24:45.039 [warning] [oracledevtools]: Couldn't find message for key treeItemDesc00f6f5.
2024-02-04 13:24:45.039 [warning] [oracledevtools]: Couldn't find message for key treeItemDesc42c6fe.
2024-02-04 13:24:45.039 [warning] [oracledevtools]: Couldn't find message for key treeItemDesc4284ff.
2024-02-04 13:24:45.039 [warning] [oracledevtools]: Couldn't find message for key treeItemDesc5152ff.
2024-02-04 13:24:45.039 [warning] [oracledevtools]: Couldn't find message for key treeItemDesca542ff.
2024-02-04 13:24:45.040 [warning] [oracledevtools]: Couldn't find message for key treeItemDescff21ff.
2024-02-04 13:24:45.040 [warning] [oracledevtools]: Couldn't find message for key treeItemDescff42a4.
2024-02-04 13:24:45.040 [warning] [oracledevtools]: Couldn't find message for key treeItemDesc636363.
2024-02-04 13:24:45.040 [warning] [oracledevtools]: Couldn't find message for key treeItemDescfe2121.
2024-02-04 13:24:45.040 [warning] [oracledevtools]: Couldn't find message for key treeItemDescff4200.
2024-02-04 13:24:45.040 [warning] [oracledevtools]: Couldn't find message for key treeItemDesce47504.
2024-02-04 13:24:45.040 [warning] [oracledevtools]: Couldn't find message for key treeItemDescd49c00.
2024-02-04 13:24:45.040 [warning] [oracledevtools]: Couldn't find message for key treeItemDescc4c500.
2024-02-04 13:24:45.040 [warning] [oracledevtools]: Couldn't find message for key treeItemDesc83d700.
2024-02-04 13:24:45.040 [warning] [oracledevtools]: Couldn't find message for key treeItemDesc00e700.
2024-02-04 13:24:45.046 [warning] [oracledevtools]: Couldn't find message for key treeItemDesc01e773.
2024-02-04 13:24:45.047 [warning] [oracledevtools]: Couldn't find message for key treeItemDesc01d5d4.
2024-02-04 13:24:45.047 [warning] [oracledevtools]: Couldn't find message for key treeItemDesc01adfd.
2024-02-04 13:24:45.047 [warning] [oracledevtools]: Couldn't find message for key treeItemDesc3272ff.
2024-02-04 13:24:45.047 [warning] [oracledevtools]: Couldn't find message for key treeItemDesc3030fe.
2024-02-04 13:24:45.047 [warning] [oracledevtools]: Couldn't find message for key treeItemDesc9421fe.
2024-02-04 13:24:45.047 [warning] [oracledevtools]: Couldn't find message for key treeItemDescff00fd.
2024-02-04 13:24:45.047 [warning] [oracledevtools]: Couldn't find message for key treeItemDescfa2193.
2024-02-04 13:24:45.051 [warning] [oracledevtools]: Couldn't find message for key treeItemDesc525251.
2024-02-04 13:24:45.051 [warning] [oracledevtools]: Couldn't find message for key treeItemDescff0102.
2024-02-04 13:24:45.051 [warning] [oracledevtools]: Couldn't find message for key treeItemDesce63801.
2024-02-04 13:24:45.051 [warning] [oracledevtools]: Couldn't find message for key treeItemDescd56b00.
2024-02-04 13:24:45.051 [warning] [oracledevtools]: Couldn't find message for key treeItemDescc69300.
2024-02-04 13:24:45.051 [warning] [oracledevtools]: Couldn't find message for key treeItemDescb5b500.
2024-02-04 13:24:45.052 [warning] [oracledevtools]: Couldn't find message for key treeItemDesc74c500.
2024-02-04 13:24:45.052 [warning] [oracledevtools]: Couldn't find message for key treeItemDesc00d601.
2024-02-04 13:24:45.052 [warning] [oracledevtools]: Couldn't find message for key treeItemDesc00d66b.
2024-02-04 13:24:45.052 [warning] [oracledevtools]: Couldn't find message for key treeItemDesc01c6c8.
2024-02-04 13:24:45.052 [warning] [oracledevtools]: Couldn't find message for key treeItemDesc0094e6.
2024-02-04 13:24:45.052 [warning] [oracledevtools]: Couldn't find message for key treeItemDesc0152ff.
2024-02-04 13:24:45.052 [warning] [oracledevtools]: Couldn't find message for key treeItemDesc2020fe.
2024-02-04 13:24:45.052 [warning] [oracledevtools]: Couldn't find message for key treeItemDesc8501fe.
2024-02-04 13:24:45.052 [warning] [oracledevtools]: Couldn't find message for key treeItemDesce600e6.
2024-02-04 13:24:45.052 [warning] [oracledevtools]: Couldn't find message for key treeItemDescff0085.
2024-02-04 13:24:45.052 [warning] [oracledevtools]: Couldn't find message for key treeItemDesc424242.
2024-02-04 13:24:45.053 [warning] [oracledevtools]: Couldn't find message for key treeItemDesce80103.
2024-02-04 13:24:45.053 [warning] [oracledevtools]: Couldn't find message for key treeItemDescc93103.
2024-02-04 13:24:45.053 [warning] [oracledevtools]: Couldn't find message for key treeItemDescb35a01.
2024-02-04 13:24:45.053 [warning] [oracledevtools]: Couldn't find message for key treeItemDesca57b00.
2024-02-04 13:24:45.053 [warning] [oracledevtools]: Couldn't find message for key treeItemDesca6a500.
2024-02-04 13:24:45.053 [warning] [oracledevtools]: Couldn't find message for key treeItemDesc63a500.
2024-02-04 13:24:45.053 [warning] [oracledevtools]: Couldn't find message for key treeItemDesc00b300.
2024-02-04 13:24:45.053 [warning] [oracledevtools]: Couldn't find message for key treeItemDesc00b559.
2024-02-04 13:24:45.053 [warning] [oracledevtools]: Couldn't find message for key treeItemDesc00a3a4.
2024-02-04 13:24:45.053 [warning] [oracledevtools]: Couldn't find message for key treeItemDesc0084c5.
2024-02-04 13:24:45.053 [warning] [oracledevtools]: Couldn't find message for key treeItemDesc024aea.
2024-02-04 13:24:45.053 [warning] [oracledevtools]: Couldn't find message for key treeItemDesc0000ff.
2024-02-04 13:24:45.054 [warning] [oracledevtools]: Couldn't find message for key treeItemDesc7000e6.
2024-02-04 13:24:45.054 [warning] [oracledevtools]: Couldn't find message for key treeItemDescc600c6.
2024-02-04 13:24:45.054 [warning] [oracledevtools]: Couldn't find message for key treeItemDesce60073.
2024-02-04 13:24:45.054 [warning] [oracledevtools]: Couldn't find message for key treeItemDesc313031.
2024-02-04 13:24:45.054 [warning] [oracledevtools]: Couldn't find message for key treeItemDescc60001.
2024-02-04 13:24:45.054 [warning] [oracledevtools]: Couldn't find message for key treeItemDesca52801.
2024-02-04 13:24:45.054 [warning] [oracledevtools]: Couldn't find message for key treeItemDesca35202.
2024-02-04 13:24:45.054 [warning] [oracledevtools]: Couldn't find message for key treeItemDesc926b00.
2024-02-04 13:24:45.054 [warning] [oracledevtools]: Couldn't find message for key treeItemDesc929400.
2024-02-04 13:24:45.054 [warning] [oracledevtools]: Couldn't find message for key treeItemDesc5a9400.
2024-02-04 13:24:45.054 [warning] [oracledevtools]: Couldn't find message for key treeItemDesc00a404.
2024-02-04 13:24:45.054 [warning] [oracledevtools]: Couldn't find message for key treeItemDesc00a450.
2024-02-04 13:24:45.055 [warning] [oracledevtools]: Couldn't find message for key treeItemDesc00948f.
2024-02-04 13:24:45.055 [warning] [oracledevtools]: Couldn't find message for key treeItemDesc026ba5.
2024-02-04 13:24:45.055 [warning] [oracledevtools]: Couldn't find message for key treeItemDesc0041c6.
2024-02-04 13:24:45.055 [warning] [oracledevtools]: Couldn't find message for key treeItemDesc0100d4.
2024-02-04 13:24:45.055 [warning] [oracledevtools]: Couldn't find message for key treeItemDesc6200c6.
2024-02-04 13:24:45.055 [warning] [oracledevtools]: Couldn't find message for key treeItemDesca700a5.
2024-02-04 13:24:45.055 [warning] [oracledevtools]: Couldn't find message for key treeItemDescc40060.
2024-02-04 13:24:45.055 [warning] [oracledevtools]: Couldn't find message for key treeItemDesc212121.
2024-02-04 13:24:45.055 [warning] [oracledevtools]: Couldn't find message for key treeItemDesc920000.
2024-02-04 13:24:45.055 [warning] [oracledevtools]: Couldn't find message for key treeItemDesc942100.
2024-02-04 13:24:45.055 [warning] [oracledevtools]: Couldn't find message for key treeItemDesc844200.
2024-02-04 13:24:45.055 [warning] [oracledevtools]: Couldn't find message for key treeItemDesc836400.
2024-02-04 13:24:45.056 [warning] [oracledevtools]: Couldn't find message for key treeItemDesc717201.
2024-02-04 13:24:45.056 [warning] [oracledevtools]: Couldn't find message for key treeItemDesc528401.
2024-02-04 13:24:45.056 [warning] [oracledevtools]: Couldn't find message for key treeItemDesc008500.
2024-02-04 13:24:45.056 [warning] [oracledevtools]: Couldn't find message for key treeItemDesc018443.
2024-02-04 13:24:45.056 [warning] [oracledevtools]: Couldn't find message for key treeItemDesc008485.
2024-02-04 13:24:45.056 [warning] [oracledevtools]: Couldn't find message for key treeItemDesc036494.
2024-02-04 13:24:45.056 [warning] [oracledevtools]: Couldn't find message for key treeItemDesc003193.
2024-02-04 13:24:45.056 [warning] [oracledevtools]: Couldn't find message for key treeItemDesc0000a6.
2024-02-04 13:24:45.056 [warning] [oracledevtools]: Couldn't find message for key treeItemDesc490094.
2024-02-04 13:24:45.056 [warning] [oracledevtools]: Couldn't find message for key treeItemDesc910091.
2024-02-04 13:24:45.056 [warning] [oracledevtools]: Couldn't find message for key treeItemDesc95014c.
2024-02-04 13:24:45.056 [warning] [oracledevtools]: Couldn't find message for key treeItemDesc101010.
2024-02-04 13:24:45.056 [warning] [oracledevtools]: Couldn't find message for key treeItemDesc730000.
2024-02-04 13:24:45.056 [warning] [oracledevtools]: Couldn't find message for key treeItemDesc731800.
2024-02-04 13:24:45.057 [warning] [oracledevtools]: Couldn't find message for key treeItemDesc623002.
2024-02-04 13:24:45.057 [warning] [oracledevtools]: Couldn't find message for key treeItemDesc634a01.
2024-02-04 13:24:45.057 [warning] [oracledevtools]: Couldn't find message for key treeItemDesc636401.
2024-02-04 13:24:45.057 [warning] [oracledevtools]: Couldn't find message for key treeItemDesc3a6300.
2024-02-04 13:24:45.057 [warning] [oracledevtools]: Couldn't find message for key treeItemDesc006100.
2024-02-04 13:24:45.057 [warning] [oracledevtools]: Couldn't find message for key treeItemDesc006232.
2024-02-04 13:24:45.057 [warning] [oracledevtools]: Couldn't find message for key treeItemDesc026365.
2024-02-04 13:24:45.057 [warning] [oracledevtools]: Couldn't find message for key treeItemDesc004871.
2024-02-04 13:24:45.057 [warning] [oracledevtools]: Couldn't find message for key treeItemDesc012173.
2024-02-04 13:24:45.057 [warning] [oracledevtools]: Couldn't find message for key treeItemDesc000085.
2024-02-04 13:24:45.057 [warning] [oracledevtools]: Couldn't find message for key treeItemDesc380171.
2024-02-04 13:24:45.057 [warning] [oracledevtools]: Couldn't find message for key treeItemDesc720073.
2024-02-04 13:24:45.057 [warning] [oracledevtools]: Couldn't find message for key treeItemDesc730038.
2024-02-04 13:24:45.058 [warning] [oracledevtools]: Couldn't find message for key treeItemDesc000000.
2024-02-04 13:24:45.058 [warning] [oracledevtools]: Couldn't find message for key treeItemDesc520000.
2024-02-04 13:24:45.058 [warning] [oracledevtools]: Couldn't find message for key treeItemDesc521000.
2024-02-04 13:24:45.058 [warning] [oracledevtools]: Couldn't find message for key treeItemDesc512700.
2024-02-04 13:24:45.058 [warning] [oracledevtools]: Couldn't find message for key treeItemDesc4f3800.
2024-02-04 13:24:45.058 [warning] [oracledevtools]: Couldn't find message for key treeItemDesc535203.
2024-02-04 13:24:45.058 [warning] [oracledevtools]: Couldn't find message for key treeItemDesc315200.
2024-02-04 13:24:45.058 [warning] [oracledevtools]: Couldn't find message for key treeItemDesc005100.
2024-02-04 13:24:45.058 [warning] [oracledevtools]: Couldn't find message for key treeItemDesc005026.
2024-02-04 13:24:45.058 [warning] [oracledevtools]: Couldn't find message for key treeItemDesc014f51.
2024-02-04 13:24:45.058 [warning] [oracledevtools]: Couldn't find message for key treeItemDesc003151.
2024-02-04 13:24:45.059 [warning] [oracledevtools]: Couldn't find message for key treeItemDesc001954.
2024-02-04 13:24:45.059 [warning] [oracledevtools]: Couldn't find message for key treeItemDesc000050.
2024-02-04 13:24:45.059 [warning] [oracledevtools]: Couldn't find message for key treeItemDesc2c0054.
2024-02-04 13:24:45.059 [warning] [oracledevtools]: Couldn't find message for key treeItemDesc530052.
2024-02-04 13:24:45.059 [warning] [oracledevtools]: Couldn't find message for key treeItemDesc52012a.
2024-02-04 13:24:45.157 [info] Ignoring configured affinity for 'vscodevim.vim' because extension host(s) are already running. Reload window.
2024-02-04 13:24:45.182 [info] Placing extension(s) vscodevim.vim on a separate extension host.
2024-02-04 13:24:45.508 [info] Started local extension host with pid 22051.
2024-02-04 13:24:46.432 [error] [Extension Host] (node:21919) [DEP0005] DeprecationWarning: Buffer() is deprecated due to security and usability issues. Please use the Buffer.alloc(), Buffer.allocUnsafe(), or Buffer.from() methods instead.
(Use `exe --trace-deprecation ...` to show where the warning was created)
2024-02-04 13:24:47.435 [info] [perf] Render performance baseline is 16ms
2024-02-04 13:25:46.218 [error] An unknown error occurred. Please consult the log for more details.
2024-02-04 13:50:43.909 [error] An unknown error occurred. Please consult the log for more details.
2024-02-04 13:50:44.971 [error] An unknown error occurred. Please consult the log for more details.
2024-02-04 13:50:47.155 [error] An unknown error occurred. Please consult the log for more details.
2024-02-04 13:53:56.227 [error] An unknown error occurred. Please consult the log for more details.
2024-02-04 13:53:57.689 [error] An unknown error occurred. Please consult the log for more details.
2024-02-04 13:56:20.687 [error] An unknown error occurred. Please consult the log for more details.
2024-02-04 13:56:28.518 [error] An unknown error occurred. Please consult the log for more details.
2024-02-04 13:56:31.018 [error] An unknown error occurred. Please consult the log for more details.
2024-02-04 13:56:50.316 [error] An unknown error occurred. Please consult the log for more details.
2024-02-04 13:56:51.986 [error] An unknown error occurred. Please consult the log for more details.
2024-02-04 13:56:53.367 [error] An unknown error occurred. Please consult the log for more details.
2024-02-04 13:56:54.628 [error] An unknown error occurred. Please consult the log for more details.
2024-02-04 13:56:59.577 [error] An unknown error occurred. Please consult the log for more details.
2024-02-04 14:14:28.911 [error] An unknown error occurred. Please consult the log for more details.
2024-02-04 14:14:31.536 [error] An unknown error occurred. Please consult the log for more details.
2024-02-04 14:14:33.473 [error] An unknown error occurred. Please consult the log for more details.
2024-02-04 14:15:10.036 [error] An unknown error occurred. Please consult the log for more details.
2024-02-04 14:15:12.114 [error] An unknown error occurred. Please consult the log for more details.
2024-02-04 14:15:16.002 [error] An unknown error occurred. Please consult the log for more details.
2024-02-04 14:17:16.334 [error] An unknown error occurred. Please consult the log for more details.
2024-02-04 14:17:17.576 [error] An unknown error occurred. Please consult the log for more details.
2024-02-04 14:17:29.382 [error] An unknown error occurred. Please consult the log for more details.
2024-02-04 14:17:30.655 [error] An unknown error occurred. Please consult the log for more details.
2024-02-04 14:17:35.403 [error] An unknown error occurred. Please consult the log for more details.
2024-02-04 14:17:41.804 [error] An unknown error occurred. Please consult the log for more details.
2024-02-04 14:17:43.382 [error] An unknown error occurred. Please consult the log for more details.
2024-02-04 14:17:44.933 [error] An unknown error occurred. Please consult the log for more details.
2024-02-04 14:18:49.126 [error] An unknown error occurred. Please consult the log for more details.
2024-02-04 14:22:13.755 [error] An unknown error occurred. Please consult the log for more details.
2024-02-04 14:22:48.286 [error] An unknown error occurred. Please consult the log for more details.
2024-02-04 14:35:02.460 [error] An unknown error occurred. Please consult the log for more details.
2024-02-04 14:35:03.529 [error] An unknown error occurred. Please consult the log for more details.
2024-02-04 14:35:04.864 [error] An unknown error occurred. Please consult the log for more details.
2024-02-04 14:35:09.510 [error] An unknown error occurred. Please consult the log for more details.
2024-02-04 14:40:05.236 [error] An unknown error occurred. Please consult the log for more details.
2024-02-04 14:40:09.791 [error] An unknown error occurred. Please consult the log for more details.
2024-02-04 14:40:22.669 [error] An unknown error occurred. Please consult the log for more details.
2024-02-04 14:40:34.165 [error] An unknown error occurred. Please consult the log for more details.
2024-02-04 14:40:35.778 [error] An unknown error occurred. Please consult the log for more details.
2024-02-04 14:40:37.539 [error] An unknown error occurred. Please consult the log for more details.
2024-02-04 14:54:19.367 [error] An unknown error occurred. Please consult the log for more details.
2024-02-04 15:06:02.760 [error] An unknown error occurred. Please consult the log for more details.
2024-02-04 15:07:00.710 [error] An unknown error occurred. Please consult the log for more details.
2024-02-04 15:07:22.601 [error] An unknown error occurred. Please consult the log for more details.
2024-02-04 15:07:54.270 [error] An unknown error occurred. Please consult the log for more details.
2024-02-04 15:08:12.631 [error] An unknown error occurred. Please consult the log for more details.
2024-02-04 15:08:14.644 [error] An unknown error occurred. Please consult the log for more details.
2024-02-04 15:09:36.465 [error] An unknown error occurred. Please consult the log for more details.
2024-02-04 15:09:47.203 [error] An unknown error occurred. Please consult the log for more details.
2024-02-04 15:10:17.269 [error] An unknown error occurred. Please consult the log for more details.
2024-02-04 15:13:03.853 [error] An unknown error occurred. Please consult the log for more details.
2024-02-04 15:13:05.763 [error] An unknown error occurred. Please consult the log for more details.
2024-02-04 15:13:26.903 [error] An unknown error occurred. Please consult the log for more details.
2024-02-04 15:13:29.318 [error] An unknown error occurred. Please consult the log for more details.
2024-02-04 15:13:51.688 [error] An unknown error occurred. Please consult the log for more details.
2024-02-04 15:13:54.304 [error] An unknown error occurred. Please consult the log for more details.
2024-02-04 15:13:55.477 [error] An unknown error occurred. Please consult the log for more details.
2024-02-04 15:22:10.506 [error] An unknown error occurred. Please consult the log for more details.
2024-02-04 15:22:32.744 [error] An unknown error occurred. Please consult the log for more details.
2024-02-04 15:22:59.959 [error] An unknown error occurred. Please consult the log for more details.
2024-02-04 15:23:01.230 [error] An unknown error occurred. Please consult the log for more details.
2024-02-04 15:23:08.173 [error] An unknown error occurred. Please consult the log for more details.
2024-02-04 15:23:14.230 [error] An unknown error occurred. Please consult the log for more details.
2024-02-04 15:24:18.792 [error] An unknown error occurred. Please consult the log for more details.
2024-02-04 15:24:20.340 [error] An unknown error occurred. Please consult the log for more details.
2024-02-04 15:47:58.165 [error] An unknown error occurred. Please consult the log for more details.
2024-02-04 15:54:22.960 [error] An unknown error occurred. Please consult the log for more details.
2024-02-04 15:54:24.025 [error] An unknown error occurred. Please consult the log for more details.
2024-02-04 15:55:26.645 [error] An unknown error occurred. Please consult the log for more details.
2024-02-04 15:56:37.291 [error] An unknown error occurred. Please consult the log for more details.
2024-02-04 15:56:38.651 [error] An unknown error occurred. Please consult the log for more details.
2024-02-04 15:56:40.764 [error] An unknown error occurred. Please consult the log for more details.
2024-02-04 15:56:42.005 [error] An unknown error occurred. Please consult the log for more details.
2024-02-04 15:56:43.339 [error] An unknown error occurred. Please consult the log for more details.
2024-02-04 15:56:47.128 [error] An unknown error occurred. Please consult the log for more details.
2024-02-04 15:57:04.359 [error] An unknown error occurred. Please consult the log for more details.
2024-02-04 15:57:35.319 [error] An unknown error occurred. Please consult the log for more details.
2024-02-04 15:57:36.442 [error] An unknown error occurred. Please consult the log for more details.
2024-02-04 15:57:43.785 [error] An unknown error occurred. Please consult the log for more details.
2024-02-04 15:58:11.766 [error] An unknown error occurred. Please consult the log for more details.
2024-02-04 15:58:12.787 [error] An unknown error occurred. Please consult the log for more details.
2024-02-04 15:58:13.970 [error] An unknown error occurred. Please consult the log for more details.
2024-02-04 15:58:18.137 [error] An unknown error occurred. Please consult the log for more details.
2024-02-04 15:58:21.025 [error] An unknown error occurred. Please consult the log for more details.
2024-02-04 15:58:41.156 [error] An unknown error occurred. Please consult the log for more details.
2024-02-04 16:01:56.977 [error] An unknown error occurred. Please consult the log for more details.
2024-02-04 16:01:58.605 [error] An unknown error occurred. Please consult the log for more details.
2024-02-04 16:02:15.773 [error] An unknown error occurred. Please consult the log for more details.
2024-02-04 16:02:18.604 [error] An unknown error occurred. Please consult the log for more details.
2024-02-04 16:02:21.708 [error] An unknown error occurred. Please consult the log for more details.
2024-02-04 16:02:24.859 [error] An unknown error occurred. Please consult the log for more details.
2024-02-04 16:02:26.121 [error] An unknown error occurred. Please consult the log for more details.
2024-02-04 16:02:29.717 [error] An unknown error occurred. Please consult the log for more details.
2024-02-04 16:02:57.374 [error] An unknown error occurred. Please consult the log for more details.
2024-02-04 16:02:59.461 [error] An unknown error occurred. Please consult the log for more details.
2024-02-04 16:03:01.134 [error] An unknown error occurred. Please consult the log for more details.
2024-02-04 16:03:02.893 [error] An unknown error occurred. Please consult the log for more details.
2024-02-04 16:03:52.072 [error] An unknown error occurred. Please consult the log for more details.
2024-02-04 16:04:00.242 [error] An unknown error occurred. Please consult the log for more details.
2024-02-04 16:04:12.705 [error] An unknown error occurred. Please consult the log for more details.
2024-02-04 16:04:15.329 [error] An unknown error occurred. Please consult the log for more details.
2024-02-04 16:04:21.529 [error] An unknown error occurred. Please consult the log for more details.
2024-02-04 16:04:28.061 [error] An unknown error occurred. Please consult the log for more details.
2024-02-04 16:04:30.571 [error] An unknown error occurred. Please consult the log for more details.
2024-02-04 16:04:32.254 [error] An unknown error occurred. Please consult the log for more details.
2024-02-04 16:04:35.372 [error] An unknown error occurred. Please consult the log for more details.
2024-02-04 16:04:37.337 [error] An unknown error occurred. Please consult the log for more details.
2024-02-04 16:04:40.394 [error] An unknown error occurred. Please consult the log for more details.
2024-02-04 16:04:49.872 [error] An unknown error occurred. Please consult the log for more details.
2024-02-04 16:04:51.518 [error] An unknown error occurred. Please consult the log for more details.
2024-02-04 16:04:59.315 [error] An unknown error occurred. Please consult the log for more details.
2024-02-04 16:05:07.233 [error] An unknown error occurred. Please consult the log for more details.
2024-02-04 16:05:15.948 [error] An unknown error occurred. Please consult the log for more details.
2024-02-04 16:05:21.530 [error] An unknown error occurred. Please consult the log for more details.
2024-02-04 16:05:27.375 [error] An unknown error occurred. Please consult the log for more details.
2024-02-04 16:05:41.656 [error] An unknown error occurred. Please consult the log for more details.
2024-02-04 16:05:49.490 [error] An unknown error occurred. Please consult the log for more details.
2024-02-04 16:05:58.695 [error] An unknown error occurred. Please consult the log for more details.
2024-02-04 16:10:05.709 [error] An unknown error occurred. Please consult the log for more details.
2024-02-04 16:10:10.120 [error] An unknown error occurred. Please consult the log for more details.
2024-02-04 16:10:12.893 [error] An unknown error occurred. Please consult the log for more details.
2024-02-04 16:10:15.291 [error] An unknown error occurred. Please consult the log for more details.
2024-02-04 16:10:57.621 [error] An unknown error occurred. Please consult the log for more details.
2024-02-04 16:10:59.412 [error] An unknown error occurred. Please consult the log for more details.
2024-02-04 16:11:01.012 [error] An unknown error occurred. Please consult the log for more details.
2024-02-04 16:11:12.800 [error] An unknown error occurred. Please consult the log for more details.
2024-02-04 16:11:15.039 [error] An unknown error occurred. Please consult the log for more details.
2024-02-04 16:11:17.448 [error] An unknown error occurred. Please consult the log for more details.
2024-02-04 16:11:19.626 [error] An unknown error occurred. Please consult the log for more details.
2024-02-04 16:11:21.137 [error] An unknown error occurred. Please consult the log for more details.
2024-02-04 16:11:23.449 [error] An unknown error occurred. Please consult the log for more details.
2024-02-04 16:11:25.352 [error] An unknown error occurred. Please consult the log for more details.
2024-02-04 16:11:27.258 [error] An unknown error occurred. Please consult the log for more details.
2024-02-04 16:11:28.581 [error] An unknown error occurred. Please consult the log for more details.
2024-02-04 16:11:45.769 [error] An unknown error occurred. Please consult the log for more details.
2024-02-04 16:11:50.890 [error] An unknown error occurred. Please consult the log for more details.
2024-02-04 16:12:08.917 [error] An unknown error occurred. Please consult the log for more details.
2024-02-04 16:12:25.411 [error] An unknown error occurred. Please consult the log for more details.
2024-02-04 16:12:28.852 [error] An unknown error occurred. Please consult the log for more details.
2024-02-04 16:12:31.186 [error] An unknown error occurred. Please consult the log for more details.
2024-02-04 16:12:47.184 [error] An unknown error occurred. Please consult the log for more details.
2024-02-04 16:12:50.249 [error] An unknown error occurred. Please consult the log for more details.
2024-02-04 16:12:51.694 [error] An unknown error occurred. Please consult the log for more details.
2024-02-04 16:13:11.616 [error] An unknown error occurred. Please consult the log for more details.
2024-02-04 16:13:59.495 [error] An unknown error occurred. Please consult the log for more details.
