2024-02-04 13:24:44.337 [info] Added views:workbench.panel.markers.view in workbench.panel.markers
2024-02-04 13:24:44.337 [info] Added views:workbench.panel.output in workbench.panel.output
2024-02-04 13:24:44.337 [info] Added views:terminal in terminal
2024-02-04 13:24:44.337 [info] Added views:outline in workbench.view.explorer
2024-02-04 13:24:44.337 [info] Added views:workbench.scm in workbench.view.scm
2024-02-04 13:24:44.337 [info] Added views:workbench.view.search in workbench.view.search
2024-02-04 13:24:44.337 [info] Added views:timeline in workbench.view.explorer
2024-02-04 13:24:44.337 [info] Added views:workbench.explorer.fileView in workbench.view.explorer
2024-02-04 13:24:44.530 [info] Added views:workbench.debug.welcome in workbench.view.debug
2024-02-04 13:24:45.283 [info] Added views:gitlens.views.home,gitlens.views.drafts,gitlens.views.workspaces,gitlens.views.account in workbench.view.extension.gitlens
2024-02-04 13:24:45.283 [info] Added views:gitlens.views.commitDetails,gitlens.views.lineHistory,gitlens.views.fileHistory,gitlens.views.searchAndCompare in workbench.view.extension.gitlensInspect
2024-02-04 13:24:45.283 [info] Added views:gitlens.views.commits,gitlens.views.branches,gitlens.views.remotes,gitlens.views.stashes,gitlens.views.tags,gitlens.views.contributors in workbench.view.scm
2024-02-04 13:24:45.284 [info] Added views:mongoDBConnectionExplorer,mongoDBPlaygroundsExplorer,mongoDBHelpExplorer in workbench.view.extension.mongoDB
2024-02-04 13:24:45.284 [info] Added views:remoteTargets in workbench.view.remote
2024-02-04 13:24:45.285 [info] Added views:oracleDBObjectExplorer,oracleCloudExplorer,oracleBookmarkExplorer,oracleQueryHistoryExplorer in workbench.view.extension.oracle-db-explorer
2024-02-04 13:24:45.499 [info] Added views:workbench.panel.repl.view in workbench.panel.repl
2024-02-04 13:24:45.875 [info] Added views:~remote.forwardedPorts in ~remote.forwardedPortsContainer
2024-02-04 13:24:48.552 [info] Added views:gitlens.views.graph,gitlens.views.graphDetails in workbench.view.extension.gitlensPanel
2024-02-04 13:24:48.554 [info] Added views:gitlens.views.timeline in workbench.view.extension.gitlensInspect
2024-02-04 13:24:48.555 [info] Added views:gitlens.views.worktrees in workbench.view.scm
