2024-02-03 19:19:47.939 [info] Log level: Info
2024-02-03 19:19:47.939 [info] Validating found git in: "git"
2024-02-03 19:19:47.939 [info] Using git "2.43.0" from "git"
2024-02-03 19:19:47.939 [info] > git rev-parse --show-toplevel [8ms]
2024-02-03 19:19:47.939 [info] > git rev-parse --git-dir --git-common-dir [1ms]
2024-02-03 19:19:47.939 [info] Open repository: /home/anthonyoon/Documents/Code Projects/zellij
2024-02-03 19:19:47.952 [info] > git rev-parse --show-toplevel [3ms]
2024-02-03 19:19:47.952 [info] fatal: not a git repository (or any parent up to mount point /)
Stopping at filesystem boundary (GIT_DISCOVERY_ACROSS_FILESYSTEM not set).
2024-02-03 19:19:47.952 [info] > git config --get commit.template [8ms]
2024-02-03 19:19:47.982 [info] > git rev-parse --show-toplevel [24ms]
2024-02-03 19:19:47.987 [info] > git for-each-ref --format=%(refname)%00%(upstream:short)%00%(objectname)%00%(upstream:track)%00%(upstream:remotename)%00%(upstream:remoteref) refs/heads/main refs/remotes/main [10ms]
2024-02-03 19:19:47.992 [warning] ENOENT: no such file or directory, open '/home/anthonyoon/Documents/Code Projects/zellij/.git/refs/remotes/origin/main'
2024-02-03 19:19:47.993 [info] > git rev-parse --show-toplevel [6ms]
2024-02-03 19:19:47.998 [info] > git rev-parse refs/remotes/origin/main [6ms]
2024-02-03 19:19:48.009 [info] > git rev-parse --show-toplevel [12ms]
2024-02-03 19:19:48.017 [info] > git rev-parse --show-toplevel [3ms]
2024-02-03 19:19:48.026 [info] > git rev-parse --show-toplevel [3ms]
2024-02-03 19:19:48.032 [info] > git rev-parse --show-toplevel [1ms]
2024-02-03 19:19:48.148 [info] > git rev-parse --show-toplevel [70ms]
2024-02-03 19:19:48.169 [info] > git status -z -uall [167ms]
2024-02-03 19:19:48.184 [info] > git rev-parse --show-toplevel [16ms]
2024-02-03 19:19:48.193 [info] > git config --get commit.template [10ms]
2024-02-03 19:19:48.194 [info] > git rev-parse --show-toplevel [2ms]
2024-02-03 19:19:48.225 [info] > git rev-parse --show-toplevel [7ms]
2024-02-03 19:19:48.225 [info] > git for-each-ref --format=%(refname)%00%(upstream:short)%00%(objectname)%00%(upstream:track)%00%(upstream:remotename)%00%(upstream:remoteref) refs/heads/main refs/remotes/main [12ms]
2024-02-03 19:19:48.239 [warning] ENOENT: no such file or directory, open '/home/anthonyoon/Documents/Code Projects/zellij/.git/refs/remotes/origin/main'
2024-02-03 19:19:48.251 [info] > git rev-parse refs/remotes/origin/main [12ms]
2024-02-03 19:19:48.256 [info] > git rev-parse --show-toplevel [22ms]
2024-02-03 19:19:48.266 [info] > git rev-parse --show-toplevel [1ms]
2024-02-03 19:19:48.273 [info] > git rev-parse --show-toplevel [2ms]
2024-02-03 19:19:48.280 [info] > git rev-parse --show-toplevel [1ms]
2024-02-03 19:19:48.315 [info] > git status -z -uall [59ms]
2024-02-03 19:19:48.460 [info] > git check-ignore -v -z --stdin [1ms]
2024-02-03 19:20:18.366 [info] > git config --get commit.template [7ms]
2024-02-03 19:20:18.366 [info] > git for-each-ref --format=%(refname)%00%(upstream:short)%00%(objectname)%00%(upstream:track)%00%(upstream:remotename)%00%(upstream:remoteref) refs/heads/main refs/remotes/main [1ms]
2024-02-03 19:20:18.371 [warning] ENOENT: no such file or directory, open '/home/anthonyoon/Documents/Code Projects/zellij/.git/refs/remotes/origin/main'
2024-02-03 19:20:18.371 [info] > git rev-parse refs/remotes/origin/main [0ms]
2024-02-03 19:20:18.427 [info] > git status -z -uall [51ms]
2024-02-03 19:20:19.033 [info] > git check-ignore -v -z --stdin [2ms]
2024-02-03 19:24:14.119 [info] Log level: Info
2024-02-03 19:24:14.119 [info] Validating found git in: "git"
2024-02-03 19:24:14.119 [info] Using git "2.43.0" from "git"
2024-02-03 19:24:14.119 [info] > git rev-parse --show-toplevel [12ms]
2024-02-03 19:24:14.209 [info] > git rev-parse --git-dir --git-common-dir [24ms]
2024-02-03 19:24:14.215 [info] Open repository: /home/anthonyoon/Documents/FIT3171/workspace
2024-02-03 19:24:14.237 [info] > git rev-parse --show-toplevel [2ms]
2024-02-03 19:24:14.237 [info] fatal: not a git repository (or any parent up to mount point /)
Stopping at filesystem boundary (GIT_DISCOVERY_ACROSS_FILESYSTEM not set).
2024-02-03 19:24:14.238 [info] > git config --get commit.template [10ms]
2024-02-03 19:24:14.262 [info] > git for-each-ref --format=%(refname)%00%(upstream:short)%00%(objectname)%00%(upstream:track)%00%(upstream:remotename)%00%(upstream:remoteref) refs/heads/master refs/remotes/master [9ms]
2024-02-03 19:24:14.262 [info] > git rev-parse --show-toplevel [17ms]
2024-02-03 19:24:14.273 [info] > git rev-parse --show-toplevel [3ms]
2024-02-03 19:24:14.308 [info] > git status -z -uall [10ms]
2024-02-03 19:24:14.309 [info] > git rev-parse --show-toplevel [29ms]
2024-02-03 19:24:14.347 [info] > git config --get commit.template [19ms]
2024-02-03 19:24:14.358 [info] > git for-each-ref --format=%(refname)%00%(upstream:short)%00%(objectname)%00%(upstream:track)%00%(upstream:remotename)%00%(upstream:remoteref) refs/heads/master refs/remotes/master [1ms]
2024-02-03 19:24:14.372 [info] > git status -z -uall [8ms]
2024-02-03 19:24:14.772 [info] > git check-ignore -v -z --stdin [0ms]
2024-02-03 19:24:30.414 [info] > git check-ignore -v -z --stdin [2ms]
2024-02-03 19:24:30.511 [info] > git config --get commit.template [19ms]
2024-02-03 19:24:30.512 [info] > git for-each-ref --format=%(refname)%00%(upstream:short)%00%(objectname)%00%(upstream:track)%00%(upstream:remotename)%00%(upstream:remoteref) refs/heads/master refs/remotes/master [3ms]
2024-02-03 19:24:30.530 [info] > git status -z -uall [6ms]
2024-02-03 19:24:36.187 [info] > git show --textconv :Applieds/SESSION_MANAGEsql.sql [8ms]
2024-02-03 19:24:36.188 [info] > git ls-files --stage -- /home/anthonyoon/Documents/FIT3171/workspace/Applieds/SESSION_MANAGEsql.sql [1ms]
2024-02-03 19:24:36.195 [info] > git cat-file -s 9886194cce8552c73a2ac9af9530cc748f5a9880 [1ms]
2024-02-03 19:25:03.785 [info] > git config --get commit.template [16ms]
2024-02-03 19:25:03.785 [info] > git for-each-ref --format=%(refname)%00%(upstream:short)%00%(objectname)%00%(upstream:track)%00%(upstream:remotename)%00%(upstream:remoteref) refs/heads/master refs/remotes/master [2ms]
2024-02-03 19:25:03.800 [info] > git status -z -uall [6ms]
2024-02-03 19:27:23.233 [info] > git show --textconv :Applieds/SESSION_MANAGEsql.sql [14ms]
2024-02-03 19:27:23.235 [info] > git ls-files --stage -- /home/anthonyoon/Documents/FIT3171/workspace/Applieds/SESSION_MANAGEsql.sql [1ms]
2024-02-03 19:27:23.256 [info] > git cat-file -s 9886194cce8552c73a2ac9af9530cc748f5a9880 [13ms]
2024-02-03 19:27:26.071 [info] > git show --textconv :Applieds/SESSION_MANAGEsql.sql [15ms]
2024-02-03 19:27:26.072 [info] > git ls-files --stage -- /home/anthonyoon/Documents/FIT3171/workspace/Applieds/SESSION_MANAGEsql.sql [2ms]
2024-02-03 19:27:26.084 [info] > git cat-file -s 9886194cce8552c73a2ac9af9530cc748f5a9880 [3ms]
2024-02-03 19:27:43.497 [info] > git show --textconv :Applieds/SESSION_MANAGEsql.sql [17ms]
2024-02-03 19:27:43.501 [info] > git ls-files --stage -- /home/anthonyoon/Documents/FIT3171/workspace/Applieds/SESSION_MANAGEsql.sql [4ms]
2024-02-03 19:27:43.513 [info] > git cat-file -s 9886194cce8552c73a2ac9af9530cc748f5a9880 [2ms]
2024-02-03 19:27:57.829 [info] > git check-ignore -v -z --stdin [2ms]
2024-02-03 19:27:59.127 [info] > git check-ignore -v -z --stdin [1ms]
2024-02-03 19:28:00.107 [info] > git check-ignore -v -z --stdin [2ms]
2024-02-03 19:28:01.141 [info] > git show --textconv :Applieds/Wk5/App09/readme.txt [14ms]
2024-02-03 19:28:01.142 [info] > git ls-files --stage -- /home/anthonyoon/Documents/FIT3171/workspace/Applieds/Wk5/App09/readme.txt [4ms]
2024-02-03 19:28:01.150 [info] > git cat-file -s 79edb41d67a818586ad62e2f4796e9ddd97fa19f [1ms]
2024-02-03 19:28:01.750 [info] > git show --textconv :Applieds/Wk5/App09/applied9_sql_basic_intermediate.sql [7ms]
2024-02-03 19:28:01.751 [info] > git ls-files --stage -- /home/anthonyoon/Documents/FIT3171/workspace/Applieds/Wk5/App09/applied9_sql_basic_intermediate.sql [2ms]
2024-02-03 19:28:01.762 [info] > git cat-file -s 63f1828f70cf234f4cadd54fab193800a9c93f45 [1ms]
2024-02-03 19:29:09.006 [info] > git config --get commit.template [13ms]
2024-02-03 19:29:09.008 [info] > git for-each-ref --format=%(refname)%00%(upstream:short)%00%(objectname)%00%(upstream:track)%00%(upstream:remotename)%00%(upstream:remoteref) refs/heads/master refs/remotes/master [5ms]
2024-02-03 19:29:09.023 [info] > git status -z -uall [6ms]
2024-02-03 19:29:14.045 [info] > git config --get commit.template [1ms]
2024-02-03 19:29:14.058 [info] > git for-each-ref --format=%(refname)%00%(upstream:short)%00%(objectname)%00%(upstream:track)%00%(upstream:remotename)%00%(upstream:remoteref) refs/heads/master refs/remotes/master [2ms]
2024-02-03 19:29:14.073 [info] > git status -z -uall [7ms]
2024-02-03 19:29:22.994 [info] > git show --textconv :Applieds/Wk5/App09/applied9_sql_basic_intermediate.sql [15ms]
2024-02-03 19:29:22.995 [info] > git ls-files --stage -- /home/anthonyoon/Documents/FIT3171/workspace/Applieds/Wk5/App09/applied9_sql_basic_intermediate.sql [2ms]
2024-02-03 19:29:23.015 [info] > git cat-file -s 63f1828f70cf234f4cadd54fab193800a9c93f45 [10ms]
2024-02-03 19:29:52.506 [info] > git show --textconv :Applieds/Wk5/App09/applied9_sql_basic_intermediate.sql [12ms]
2024-02-03 19:29:52.507 [info] > git ls-files --stage -- /home/anthonyoon/Documents/FIT3171/workspace/Applieds/Wk5/App09/applied9_sql_basic_intermediate.sql [1ms]
2024-02-03 19:29:52.516 [info] > git cat-file -s 63f1828f70cf234f4cadd54fab193800a9c93f45 [1ms]
2024-02-03 19:30:04.961 [info] > git config --get commit.template [9ms]
2024-02-03 19:30:04.962 [info] > git for-each-ref --format=%(refname)%00%(upstream:short)%00%(objectname)%00%(upstream:track)%00%(upstream:remotename)%00%(upstream:remoteref) refs/heads/master refs/remotes/master [1ms]
2024-02-03 19:30:04.972 [info] > git status -z -uall [3ms]
2024-02-03 19:30:10.026 [info] > git config --get commit.template [20ms]
2024-02-03 19:30:10.027 [info] > git for-each-ref --format=%(refname)%00%(upstream:short)%00%(objectname)%00%(upstream:track)%00%(upstream:remotename)%00%(upstream:remoteref) refs/heads/master refs/remotes/master [1ms]
2024-02-03 19:30:10.041 [info] > git status -z -uall [4ms]
2024-02-03 19:31:35.672 [info] > git config --get commit.template [10ms]
2024-02-03 19:31:35.673 [info] > git for-each-ref --format=%(refname)%00%(upstream:short)%00%(objectname)%00%(upstream:track)%00%(upstream:remotename)%00%(upstream:remoteref) refs/heads/master refs/remotes/master [1ms]
2024-02-03 19:31:35.683 [info] > git status -z -uall [4ms]
2024-02-03 19:31:44.635 [info] > git config --get commit.template [12ms]
2024-02-03 19:31:44.636 [info] > git for-each-ref --format=%(refname)%00%(upstream:short)%00%(objectname)%00%(upstream:track)%00%(upstream:remotename)%00%(upstream:remoteref) refs/heads/master refs/remotes/master [2ms]
2024-02-03 19:31:44.649 [info] > git status -z -uall [6ms]
2024-02-03 19:32:20.569 [info] > git show --textconv :Applieds/Wk5/App09/applied9_sql_basic_intermediate.sql [17ms]
2024-02-03 19:32:20.573 [info] > git ls-files --stage -- /home/anthonyoon/Documents/FIT3171/workspace/Applieds/Wk5/App09/applied9_sql_basic_intermediate.sql [5ms]
2024-02-03 19:32:20.590 [info] > git cat-file -s 63f1828f70cf234f4cadd54fab193800a9c93f45 [3ms]
2024-02-03 19:33:06.445 [info] > git show --textconv :Applieds/Wk5/App09/applied9_sql_basic_intermediate.sql [10ms]
2024-02-03 19:33:06.446 [info] > git ls-files --stage -- /home/anthonyoon/Documents/FIT3171/workspace/Applieds/Wk5/App09/applied9_sql_basic_intermediate.sql [1ms]
2024-02-03 19:33:06.452 [info] > git cat-file -s 63f1828f70cf234f4cadd54fab193800a9c93f45 [0ms]
2024-02-03 19:33:37.063 [info] > git config --get commit.template [4ms]
2024-02-03 19:33:37.078 [info] > git for-each-ref --format=%(refname)%00%(upstream:short)%00%(objectname)%00%(upstream:track)%00%(upstream:remotename)%00%(upstream:remoteref) refs/heads/master refs/remotes/master [2ms]
2024-02-03 19:33:37.092 [info] > git status -z -uall [6ms]
2024-02-03 19:33:43.040 [info] > git config --get commit.template [16ms]
2024-02-03 19:33:43.041 [info] > git for-each-ref --format=%(refname)%00%(upstream:short)%00%(objectname)%00%(upstream:track)%00%(upstream:remotename)%00%(upstream:remoteref) refs/heads/master refs/remotes/master [2ms]
2024-02-03 19:33:43.064 [info] > git status -z -uall [9ms]
2024-02-03 19:38:29.075 [info] > git show --textconv :Applieds/Wk5/App09/applied9_sql_basic_intermediate.sql [29ms]
2024-02-03 19:38:29.075 [info] > git ls-files --stage -- /home/anthonyoon/Documents/FIT3171/workspace/Applieds/Wk5/App09/applied9_sql_basic_intermediate.sql [6ms]
2024-02-03 19:38:29.095 [info] > git cat-file -s 63f1828f70cf234f4cadd54fab193800a9c93f45 [1ms]
2024-02-03 19:39:04.313 [info] > git show --textconv :Applieds/Wk5/App09/applied9_sql_basic_intermediate.sql [22ms]
2024-02-03 19:39:04.314 [info] > git ls-files --stage -- /home/anthonyoon/Documents/FIT3171/workspace/Applieds/Wk5/App09/applied9_sql_basic_intermediate.sql [7ms]
2024-02-03 19:39:04.327 [info] > git cat-file -s 63f1828f70cf234f4cadd54fab193800a9c93f45 [1ms]
2024-02-03 19:39:51.696 [info] > git show --textconv :Applieds/Wk5/App09/applied9_sql_basic_intermediate.sql [38ms]
2024-02-03 19:39:51.697 [info] > git ls-files --stage -- /home/anthonyoon/Documents/FIT3171/workspace/Applieds/Wk5/App09/applied9_sql_basic_intermediate.sql [8ms]
2024-02-03 19:39:51.721 [info] > git cat-file -s 63f1828f70cf234f4cadd54fab193800a9c93f45 [3ms]
2024-02-03 19:40:11.867 [info] > git show --textconv :Applieds/Wk5/App09/applied9_sql_basic_intermediate.sql [19ms]
2024-02-03 19:40:11.869 [info] > git ls-files --stage -- /home/anthonyoon/Documents/FIT3171/workspace/Applieds/Wk5/App09/applied9_sql_basic_intermediate.sql [6ms]
2024-02-03 19:40:11.878 [info] > git cat-file -s 63f1828f70cf234f4cadd54fab193800a9c93f45 [2ms]
2024-02-03 19:40:33.113 [info] > git config --get commit.template [12ms]
2024-02-03 19:40:33.114 [info] > git for-each-ref --format=%(refname)%00%(upstream:short)%00%(objectname)%00%(upstream:track)%00%(upstream:remotename)%00%(upstream:remoteref) refs/heads/master refs/remotes/master [2ms]
2024-02-03 19:40:33.129 [info] > git status -z -uall [8ms]
2024-02-03 19:40:38.171 [info] > git config --get commit.template [15ms]
2024-02-03 19:40:38.172 [info] > git for-each-ref --format=%(refname)%00%(upstream:short)%00%(objectname)%00%(upstream:track)%00%(upstream:remotename)%00%(upstream:remoteref) refs/heads/master refs/remotes/master [1ms]
2024-02-03 19:40:38.191 [info] > git status -z -uall [6ms]
2024-02-03 19:40:43.219 [info] > git config --get commit.template [4ms]
2024-02-03 19:40:43.235 [info] > git for-each-ref --format=%(refname)%00%(upstream:short)%00%(objectname)%00%(upstream:track)%00%(upstream:remotename)%00%(upstream:remoteref) refs/heads/master refs/remotes/master [1ms]
2024-02-03 19:40:43.246 [info] > git status -z -uall [3ms]
2024-02-03 19:40:48.274 [info] > git config --get commit.template [2ms]
2024-02-03 19:40:48.294 [info] > git for-each-ref --format=%(refname)%00%(upstream:short)%00%(objectname)%00%(upstream:track)%00%(upstream:remotename)%00%(upstream:remoteref) refs/heads/master refs/remotes/master [3ms]
2024-02-03 19:40:48.319 [info] > git status -z -uall [7ms]
2024-02-03 19:40:58.196 [info] > git config --get commit.template [21ms]
2024-02-03 19:40:58.198 [info] > git for-each-ref --format=%(refname)%00%(upstream:short)%00%(objectname)%00%(upstream:track)%00%(upstream:remotename)%00%(upstream:remoteref) refs/heads/master refs/remotes/master [4ms]
2024-02-03 19:40:58.221 [info] > git status -z -uall [4ms]
2024-02-03 19:41:03.261 [info] > git config --get commit.template [15ms]
2024-02-03 19:41:03.261 [info] > git for-each-ref --format=%(refname)%00%(upstream:short)%00%(objectname)%00%(upstream:track)%00%(upstream:remotename)%00%(upstream:remoteref) refs/heads/master refs/remotes/master [1ms]
2024-02-03 19:41:03.275 [info] > git status -z -uall [5ms]
2024-02-03 19:42:38.559 [info] > git show --textconv :Applieds/Wk5/App09/applied9_sql_basic_intermediate.sql [29ms]
2024-02-03 19:42:38.559 [info] > git ls-files --stage -- /home/anthonyoon/Documents/FIT3171/workspace/Applieds/Wk5/App09/applied9_sql_basic_intermediate.sql [8ms]
2024-02-03 19:42:38.573 [info] > git cat-file -s 63f1828f70cf234f4cadd54fab193800a9c93f45 [4ms]
2024-02-03 19:43:42.948 [info] > git config --get commit.template [1ms]
2024-02-03 19:43:42.956 [info] > git for-each-ref --format=%(refname)%00%(upstream:short)%00%(objectname)%00%(upstream:track)%00%(upstream:remotename)%00%(upstream:remoteref) refs/heads/master refs/remotes/master [1ms]
2024-02-03 19:43:42.964 [info] > git status -z -uall [3ms]
2024-02-03 19:50:48.312 [info] > git config --get commit.template [6ms]
2024-02-03 19:50:48.313 [info] > git for-each-ref --format=%(refname)%00%(upstream:short)%00%(objectname)%00%(upstream:track)%00%(upstream:remotename)%00%(upstream:remoteref) refs/heads/master refs/remotes/master [1ms]
2024-02-03 19:50:48.323 [info] > git status -z -uall [4ms]
2024-02-03 19:50:53.364 [info] > git config --get commit.template [16ms]
2024-02-03 19:50:53.364 [info] > git for-each-ref --format=%(refname)%00%(upstream:short)%00%(objectname)%00%(upstream:track)%00%(upstream:remotename)%00%(upstream:remoteref) refs/heads/master refs/remotes/master [2ms]
2024-02-03 19:50:53.381 [info] > git status -z -uall [6ms]
2024-02-03 19:51:16.654 [info] > git config --get commit.template [2ms]
2024-02-03 19:51:16.661 [info] > git for-each-ref --format=%(refname)%00%(upstream:short)%00%(objectname)%00%(upstream:track)%00%(upstream:remotename)%00%(upstream:remoteref) refs/heads/master refs/remotes/master [1ms]
2024-02-03 19:51:16.671 [info] > git status -z -uall [3ms]
2024-02-03 19:51:21.710 [info] > git config --get commit.template [19ms]
2024-02-03 19:51:21.711 [info] > git for-each-ref --format=%(refname)%00%(upstream:short)%00%(objectname)%00%(upstream:track)%00%(upstream:remotename)%00%(upstream:remoteref) refs/heads/master refs/remotes/master [1ms]
2024-02-03 19:51:21.734 [info] > git status -z -uall [11ms]
2024-02-03 19:52:05.099 [info] > git config --get commit.template [14ms]
2024-02-03 19:52:05.100 [info] > git for-each-ref --format=%(refname)%00%(upstream:short)%00%(objectname)%00%(upstream:track)%00%(upstream:remotename)%00%(upstream:remoteref) refs/heads/master refs/remotes/master [2ms]
2024-02-03 19:52:05.110 [info] > git status -z -uall [4ms]
2024-02-03 19:52:10.152 [info] > git config --get commit.template [15ms]
2024-02-03 19:52:10.152 [info] > git for-each-ref --format=%(refname)%00%(upstream:short)%00%(objectname)%00%(upstream:track)%00%(upstream:remotename)%00%(upstream:remoteref) refs/heads/master refs/remotes/master [1ms]
2024-02-03 19:52:10.165 [info] > git status -z -uall [4ms]
2024-02-03 19:52:52.355 [info] > git config --get commit.template [16ms]
2024-02-03 19:52:52.355 [info] > git for-each-ref --format=%(refname)%00%(upstream:short)%00%(objectname)%00%(upstream:track)%00%(upstream:remotename)%00%(upstream:remoteref) refs/heads/master refs/remotes/master [1ms]
2024-02-03 19:52:52.365 [info] > git status -z -uall [4ms]
2024-02-03 19:52:57.388 [info] > git config --get commit.template [2ms]
2024-02-03 19:52:57.401 [info] > git for-each-ref --format=%(refname)%00%(upstream:short)%00%(objectname)%00%(upstream:track)%00%(upstream:remotename)%00%(upstream:remoteref) refs/heads/master refs/remotes/master [2ms]
2024-02-03 19:52:57.412 [info] > git status -z -uall [4ms]
2024-02-03 19:53:02.431 [info] > git config --get commit.template [7ms]
2024-02-03 19:53:02.432 [info] > git for-each-ref --format=%(refname)%00%(upstream:short)%00%(objectname)%00%(upstream:track)%00%(upstream:remotename)%00%(upstream:remoteref) refs/heads/master refs/remotes/master [1ms]
2024-02-03 19:53:02.441 [info] > git status -z -uall [3ms]
2024-02-03 19:54:10.332 [info] > git config --get commit.template [11ms]
2024-02-03 19:54:10.332 [info] > git for-each-ref --format=%(refname)%00%(upstream:short)%00%(objectname)%00%(upstream:track)%00%(upstream:remotename)%00%(upstream:remoteref) refs/heads/master refs/remotes/master [0ms]
2024-02-03 19:54:10.339 [info] > git status -z -uall [1ms]
2024-02-03 19:54:10.354 [info] > git ls-files --stage -- /home/anthonyoon/Documents/FIT3171/workspace/Applieds/Wk5/App09/applied9_sql_basic_intermediate.sql [0ms]
2024-02-03 19:54:10.362 [info] > git cat-file -s 63f1828f70cf234f4cadd54fab193800a9c93f45 [1ms]
2024-02-03 19:54:10.369 [info] > git show --textconv :Applieds/Wk5/App09/applied9_sql_basic_intermediate.sql [1ms]
2024-02-03 19:54:41.228 [info] > git config --get commit.template [8ms]
2024-02-03 19:54:41.228 [info] > git for-each-ref --format=%(refname)%00%(upstream:short)%00%(objectname)%00%(upstream:track)%00%(upstream:remotename)%00%(upstream:remoteref) refs/heads/master refs/remotes/master [1ms]
2024-02-03 19:54:41.236 [info] > git status -z -uall [2ms]
2024-02-03 19:56:51.740 [info] > git config --get commit.template [10ms]
2024-02-03 19:56:51.740 [info] > git for-each-ref --format=%(refname)%00%(upstream:short)%00%(objectname)%00%(upstream:track)%00%(upstream:remotename)%00%(upstream:remoteref) refs/heads/master refs/remotes/master [1ms]
2024-02-03 19:56:51.748 [info] > git status -z -uall [1ms]
2024-02-03 19:56:58.461 [info] > git config --get commit.template [12ms]
2024-02-03 19:56:58.461 [info] > git for-each-ref --format=%(refname)%00%(upstream:short)%00%(objectname)%00%(upstream:track)%00%(upstream:remotename)%00%(upstream:remoteref) refs/heads/master refs/remotes/master [1ms]
2024-02-03 19:56:58.468 [info] > git status -z -uall [2ms]
2024-02-03 19:58:02.190 [info] > git config --get commit.template [9ms]
2024-02-03 19:58:02.191 [info] > git for-each-ref --format=%(refname)%00%(upstream:short)%00%(objectname)%00%(upstream:track)%00%(upstream:remotename)%00%(upstream:remoteref) refs/heads/master refs/remotes/master [1ms]
2024-02-03 19:58:02.199 [info] > git status -z -uall [2ms]
2024-02-03 19:59:52.960 [info] > git config --get commit.template [13ms]
2024-02-03 19:59:52.961 [info] > git for-each-ref --format=%(refname)%00%(upstream:short)%00%(objectname)%00%(upstream:track)%00%(upstream:remotename)%00%(upstream:remoteref) refs/heads/master refs/remotes/master [2ms]
2024-02-03 19:59:52.976 [info] > git status -z -uall [1ms]
2024-02-03 19:59:58.015 [info] > git config --get commit.template [17ms]
2024-02-03 19:59:58.016 [info] > git for-each-ref --format=%(refname)%00%(upstream:short)%00%(objectname)%00%(upstream:track)%00%(upstream:remotename)%00%(upstream:remoteref) refs/heads/master refs/remotes/master [3ms]
2024-02-03 19:59:58.035 [info] > git status -z -uall [4ms]
2024-02-03 20:00:03.084 [info] > git config --get commit.template [22ms]
2024-02-03 20:00:03.085 [info] > git for-each-ref --format=%(refname)%00%(upstream:short)%00%(objectname)%00%(upstream:track)%00%(upstream:remotename)%00%(upstream:remoteref) refs/heads/master refs/remotes/master [2ms]
2024-02-03 20:00:03.101 [info] > git status -z -uall [3ms]
2024-02-03 20:03:09.508 [info] > git config --get commit.template [8ms]
2024-02-03 20:03:09.509 [info] > git for-each-ref --format=%(refname)%00%(upstream:short)%00%(objectname)%00%(upstream:track)%00%(upstream:remotename)%00%(upstream:remoteref) refs/heads/master refs/remotes/master [1ms]
2024-02-03 20:03:09.516 [info] > git status -z -uall [2ms]
2024-02-03 20:03:14.563 [info] > git config --get commit.template [22ms]
2024-02-03 20:03:14.564 [info] > git for-each-ref --format=%(refname)%00%(upstream:short)%00%(objectname)%00%(upstream:track)%00%(upstream:remotename)%00%(upstream:remoteref) refs/heads/master refs/remotes/master [4ms]
2024-02-03 20:03:14.579 [info] > git status -z -uall [3ms]
2024-02-03 20:03:19.611 [info] > git config --get commit.template [4ms]
2024-02-03 20:03:19.624 [info] > git for-each-ref --format=%(refname)%00%(upstream:short)%00%(objectname)%00%(upstream:track)%00%(upstream:remotename)%00%(upstream:remoteref) refs/heads/master refs/remotes/master [1ms]
2024-02-03 20:03:19.637 [info] > git status -z -uall [4ms]
2024-02-03 20:04:04.409 [info] > git config --get commit.template [1ms]
2024-02-03 20:04:04.415 [info] > git for-each-ref --format=%(refname)%00%(upstream:short)%00%(objectname)%00%(upstream:track)%00%(upstream:remotename)%00%(upstream:remoteref) refs/heads/master refs/remotes/master [1ms]
2024-02-03 20:04:04.422 [info] > git status -z -uall [1ms]
2024-02-03 20:04:09.452 [info] > git config --get commit.template [7ms]
2024-02-03 20:04:09.452 [info] > git for-each-ref --format=%(refname)%00%(upstream:short)%00%(objectname)%00%(upstream:track)%00%(upstream:remotename)%00%(upstream:remoteref) refs/heads/master refs/remotes/master [1ms]
2024-02-03 20:04:09.459 [info] > git status -z -uall [2ms]
2024-02-03 20:04:32.263 [info] > git config --get commit.template [6ms]
2024-02-03 20:04:32.263 [info] > git for-each-ref --format=%(refname)%00%(upstream:short)%00%(objectname)%00%(upstream:track)%00%(upstream:remotename)%00%(upstream:remoteref) refs/heads/master refs/remotes/master [0ms]
2024-02-03 20:04:32.271 [info] > git status -z -uall [1ms]
2024-02-03 20:05:01.656 [info] > git config --get commit.template [9ms]
2024-02-03 20:05:01.656 [info] > git for-each-ref --format=%(refname)%00%(upstream:short)%00%(objectname)%00%(upstream:track)%00%(upstream:remotename)%00%(upstream:remoteref) refs/heads/master refs/remotes/master [1ms]
2024-02-03 20:05:01.663 [info] > git status -z -uall [2ms]
2024-02-03 20:05:06.701 [info] > git config --get commit.template [16ms]
2024-02-03 20:05:06.704 [info] > git for-each-ref --format=%(refname)%00%(upstream:short)%00%(objectname)%00%(upstream:track)%00%(upstream:remotename)%00%(upstream:remoteref) refs/heads/master refs/remotes/master [5ms]
2024-02-03 20:05:06.721 [info] > git status -z -uall [4ms]
2024-02-03 20:05:31.363 [info] > git config --get commit.template [11ms]
2024-02-03 20:05:31.364 [info] > git for-each-ref --format=%(refname)%00%(upstream:short)%00%(objectname)%00%(upstream:track)%00%(upstream:remotename)%00%(upstream:remoteref) refs/heads/master refs/remotes/master [0ms]
2024-02-03 20:05:31.373 [info] > git status -z -uall [2ms]
2024-02-03 20:05:37.793 [info] > git config --get commit.template [6ms]
2024-02-03 20:05:37.794 [info] > git for-each-ref --format=%(refname)%00%(upstream:short)%00%(objectname)%00%(upstream:track)%00%(upstream:remotename)%00%(upstream:remoteref) refs/heads/master refs/remotes/master [1ms]
2024-02-03 20:05:37.801 [info] > git status -z -uall [1ms]
2024-02-03 20:06:28.779 [info] > git config --get commit.template [7ms]
2024-02-03 20:06:28.780 [info] > git for-each-ref --format=%(refname)%00%(upstream:short)%00%(objectname)%00%(upstream:track)%00%(upstream:remotename)%00%(upstream:remoteref) refs/heads/master refs/remotes/master [2ms]
2024-02-03 20:06:28.787 [info] > git status -z -uall [1ms]
2024-02-03 20:06:33.825 [info] > git config --get commit.template [13ms]
2024-02-03 20:06:33.825 [info] > git for-each-ref --format=%(refname)%00%(upstream:short)%00%(objectname)%00%(upstream:track)%00%(upstream:remotename)%00%(upstream:remoteref) refs/heads/master refs/remotes/master [1ms]
2024-02-03 20:06:33.843 [info] > git status -z -uall [3ms]
2024-02-03 20:07:20.157 [info] > git check-ignore -v -z --stdin [3ms]
2024-02-03 20:07:30.481 [info] > git config --get commit.template [5ms]
2024-02-03 20:07:30.500 [info] > git for-each-ref --format=%(refname)%00%(upstream:short)%00%(objectname)%00%(upstream:track)%00%(upstream:remotename)%00%(upstream:remoteref) refs/heads/master refs/remotes/master [3ms]
2024-02-03 20:07:30.518 [info] > git status -z -uall [2ms]
2024-02-03 20:09:38.352 [info] > git config --get commit.template [2ms]
2024-02-03 20:09:38.361 [info] > git for-each-ref --format=%(refname)%00%(upstream:short)%00%(objectname)%00%(upstream:track)%00%(upstream:remotename)%00%(upstream:remoteref) refs/heads/master refs/remotes/master [1ms]
2024-02-03 20:09:38.368 [info] > git status -z -uall [1ms]
2024-02-03 20:10:02.816 [info] > git config --get commit.template [8ms]
2024-02-03 20:10:02.816 [info] > git for-each-ref --format=%(refname)%00%(upstream:short)%00%(objectname)%00%(upstream:track)%00%(upstream:remotename)%00%(upstream:remoteref) refs/heads/master refs/remotes/master [0ms]
2024-02-03 20:10:02.825 [info] > git status -z -uall [2ms]
2024-02-03 20:10:07.865 [info] > git config --get commit.template [17ms]
2024-02-03 20:10:07.866 [info] > git for-each-ref --format=%(refname)%00%(upstream:short)%00%(objectname)%00%(upstream:track)%00%(upstream:remotename)%00%(upstream:remoteref) refs/heads/master refs/remotes/master [3ms]
2024-02-03 20:10:07.878 [info] > git status -z -uall [3ms]
2024-02-03 20:10:30.905 [info] > git config --get commit.template [21ms]
2024-02-03 20:10:30.906 [info] > git for-each-ref --format=%(refname)%00%(upstream:short)%00%(objectname)%00%(upstream:track)%00%(upstream:remotename)%00%(upstream:remoteref) refs/heads/master refs/remotes/master [2ms]
2024-02-03 20:10:30.923 [info] > git status -z -uall [5ms]
2024-02-03 20:13:37.967 [info] > git config --get commit.template [9ms]
2024-02-03 20:13:37.968 [info] > git for-each-ref --format=%(refname)%00%(upstream:short)%00%(objectname)%00%(upstream:track)%00%(upstream:remotename)%00%(upstream:remoteref) refs/heads/master refs/remotes/master [1ms]
2024-02-03 20:13:37.975 [info] > git status -z -uall [2ms]
2024-02-03 20:13:43.016 [info] > git config --get commit.template [17ms]
2024-02-03 20:13:43.017 [info] > git for-each-ref --format=%(refname)%00%(upstream:short)%00%(objectname)%00%(upstream:track)%00%(upstream:remotename)%00%(upstream:remoteref) refs/heads/master refs/remotes/master [3ms]
2024-02-03 20:13:43.033 [info] > git status -z -uall [7ms]
2024-02-03 20:13:51.866 [info] > git config --get commit.template [21ms]
2024-02-03 20:13:51.867 [info] > git for-each-ref --format=%(refname)%00%(upstream:short)%00%(objectname)%00%(upstream:track)%00%(upstream:remotename)%00%(upstream:remoteref) refs/heads/master refs/remotes/master [3ms]
2024-02-03 20:13:51.887 [info] > git status -z -uall [3ms]
2024-02-03 20:14:18.315 [info] > git config --get commit.template [11ms]
2024-02-03 20:14:18.315 [info] > git for-each-ref --format=%(refname)%00%(upstream:short)%00%(objectname)%00%(upstream:track)%00%(upstream:remotename)%00%(upstream:remoteref) refs/heads/master refs/remotes/master [0ms]
2024-02-03 20:14:18.322 [info] > git status -z -uall [1ms]
2024-02-03 20:14:23.350 [info] > git config --get commit.template [4ms]
2024-02-03 20:14:23.370 [info] > git for-each-ref --format=%(refname)%00%(upstream:short)%00%(objectname)%00%(upstream:track)%00%(upstream:remotename)%00%(upstream:remoteref) refs/heads/master refs/remotes/master [3ms]
2024-02-03 20:14:23.382 [info] > git status -z -uall [2ms]
2024-02-03 20:14:28.423 [info] > git config --get commit.template [18ms]
2024-02-03 20:14:28.424 [info] > git for-each-ref --format=%(refname)%00%(upstream:short)%00%(objectname)%00%(upstream:track)%00%(upstream:remotename)%00%(upstream:remoteref) refs/heads/master refs/remotes/master [2ms]
2024-02-03 20:14:28.441 [info] > git status -z -uall [3ms]
2024-02-03 20:14:33.480 [info] > git config --get commit.template [14ms]
2024-02-03 20:14:33.481 [info] > git for-each-ref --format=%(refname)%00%(upstream:short)%00%(objectname)%00%(upstream:track)%00%(upstream:remotename)%00%(upstream:remoteref) refs/heads/master refs/remotes/master [1ms]
2024-02-03 20:14:33.491 [info] > git status -z -uall [3ms]
2024-02-03 20:15:06.772 [info] > git config --get commit.template [1ms]
2024-02-03 20:15:06.781 [info] > git for-each-ref --format=%(refname)%00%(upstream:short)%00%(objectname)%00%(upstream:track)%00%(upstream:remotename)%00%(upstream:remoteref) refs/heads/master refs/remotes/master [1ms]
2024-02-03 20:15:06.788 [info] > git status -z -uall [2ms]
2024-02-03 20:15:42.937 [info] > git config --get commit.template [11ms]
2024-02-03 20:15:42.938 [info] > git for-each-ref --format=%(refname)%00%(upstream:short)%00%(objectname)%00%(upstream:track)%00%(upstream:remotename)%00%(upstream:remoteref) refs/heads/master refs/remotes/master [1ms]
2024-02-03 20:15:42.947 [info] > git status -z -uall [1ms]
2024-02-03 20:16:16.795 [info] > git config --get commit.template [7ms]
2024-02-03 20:16:16.796 [info] > git for-each-ref --format=%(refname)%00%(upstream:short)%00%(objectname)%00%(upstream:track)%00%(upstream:remotename)%00%(upstream:remoteref) refs/heads/master refs/remotes/master [1ms]
2024-02-03 20:16:16.803 [info] > git status -z -uall [2ms]
2024-02-03 20:16:16.918 [info] > git ls-files --stage -- /home/anthonyoon/Documents/FIT3171/workspace/Applieds/Wk5/App09/applied9_sql_basic_intermediate.sql [5ms]
2024-02-03 20:16:16.943 [info] > git cat-file -s a90b383ee08413f1747e4392adcfc733a64198f1 [2ms]
2024-02-03 20:16:16.956 [info] > git show --textconv :Applieds/Wk5/App09/applied9_sql_basic_intermediate.sql [2ms]
2024-02-03 20:16:28.531 [info] > git config --get commit.template [8ms]
2024-02-03 20:16:28.531 [info] > git for-each-ref --format=%(refname)%00%(upstream:short)%00%(objectname)%00%(upstream:track)%00%(upstream:remotename)%00%(upstream:remoteref) refs/heads/master refs/remotes/master [0ms]
2024-02-03 20:16:28.538 [info] > git status -z -uall [1ms]
2024-02-03 20:16:28.633 [info] > git ls-files --stage -- /home/anthonyoon/Documents/FIT3171/workspace/Applieds/Wk5/App09/applied9_sql_basic_intermediate.sql [3ms]
2024-02-03 20:16:28.644 [info] > git cat-file -s a90b383ee08413f1747e4392adcfc733a64198f1 [1ms]
2024-02-03 20:16:28.676 [info] > git show --textconv :Applieds/Wk5/App09/applied9_sql_basic_intermediate.sql [4ms]
2024-02-03 20:16:31.095 [info] > git ls-files --stage -- /home/anthonyoon/Documents/FIT3171/workspace/Applieds/Wk5/App09/applied9_sql_basic_intermediate.sql [2ms]
2024-02-03 20:16:31.114 [info] > git cat-file -s a90b383ee08413f1747e4392adcfc733a64198f1 [2ms]
2024-02-03 20:16:31.128 [info] > git show --textconv :Applieds/Wk5/App09/applied9_sql_basic_intermediate.sql [1ms]
2024-02-03 20:16:43.379 [info] > git config --get commit.template [11ms]
2024-02-03 20:16:43.380 [info] > git for-each-ref --format=%(refname)%00%(upstream:short)%00%(objectname)%00%(upstream:track)%00%(upstream:remotename)%00%(upstream:remoteref) refs/heads/master refs/remotes/master [1ms]
2024-02-03 20:16:43.388 [info] > git status -z -uall [2ms]
2024-02-03 20:18:05.095 [info] > git config --get commit.template [16ms]
2024-02-03 20:18:05.096 [info] > git for-each-ref --format=%(refname)%00%(upstream:short)%00%(objectname)%00%(upstream:track)%00%(upstream:remotename)%00%(upstream:remoteref) refs/heads/master refs/remotes/master [3ms]
2024-02-03 20:18:05.110 [info] > git status -z -uall [3ms]
2024-02-03 20:18:10.135 [info] > git config --get commit.template [8ms]
2024-02-03 20:18:10.135 [info] > git for-each-ref --format=%(refname)%00%(upstream:short)%00%(objectname)%00%(upstream:track)%00%(upstream:remotename)%00%(upstream:remoteref) refs/heads/master refs/remotes/master [1ms]
2024-02-03 20:18:10.144 [info] > git status -z -uall [2ms]
2024-02-03 20:19:52.972 [info] > git config --get commit.template [16ms]
2024-02-03 20:19:52.972 [info] > git for-each-ref --format=%(refname)%00%(upstream:short)%00%(objectname)%00%(upstream:track)%00%(upstream:remotename)%00%(upstream:remoteref) refs/heads/master refs/remotes/master [1ms]
2024-02-03 20:19:52.985 [info] > git status -z -uall [2ms]
2024-02-03 20:19:58.026 [info] > git config --get commit.template [15ms]
2024-02-03 20:19:58.027 [info] > git for-each-ref --format=%(refname)%00%(upstream:short)%00%(objectname)%00%(upstream:track)%00%(upstream:remotename)%00%(upstream:remoteref) refs/heads/master refs/remotes/master [2ms]
2024-02-03 20:19:58.041 [info] > git status -z -uall [2ms]
2024-02-03 20:20:10.386 [info] > git for-each-ref --format=%(refname)%00%(upstream:short)%00%(objectname)%00%(upstream:track)%00%(upstream:remotename)%00%(upstream:remoteref) refs/heads/master refs/remotes/master [14ms]
2024-02-03 20:20:10.386 [info] > git config --get commit.template [30ms]
2024-02-03 20:20:10.406 [info] > git status -z -uall [12ms]
2024-02-03 20:21:09.742 [info] > git config --get commit.template [6ms]
2024-02-03 20:21:09.743 [info] > git for-each-ref --format=%(refname)%00%(upstream:short)%00%(objectname)%00%(upstream:track)%00%(upstream:remotename)%00%(upstream:remoteref) refs/heads/master refs/remotes/master [1ms]
2024-02-03 20:21:09.751 [info] > git status -z -uall [1ms]
2024-02-03 20:21:14.796 [info] > git config --get commit.template [19ms]
2024-02-03 20:21:14.797 [info] > git for-each-ref --format=%(refname)%00%(upstream:short)%00%(objectname)%00%(upstream:track)%00%(upstream:remotename)%00%(upstream:remoteref) refs/heads/master refs/remotes/master [4ms]
2024-02-03 20:21:14.811 [info] > git status -z -uall [4ms]
2024-02-03 20:21:19.841 [info] > git config --get commit.template [6ms]
2024-02-03 20:21:19.842 [info] > git for-each-ref --format=%(refname)%00%(upstream:short)%00%(objectname)%00%(upstream:track)%00%(upstream:remotename)%00%(upstream:remoteref) refs/heads/master refs/remotes/master [0ms]
2024-02-03 20:21:19.851 [info] > git status -z -uall [2ms]
2024-02-03 20:21:57.173 [info] > git config --get commit.template [2ms]
2024-02-03 20:21:57.182 [info] > git for-each-ref --format=%(refname)%00%(upstream:short)%00%(objectname)%00%(upstream:track)%00%(upstream:remotename)%00%(upstream:remoteref) refs/heads/master refs/remotes/master [1ms]
2024-02-03 20:21:57.190 [info] > git status -z -uall [2ms]
2024-02-03 20:22:02.234 [info] > git config --get commit.template [18ms]
2024-02-03 20:22:02.234 [info] > git for-each-ref --format=%(refname)%00%(upstream:short)%00%(objectname)%00%(upstream:track)%00%(upstream:remotename)%00%(upstream:remoteref) refs/heads/master refs/remotes/master [1ms]
2024-02-03 20:22:02.247 [info] > git status -z -uall [3ms]
2024-02-03 20:22:08.036 [info] > git config --get commit.template [14ms]
2024-02-03 20:22:08.036 [info] > git for-each-ref --format=%(refname)%00%(upstream:short)%00%(objectname)%00%(upstream:track)%00%(upstream:remotename)%00%(upstream:remoteref) refs/heads/master refs/remotes/master [1ms]
2024-02-03 20:22:08.046 [info] > git status -z -uall [2ms]
2024-02-03 20:22:08.115 [info] > git ls-files --stage -- /home/anthonyoon/Documents/FIT3171/workspace/Applieds/Wk5/App09/applied9_sql_basic_intermediate.sql [1ms]
2024-02-03 20:22:08.127 [info] > git cat-file -s f808f371575d67676988907525606d4d8ffe1c78 [2ms]
2024-02-03 20:22:08.141 [info] > git show --textconv :Applieds/Wk5/App09/applied9_sql_basic_intermediate.sql [2ms]
2024-02-03 20:22:17.590 [info] > git config --get commit.template [17ms]
2024-02-03 20:22:17.591 [info] > git for-each-ref --format=%(refname)%00%(upstream:short)%00%(objectname)%00%(upstream:track)%00%(upstream:remotename)%00%(upstream:remoteref) refs/heads/master refs/remotes/master [2ms]
2024-02-03 20:22:17.603 [info] > git status -z -uall [2ms]
2024-02-03 20:22:17.676 [info] > git ls-files --stage -- /home/anthonyoon/Documents/FIT3171/workspace/Applieds/Wk5/App09/applied9_sql_basic_intermediate.sql [3ms]
2024-02-03 20:22:17.691 [info] > git cat-file -s f808f371575d67676988907525606d4d8ffe1c78 [1ms]
2024-02-03 20:22:17.704 [info] > git show --textconv :Applieds/Wk5/App09/applied9_sql_basic_intermediate.sql [1ms]
2024-02-03 20:22:33.003 [info] > git config --get commit.template [0ms]
2024-02-03 20:22:33.011 [info] > git for-each-ref --format=%(refname)%00%(upstream:short)%00%(objectname)%00%(upstream:track)%00%(upstream:remotename)%00%(upstream:remoteref) refs/heads/master refs/remotes/master [1ms]
2024-02-03 20:22:33.020 [info] > git status -z -uall [2ms]
2024-02-03 20:22:33.102 [info] > git ls-files --stage -- /home/anthonyoon/Documents/FIT3171/workspace/Applieds/Wk5/App09/applied9_sql_basic_intermediate.sql [1ms]
2024-02-03 20:22:33.109 [info] > git cat-file -s f808f371575d67676988907525606d4d8ffe1c78 [0ms]
2024-02-03 20:22:33.118 [info] > git show --textconv :Applieds/Wk5/App09/applied9_sql_basic_intermediate.sql [1ms]
2024-02-03 20:25:15.695 [info] > git config --get commit.template [1ms]
2024-02-03 20:25:15.704 [info] > git for-each-ref --format=%(refname)%00%(upstream:short)%00%(objectname)%00%(upstream:track)%00%(upstream:remotename)%00%(upstream:remoteref) refs/heads/master refs/remotes/master [2ms]
2024-02-03 20:25:15.711 [info] > git status -z -uall [1ms]
2024-02-03 20:25:20.743 [info] > git config --get commit.template [7ms]
2024-02-03 20:25:20.757 [info] > git for-each-ref --format=%(refname)%00%(upstream:short)%00%(objectname)%00%(upstream:track)%00%(upstream:remotename)%00%(upstream:remoteref) refs/heads/master refs/remotes/master [1ms]
2024-02-03 20:25:20.770 [info] > git status -z -uall [2ms]
2024-02-03 20:25:35.062 [info] > git config --get commit.template [13ms]
2024-02-03 20:25:35.063 [info] > git for-each-ref --format=%(refname)%00%(upstream:short)%00%(objectname)%00%(upstream:track)%00%(upstream:remotename)%00%(upstream:remoteref) refs/heads/master refs/remotes/master [2ms]
2024-02-03 20:25:35.072 [info] > git status -z -uall [2ms]
2024-02-03 20:25:40.115 [info] > git config --get commit.template [16ms]
2024-02-03 20:25:40.117 [info] > git for-each-ref --format=%(refname)%00%(upstream:short)%00%(objectname)%00%(upstream:track)%00%(upstream:remotename)%00%(upstream:remoteref) refs/heads/master refs/remotes/master [3ms]
2024-02-03 20:25:40.130 [info] > git status -z -uall [2ms]
2024-02-03 20:25:54.261 [info] > git config --get commit.template [18ms]
2024-02-03 20:25:54.262 [info] > git for-each-ref --format=%(refname)%00%(upstream:short)%00%(objectname)%00%(upstream:track)%00%(upstream:remotename)%00%(upstream:remoteref) refs/heads/master refs/remotes/master [1ms]
2024-02-03 20:25:54.274 [info] > git status -z -uall [2ms]
2024-02-03 20:28:39.853 [info] > git config --get commit.template [6ms]
2024-02-03 20:28:39.854 [info] > git for-each-ref --format=%(refname)%00%(upstream:short)%00%(objectname)%00%(upstream:track)%00%(upstream:remotename)%00%(upstream:remoteref) refs/heads/master refs/remotes/master [1ms]
2024-02-03 20:28:39.865 [info] > git status -z -uall [3ms]
2024-02-03 20:28:44.907 [info] > git config --get commit.template [18ms]
2024-02-03 20:28:44.908 [info] > git for-each-ref --format=%(refname)%00%(upstream:short)%00%(objectname)%00%(upstream:track)%00%(upstream:remotename)%00%(upstream:remoteref) refs/heads/master refs/remotes/master [3ms]
2024-02-03 20:28:44.924 [info] > git status -z -uall [3ms]
2024-02-03 20:29:12.825 [info] > git config --get commit.template [6ms]
2024-02-03 20:29:12.826 [info] > git for-each-ref --format=%(refname)%00%(upstream:short)%00%(objectname)%00%(upstream:track)%00%(upstream:remotename)%00%(upstream:remoteref) refs/heads/master refs/remotes/master [2ms]
2024-02-03 20:29:12.834 [info] > git status -z -uall [2ms]
2024-02-03 20:29:17.853 [info] > git config --get commit.template [6ms]
2024-02-03 20:29:17.854 [info] > git for-each-ref --format=%(refname)%00%(upstream:short)%00%(objectname)%00%(upstream:track)%00%(upstream:remotename)%00%(upstream:remoteref) refs/heads/master refs/remotes/master [1ms]
2024-02-03 20:29:17.863 [info] > git status -z -uall [2ms]
2024-02-03 20:29:46.627 [info] > git config --get commit.template [5ms]
2024-02-03 20:29:46.636 [info] > git for-each-ref --format=%(refname)%00%(upstream:short)%00%(objectname)%00%(upstream:track)%00%(upstream:remotename)%00%(upstream:remoteref) refs/heads/master refs/remotes/master [1ms]
2024-02-03 20:29:46.644 [info] > git status -z -uall [2ms]
2024-02-03 20:29:51.689 [info] > git config --get commit.template [22ms]
2024-02-03 20:29:51.692 [info] > git for-each-ref --format=%(refname)%00%(upstream:short)%00%(objectname)%00%(upstream:track)%00%(upstream:remotename)%00%(upstream:remoteref) refs/heads/master refs/remotes/master [4ms]
2024-02-03 20:29:51.711 [info] > git status -z -uall [5ms]
2024-02-03 20:32:13.305 [info] > git config --get commit.template [7ms]
2024-02-03 20:32:13.305 [info] > git for-each-ref --format=%(refname)%00%(upstream:short)%00%(objectname)%00%(upstream:track)%00%(upstream:remotename)%00%(upstream:remoteref) refs/heads/master refs/remotes/master [2ms]
2024-02-03 20:32:13.312 [info] > git status -z -uall [1ms]
2024-02-03 20:32:18.339 [info] > git config --get commit.template [16ms]
2024-02-03 20:32:18.344 [info] > git for-each-ref --format=%(refname)%00%(upstream:short)%00%(objectname)%00%(upstream:track)%00%(upstream:remotename)%00%(upstream:remoteref) refs/heads/master refs/remotes/master [8ms]
2024-02-03 20:32:18.377 [info] > git status -z -uall [6ms]
2024-02-03 20:32:23.413 [info] > git config --get commit.template [14ms]
2024-02-03 20:32:23.414 [info] > git for-each-ref --format=%(refname)%00%(upstream:short)%00%(objectname)%00%(upstream:track)%00%(upstream:remotename)%00%(upstream:remoteref) refs/heads/master refs/remotes/master [1ms]
2024-02-03 20:32:23.425 [info] > git status -z -uall [2ms]
2024-02-03 20:33:04.324 [info] > git config --get commit.template [14ms]
2024-02-03 20:33:04.324 [info] > git for-each-ref --format=%(refname)%00%(upstream:short)%00%(objectname)%00%(upstream:track)%00%(upstream:remotename)%00%(upstream:remoteref) refs/heads/master refs/remotes/master [1ms]
2024-02-03 20:33:04.337 [info] > git status -z -uall [2ms]
2024-02-03 20:33:31.705 [info] > git config --get commit.template [14ms]
2024-02-03 20:33:31.706 [info] > git for-each-ref --format=%(refname)%00%(upstream:short)%00%(objectname)%00%(upstream:track)%00%(upstream:remotename)%00%(upstream:remoteref) refs/heads/master refs/remotes/master [2ms]
2024-02-03 20:33:31.718 [info] > git status -z -uall [3ms]
2024-02-03 20:35:24.132 [info] > git config --get commit.template [10ms]
2024-02-03 20:35:24.133 [info] > git for-each-ref --format=%(refname)%00%(upstream:short)%00%(objectname)%00%(upstream:track)%00%(upstream:remotename)%00%(upstream:remoteref) refs/heads/master refs/remotes/master [1ms]
2024-02-03 20:35:24.144 [info] > git status -z -uall [4ms]
2024-02-03 20:35:29.185 [info] > git config --get commit.template [13ms]
2024-02-03 20:35:29.186 [info] > git for-each-ref --format=%(refname)%00%(upstream:short)%00%(objectname)%00%(upstream:track)%00%(upstream:remotename)%00%(upstream:remoteref) refs/heads/master refs/remotes/master [1ms]
2024-02-03 20:35:29.197 [info] > git status -z -uall [3ms]
2024-02-03 20:42:40.385 [info] > git config --get commit.template [10ms]
2024-02-03 20:42:40.386 [info] > git for-each-ref --format=%(refname)%00%(upstream:short)%00%(objectname)%00%(upstream:track)%00%(upstream:remotename)%00%(upstream:remoteref) refs/heads/master refs/remotes/master [2ms]
2024-02-03 20:42:40.398 [info] > git status -z -uall [2ms]
2024-02-03 20:42:45.415 [info] > git config --get commit.template [8ms]
2024-02-03 20:42:45.416 [info] > git for-each-ref --format=%(refname)%00%(upstream:short)%00%(objectname)%00%(upstream:track)%00%(upstream:remotename)%00%(upstream:remoteref) refs/heads/master refs/remotes/master [2ms]
2024-02-03 20:42:45.424 [info] > git status -z -uall [2ms]
2024-02-03 20:42:55.435 [info] > git config --get commit.template [16ms]
2024-02-03 20:42:55.435 [info] > git for-each-ref --format=%(refname)%00%(upstream:short)%00%(objectname)%00%(upstream:track)%00%(upstream:remotename)%00%(upstream:remoteref) refs/heads/master refs/remotes/master [1ms]
2024-02-03 20:42:55.449 [info] > git status -z -uall [2ms]
2024-02-03 20:45:54.998 [info] > git config --get commit.template [10ms]
2024-02-03 20:45:54.999 [info] > git for-each-ref --format=%(refname)%00%(upstream:short)%00%(objectname)%00%(upstream:track)%00%(upstream:remotename)%00%(upstream:remoteref) refs/heads/master refs/remotes/master [2ms]
2024-02-03 20:45:55.011 [info] > git status -z -uall [2ms]
2024-02-03 20:46:00.041 [info] > git config --get commit.template [14ms]
2024-02-03 20:46:00.042 [info] > git for-each-ref --format=%(refname)%00%(upstream:short)%00%(objectname)%00%(upstream:track)%00%(upstream:remotename)%00%(upstream:remoteref) refs/heads/master refs/remotes/master [2ms]
2024-02-03 20:46:00.051 [info] > git status -z -uall [2ms]
2024-02-03 20:46:05.090 [info] > git config --get commit.template [23ms]
2024-02-03 20:46:05.091 [info] > git for-each-ref --format=%(refname)%00%(upstream:short)%00%(objectname)%00%(upstream:track)%00%(upstream:remotename)%00%(upstream:remoteref) refs/heads/master refs/remotes/master [6ms]
2024-02-03 20:46:05.120 [info] > git status -z -uall [4ms]
2024-02-03 20:46:36.907 [info] > git config --get commit.template [7ms]
2024-02-03 20:46:36.907 [info] > git for-each-ref --format=%(refname)%00%(upstream:short)%00%(objectname)%00%(upstream:track)%00%(upstream:remotename)%00%(upstream:remoteref) refs/heads/master refs/remotes/master [1ms]
2024-02-03 20:46:36.914 [info] > git status -z -uall [1ms]
2024-02-03 20:46:41.953 [info] > git config --get commit.template [13ms]
2024-02-03 20:46:41.955 [info] > git for-each-ref --format=%(refname)%00%(upstream:short)%00%(objectname)%00%(upstream:track)%00%(upstream:remotename)%00%(upstream:remoteref) refs/heads/master refs/remotes/master [3ms]
2024-02-03 20:46:41.965 [info] > git status -z -uall [2ms]
2024-02-03 20:46:49.315 [info] > git config --get commit.template [6ms]
2024-02-03 20:46:49.316 [info] > git for-each-ref --format=%(refname)%00%(upstream:short)%00%(objectname)%00%(upstream:track)%00%(upstream:remotename)%00%(upstream:remoteref) refs/heads/master refs/remotes/master [2ms]
2024-02-03 20:46:49.326 [info] > git status -z -uall [1ms]
2024-02-03 20:46:54.361 [info] > git config --get commit.template [14ms]
2024-02-03 20:46:54.362 [info] > git for-each-ref --format=%(refname)%00%(upstream:short)%00%(objectname)%00%(upstream:track)%00%(upstream:remotename)%00%(upstream:remoteref) refs/heads/master refs/remotes/master [3ms]
2024-02-03 20:46:54.374 [info] > git status -z -uall [2ms]
2024-02-03 20:46:59.393 [info] > git config --get commit.template [1ms]
2024-02-03 20:46:59.402 [info] > git for-each-ref --format=%(refname)%00%(upstream:short)%00%(objectname)%00%(upstream:track)%00%(upstream:remotename)%00%(upstream:remoteref) refs/heads/master refs/remotes/master [1ms]
2024-02-03 20:46:59.418 [info] > git status -z -uall [4ms]
2024-02-03 20:47:04.459 [info] > git config --get commit.template [17ms]
2024-02-03 20:47:04.460 [info] > git for-each-ref --format=%(refname)%00%(upstream:short)%00%(objectname)%00%(upstream:track)%00%(upstream:remotename)%00%(upstream:remoteref) refs/heads/master refs/remotes/master [2ms]
2024-02-03 20:47:04.470 [info] > git status -z -uall [2ms]
2024-02-03 20:47:09.510 [info] > git config --get commit.template [22ms]
2024-02-03 20:47:09.510 [info] > git for-each-ref --format=%(refname)%00%(upstream:short)%00%(objectname)%00%(upstream:track)%00%(upstream:remotename)%00%(upstream:remoteref) refs/heads/master refs/remotes/master [4ms]
2024-02-03 20:47:09.528 [info] > git status -z -uall [3ms]
2024-02-03 20:47:14.539 [info] > git config --get commit.template [1ms]
2024-02-03 20:47:14.546 [info] > git for-each-ref --format=%(refname)%00%(upstream:short)%00%(objectname)%00%(upstream:track)%00%(upstream:remotename)%00%(upstream:remoteref) refs/heads/master refs/remotes/master [1ms]
2024-02-03 20:47:14.554 [info] > git status -z -uall [1ms]
2024-02-03 20:47:19.601 [info] > git config --get commit.template [19ms]
2024-02-03 20:47:19.602 [info] > git for-each-ref --format=%(refname)%00%(upstream:short)%00%(objectname)%00%(upstream:track)%00%(upstream:remotename)%00%(upstream:remoteref) refs/heads/master refs/remotes/master [2ms]
2024-02-03 20:47:19.620 [info] > git status -z -uall [5ms]
2024-02-03 20:47:26.107 [info] > git config --get commit.template [18ms]
2024-02-03 20:47:26.108 [info] > git for-each-ref --format=%(refname)%00%(upstream:short)%00%(objectname)%00%(upstream:track)%00%(upstream:remotename)%00%(upstream:remoteref) refs/heads/master refs/remotes/master [2ms]
2024-02-03 20:47:26.120 [info] > git status -z -uall [2ms]
2024-02-03 20:47:31.160 [info] > git config --get commit.template [19ms]
2024-02-03 20:47:31.161 [info] > git for-each-ref --format=%(refname)%00%(upstream:short)%00%(objectname)%00%(upstream:track)%00%(upstream:remotename)%00%(upstream:remoteref) refs/heads/master refs/remotes/master [1ms]
2024-02-03 20:47:31.177 [info] > git status -z -uall [3ms]
2024-02-03 20:47:36.218 [info] > git config --get commit.template [16ms]
2024-02-03 20:47:36.219 [info] > git for-each-ref --format=%(refname)%00%(upstream:short)%00%(objectname)%00%(upstream:track)%00%(upstream:remotename)%00%(upstream:remoteref) refs/heads/master refs/remotes/master [3ms]
2024-02-03 20:47:36.237 [info] > git status -z -uall [7ms]
2024-02-03 20:47:41.260 [info] > git config --get commit.template [6ms]
2024-02-03 20:47:41.260 [info] > git for-each-ref --format=%(refname)%00%(upstream:short)%00%(objectname)%00%(upstream:track)%00%(upstream:remotename)%00%(upstream:remoteref) refs/heads/master refs/remotes/master [1ms]
2024-02-03 20:47:41.268 [info] > git status -z -uall [2ms]
2024-02-03 20:47:46.284 [info] > git config --get commit.template [6ms]
2024-02-03 20:47:46.284 [info] > git for-each-ref --format=%(refname)%00%(upstream:short)%00%(objectname)%00%(upstream:track)%00%(upstream:remotename)%00%(upstream:remoteref) refs/heads/master refs/remotes/master [1ms]
2024-02-03 20:47:46.291 [info] > git status -z -uall [1ms]
2024-02-03 20:47:51.322 [info] > git config --get commit.template [12ms]
2024-02-03 20:47:51.323 [info] > git for-each-ref --format=%(refname)%00%(upstream:short)%00%(objectname)%00%(upstream:track)%00%(upstream:remotename)%00%(upstream:remoteref) refs/heads/master refs/remotes/master [1ms]
2024-02-03 20:47:51.334 [info] > git status -z -uall [2ms]
2024-02-03 20:47:56.382 [info] > git config --get commit.template [24ms]
2024-02-03 20:47:56.384 [info] > git for-each-ref --format=%(refname)%00%(upstream:short)%00%(objectname)%00%(upstream:track)%00%(upstream:remotename)%00%(upstream:remoteref) refs/heads/master refs/remotes/master [4ms]
2024-02-03 20:47:56.401 [info] > git status -z -uall [4ms]
2024-02-03 20:48:01.446 [info] > git config --get commit.template [19ms]
2024-02-03 20:48:01.447 [info] > git for-each-ref --format=%(refname)%00%(upstream:short)%00%(objectname)%00%(upstream:track)%00%(upstream:remotename)%00%(upstream:remoteref) refs/heads/master refs/remotes/master [2ms]
2024-02-03 20:48:01.467 [info] > git status -z -uall [6ms]
2024-02-03 20:48:06.510 [info] > git config --get commit.template [16ms]
2024-02-03 20:48:06.511 [info] > git for-each-ref --format=%(refname)%00%(upstream:short)%00%(objectname)%00%(upstream:track)%00%(upstream:remotename)%00%(upstream:remoteref) refs/heads/master refs/remotes/master [1ms]
2024-02-03 20:48:06.522 [info] > git status -z -uall [2ms]
2024-02-03 20:48:19.025 [info] > git config --get commit.template [18ms]
2024-02-03 20:48:19.025 [info] > git for-each-ref --format=%(refname)%00%(upstream:short)%00%(objectname)%00%(upstream:track)%00%(upstream:remotename)%00%(upstream:remoteref) refs/heads/master refs/remotes/master [1ms]
2024-02-03 20:48:19.036 [info] > git status -z -uall [2ms]
2024-02-03 20:48:24.487 [info] > git config --get commit.template [19ms]
2024-02-03 20:48:24.488 [info] > git for-each-ref --format=%(refname)%00%(upstream:short)%00%(objectname)%00%(upstream:track)%00%(upstream:remotename)%00%(upstream:remoteref) refs/heads/master refs/remotes/master [1ms]
2024-02-03 20:48:24.498 [info] > git status -z -uall [3ms]
2024-02-03 20:48:29.519 [info] > git config --get commit.template [7ms]
2024-02-03 20:48:29.520 [info] > git for-each-ref --format=%(refname)%00%(upstream:short)%00%(objectname)%00%(upstream:track)%00%(upstream:remotename)%00%(upstream:remoteref) refs/heads/master refs/remotes/master [1ms]
2024-02-03 20:48:29.526 [info] > git status -z -uall [1ms]
2024-02-03 20:48:34.568 [info] > git config --get commit.template [16ms]
2024-02-03 20:48:34.569 [info] > git for-each-ref --format=%(refname)%00%(upstream:short)%00%(objectname)%00%(upstream:track)%00%(upstream:remotename)%00%(upstream:remoteref) refs/heads/master refs/remotes/master [1ms]
2024-02-03 20:48:34.585 [info] > git status -z -uall [4ms]
2024-02-03 20:49:31.498 [info] > git config --get commit.template [17ms]
2024-02-03 20:49:31.499 [info] > git for-each-ref --format=%(refname)%00%(upstream:short)%00%(objectname)%00%(upstream:track)%00%(upstream:remotename)%00%(upstream:remoteref) refs/heads/master refs/remotes/master [2ms]
2024-02-03 20:49:31.514 [info] > git status -z -uall [4ms]
2024-02-03 20:50:10.281 [info] > git config --get commit.template [18ms]
2024-02-03 20:50:10.282 [info] > git for-each-ref --format=%(refname)%00%(upstream:short)%00%(objectname)%00%(upstream:track)%00%(upstream:remotename)%00%(upstream:remoteref) refs/heads/master refs/remotes/master [2ms]
2024-02-03 20:50:10.297 [info] > git status -z -uall [3ms]
2024-02-03 20:50:15.755 [info] > git config --get commit.template [10ms]
2024-02-03 20:50:15.756 [info] > git for-each-ref --format=%(refname)%00%(upstream:short)%00%(objectname)%00%(upstream:track)%00%(upstream:remotename)%00%(upstream:remoteref) refs/heads/master refs/remotes/master [1ms]
2024-02-03 20:50:15.765 [info] > git status -z -uall [1ms]
2024-02-03 20:50:20.795 [info] > git config --get commit.template [13ms]
2024-02-03 20:50:20.798 [info] > git for-each-ref --format=%(refname)%00%(upstream:short)%00%(objectname)%00%(upstream:track)%00%(upstream:remotename)%00%(upstream:remoteref) refs/heads/master refs/remotes/master [5ms]
2024-02-03 20:50:20.812 [info] > git status -z -uall [2ms]
2024-02-03 20:51:05.884 [info] > git config --get commit.template [4ms]
2024-02-03 20:51:05.900 [info] > git for-each-ref --format=%(refname)%00%(upstream:short)%00%(objectname)%00%(upstream:track)%00%(upstream:remotename)%00%(upstream:remoteref) refs/heads/master refs/remotes/master [2ms]
2024-02-03 20:51:05.913 [info] > git status -z -uall [2ms]
2024-02-03 20:51:10.943 [info] > git config --get commit.template [4ms]
2024-02-03 20:51:10.962 [info] > git for-each-ref --format=%(refname)%00%(upstream:short)%00%(objectname)%00%(upstream:track)%00%(upstream:remotename)%00%(upstream:remoteref) refs/heads/master refs/remotes/master [4ms]
2024-02-03 20:51:10.973 [info] > git status -z -uall [2ms]
2024-02-03 20:51:28.199 [info] > git config --get commit.template [12ms]
2024-02-03 20:51:28.201 [info] > git for-each-ref --format=%(refname)%00%(upstream:short)%00%(objectname)%00%(upstream:track)%00%(upstream:remotename)%00%(upstream:remoteref) refs/heads/master refs/remotes/master [2ms]
2024-02-03 20:51:28.217 [info] > git status -z -uall [3ms]
2024-02-03 20:51:33.256 [info] > git config --get commit.template [15ms]
2024-02-03 20:51:33.258 [info] > git for-each-ref --format=%(refname)%00%(upstream:short)%00%(objectname)%00%(upstream:track)%00%(upstream:remotename)%00%(upstream:remoteref) refs/heads/master refs/remotes/master [4ms]
2024-02-03 20:51:33.268 [info] > git status -z -uall [2ms]
2024-02-03 20:51:38.314 [info] > git config --get commit.template [19ms]
2024-02-03 20:51:38.314 [info] > git for-each-ref --format=%(refname)%00%(upstream:short)%00%(objectname)%00%(upstream:track)%00%(upstream:remotename)%00%(upstream:remoteref) refs/heads/master refs/remotes/master [1ms]
2024-02-03 20:51:38.328 [info] > git status -z -uall [1ms]
2024-02-03 20:51:43.375 [info] > git config --get commit.template [20ms]
2024-02-03 20:51:43.376 [info] > git for-each-ref --format=%(refname)%00%(upstream:short)%00%(objectname)%00%(upstream:track)%00%(upstream:remotename)%00%(upstream:remoteref) refs/heads/master refs/remotes/master [3ms]
2024-02-03 20:51:43.395 [info] > git status -z -uall [3ms]
2024-02-03 20:51:48.530 [info] > git config --get commit.template [3ms]
2024-02-03 20:51:48.548 [info] > git for-each-ref --format=%(refname)%00%(upstream:short)%00%(objectname)%00%(upstream:track)%00%(upstream:remotename)%00%(upstream:remoteref) refs/heads/master refs/remotes/master [2ms]
2024-02-03 20:51:48.558 [info] > git status -z -uall [2ms]
2024-02-03 20:51:53.581 [info] > git config --get commit.template [8ms]
2024-02-03 20:51:53.582 [info] > git for-each-ref --format=%(refname)%00%(upstream:short)%00%(objectname)%00%(upstream:track)%00%(upstream:remotename)%00%(upstream:remoteref) refs/heads/master refs/remotes/master [1ms]
2024-02-03 20:51:53.593 [info] > git status -z -uall [3ms]
2024-02-03 20:51:58.632 [info] > git config --get commit.template [16ms]
2024-02-03 20:51:58.634 [info] > git for-each-ref --format=%(refname)%00%(upstream:short)%00%(objectname)%00%(upstream:track)%00%(upstream:remotename)%00%(upstream:remoteref) refs/heads/master refs/remotes/master [1ms]
2024-02-03 20:51:58.648 [info] > git status -z -uall [3ms]
2024-02-03 20:52:42.355 [info] > git config --get commit.template [10ms]
2024-02-03 20:52:42.355 [info] > git for-each-ref --format=%(refname)%00%(upstream:short)%00%(objectname)%00%(upstream:track)%00%(upstream:remotename)%00%(upstream:remoteref) refs/heads/master refs/remotes/master [1ms]
2024-02-03 20:52:42.363 [info] > git status -z -uall [2ms]
2024-02-03 20:52:47.400 [info] > git config --get commit.template [11ms]
2024-02-03 20:52:47.417 [info] > git for-each-ref --format=%(refname)%00%(upstream:short)%00%(objectname)%00%(upstream:track)%00%(upstream:remotename)%00%(upstream:remoteref) refs/heads/master refs/remotes/master [2ms]
2024-02-03 20:52:47.428 [info] > git status -z -uall [2ms]
2024-02-03 20:52:52.702 [info] > git config --get commit.template [10ms]
2024-02-03 20:52:52.703 [info] > git for-each-ref --format=%(refname)%00%(upstream:short)%00%(objectname)%00%(upstream:track)%00%(upstream:remotename)%00%(upstream:remoteref) refs/heads/master refs/remotes/master [1ms]
2024-02-03 20:52:52.712 [info] > git status -z -uall [2ms]
2024-02-03 20:52:57.746 [info] > git config --get commit.template [16ms]
2024-02-03 20:52:57.746 [info] > git for-each-ref --format=%(refname)%00%(upstream:short)%00%(objectname)%00%(upstream:track)%00%(upstream:remotename)%00%(upstream:remoteref) refs/heads/master refs/remotes/master [1ms]
2024-02-03 20:52:57.756 [info] > git status -z -uall [3ms]
2024-02-03 20:53:02.800 [info] > git config --get commit.template [18ms]
2024-02-03 20:53:02.801 [info] > git for-each-ref --format=%(refname)%00%(upstream:short)%00%(objectname)%00%(upstream:track)%00%(upstream:remotename)%00%(upstream:remoteref) refs/heads/master refs/remotes/master [2ms]
2024-02-03 20:53:02.813 [info] > git status -z -uall [2ms]
2024-02-03 20:53:07.857 [info] > git config --get commit.template [17ms]
2024-02-03 20:53:07.858 [info] > git for-each-ref --format=%(refname)%00%(upstream:short)%00%(objectname)%00%(upstream:track)%00%(upstream:remotename)%00%(upstream:remoteref) refs/heads/master refs/remotes/master [2ms]
2024-02-03 20:53:07.873 [info] > git status -z -uall [2ms]
2024-02-03 20:53:13.321 [info] > git config --get commit.template [13ms]
2024-02-03 20:53:13.322 [info] > git for-each-ref --format=%(refname)%00%(upstream:short)%00%(objectname)%00%(upstream:track)%00%(upstream:remotename)%00%(upstream:remoteref) refs/heads/master refs/remotes/master [3ms]
2024-02-03 20:53:13.338 [info] > git status -z -uall [7ms]
2024-02-03 20:53:21.696 [info] > git config --get commit.template [20ms]
2024-02-03 20:53:21.696 [info] > git for-each-ref --format=%(refname)%00%(upstream:short)%00%(objectname)%00%(upstream:track)%00%(upstream:remotename)%00%(upstream:remoteref) refs/heads/master refs/remotes/master [2ms]
2024-02-03 20:53:21.712 [info] > git status -z -uall [4ms]
2024-02-03 20:53:45.902 [info] > git config --get commit.template [12ms]
2024-02-03 20:53:45.903 [info] > git for-each-ref --format=%(refname)%00%(upstream:short)%00%(objectname)%00%(upstream:track)%00%(upstream:remotename)%00%(upstream:remoteref) refs/heads/master refs/remotes/master [2ms]
2024-02-03 20:53:45.914 [info] > git status -z -uall [2ms]
2024-02-03 20:53:45.993 [info] > git ls-files --stage -- /home/anthonyoon/Documents/FIT3171/workspace/Applieds/Wk5/App09/applied9_sql_basic_intermediate.sql [2ms]
2024-02-03 20:53:46.011 [info] > git cat-file -s 8e3cdb41551e8994a8595eea0dd0fc10eab911e2 [2ms]
2024-02-03 20:53:46.022 [info] > git show --textconv :Applieds/Wk5/App09/applied9_sql_basic_intermediate.sql [1ms]
2024-02-03 20:54:06.002 [info] > git config --get commit.template [17ms]
2024-02-03 20:54:06.003 [info] > git for-each-ref --format=%(refname)%00%(upstream:short)%00%(objectname)%00%(upstream:track)%00%(upstream:remotename)%00%(upstream:remoteref) refs/heads/master refs/remotes/master [3ms]
2024-02-03 20:54:06.027 [info] > git status -z -uall [3ms]
2024-02-03 20:54:06.084 [info] > git ls-files --stage -- /home/anthonyoon/Documents/FIT3171/workspace/Applieds/Wk5/App09/applied9_sql_basic_intermediate.sql [2ms]
2024-02-03 20:54:06.091 [info] > git cat-file -s 8e3cdb41551e8994a8595eea0dd0fc10eab911e2 [1ms]
2024-02-03 20:54:06.101 [info] > git show --textconv :Applieds/Wk5/App09/applied9_sql_basic_intermediate.sql [1ms]
2024-02-03 20:54:14.905 [info] > git config --get commit.template [14ms]
2024-02-03 20:54:14.912 [info] > git ls-files --stage -- /home/anthonyoon/Documents/FIT3171/workspace/Applieds/Wk5/App09/applied9_sql_basic_intermediate.sql [7ms]
2024-02-03 20:54:14.918 [info] > git for-each-ref --format=%(refname)%00%(upstream:short)%00%(objectname)%00%(upstream:track)%00%(upstream:remotename)%00%(upstream:remoteref) refs/heads/master refs/remotes/master [7ms]
2024-02-03 20:54:14.918 [info] > git cat-file -s 8e3cdb41551e8994a8595eea0dd0fc10eab911e2 [0ms]
2024-02-03 20:54:14.933 [info] > git status -z -uall [9ms]
2024-02-03 20:54:14.936 [info] > git show --textconv :Applieds/Wk5/App09/applied9_sql_basic_intermediate.sql [4ms]
2024-02-03 20:56:28.694 [info] > git config --get commit.template [10ms]
2024-02-03 20:56:28.694 [info] > git for-each-ref --format=%(refname)%00%(upstream:short)%00%(objectname)%00%(upstream:track)%00%(upstream:remotename)%00%(upstream:remoteref) refs/heads/master refs/remotes/master [1ms]
2024-02-03 20:56:28.702 [info] > git status -z -uall [2ms]
2024-02-03 20:56:33.734 [info] > git config --get commit.template [12ms]
2024-02-03 20:56:33.735 [info] > git for-each-ref --format=%(refname)%00%(upstream:short)%00%(objectname)%00%(upstream:track)%00%(upstream:remotename)%00%(upstream:remoteref) refs/heads/master refs/remotes/master [1ms]
2024-02-03 20:56:33.747 [info] > git status -z -uall [3ms]
2024-02-03 20:56:47.117 [info] > git config --get commit.template [4ms]
2024-02-03 20:56:47.133 [info] > git for-each-ref --format=%(refname)%00%(upstream:short)%00%(objectname)%00%(upstream:track)%00%(upstream:remotename)%00%(upstream:remoteref) refs/heads/master refs/remotes/master [2ms]
2024-02-03 20:56:47.145 [info] > git status -z -uall [3ms]
2024-02-03 20:56:52.192 [info] > git config --get commit.template [22ms]
2024-02-03 20:56:52.194 [info] > git for-each-ref --format=%(refname)%00%(upstream:short)%00%(objectname)%00%(upstream:track)%00%(upstream:remotename)%00%(upstream:remoteref) refs/heads/master refs/remotes/master [4ms]
2024-02-03 20:56:52.214 [info] > git status -z -uall [4ms]
2024-02-03 20:57:12.026 [info] > git config --get commit.template [17ms]
2024-02-03 20:57:12.027 [info] > git for-each-ref --format=%(refname)%00%(upstream:short)%00%(objectname)%00%(upstream:track)%00%(upstream:remotename)%00%(upstream:remoteref) refs/heads/master refs/remotes/master [3ms]
2024-02-03 20:57:12.037 [info] > git status -z -uall [2ms]
2024-02-03 20:57:17.960 [info] > git config --get commit.template [4ms]
2024-02-03 20:57:17.978 [info] > git for-each-ref --format=%(refname)%00%(upstream:short)%00%(objectname)%00%(upstream:track)%00%(upstream:remotename)%00%(upstream:remoteref) refs/heads/master refs/remotes/master [3ms]
2024-02-03 20:57:17.998 [info] > git status -z -uall [7ms]
2024-02-03 20:57:23.025 [info] > git config --get commit.template [8ms]
2024-02-03 20:57:23.025 [info] > git for-each-ref --format=%(refname)%00%(upstream:short)%00%(objectname)%00%(upstream:track)%00%(upstream:remotename)%00%(upstream:remoteref) refs/heads/master refs/remotes/master [1ms]
2024-02-03 20:57:23.033 [info] > git status -z -uall [2ms]
2024-02-03 20:57:46.881 [info] > git config --get commit.template [8ms]
2024-02-03 20:57:46.881 [info] > git for-each-ref --format=%(refname)%00%(upstream:short)%00%(objectname)%00%(upstream:track)%00%(upstream:remotename)%00%(upstream:remoteref) refs/heads/master refs/remotes/master [1ms]
2024-02-03 20:57:46.888 [info] > git status -z -uall [1ms]
2024-02-03 20:58:02.972 [info] > git config --get commit.template [21ms]
2024-02-03 20:58:02.974 [info] > git for-each-ref --format=%(refname)%00%(upstream:short)%00%(objectname)%00%(upstream:track)%00%(upstream:remotename)%00%(upstream:remoteref) refs/heads/master refs/remotes/master [4ms]
2024-02-03 20:58:02.993 [info] > git status -z -uall [7ms]
2024-02-03 20:58:27.526 [info] > git config --get commit.template [15ms]
2024-02-03 20:58:27.527 [info] > git for-each-ref --format=%(refname)%00%(upstream:short)%00%(objectname)%00%(upstream:track)%00%(upstream:remotename)%00%(upstream:remoteref) refs/heads/master refs/remotes/master [2ms]
2024-02-03 20:58:27.539 [info] > git status -z -uall [3ms]
2024-02-03 20:58:39.413 [info] > git config --get commit.template [12ms]
2024-02-03 20:58:39.414 [info] > git for-each-ref --format=%(refname)%00%(upstream:short)%00%(objectname)%00%(upstream:track)%00%(upstream:remotename)%00%(upstream:remoteref) refs/heads/master refs/remotes/master [1ms]
2024-02-03 20:58:39.425 [info] > git status -z -uall [3ms]
2024-02-03 20:58:44.453 [info] > git config --get commit.template [3ms]
2024-02-03 20:58:44.475 [info] > git for-each-ref --format=%(refname)%00%(upstream:short)%00%(objectname)%00%(upstream:track)%00%(upstream:remotename)%00%(upstream:remoteref) refs/heads/master refs/remotes/master [2ms]
2024-02-03 20:58:44.491 [info] > git status -z -uall [6ms]
2024-02-03 20:58:52.967 [info] > git config --get commit.template [18ms]
2024-02-03 20:58:52.968 [info] > git for-each-ref --format=%(refname)%00%(upstream:short)%00%(objectname)%00%(upstream:track)%00%(upstream:remotename)%00%(upstream:remoteref) refs/heads/master refs/remotes/master [3ms]
2024-02-03 20:58:52.984 [info] > git status -z -uall [3ms]
2024-02-03 20:59:01.689 [info] > git config --get commit.template [14ms]
2024-02-03 20:59:01.690 [info] > git for-each-ref --format=%(refname)%00%(upstream:short)%00%(objectname)%00%(upstream:track)%00%(upstream:remotename)%00%(upstream:remoteref) refs/heads/master refs/remotes/master [2ms]
2024-02-03 20:59:01.699 [info] > git status -z -uall [2ms]
2024-02-03 20:59:10.107 [info] > git config --get commit.template [14ms]
2024-02-03 20:59:10.108 [info] > git for-each-ref --format=%(refname)%00%(upstream:short)%00%(objectname)%00%(upstream:track)%00%(upstream:remotename)%00%(upstream:remoteref) refs/heads/master refs/remotes/master [2ms]
2024-02-03 20:59:10.120 [info] > git status -z -uall [4ms]
2024-02-03 20:59:15.166 [info] > git config --get commit.template [18ms]
2024-02-03 20:59:15.166 [info] > git for-each-ref --format=%(refname)%00%(upstream:short)%00%(objectname)%00%(upstream:track)%00%(upstream:remotename)%00%(upstream:remoteref) refs/heads/master refs/remotes/master [1ms]
2024-02-03 20:59:15.182 [info] > git status -z -uall [4ms]
2024-02-03 20:59:20.226 [info] > git config --get commit.template [14ms]
2024-02-03 20:59:20.226 [info] > git for-each-ref --format=%(refname)%00%(upstream:short)%00%(objectname)%00%(upstream:track)%00%(upstream:remotename)%00%(upstream:remoteref) refs/heads/master refs/remotes/master [1ms]
2024-02-03 20:59:20.237 [info] > git status -z -uall [3ms]
2024-02-03 20:59:25.280 [info] > git config --get commit.template [17ms]
2024-02-03 20:59:25.280 [info] > git for-each-ref --format=%(refname)%00%(upstream:short)%00%(objectname)%00%(upstream:track)%00%(upstream:remotename)%00%(upstream:remoteref) refs/heads/master refs/remotes/master [1ms]
2024-02-03 20:59:25.295 [info] > git status -z -uall [2ms]
2024-02-03 20:59:30.339 [info] > git config --get commit.template [17ms]
2024-02-03 20:59:30.340 [info] > git for-each-ref --format=%(refname)%00%(upstream:short)%00%(objectname)%00%(upstream:track)%00%(upstream:remotename)%00%(upstream:remoteref) refs/heads/master refs/remotes/master [2ms]
2024-02-03 20:59:30.351 [info] > git status -z -uall [2ms]
2024-02-03 20:59:35.391 [info] > git config --get commit.template [15ms]
2024-02-03 20:59:35.391 [info] > git for-each-ref --format=%(refname)%00%(upstream:short)%00%(objectname)%00%(upstream:track)%00%(upstream:remotename)%00%(upstream:remoteref) refs/heads/master refs/remotes/master [2ms]
2024-02-03 20:59:35.405 [info] > git status -z -uall [4ms]
2024-02-03 20:59:43.088 [info] > git config --get commit.template [11ms]
2024-02-03 20:59:43.089 [info] > git for-each-ref --format=%(refname)%00%(upstream:short)%00%(objectname)%00%(upstream:track)%00%(upstream:remotename)%00%(upstream:remoteref) refs/heads/master refs/remotes/master [1ms]
2024-02-03 20:59:43.105 [info] > git status -z -uall [4ms]
2024-02-03 20:59:48.145 [info] > git config --get commit.template [16ms]
2024-02-03 20:59:48.146 [info] > git for-each-ref --format=%(refname)%00%(upstream:short)%00%(objectname)%00%(upstream:track)%00%(upstream:remotename)%00%(upstream:remoteref) refs/heads/master refs/remotes/master [1ms]
2024-02-03 20:59:48.158 [info] > git status -z -uall [2ms]
2024-02-03 20:59:53.195 [info] > git config --get commit.template [15ms]
2024-02-03 20:59:53.196 [info] > git for-each-ref --format=%(refname)%00%(upstream:short)%00%(objectname)%00%(upstream:track)%00%(upstream:remotename)%00%(upstream:remoteref) refs/heads/master refs/remotes/master [2ms]
2024-02-03 20:59:53.206 [info] > git status -z -uall [2ms]
2024-02-03 20:59:58.248 [info] > git for-each-ref --format=%(refname)%00%(upstream:short)%00%(objectname)%00%(upstream:track)%00%(upstream:remotename)%00%(upstream:remoteref) refs/heads/master refs/remotes/master [1ms]
2024-02-03 20:59:58.248 [info] > git config --get commit.template [17ms]
2024-02-03 20:59:58.258 [info] > git status -z -uall [2ms]
2024-02-03 21:00:31.743 [info] > git config --get commit.template [3ms]
2024-02-03 21:00:31.755 [info] > git for-each-ref --format=%(refname)%00%(upstream:short)%00%(objectname)%00%(upstream:track)%00%(upstream:remotename)%00%(upstream:remoteref) refs/heads/master refs/remotes/master [1ms]
2024-02-03 21:00:31.770 [info] > git status -z -uall [2ms]
2024-02-03 21:00:44.464 [info] > git config --get commit.template [3ms]
2024-02-03 21:00:44.495 [info] > git for-each-ref --format=%(refname)%00%(upstream:short)%00%(objectname)%00%(upstream:track)%00%(upstream:remotename)%00%(upstream:remoteref) refs/heads/master refs/remotes/master [5ms]
2024-02-03 21:00:44.521 [info] > git status -z -uall [3ms]
2024-02-03 21:00:49.531 [info] > git config --get commit.template [1ms]
2024-02-03 21:00:49.538 [info] > git for-each-ref --format=%(refname)%00%(upstream:short)%00%(objectname)%00%(upstream:track)%00%(upstream:remotename)%00%(upstream:remoteref) refs/heads/master refs/remotes/master [1ms]
2024-02-03 21:00:49.545 [info] > git status -z -uall [2ms]
2024-02-03 21:00:54.590 [info] > git config --get commit.template [22ms]
2024-02-03 21:00:54.591 [info] > git for-each-ref --format=%(refname)%00%(upstream:short)%00%(objectname)%00%(upstream:track)%00%(upstream:remotename)%00%(upstream:remoteref) refs/heads/master refs/remotes/master [2ms]
2024-02-03 21:00:54.604 [info] > git status -z -uall [3ms]
2024-02-03 21:00:59.627 [info] > git config --get commit.template [7ms]
2024-02-03 21:00:59.627 [info] > git for-each-ref --format=%(refname)%00%(upstream:short)%00%(objectname)%00%(upstream:track)%00%(upstream:remotename)%00%(upstream:remoteref) refs/heads/master refs/remotes/master [1ms]
2024-02-03 21:00:59.635 [info] > git status -z -uall [2ms]
2024-02-03 21:01:20.903 [info] > git config --get commit.template [15ms]
2024-02-03 21:01:20.904 [info] > git for-each-ref --format=%(refname)%00%(upstream:short)%00%(objectname)%00%(upstream:track)%00%(upstream:remotename)%00%(upstream:remoteref) refs/heads/master refs/remotes/master [2ms]
2024-02-03 21:01:20.914 [info] > git status -z -uall [2ms]
2024-02-03 21:01:34.255 [info] > git config --get commit.template [22ms]
2024-02-03 21:01:34.256 [info] > git for-each-ref --format=%(refname)%00%(upstream:short)%00%(objectname)%00%(upstream:track)%00%(upstream:remotename)%00%(upstream:remoteref) refs/heads/master refs/remotes/master [2ms]
2024-02-03 21:01:34.268 [info] > git status -z -uall [2ms]
2024-02-03 21:01:39.299 [info] > git config --get commit.template [11ms]
2024-02-03 21:01:39.300 [info] > git for-each-ref --format=%(refname)%00%(upstream:short)%00%(objectname)%00%(upstream:track)%00%(upstream:remotename)%00%(upstream:remoteref) refs/heads/master refs/remotes/master [3ms]
2024-02-03 21:01:39.311 [info] > git status -z -uall [3ms]
2024-02-03 21:01:44.354 [info] > git config --get commit.template [16ms]
2024-02-03 21:01:44.355 [info] > git for-each-ref --format=%(refname)%00%(upstream:short)%00%(objectname)%00%(upstream:track)%00%(upstream:remotename)%00%(upstream:remoteref) refs/heads/master refs/remotes/master [2ms]
2024-02-03 21:01:44.372 [info] > git status -z -uall [4ms]
2024-02-03 21:02:06.452 [info] > git config --get commit.template [9ms]
2024-02-03 21:02:06.452 [info] > git for-each-ref --format=%(refname)%00%(upstream:short)%00%(objectname)%00%(upstream:track)%00%(upstream:remotename)%00%(upstream:remoteref) refs/heads/master refs/remotes/master [1ms]
2024-02-03 21:02:06.461 [info] > git status -z -uall [2ms]
2024-02-03 21:02:13.590 [info] > git config --get commit.template [17ms]
2024-02-03 21:02:13.591 [info] > git for-each-ref --format=%(refname)%00%(upstream:short)%00%(objectname)%00%(upstream:track)%00%(upstream:remotename)%00%(upstream:remoteref) refs/heads/master refs/remotes/master [2ms]
2024-02-03 21:02:13.606 [info] > git status -z -uall [3ms]
2024-02-03 21:02:18.652 [info] > git config --get commit.template [21ms]
2024-02-03 21:02:18.653 [info] > git for-each-ref --format=%(refname)%00%(upstream:short)%00%(objectname)%00%(upstream:track)%00%(upstream:remotename)%00%(upstream:remoteref) refs/heads/master refs/remotes/master [2ms]
2024-02-03 21:02:18.670 [info] > git status -z -uall [5ms]
2024-02-03 21:02:47.177 [info] > git config --get commit.template [15ms]
2024-02-03 21:02:47.178 [info] > git for-each-ref --format=%(refname)%00%(upstream:short)%00%(objectname)%00%(upstream:track)%00%(upstream:remotename)%00%(upstream:remoteref) refs/heads/master refs/remotes/master [2ms]
2024-02-03 21:02:47.190 [info] > git status -z -uall [2ms]
2024-02-03 21:02:52.222 [info] > git config --get commit.template [8ms]
2024-02-03 21:02:52.222 [info] > git for-each-ref --format=%(refname)%00%(upstream:short)%00%(objectname)%00%(upstream:track)%00%(upstream:remotename)%00%(upstream:remoteref) refs/heads/master refs/remotes/master [1ms]
2024-02-03 21:02:52.232 [info] > git status -z -uall [2ms]
2024-02-03 21:02:57.255 [info] > git config --get commit.template [7ms]
2024-02-03 21:02:57.256 [info] > git for-each-ref --format=%(refname)%00%(upstream:short)%00%(objectname)%00%(upstream:track)%00%(upstream:remotename)%00%(upstream:remoteref) refs/heads/master refs/remotes/master [1ms]
2024-02-03 21:02:57.265 [info] > git status -z -uall [2ms]
2024-02-03 21:06:07.085 [info] > git config --get commit.template [9ms]
2024-02-03 21:06:07.087 [info] > git for-each-ref --format=%(refname)%00%(upstream:short)%00%(objectname)%00%(upstream:track)%00%(upstream:remotename)%00%(upstream:remoteref) refs/heads/master refs/remotes/master [3ms]
2024-02-03 21:06:07.099 [info] > git status -z -uall [2ms]
2024-02-03 21:06:14.935 [info] > git config --get commit.template [22ms]
2024-02-03 21:06:14.939 [info] > git for-each-ref --format=%(refname)%00%(upstream:short)%00%(objectname)%00%(upstream:track)%00%(upstream:remotename)%00%(upstream:remoteref) refs/heads/master refs/remotes/master [7ms]
2024-02-03 21:06:14.950 [info] > git status -z -uall [2ms]
2024-02-03 21:06:19.992 [info] > git config --get commit.template [14ms]
2024-02-03 21:06:19.992 [info] > git for-each-ref --format=%(refname)%00%(upstream:short)%00%(objectname)%00%(upstream:track)%00%(upstream:remotename)%00%(upstream:remoteref) refs/heads/master refs/remotes/master [1ms]
2024-02-03 21:06:20.006 [info] > git status -z -uall [5ms]
2024-02-03 21:06:26.629 [info] > git config --get commit.template [27ms]
2024-02-03 21:06:26.632 [info] > git for-each-ref --format=%(refname)%00%(upstream:short)%00%(objectname)%00%(upstream:track)%00%(upstream:remotename)%00%(upstream:remoteref) refs/heads/master refs/remotes/master [5ms]
2024-02-03 21:06:26.652 [info] > git status -z -uall [2ms]
2024-02-03 21:06:31.670 [info] > git config --get commit.template [7ms]
2024-02-03 21:06:31.670 [info] > git for-each-ref --format=%(refname)%00%(upstream:short)%00%(objectname)%00%(upstream:track)%00%(upstream:remotename)%00%(upstream:remoteref) refs/heads/master refs/remotes/master [1ms]
2024-02-03 21:06:31.678 [info] > git status -z -uall [2ms]
2024-02-03 21:06:36.692 [info] > git config --get commit.template [7ms]
2024-02-03 21:06:36.693 [info] > git for-each-ref --format=%(refname)%00%(upstream:short)%00%(objectname)%00%(upstream:track)%00%(upstream:remotename)%00%(upstream:remoteref) refs/heads/master refs/remotes/master [1ms]
2024-02-03 21:06:36.702 [info] > git status -z -uall [3ms]
2024-02-03 21:06:41.716 [info] > git config --get commit.template [6ms]
2024-02-03 21:06:41.716 [info] > git for-each-ref --format=%(refname)%00%(upstream:short)%00%(objectname)%00%(upstream:track)%00%(upstream:remotename)%00%(upstream:remoteref) refs/heads/master refs/remotes/master [1ms]
2024-02-03 21:06:41.723 [info] > git status -z -uall [1ms]
2024-02-03 21:06:46.748 [info] > git config --get commit.template [10ms]
2024-02-03 21:06:46.749 [info] > git for-each-ref --format=%(refname)%00%(upstream:short)%00%(objectname)%00%(upstream:track)%00%(upstream:remotename)%00%(upstream:remoteref) refs/heads/master refs/remotes/master [1ms]
2024-02-03 21:06:46.759 [info] > git status -z -uall [2ms]
2024-02-03 21:06:56.105 [info] > git config --get commit.template [20ms]
2024-02-03 21:06:56.107 [info] > git for-each-ref --format=%(refname)%00%(upstream:short)%00%(objectname)%00%(upstream:track)%00%(upstream:remotename)%00%(upstream:remoteref) refs/heads/master refs/remotes/master [4ms]
2024-02-03 21:06:56.127 [info] > git status -z -uall [4ms]
2024-02-03 21:07:01.181 [info] > git config --get commit.template [23ms]
2024-02-03 21:07:01.182 [info] > git for-each-ref --format=%(refname)%00%(upstream:short)%00%(objectname)%00%(upstream:track)%00%(upstream:remotename)%00%(upstream:remoteref) refs/heads/master refs/remotes/master [2ms]
2024-02-03 21:07:01.195 [info] > git status -z -uall [2ms]
2024-02-03 21:07:28.791 [info] > git config --get commit.template [20ms]
2024-02-03 21:07:28.792 [info] > git for-each-ref --format=%(refname)%00%(upstream:short)%00%(objectname)%00%(upstream:track)%00%(upstream:remotename)%00%(upstream:remoteref) refs/heads/master refs/remotes/master [2ms]
2024-02-03 21:07:28.810 [info] > git status -z -uall [4ms]
2024-02-03 21:07:33.823 [info] > git config --get commit.template [2ms]
2024-02-03 21:07:33.829 [info] > git for-each-ref --format=%(refname)%00%(upstream:short)%00%(objectname)%00%(upstream:track)%00%(upstream:remotename)%00%(upstream:remoteref) refs/heads/master refs/remotes/master [1ms]
2024-02-03 21:07:33.837 [info] > git status -z -uall [2ms]
2024-02-03 21:07:42.014 [info] > git config --get commit.template [7ms]
2024-02-03 21:07:42.014 [info] > git for-each-ref --format=%(refname)%00%(upstream:short)%00%(objectname)%00%(upstream:track)%00%(upstream:remotename)%00%(upstream:remoteref) refs/heads/master refs/remotes/master [1ms]
2024-02-03 21:07:42.023 [info] > git status -z -uall [1ms]
2024-02-03 21:07:47.051 [info] > git config --get commit.template [14ms]
2024-02-03 21:07:47.051 [info] > git for-each-ref --format=%(refname)%00%(upstream:short)%00%(objectname)%00%(upstream:track)%00%(upstream:remotename)%00%(upstream:remoteref) refs/heads/master refs/remotes/master [2ms]
2024-02-03 21:07:47.074 [info] > git status -z -uall [9ms]
2024-02-03 21:07:52.129 [info] > git config --get commit.template [21ms]
2024-02-03 21:07:52.130 [info] > git for-each-ref --format=%(refname)%00%(upstream:short)%00%(objectname)%00%(upstream:track)%00%(upstream:remotename)%00%(upstream:remoteref) refs/heads/master refs/remotes/master [2ms]
2024-02-03 21:07:52.144 [info] > git status -z -uall [3ms]
2024-02-03 21:08:07.189 [info] > git config --get commit.template [2ms]
2024-02-03 21:08:07.203 [info] > git for-each-ref --format=%(refname)%00%(upstream:short)%00%(objectname)%00%(upstream:track)%00%(upstream:remotename)%00%(upstream:remoteref) refs/heads/master refs/remotes/master [3ms]
2024-02-03 21:08:07.218 [info] > git status -z -uall [4ms]
2024-02-03 21:08:33.365 [info] > git config --get commit.template [22ms]
2024-02-03 21:08:33.366 [info] > git for-each-ref --format=%(refname)%00%(upstream:short)%00%(objectname)%00%(upstream:track)%00%(upstream:remotename)%00%(upstream:remoteref) refs/heads/master refs/remotes/master [3ms]
2024-02-03 21:08:33.378 [info] > git status -z -uall [2ms]
2024-02-03 21:09:16.552 [info] > git config --get commit.template [4ms]
2024-02-03 21:09:16.567 [info] > git for-each-ref --format=%(refname)%00%(upstream:short)%00%(objectname)%00%(upstream:track)%00%(upstream:remotename)%00%(upstream:remoteref) refs/heads/master refs/remotes/master [1ms]
2024-02-03 21:09:16.577 [info] > git status -z -uall [2ms]
2024-02-03 21:09:21.620 [info] > git config --get commit.template [17ms]
2024-02-03 21:09:21.622 [info] > git for-each-ref --format=%(refname)%00%(upstream:short)%00%(objectname)%00%(upstream:track)%00%(upstream:remotename)%00%(upstream:remoteref) refs/heads/master refs/remotes/master [4ms]
2024-02-03 21:09:21.631 [info] > git status -z -uall [2ms]
2024-02-03 21:09:26.672 [info] > git config --get commit.template [18ms]
2024-02-03 21:09:26.684 [info] > git for-each-ref --format=%(refname)%00%(upstream:short)%00%(objectname)%00%(upstream:track)%00%(upstream:remotename)%00%(upstream:remoteref) refs/heads/master refs/remotes/master [14ms]
2024-02-03 21:09:26.696 [info] > git status -z -uall [4ms]
2024-02-03 21:09:31.725 [info] > git config --get commit.template [4ms]
2024-02-03 21:09:31.741 [info] > git for-each-ref --format=%(refname)%00%(upstream:short)%00%(objectname)%00%(upstream:track)%00%(upstream:remotename)%00%(upstream:remoteref) refs/heads/master refs/remotes/master [2ms]
2024-02-03 21:09:31.761 [info] > git status -z -uall [4ms]
2024-02-03 21:09:59.658 [info] > git config --get commit.template [12ms]
2024-02-03 21:09:59.659 [info] > git for-each-ref --format=%(refname)%00%(upstream:short)%00%(objectname)%00%(upstream:track)%00%(upstream:remotename)%00%(upstream:remoteref) refs/heads/master refs/remotes/master [2ms]
2024-02-03 21:09:59.669 [info] > git status -z -uall [2ms]
2024-02-03 21:10:04.714 [info] > git config --get commit.template [21ms]
2024-02-03 21:10:04.715 [info] > git for-each-ref --format=%(refname)%00%(upstream:short)%00%(objectname)%00%(upstream:track)%00%(upstream:remotename)%00%(upstream:remoteref) refs/heads/master refs/remotes/master [1ms]
2024-02-03 21:10:04.725 [info] > git status -z -uall [2ms]
2024-02-03 21:10:25.338 [info] > git config --get commit.template [20ms]
2024-02-03 21:10:25.340 [info] > git for-each-ref --format=%(refname)%00%(upstream:short)%00%(objectname)%00%(upstream:track)%00%(upstream:remotename)%00%(upstream:remoteref) refs/heads/master refs/remotes/master [2ms]
2024-02-03 21:10:25.356 [info] > git status -z -uall [4ms]
2024-02-03 21:10:30.395 [info] > git config --get commit.template [12ms]
2024-02-03 21:10:30.396 [info] > git for-each-ref --format=%(refname)%00%(upstream:short)%00%(objectname)%00%(upstream:track)%00%(upstream:remotename)%00%(upstream:remoteref) refs/heads/master refs/remotes/master [3ms]
2024-02-03 21:10:30.408 [info] > git status -z -uall [3ms]
2024-02-03 21:10:35.449 [info] > git config --get commit.template [11ms]
2024-02-03 21:10:35.463 [info] > git for-each-ref --format=%(refname)%00%(upstream:short)%00%(objectname)%00%(upstream:track)%00%(upstream:remotename)%00%(upstream:remoteref) refs/heads/master refs/remotes/master [7ms]
2024-02-03 21:10:35.480 [info] > git status -z -uall [4ms]
2024-02-03 21:10:52.820 [info] > git config --get commit.template [16ms]
2024-02-03 21:10:52.821 [info] > git for-each-ref --format=%(refname)%00%(upstream:short)%00%(objectname)%00%(upstream:track)%00%(upstream:remotename)%00%(upstream:remoteref) refs/heads/master refs/remotes/master [2ms]
2024-02-03 21:10:52.838 [info] > git status -z -uall [2ms]
2024-02-03 21:10:57.884 [info] > git config --get commit.template [20ms]
2024-02-03 21:10:57.885 [info] > git for-each-ref --format=%(refname)%00%(upstream:short)%00%(objectname)%00%(upstream:track)%00%(upstream:remotename)%00%(upstream:remoteref) refs/heads/master refs/remotes/master [2ms]
2024-02-03 21:10:57.901 [info] > git status -z -uall [3ms]
2024-02-03 21:11:02.945 [info] > git config --get commit.template [19ms]
2024-02-03 21:11:02.946 [info] > git for-each-ref --format=%(refname)%00%(upstream:short)%00%(objectname)%00%(upstream:track)%00%(upstream:remotename)%00%(upstream:remoteref) refs/heads/master refs/remotes/master [2ms]
2024-02-03 21:11:02.963 [info] > git status -z -uall [2ms]
2024-02-03 21:11:08.010 [info] > git config --get commit.template [23ms]
2024-02-03 21:11:08.013 [info] > git for-each-ref --format=%(refname)%00%(upstream:short)%00%(objectname)%00%(upstream:track)%00%(upstream:remotename)%00%(upstream:remoteref) refs/heads/master refs/remotes/master [5ms]
2024-02-03 21:11:08.027 [info] > git status -z -uall [2ms]
2024-02-03 21:11:13.403 [info] > git config --get commit.template [15ms]
2024-02-03 21:11:13.404 [info] > git for-each-ref --format=%(refname)%00%(upstream:short)%00%(objectname)%00%(upstream:track)%00%(upstream:remotename)%00%(upstream:remoteref) refs/heads/master refs/remotes/master [1ms]
2024-02-03 21:11:13.417 [info] > git status -z -uall [4ms]
2024-02-03 21:11:32.288 [info] > git config --get commit.template [16ms]
2024-02-03 21:11:32.288 [info] > git for-each-ref --format=%(refname)%00%(upstream:short)%00%(objectname)%00%(upstream:track)%00%(upstream:remotename)%00%(upstream:remoteref) refs/heads/master refs/remotes/master [1ms]
2024-02-03 21:11:32.299 [info] > git status -z -uall [2ms]
2024-02-03 21:11:37.327 [info] > git config --get commit.template [5ms]
2024-02-03 21:11:37.346 [info] > git for-each-ref --format=%(refname)%00%(upstream:short)%00%(objectname)%00%(upstream:track)%00%(upstream:remotename)%00%(upstream:remoteref) refs/heads/master refs/remotes/master [3ms]
2024-02-03 21:11:37.364 [info] > git status -z -uall [3ms]
2024-02-03 21:11:42.410 [info] > git config --get commit.template [18ms]
2024-02-03 21:11:42.411 [info] > git for-each-ref --format=%(refname)%00%(upstream:short)%00%(objectname)%00%(upstream:track)%00%(upstream:remotename)%00%(upstream:remoteref) refs/heads/master refs/remotes/master [2ms]
2024-02-03 21:11:42.424 [info] > git status -z -uall [2ms]
2024-02-03 21:11:48.977 [info] > git config --get commit.template [16ms]
2024-02-03 21:11:48.977 [info] > git for-each-ref --format=%(refname)%00%(upstream:short)%00%(objectname)%00%(upstream:track)%00%(upstream:remotename)%00%(upstream:remoteref) refs/heads/master refs/remotes/master [1ms]
2024-02-03 21:11:48.993 [info] > git status -z -uall [6ms]
2024-02-03 21:12:13.529 [info] > git config --get commit.template [17ms]
2024-02-03 21:12:13.531 [info] > git for-each-ref --format=%(refname)%00%(upstream:short)%00%(objectname)%00%(upstream:track)%00%(upstream:remotename)%00%(upstream:remoteref) refs/heads/master refs/remotes/master [3ms]
2024-02-03 21:12:13.549 [info] > git status -z -uall [3ms]
2024-02-03 21:12:18.592 [info] > git config --get commit.template [15ms]
2024-02-03 21:12:18.593 [info] > git for-each-ref --format=%(refname)%00%(upstream:short)%00%(objectname)%00%(upstream:track)%00%(upstream:remotename)%00%(upstream:remoteref) refs/heads/master refs/remotes/master [1ms]
2024-02-03 21:12:18.602 [info] > git status -z -uall [2ms]
2024-02-03 21:12:23.643 [info] > git for-each-ref --format=%(refname)%00%(upstream:short)%00%(objectname)%00%(upstream:track)%00%(upstream:remotename)%00%(upstream:remoteref) refs/heads/master refs/remotes/master [2ms]
2024-02-03 21:12:23.643 [info] > git config --get commit.template [14ms]
2024-02-03 21:12:23.654 [info] > git status -z -uall [3ms]
2024-02-03 21:12:50.931 [info] > git config --get commit.template [14ms]
2024-02-03 21:12:50.932 [info] > git for-each-ref --format=%(refname)%00%(upstream:short)%00%(objectname)%00%(upstream:track)%00%(upstream:remotename)%00%(upstream:remoteref) refs/heads/master refs/remotes/master [2ms]
2024-02-03 21:12:50.947 [info] > git status -z -uall [3ms]
2024-02-03 21:13:13.011 [info] > git config --get commit.template [17ms]
2024-02-03 21:13:13.012 [info] > git for-each-ref --format=%(refname)%00%(upstream:short)%00%(objectname)%00%(upstream:track)%00%(upstream:remotename)%00%(upstream:remoteref) refs/heads/master refs/remotes/master [2ms]
2024-02-03 21:13:13.022 [info] > git status -z -uall [1ms]
2024-02-03 21:13:20.528 [info] > git config --get commit.template [19ms]
2024-02-03 21:13:20.532 [info] > git for-each-ref --format=%(refname)%00%(upstream:short)%00%(objectname)%00%(upstream:track)%00%(upstream:remotename)%00%(upstream:remoteref) refs/heads/master refs/remotes/master [5ms]
2024-02-03 21:13:20.542 [info] > git status -z -uall [2ms]
2024-02-03 21:13:25.592 [info] > git config --get commit.template [22ms]
2024-02-03 21:13:25.593 [info] > git for-each-ref --format=%(refname)%00%(upstream:short)%00%(objectname)%00%(upstream:track)%00%(upstream:remotename)%00%(upstream:remoteref) refs/heads/master refs/remotes/master [5ms]
2024-02-03 21:13:25.611 [info] > git status -z -uall [3ms]
2024-02-03 21:13:35.314 [info] > git config --get commit.template [19ms]
2024-02-03 21:13:35.316 [info] > git for-each-ref --format=%(refname)%00%(upstream:short)%00%(objectname)%00%(upstream:track)%00%(upstream:remotename)%00%(upstream:remoteref) refs/heads/master refs/remotes/master [2ms]
2024-02-03 21:13:35.332 [info] > git status -z -uall [5ms]
2024-02-03 21:13:40.365 [info] > git config --get commit.template [11ms]
2024-02-03 21:13:40.366 [info] > git for-each-ref --format=%(refname)%00%(upstream:short)%00%(objectname)%00%(upstream:track)%00%(upstream:remotename)%00%(upstream:remoteref) refs/heads/master refs/remotes/master [1ms]
2024-02-03 21:13:40.379 [info] > git status -z -uall [4ms]
2024-02-03 21:14:13.888 [info] > git config --get commit.template [10ms]
2024-02-03 21:14:13.888 [info] > git for-each-ref --format=%(refname)%00%(upstream:short)%00%(objectname)%00%(upstream:track)%00%(upstream:remotename)%00%(upstream:remoteref) refs/heads/master refs/remotes/master [1ms]
2024-02-03 21:14:13.898 [info] > git status -z -uall [2ms]
2024-02-03 21:14:18.924 [info] > git config --get commit.template [8ms]
2024-02-03 21:14:18.925 [info] > git for-each-ref --format=%(refname)%00%(upstream:short)%00%(objectname)%00%(upstream:track)%00%(upstream:remotename)%00%(upstream:remoteref) refs/heads/master refs/remotes/master [1ms]
2024-02-03 21:14:18.931 [info] > git status -z -uall [1ms]
2024-02-03 21:14:56.249 [info] > git config --get commit.template [10ms]
2024-02-03 21:14:56.249 [info] > git for-each-ref --format=%(refname)%00%(upstream:short)%00%(objectname)%00%(upstream:track)%00%(upstream:remotename)%00%(upstream:remoteref) refs/heads/master refs/remotes/master [1ms]
2024-02-03 21:14:56.257 [info] > git status -z -uall [1ms]
2024-02-03 21:15:02.125 [info] > git config --get commit.template [6ms]
2024-02-03 21:15:02.125 [info] > git for-each-ref --format=%(refname)%00%(upstream:short)%00%(objectname)%00%(upstream:track)%00%(upstream:remotename)%00%(upstream:remoteref) refs/heads/master refs/remotes/master [1ms]
2024-02-03 21:15:02.133 [info] > git status -z -uall [1ms]
2024-02-03 21:15:15.137 [info] > git config --get commit.template [16ms]
2024-02-03 21:15:15.138 [info] > git for-each-ref --format=%(refname)%00%(upstream:short)%00%(objectname)%00%(upstream:track)%00%(upstream:remotename)%00%(upstream:remoteref) refs/heads/master refs/remotes/master [1ms]
2024-02-03 21:15:15.149 [info] > git status -z -uall [3ms]
2024-02-03 21:15:20.180 [info] > git config --get commit.template [7ms]
2024-02-03 21:15:20.181 [info] > git for-each-ref --format=%(refname)%00%(upstream:short)%00%(objectname)%00%(upstream:track)%00%(upstream:remotename)%00%(upstream:remoteref) refs/heads/master refs/remotes/master [2ms]
2024-02-03 21:15:20.189 [info] > git status -z -uall [2ms]
2024-02-03 21:15:28.623 [info] > git config --get commit.template [6ms]
2024-02-03 21:15:28.623 [info] > git for-each-ref --format=%(refname)%00%(upstream:short)%00%(objectname)%00%(upstream:track)%00%(upstream:remotename)%00%(upstream:remoteref) refs/heads/master refs/remotes/master [0ms]
2024-02-03 21:15:28.632 [info] > git status -z -uall [4ms]
2024-02-03 21:15:33.846 [info] > git config --get commit.template [19ms]
2024-02-03 21:15:33.848 [info] > git for-each-ref --format=%(refname)%00%(upstream:short)%00%(objectname)%00%(upstream:track)%00%(upstream:remotename)%00%(upstream:remoteref) refs/heads/master refs/remotes/master [4ms]
2024-02-03 21:15:33.865 [info] > git status -z -uall [3ms]
2024-02-03 21:15:38.898 [info] > git config --get commit.template [13ms]
2024-02-03 21:15:38.899 [info] > git for-each-ref --format=%(refname)%00%(upstream:short)%00%(objectname)%00%(upstream:track)%00%(upstream:remotename)%00%(upstream:remoteref) refs/heads/master refs/remotes/master [3ms]
2024-02-03 21:15:38.912 [info] > git status -z -uall [3ms]
2024-02-03 21:16:19.732 [info] > git config --get commit.template [3ms]
2024-02-03 21:16:19.750 [info] > git for-each-ref --format=%(refname)%00%(upstream:short)%00%(objectname)%00%(upstream:track)%00%(upstream:remotename)%00%(upstream:remoteref) refs/heads/master refs/remotes/master [1ms]
2024-02-03 21:16:19.758 [info] > git status -z -uall [2ms]
2024-02-03 21:16:25.386 [info] > git config --get commit.template [22ms]
2024-02-03 21:16:25.387 [info] > git for-each-ref --format=%(refname)%00%(upstream:short)%00%(objectname)%00%(upstream:track)%00%(upstream:remotename)%00%(upstream:remoteref) refs/heads/master refs/remotes/master [3ms]
2024-02-03 21:16:25.409 [info] > git status -z -uall [3ms]
