2024-02-04 00:38:32.990 [info] 2024-02-03T13:38:32.984Z extension INFO  Activating extension... [
  {
    id: 'mongodb.mongodb-vscode',
    version: '1.5.0',
    mode: 'Production',
    kind: 'UI',
    extensionPath: '/home/anthonyoon/.vscode/extensions/mongodb.mongodb-vscode-1.5.0',
    logPath: '/home/anthonyoon/.config/Code/logs/20240203T191945/window3/exthost/mongodb.mongodb-vscode',
    workspaceStoragePath: '/home/anthonyoon/.config/Code/User/workspaceStorage/ca1a43044957ed9d9a62ea784d9eb25d/mongodb.mongodb-vscode',
    globalStoragePath: '/home/anthonyoon/.config/Code/User/globalStorage/mongodb.mongodb-vscode',
    defaultConnectionSavingLocation: 'Global',
    buildInfo: {
      nodeVersion: 'v18.15.0',
      runtimePlatform: 'linux',
      runtimeArch: 'x64'
    }
  }
]

2024-02-04 00:38:32.990 [info] 2024-02-03T13:38:32.984Z telemetry INFO  SegmentKey was found [ { type: 'string' } ]

2024-02-04 00:38:32.990 [info] 2024-02-03T13:38:32.984Z language server controller INFO  Creating MongoDB Language Server... [
  {
    extensionPath: '/home/anthonyoon/.vscode/extensions/mongodb.mongodb-vscode-1.5.0',
    languageServer: {
      id: 'mongodbLanguageServer',
      name: 'MongoDB Language Server',
      path: '/home/anthonyoon/.vscode/extensions/mongodb.mongodb-vscode-1.5.0/dist/languageServer.js',
      documentSelector: '[{"pattern":"**/*.mongodb.js"},{"pattern":"**/*.mongodb"}]'
    }
  }
]

2024-02-04 00:38:32.990 [info] 2024-02-03T13:38:32.987Z telemetry INFO  Segment analytics activated [ { anonymousId: '3d197c32-519a-4e85-b44c-62338b7a0604' } ]

2024-02-04 00:38:32.993 [info] 2024-02-03T13:38:32.992Z language server controller INFO  Starting the language server... []

2024-02-04 00:38:33.254 [info] 2024-02-03T13:38:33.254Z language server controller INFO  MongoDBService initialized. Sending default settings... {"extensionPath":"/home/anthonyoon/.vscode/extensions/mongodb.mongodb-vscode-1.5.0","connectionId":null,"hasConnectionString":false,"hasConnectionOptions":false} []

