2024-02-04 00:37:40.474 [info] Added views:workbench.panel.markers.view in workbench.panel.markers
2024-02-04 00:37:40.474 [info] Added views:workbench.panel.output in workbench.panel.output
2024-02-04 00:37:40.474 [info] Added views:terminal in terminal
2024-02-04 00:37:40.474 [info] Added views:outline in workbench.view.explorer
2024-02-04 00:37:40.474 [info] Added views:workbench.scm in workbench.view.scm
2024-02-04 00:37:40.474 [info] Added views:workbench.view.search in workbench.view.search
2024-02-04 00:37:40.474 [info] Added views:timeline in workbench.view.explorer
2024-02-04 00:37:40.474 [info] Added views:workbench.explorer.fileView in workbench.view.explorer
2024-02-04 00:37:40.739 [info] Added views:gitlens.views.home,gitlens.views.drafts,gitlens.views.workspaces,gitlens.views.account in workbench.view.extension.gitlens
2024-02-04 00:37:40.739 [info] Added views:gitlens.views.commitDetails,gitlens.views.lineHistory,gitlens.views.fileHistory,gitlens.views.searchAndCompare in workbench.view.extension.gitlensInspect
2024-02-04 00:37:40.740 [info] Added views:gitlens.views.commits,gitlens.views.branches,gitlens.views.remotes,gitlens.views.stashes,gitlens.views.tags,gitlens.views.contributors in workbench.view.scm
2024-02-04 00:37:40.740 [info] Added views:remoteTargets in workbench.view.remote
2024-02-04 00:37:40.829 [info] Added views:workbench.debug.variablesView,workbench.debug.watchExpressionsView,workbench.debug.callStackView,workbench.debug.breakPointsView in workbench.view.debug
2024-02-04 00:37:40.869 [info] Added views:workbench.panel.repl.view in workbench.panel.repl
2024-02-04 00:37:40.870 [info] Removed views:workbench.debug.breakPointsView,workbench.debug.callStackView,workbench.debug.watchExpressionsView,workbench.debug.variablesView from workbench.view.debug
2024-02-04 00:37:40.870 [info] Added views:workbench.debug.welcome in workbench.view.debug
2024-02-04 00:37:40.961 [info] Added views:~remote.forwardedPorts in ~remote.forwardedPortsContainer
2024-02-04 00:37:40.986 [info] Removed views:gitlens.views.workspaces,gitlens.views.drafts from workbench.view.extension.gitlens
2024-02-04 00:37:40.988 [info] Removed views:gitlens.views.searchAndCompare,gitlens.views.fileHistory,gitlens.views.lineHistory,gitlens.views.commitDetails from workbench.view.extension.gitlensInspect
2024-02-04 00:37:40.989 [info] Removed views:gitlens.views.contributors,gitlens.views.tags,gitlens.views.stashes,gitlens.views.remotes,gitlens.views.branches,gitlens.views.commits from workbench.view.scm
2024-02-04 00:37:43.774 [info] Added views:gitlens.views.drafts,gitlens.views.workspaces in workbench.view.extension.gitlens
2024-02-04 00:37:43.781 [info] Added views:gitlens.views.graph,gitlens.views.graphDetails in workbench.view.extension.gitlensPanel
2024-02-04 00:37:43.783 [info] Added views:gitlens.views.commitDetails,gitlens.views.lineHistory,gitlens.views.fileHistory,gitlens.views.timeline,gitlens.views.searchAndCompare in workbench.view.extension.gitlensInspect
2024-02-04 00:37:43.783 [info] Added views:gitlens.views.commits,gitlens.views.branches,gitlens.views.remotes,gitlens.views.stashes,gitlens.views.tags,gitlens.views.worktrees,gitlens.views.contributors in workbench.view.scm
2024-02-04 00:37:43.876 [info] Added views:mongoDBConnectionExplorer,mongoDBPlaygroundsExplorer,mongoDBHelpExplorer in workbench.view.extension.mongoDB
2024-02-04 00:37:43.877 [info] Added views:oracleDBObjectExplorer,oracleCloudExplorer,oracleBookmarkExplorer,oracleQueryHistoryExplorer in workbench.view.extension.oracle-db-explorer
2024-02-04 00:56:53.651 [info] Added views:rustDependencies in workbench.view.explorer
